[2016.07.20-01.40.09:158][  0]Log file open, 07/19/16 18:40:09
[2016.07.20-01.40.09:158][  0]LogInit:Display: Running engine for game: GaryTim
[2016.07.20-01.40.09:158][  0]LogPlatformFile: Not using cached read wrapper
[2016.07.20-01.40.09:158][  0]LogInit:Display: RandInit(2047935032) SRandInit(2047935033).
[2016.07.20-01.40.09:158][  0]LogTaskGraph: Started task graph with 4 named threads and 7 total threads.
[2016.07.20-01.40.09:158][  0]LogStats: Stats thread started at 0.085244
[2016.07.20-01.40.09:158][  0]LogInit: Version: 4.10.4-2872498+++depot+UE4-Releases+4.10
[2016.07.20-01.40.09:158][  0]LogInit: API Version: 2758231
[2016.07.20-01.40.09:158][  0]LogInit: Compiled (64-bit): Feb 18 2016 15:47:04
[2016.07.20-01.40.09:158][  0]LogInit: Compiled with Visual C++: 19.00.23026.00
[2016.07.20-01.40.09:158][  0]LogInit: Build Configuration: Development
[2016.07.20-01.40.09:158][  0]LogInit: Branch Name: ++depot+UE4-Releases+4.10
[2016.07.20-01.40.09:158][  0]LogInit: Command line:  /Temp/Autosaves/Game/extras/Maps/UEDPCThirdPersonExampleMap -game -PIEVIACONSOLE -ResX=1280 -ResY=720  -Multiprocess 
[2016.07.20-01.40.09:158][  0]LogInit: Base directory: C:/Program Files (x86)/Epic Games/4.10/Engine/Binaries/Win64/
[2016.07.20-01.40.09:158][  0]LogInit: Rocket: 1
[2016.07.20-01.40.09:165][  0]LogInit: Using libcurl 7.41.0
[2016.07.20-01.40.09:165][  0]LogInit:  - built for x86_64-pc-win32
[2016.07.20-01.40.09:165][  0]LogInit:  - supports SSL with WinSSL
[2016.07.20-01.40.09:165][  0]LogInit:  - other features:
[2016.07.20-01.40.09:165][  0]LogInit:      CURL_VERSION_SSL
[2016.07.20-01.40.09:165][  0]LogInit:      CURL_VERSION_IPV6
[2016.07.20-01.40.09:165][  0]LogInit:      CURL_VERSION_ASYNCHDNS
[2016.07.20-01.40.09:165][  0]LogInit:      CURL_VERSION_LARGEFILE
[2016.07.20-01.40.09:165][  0]LogInit:      CURL_VERSION_IDN
[2016.07.20-01.40.09:165][  0]LogInit:  CurlRequestOptions (configurable via config and command line):
[2016.07.20-01.40.09:165][  0]LogInit:  - bVerifyPeer = true  - Libcurl will verify peer certificate
[2016.07.20-01.40.09:165][  0]LogInit:  - bUseHttpProxy = false  - Libcurl will NOT use HTTP proxy
[2016.07.20-01.40.09:165][  0]LogInit:  - bDontReuseConnections = false  - Libcurl will reuse connections
[2016.07.20-01.40.09:165][  0]LogInit:  - CertBundlePath = nullptr  - Libcurl will use whatever was configured at build time.
[2016.07.20-01.40.09:174][  0]LogInit: Presizing for 0 objects not considered by GC, pre-allocating 0 bytes.
[2016.07.20-01.40.09:180][  0]LogInit: Object subsystem initialized
[2016.07.20-01.40.09:181][  0]LogInit: Selected Device Profile: [Windows]
[2016.07.20-01.40.09:181][  0]LogInit: Applying CVar settings loaded from the selected device profile: [Windows]
[2016.07.20-01.40.09:184][  0]LogInit: Computer: MSI
[2016.07.20-01.40.09:184][  0]LogInit: User: MasterGuy
[2016.07.20-01.40.09:184][  0]LogInit: CPU Page size=4096, Cores=4
[2016.07.20-01.40.09:184][  0]LogInit: High frequency timer resolution =2.338347 MHz
[2016.07.20-01.40.09:184][  0]LogMemory: Memory total: Physical=7.9GB (8GB approx)
[2016.07.20-01.40.09:184][  0]LogMemory: Platform Memory Stats for Windows
[2016.07.20-01.40.09:184][  0]LogMemory: Process Physical Memory: 58.40 MB used, 58.40 MB peak
[2016.07.20-01.40.09:184][  0]LogMemory: Process Virtual Memory: 57.89 MB used, 57.89 MB peak
[2016.07.20-01.40.09:184][  0]LogMemory: Physical Memory: 4603.25 MB used, 8110.90 MB total
[2016.07.20-01.40.09:184][  0]LogMemory: Virtual Memory: 384.78 MB used, 134217728.00 MB total
[2016.07.20-01.40.09:237][  0]LogTextLocalizationManager: No specific translations for ('en-US') exist, so ('en') translations will be used.
[2016.07.20-01.40.09:649][  0]LogD3D11RHI: Found D3D11 adapter 0: NVIDIA GeForce GTX 765M  (Feature Level 11_0)
[2016.07.20-01.40.09:649][  0]LogD3D11RHI: Adapter has 1991MB of dedicated video memory, 0MB of dedicated system memory, and 4055MB of shared system memory, 1 output[s]
[2016.07.20-01.40.09:654][  0]LogD3D11RHI: Found D3D11 adapter 1: Intel(R) HD Graphics 4600 (Feature Level 11_0)
[2016.07.20-01.40.09:655][  0]LogD3D11RHI: Adapter has 112MB of dedicated video memory, 0MB of dedicated system memory, and 4055MB of shared system memory, 0 output[s]
[2016.07.20-01.40.09:656][  0]LogD3D11RHI: Found D3D11 adapter 2: Microsoft Basic Render Driver (Feature Level 11_0)
[2016.07.20-01.40.09:656][  0]LogD3D11RHI: Adapter has 0MB of dedicated video memory, 0MB of dedicated system memory, and 4055MB of shared system memory, 0 output[s]
[2016.07.20-01.40.09:656][  0]LogD3D11RHI: Chosen D3D11 Adapter Id = 0
[2016.07.20-01.40.09:662][  0]LogD3D11RHI: !Direct3DDevice
[2016.07.20-01.40.09:662][  0]LogRHI: Texture pool is 1361 MB (70% of 1945 MB)
[2016.07.20-01.40.09:674][  0]LogD3D11RHI: Async texture creation enabled
[2016.07.20-01.40.09:684][  0]LogShaderCompilers: Guid format shader working directory is -14 characters bigger than the processId version (../../../../../../Users/Master Guy/Desktop/suppository/GaryTim/Intermediate/Shaders/WorkingDirectory/10292/).
[2016.07.20-01.40.09:684][  0]LogShaderCompilers: Cleaned the shader compiler working directory 'C:/Users/MASTER~1/AppData/Local/Temp/UnrealShaderWorkingDir/70CCD5ED428882F7664654BA3522300D/'.
[2016.07.20-01.40.09:684][  0]LogShaderCompilers:Display: Using Local Shader Compiler.
[2016.07.20-01.40.10:523][  0]LogTemp:Display: Loaded TP AllDesktopTargetPlatform
[2016.07.20-01.40.10:529][  0]LogTemp:Display: Loaded TP WindowsClientTargetPlatform
[2016.07.20-01.40.10:534][  0]LogTemp:Display: Loaded TP WindowsNoEditorTargetPlatform
[2016.07.20-01.40.10:539][  0]LogTemp:Display: Loaded TP WindowsServerTargetPlatform
[2016.07.20-01.40.10:544][  0]LogTemp:Display: Loaded TP WindowsTargetPlatform
[2016.07.20-01.40.10:547][  0]LogTemp:Display: Loaded TP AndroidTargetPlatform
[2016.07.20-01.40.10:550][  0]LogTemp:Display: Loaded TP Android_ASTCTargetPlatform
[2016.07.20-01.40.10:553][  0]LogTemp:Display: Loaded TP Android_ATCTargetPlatform
[2016.07.20-01.40.10:556][  0]LogTemp:Display: Loaded TP Android_DXTTargetPlatform
[2016.07.20-01.40.10:561][  0]LogTemp:Display: Loaded TP Android_ETC1TargetPlatform
[2016.07.20-01.40.10:565][  0]LogTemp:Display: Loaded TP Android_ETC2TargetPlatform
[2016.07.20-01.40.10:574][  0]LogTemp:Display: Loaded TP Android_MultiTargetPlatform
[2016.07.20-01.40.10:574][  0]LogTemp:Display: Loaded TP Android_PVRTCTargetPlatform
[2016.07.20-01.40.10:574][  0]LogTemp:Display: Loaded TP HTML5TargetPlatform
[2016.07.20-01.40.10:593][  0]LogTemp:Display: Loaded TP IOSTargetPlatform
[2016.07.20-01.40.10:596][  0]LogTemp:Display: Loaded TP LinuxNoEditorTargetPlatform
[2016.07.20-01.40.10:599][  0]LogTemp:Display: Loaded TP LinuxServerTargetPlatform
[2016.07.20-01.40.10:603][  0]LogTemp:Display: Loaded TP LinuxTargetPlatform
[2016.07.20-01.40.10:603][  0]LogTargetPlatformManager:Display: Building Assets For Windows
[2016.07.20-01.40.10:689][  0]LogDerivedDataCache:Display: Max Cache Size: 512 MB
[2016.07.20-01.40.10:738][  0]LogDerivedDataCache: Loaded boot cache 0.05s 41MB C:/Users/Master Guy/AppData/Local/UnrealEngine/4.10/DerivedDataCache/Boot.ddc.
[2016.07.20-01.40.10:738][  0]LogDerivedDataCache:Display: Loaded Boot cache: C:/Users/Master Guy/AppData/Local/UnrealEngine/4.10/DerivedDataCache/Boot.ddc
[2016.07.20-01.40.10:739][  0]LogDerivedDataCache: FDerivedDataBackendGraph:  Pak pak cache file ../../../../../../Users/Master Guy/Desktop/suppository/GaryTim/DerivedDataCache/DDC.ddp not found, will not use a pak cache.
[2016.07.20-01.40.10:739][  0]LogDerivedDataCache: Unable to find inner node Pak for hierarchical cache Hierarchy.
[2016.07.20-01.40.10:739][  0]LogDerivedDataCache: FDerivedDataBackendGraph:  CompressedPak pak cache file ../../../../../../Users/Master Guy/Desktop/suppository/GaryTim/DerivedDataCache/Compressed.ddp not found, will not use a pak cache.
[2016.07.20-01.40.10:739][  0]LogDerivedDataCache: Unable to find inner node CompressedPak for hierarchical cache Hierarchy.
[2016.07.20-01.40.10:793][  0]LogDerivedDataCache:Display: Pak cache opened for reading ../../../Engine/DerivedDataCache/Compressed.ddp.
[2016.07.20-01.40.10:805][  0]LogDerivedDataCache: Using Local data cache path C:/Users/Master Guy/AppData/Local/UnrealEngine/Common/DerivedDataCache: Writable
[2016.07.20-01.40.10:988][  0]LogInit: Selected Device Profile: [Windows]
[2016.07.20-01.40.10:991][  0]LogContentStreaming: Texture pool size is 1000.000000MB
[2016.07.20-01.40.11:089][  0]LogMeshUtilities: No automatic mesh reduction module available
[2016.07.20-01.40.11:089][  0]LogMeshUtilities: No automatic mesh merging module available
[2016.07.20-01.40.11:281][  0]LogInit: WinSock: version 1.1 (2.2), MaxSocks=32767, MaxUdp=65467
[2016.07.20-01.40.11:489][  0]LogWindowsMoviePlayer: Unable to load movie: ../../../../../../Users/Master Guy/Desktop/suppository/GaryTim/Content/Movies/Default_Startup.mp4
[2016.07.20-01.40.11:629][  0]SourceControl: Info Source control is disabled
[2016.07.20-01.40.11:629][  0]SourceControl: Info Source control is disabled
[2016.07.20-01.40.11:649][  0]SourceControl: Info Source control is disabled
[2016.07.20-01.40.11:906][  0]LogObj: 27935 objects as part of root set at end of initial load.
[2016.07.20-01.40.11:906][  0]LogUObjectAllocator: 5830072 out of 0 bytes used by permanent object pool.
[2016.07.20-01.40.11:963][  0]LogEngine: Initializing Engine...
[2016.07.20-01.40.11:969][  0]LogHMD: Can't find Oculus library dev build: is proper Runtime installed? Version: 0.8.0.0
[2016.07.20-01.40.11:969][  0]LogHMD: SteamVR failed to initialize.  Err: 110
[2016.07.20-01.40.12:083][  0]LogInit: XAudio2 using 'Speakers (Plantronics Wireless Audio)' : 2 channels at 44.1 kHz using 16 bits per sample (channel mask 0x3)
[2016.07.20-01.40.12:093][  0]LogInit: FAudioDevice initialized.
[2016.07.20-01.40.12:097][  0]LogInit: Texture streaming: Enabled
[2016.07.20-01.40.12:183][  0]LogNet: Browse: /Temp/Autosaves/Game/extras/Maps/UEDPCThirdPersonExampleMap?Name=Player
[2016.07.20-01.40.12:184][  0]LogLoad: LoadMap: /Temp/Autosaves/Game/extras/Maps/UEDPCThirdPersonExampleMap?Name=Player
[2016.07.20-01.40.12:194][  0]LogParticles: Destroying 0 GPU particle simulations for FXSystem 0x000001E1571D5D00
[2016.07.20-01.40.12:205][  0]LogMemory: Platform Memory Stats for Windows
[2016.07.20-01.40.12:205][  0]LogMemory: Process Physical Memory: 396.48 MB used, 396.48 MB peak
[2016.07.20-01.40.12:205][  0]LogMemory: Process Virtual Memory: 448.77 MB used, 448.77 MB peak
[2016.07.20-01.40.12:205][  0]LogMemory: Physical Memory: 4917.87 MB used, 8110.90 MB total
[2016.07.20-01.40.12:205][  0]LogMemory: Virtual Memory: 1000.98 MB used, 134217728.00 MB total
[2016.07.20-01.40.12:205][  0]LogMemory: 
[2016.07.20-01.40.12:205][  0]Allocator Stats for TBB: (not implemented)
[2016.07.20-01.40.13:305][  0]LogAIModule: Creating AISystem for world ThirdPersonExampleMap
[2016.07.20-01.40.13:305][  0]LogWorld: Game class is 'ThirdPersonGameMode_C'
[2016.07.20-01.40.13:316][  0]LogWorld: Bringing World /Temp/Autosaves/Game/extras/Maps/UEDPCThirdPersonExampleMap.ThirdPersonExampleMap up for play (max tick rate 0) at 2016.07.19-18.40.13
[2016.07.20-01.40.13:319][  0]LogWorld: Bringing up level for play took: 0.012777
[2016.07.20-01.40.13:323][  0]LogInit:Display: Game Engine Initialized.
[2016.07.20-01.40.13:546][  0]LogLoad: Full Startup: 4.70 seconds (BP compile: 0.35 seconds)
[2016.07.20-01.40.13:567][  0]LogOcInput: Can't find Oculus library dev build: is proper Runtime installed? Version: 0.8.0.0
[2016.07.20-01.40.13:630][  0]LogRenderer: Reallocating scene render targets to support 128x128 (Frame:1).
[2016.07.20-01.40.13:760][  1]LogRenderer: Reallocating scene render targets to support 1280x720 (Frame:2).
[2016.07.20-01.40.13:761][  1]LogScript:Warning: Accessed None 'K2Node_DynamicCast_AsAI2'
	BTS_behaviorSelector_C /Temp/Autosaves/Game/extras/Maps/UEDPCThirdPersonExampleMap.ThirdPersonExampleMap:PersistentLevel.AI2controller_C_0.BTComponent.BTS_behaviorSelector_C_1
	Function /Game/AI/BTS_S/BTS_behaviorSelector.BTS_behaviorSelector_C:ExecuteUbergraph_BTS_behaviorSelector:0031
[2016.07.20-01.40.13:763][  1]LogScript:Warning: Accessed None 'K2Node_DynamicCast_AsAI2'
	BTS_behaviorSelector_C /Temp/Autosaves/Game/extras/Maps/UEDPCThirdPersonExampleMap.ThirdPersonExampleMap:PersistentLevel.AI2controller_C_1.BTComponent.BTS_behaviorSelector_C_2
	Function /Game/AI/BTS_S/BTS_behaviorSelector.BTS_behaviorSelector_C:ExecuteUbergraph_BTS_behaviorSelector:0031
[2016.07.20-01.40.13:877][  5]LogScript:Warning: Attempted to get an item from array CallFunc_GetOverlappingActors_OverlappingActors out of bounds [0/0]!
[2016.07.20-01.40.13:877][  5]LogScript:Warning: Attempted to get an item from array CallFunc_GetOverlappingActors_OverlappingActors out of bounds [0/0]!
[2016.07.20-01.40.14:197][ 24]LogScript:Warning: Attempted to get an item from array CallFunc_GetOverlappingActors_OverlappingActors out of bounds [0/0]!
[2016.07.20-01.40.14:197][ 24]LogScript:Warning: Attempted to get an item from array CallFunc_GetOverlappingActors_OverlappingActors out of bounds [0/0]!
[2016.07.20-01.40.14:494][ 43]LogScript:Warning: Attempted to get an item from array CallFunc_GetOverlappingActors_OverlappingActors out of bounds [0/0]!
[2016.07.20-01.40.14:494][ 43]LogScript:Warning: Attempted to get an item from array CallFunc_GetOverlappingActors_OverlappingActors out of bounds [0/0]!
[2016.07.20-01.40.14:801][ 62]LogScript:Warning: Attempted to get an item from array CallFunc_GetOverlappingActors_OverlappingActors out of bounds [0/0]!
[2016.07.20-01.40.14:801][ 62]LogScript:Warning: Attempted to get an item from array CallFunc_GetOverlappingActors_OverlappingActors out of bounds [0/0]!
[2016.07.20-01.40.15:092][ 80]LogBlueprintUserMessages: [patrolPoints_C_1] movingto
[2016.07.20-01.40.15:107][ 81]LogScript:Warning: Attempted to get an item from array CallFunc_GetOverlappingActors_OverlappingActors out of bounds [0/0]!
[2016.07.20-01.40.15:107][ 81]LogScript:Warning: Attempted to get an item from array CallFunc_GetOverlappingActors_OverlappingActors out of bounds [0/0]!
[2016.07.20-01.40.15:413][100]LogScript:Warning: Attempted to get an item from array CallFunc_GetOverlappingActors_OverlappingActors out of bounds [0/0]!
[2016.07.20-01.40.15:413][100]LogScript:Warning: Attempted to get an item from array CallFunc_GetOverlappingActors_OverlappingActors out of bounds [0/0]!
[2016.07.20-01.40.15:720][119]LogScript:Warning: Attempted to get an item from array CallFunc_GetOverlappingActors_OverlappingActors out of bounds [0/0]!
[2016.07.20-01.40.15:720][119]LogScript:Warning: Attempted to get an item from array CallFunc_GetOverlappingActors_OverlappingActors out of bounds [0/0]!
[2016.07.20-01.40.15:785][123]LogBlueprintUserMessages: [patrolPoints_C_1] finished
[2016.07.20-01.40.16:026][138]LogScript:Warning: Attempted to get an item from array CallFunc_GetOverlappingActors_OverlappingActors out of bounds [0/0]!
[2016.07.20-01.40.16:026][138]LogScript:Warning: Attempted to get an item from array CallFunc_GetOverlappingActors_OverlappingActors out of bounds [0/0]!
[2016.07.20-01.40.16:333][157]LogScript:Warning: Attempted to get an item from array CallFunc_GetOverlappingActors_OverlappingActors out of bounds [0/0]!
[2016.07.20-01.40.16:333][157]LogScript:Warning: Attempted to get an item from array CallFunc_GetOverlappingActors_OverlappingActors out of bounds [0/0]!
[2016.07.20-01.40.16:639][176]LogScript:Warning: Attempted to get an item from array CallFunc_GetOverlappingActors_OverlappingActors out of bounds [0/0]!
[2016.07.20-01.40.16:639][176]LogScript:Warning: Attempted to get an item from array CallFunc_GetOverlappingActors_OverlappingActors out of bounds [0/0]!
[2016.07.20-01.40.16:785][185]LogBlueprintUserMessages: [patrolPoints_C_1] finished
[2016.07.20-01.40.16:945][195]LogScript:Warning: Attempted to get an item from array CallFunc_GetOverlappingActors_OverlappingActors out of bounds [0/0]!
[2016.07.20-01.40.16:945][195]LogScript:Warning: Attempted to get an item from array CallFunc_GetOverlappingActors_OverlappingActors out of bounds [0/0]!
[2016.07.20-01.40.17:254][214]LogScript:Warning: Attempted to get an item from array CallFunc_GetOverlappingActors_OverlappingActors out of bounds [0/0]!
[2016.07.20-01.40.17:254][214]LogScript:Warning: Attempted to get an item from array CallFunc_GetOverlappingActors_OverlappingActors out of bounds [0/0]!
[2016.07.20-01.40.17:559][233]LogScript:Warning: Attempted to get an item from array CallFunc_GetOverlappingActors_OverlappingActors out of bounds [0/0]!
[2016.07.20-01.40.17:559][233]LogScript:Warning: Attempted to get an item from array CallFunc_GetOverlappingActors_OverlappingActors out of bounds [0/0]!
[2016.07.20-01.40.17:785][247]LogBlueprintUserMessages: [patrolPoints_C_1] finished
[2016.07.20-01.40.17:867][252]LogScript:Warning: Attempted to get an item from array CallFunc_GetOverlappingActors_OverlappingActors out of bounds [0/0]!
[2016.07.20-01.40.17:867][252]LogScript:Warning: Attempted to get an item from array CallFunc_GetOverlappingActors_OverlappingActors out of bounds [0/0]!
[2016.07.20-01.40.18:172][271]LogScript:Warning: Attempted to get an item from array CallFunc_GetOverlappingActors_OverlappingActors out of bounds [0/0]!
[2016.07.20-01.40.18:172][271]LogScript:Warning: Attempted to get an item from array CallFunc_GetOverlappingActors_OverlappingActors out of bounds [0/0]!
[2016.07.20-01.40.18:479][290]LogScript:Warning: Attempted to get an item from array CallFunc_GetOverlappingActors_OverlappingActors out of bounds [0/0]!
[2016.07.20-01.40.18:479][290]LogScript:Warning: Attempted to get an item from array CallFunc_GetOverlappingActors_OverlappingActors out of bounds [0/0]!
[2016.07.20-01.40.18:785][309]LogScript:Warning: Attempted to get an item from array CallFunc_GetOverlappingActors_OverlappingActors out of bounds [0/0]!
[2016.07.20-01.40.18:785][309]LogScript:Warning: Attempted to get an item from array CallFunc_GetOverlappingActors_OverlappingActors out of bounds [0/0]!
[2016.07.20-01.40.18:785][309]LogBlueprintUserMessages: [patrolPoints_C_1] finished
[2016.07.20-01.40.19:091][328]LogScript:Warning: Attempted to get an item from array CallFunc_GetOverlappingActors_OverlappingActors out of bounds [0/0]!
[2016.07.20-01.40.19:092][328]LogScript:Warning: Attempted to get an item from array CallFunc_GetOverlappingActors_OverlappingActors out of bounds [0/0]!
[2016.07.20-01.40.19:399][347]LogScript:Warning: Attempted to get an item from array CallFunc_GetOverlappingActors_OverlappingActors out of bounds [0/0]!
[2016.07.20-01.40.19:399][347]LogScript:Warning: Attempted to get an item from array CallFunc_GetOverlappingActors_OverlappingActors out of bounds [0/0]!
[2016.07.20-01.40.19:705][366]LogScript:Warning: Attempted to get an item from array CallFunc_GetOverlappingActors_OverlappingActors out of bounds [0/0]!
[2016.07.20-01.40.19:705][366]LogScript:Warning: Attempted to get an item from array CallFunc_GetOverlappingActors_OverlappingActors out of bounds [0/0]!
[2016.07.20-01.40.19:786][371]LogBlueprintUserMessages: [patrolPoints_C_1] finished
[2016.07.20-01.40.20:011][385]LogScript:Warning: Attempted to get an item from array CallFunc_GetOverlappingActors_OverlappingActors out of bounds [0/0]!
[2016.07.20-01.40.20:011][385]LogScript:Warning: Attempted to get an item from array CallFunc_GetOverlappingActors_OverlappingActors out of bounds [0/0]!
[2016.07.20-01.40.20:281][401]LogBlueprintUserMessages: [patrolPoints_C_1] movingto
[2016.07.20-01.40.20:318][404]LogScript:Warning: Attempted to get an item from array CallFunc_GetOverlappingActors_OverlappingActors out of bounds [0/0]!
[2016.07.20-01.40.20:318][404]LogScript:Warning: Attempted to get an item from array CallFunc_GetOverlappingActors_OverlappingActors out of bounds [0/0]!
[2016.07.20-01.40.20:624][423]LogScript:Warning: Attempted to get an item from array CallFunc_GetOverlappingActors_OverlappingActors out of bounds [0/0]!
[2016.07.20-01.40.20:624][423]LogScript:Warning: Attempted to get an item from array CallFunc_GetOverlappingActors_OverlappingActors out of bounds [0/0]!
[2016.07.20-01.40.20:931][442]LogScript:Warning: Attempted to get an item from array CallFunc_GetOverlappingActors_OverlappingActors out of bounds [0/0]!
[2016.07.20-01.40.20:932][442]LogScript:Warning: Attempted to get an item from array CallFunc_GetOverlappingActors_OverlappingActors out of bounds [0/0]!
[2016.07.20-01.40.21:237][461]LogScript:Warning: Attempted to get an item from array CallFunc_GetOverlappingActors_OverlappingActors out of bounds [0/0]!
[2016.07.20-01.40.21:237][461]LogScript:Warning: Attempted to get an item from array CallFunc_GetOverlappingActors_OverlappingActors out of bounds [0/0]!
[2016.07.20-01.40.21:542][479]LogScript:Warning: Attempted to get an item from array CallFunc_GetOverlappingActors_OverlappingActors out of bounds [0/0]!
[2016.07.20-01.40.21:542][479]LogScript:Warning: Attempted to get an item from array CallFunc_GetOverlappingActors_OverlappingActors out of bounds [0/0]!
[2016.07.20-01.40.21:591][482]LogBlueprintUserMessages: [BTS_behaviorSelector_C_1] i see him
[2016.07.20-01.40.21:786][494]LogBlueprintUserMessages: [BTS_behaviorSelector_C_2] i see him
[2016.07.20-01.40.21:850][498]LogScript:Warning: Attempted to get an item from array CallFunc_GetOverlappingActors_OverlappingActors out of bounds [0/0]!
[2016.07.20-01.40.21:850][498]LogScript:Warning: Attempted to get an item from array CallFunc_GetOverlappingActors_OverlappingActors out of bounds [0/0]!
[2016.07.20-01.40.21:850][498]LogBlueprintUserMessages: [patrolPoints_C_1] finished
[2016.07.20-01.40.22:091][513]LogBlueprintUserMessages: [BTS_behaviorSelector_C_1] i see him
[2016.07.20-01.40.22:155][517]LogScript:Warning: Attempted to get an item from array CallFunc_GetOverlappingActors_OverlappingActors out of bounds [0/0]!
[2016.07.20-01.40.22:155][517]LogScript:Warning: Attempted to get an item from array CallFunc_GetOverlappingActors_OverlappingActors out of bounds [0/0]!
[2016.07.20-01.40.22:205][520]LogBlueprintUserMessages: [arrow_C_0] AI2
[2016.07.20-01.40.22:205][520]LogBlueprintUserMessages: [arrow_C_0] AI2
[2016.07.20-01.40.22:205][520]LogBlueprintUserMessages: [arrow_C_0] AI3
[2016.07.20-01.40.22:287][525]LogBlueprintUserMessages: [BTS_behaviorSelector_C_2] i see him
[2016.07.20-01.40.22:461][536]LogScript:Warning: Attempted to get an item from array CallFunc_GetOverlappingActors_OverlappingActors out of bounds [0/0]!
[2016.07.20-01.40.22:461][536]LogScript:Warning: Attempted to get an item from array CallFunc_GetOverlappingActors_OverlappingActors out of bounds [0/0]!
[2016.07.20-01.40.22:511][539]LogBlueprintUserMessages: [arrow_C_1] AI3
[2016.07.20-01.40.22:511][539]LogBlueprintUserMessages: [arrow_C_1] AI3
[2016.07.20-01.40.22:511][539]LogBlueprintUserMessages: [arrow_C_1] AI3
[2016.07.20-01.40.22:591][544]LogBlueprintUserMessages: [BTS_behaviorSelector_C_1] i see him
[2016.07.20-01.40.22:768][555]LogScript:Warning: Attempted to get an item from array CallFunc_GetOverlappingActors_OverlappingActors out of bounds [0/0]!
[2016.07.20-01.40.22:768][555]LogScript:Warning: Attempted to get an item from array CallFunc_GetOverlappingActors_OverlappingActors out of bounds [0/0]!
[2016.07.20-01.40.22:785][556]LogBlueprintUserMessages: [BTS_behaviorSelector_C_2] i see him
[2016.07.20-01.40.23:074][574]LogScript:Warning: Attempted to get an item from array CallFunc_GetOverlappingActors_OverlappingActors out of bounds [0/0]!
[2016.07.20-01.40.23:074][574]LogScript:Warning: Attempted to get an item from array CallFunc_GetOverlappingActors_OverlappingActors out of bounds [0/0]!
[2016.07.20-01.40.23:091][575]LogBlueprintUserMessages: [BTS_behaviorSelector_C_1] i see him
[2016.07.20-01.40.23:204][582]LogBlueprintUserMessages: [arrow_C_2] AI2
[2016.07.20-01.40.23:204][582]LogBlueprintUserMessages: [arrow_C_2] AI2
[2016.07.20-01.40.23:204][582]LogBlueprintUserMessages: [arrow_C_2] AI3
[2016.07.20-01.40.23:285][587]LogBlueprintUserMessages: [BTS_behaviorSelector_C_2] i see him
[2016.07.20-01.40.23:381][593]LogScript:Warning: Attempted to get an item from array CallFunc_GetOverlappingActors_OverlappingActors out of bounds [0/0]!
[2016.07.20-01.40.23:381][593]LogScript:Warning: Attempted to get an item from array CallFunc_GetOverlappingActors_OverlappingActors out of bounds [0/0]!
[2016.07.20-01.40.23:511][601]LogBlueprintUserMessages: [arrow_C_3] AI3
[2016.07.20-01.40.23:511][601]LogBlueprintUserMessages: [arrow_C_3] AI3
[2016.07.20-01.40.23:511][601]LogBlueprintUserMessages: [arrow_C_3] AI3
[2016.07.20-01.40.23:511][601]LogBlueprintUserMessages: [arrow_C_3] AI3
[2016.07.20-01.40.23:511][601]LogBlueprintUserMessages: [arrow_C_3] AI3
[2016.07.20-01.40.23:512][601]LogBlueprintUserMessages: [arrow_C_3] AI3
[2016.07.20-01.40.23:591][606]LogBlueprintUserMessages: [BTS_behaviorSelector_C_1] i see him
[2016.07.20-01.40.23:687][612]LogScript:Warning: Attempted to get an item from array CallFunc_GetOverlappingActors_OverlappingActors out of bounds [0/0]!
[2016.07.20-01.40.23:688][612]LogScript:Warning: Attempted to get an item from array CallFunc_GetOverlappingActors_OverlappingActors out of bounds [0/0]!
[2016.07.20-01.40.23:785][618]LogBlueprintUserMessages: [BTS_behaviorSelector_C_2] i see him
[2016.07.20-01.40.23:835][621]LogBlueprintUserMessages: [patrolPoints_C_1] fail
[2016.07.20-01.40.23:993][631]LogScript:Warning: Attempted to get an item from array CallFunc_GetOverlappingActors_OverlappingActors out of bounds [0/0]!
[2016.07.20-01.40.23:993][631]LogScript:Warning: Attempted to get an item from array CallFunc_GetOverlappingActors_OverlappingActors out of bounds [0/0]!
[2016.07.20-01.40.24:091][637]LogBlueprintUserMessages: [BTS_behaviorSelector_C_1] i see him
[2016.07.20-01.40.24:205][644]LogBlueprintUserMessages: [arrow_C_4] AI2
[2016.07.20-01.40.24:205][644]LogBlueprintUserMessages: [arrow_C_4] AI2
[2016.07.20-01.40.24:205][644]LogBlueprintUserMessages: [arrow_C_4] AI3
[2016.07.20-01.40.24:285][649]LogBlueprintUserMessages: [BTS_behaviorSelector_C_2] i see him
[2016.07.20-01.40.24:301][650]LogScript:Warning: Attempted to get an item from array CallFunc_GetOverlappingActors_OverlappingActors out of bounds [0/0]!
[2016.07.20-01.40.24:302][650]LogScript:Warning: Attempted to get an item from array CallFunc_GetOverlappingActors_OverlappingActors out of bounds [0/0]!
[2016.07.20-01.40.24:512][663]LogBlueprintUserMessages: [arrow_C_5] AI3
[2016.07.20-01.40.24:512][663]LogBlueprintUserMessages: [arrow_C_5] AI3
[2016.07.20-01.40.24:512][663]LogBlueprintUserMessages: [arrow_C_5] AI3
[2016.07.20-01.40.24:512][663]LogBlueprintUserMessages: [arrow_C_5] AI3
[2016.07.20-01.40.24:512][663]LogBlueprintUserMessages: [arrow_C_5] AI3
[2016.07.20-01.40.24:512][663]LogBlueprintUserMessages: [arrow_C_5] AI3
[2016.07.20-01.40.24:512][663]LogBlueprintUserMessages: [arrow_C_5] AI3
[2016.07.20-01.40.24:593][668]LogBlueprintUserMessages: [BTS_behaviorSelector_C_1] i see him
[2016.07.20-01.40.24:608][669]LogScript:Warning: Attempted to get an item from array CallFunc_GetOverlappingActors_OverlappingActors out of bounds [0/0]!
[2016.07.20-01.40.24:608][669]LogScript:Warning: Attempted to get an item from array CallFunc_GetOverlappingActors_OverlappingActors out of bounds [0/0]!
[2016.07.20-01.40.24:786][680]LogBlueprintUserMessages: [BTS_behaviorSelector_C_2] i see him
[2016.07.20-01.40.24:914][688]LogScript:Warning: Attempted to get an item from array CallFunc_GetOverlappingActors_OverlappingActors out of bounds [0/0]!
[2016.07.20-01.40.24:914][688]LogScript:Warning: Attempted to get an item from array CallFunc_GetOverlappingActors_OverlappingActors out of bounds [0/0]!
[2016.07.20-01.40.25:091][699]LogBlueprintUserMessages: [BTS_behaviorSelector_C_1] i see him
[2016.07.20-01.40.25:206][706]LogBlueprintUserMessages: [arrow_C_6] AI2
[2016.07.20-01.40.25:206][706]LogBlueprintUserMessages: [arrow_C_6] AI2
[2016.07.20-01.40.25:206][706]LogBlueprintUserMessages: [arrow_C_6] AI3
[2016.07.20-01.40.25:221][707]LogScript:Warning: Attempted to get an item from array CallFunc_GetOverlappingActors_OverlappingActors out of bounds [0/0]!
[2016.07.20-01.40.25:221][707]LogScript:Warning: Attempted to get an item from array CallFunc_GetOverlappingActors_OverlappingActors out of bounds [0/0]!
[2016.07.20-01.40.25:286][711]LogBlueprintUserMessages: [BTS_behaviorSelector_C_2] i see him
[2016.07.20-01.40.25:512][725]LogBlueprintUserMessages: [arrow_C_7] AI3
[2016.07.20-01.40.25:512][725]LogBlueprintUserMessages: [arrow_C_7] AI3
[2016.07.20-01.40.25:512][725]LogBlueprintUserMessages: [arrow_C_7] AI3
[2016.07.20-01.40.25:512][725]LogBlueprintUserMessages: [arrow_C_7] AI3
[2016.07.20-01.40.25:513][725]LogBlueprintUserMessages: [arrow_C_7] AI3
[2016.07.20-01.40.25:513][725]LogBlueprintUserMessages: [arrow_C_7] AI3
[2016.07.20-01.40.25:513][725]LogBlueprintUserMessages: [arrow_C_7] AI3
[2016.07.20-01.40.25:513][725]LogBlueprintUserMessages: [arrow_C_7] AI3
[2016.07.20-01.40.25:513][725]LogBlueprintUserMessages: [arrow_C_7] AI3
[2016.07.20-01.40.25:527][726]LogScript:Warning: Attempted to get an item from array CallFunc_GetOverlappingActors_OverlappingActors out of bounds [0/0]!
[2016.07.20-01.40.25:527][726]LogScript:Warning: Attempted to get an item from array CallFunc_GetOverlappingActors_OverlappingActors out of bounds [0/0]!
[2016.07.20-01.40.25:592][730]LogBlueprintUserMessages: [BTS_behaviorSelector_C_1] i see him
[2016.07.20-01.40.25:786][742]LogBlueprintUserMessages: [BTS_behaviorSelector_C_2] i see him
[2016.07.20-01.40.25:834][745]LogScript:Warning: Attempted to get an item from array CallFunc_GetOverlappingActors_OverlappingActors out of bounds [0/0]!
[2016.07.20-01.40.25:834][745]LogScript:Warning: Attempted to get an item from array CallFunc_GetOverlappingActors_OverlappingActors out of bounds [0/0]!
[2016.07.20-01.40.26:092][761]LogBlueprintUserMessages: [BTS_behaviorSelector_C_1] i see him
[2016.07.20-01.40.26:140][764]LogScript:Warning: Attempted to get an item from array CallFunc_GetOverlappingActors_OverlappingActors out of bounds [0/0]!
[2016.07.20-01.40.26:140][764]LogScript:Warning: Attempted to get an item from array CallFunc_GetOverlappingActors_OverlappingActors out of bounds [0/0]!
[2016.07.20-01.40.26:205][768]LogBlueprintUserMessages: [arrow_C_8] AI2
[2016.07.20-01.40.26:206][768]LogBlueprintUserMessages: [arrow_C_8] AI2
[2016.07.20-01.40.26:206][768]LogBlueprintUserMessages: [arrow_C_8] AI3
[2016.07.20-01.40.26:287][773]LogBlueprintUserMessages: [BTS_behaviorSelector_C_2] i see him
[2016.07.20-01.40.26:447][783]LogScript:Warning: Attempted to get an item from array CallFunc_GetOverlappingActors_OverlappingActors out of bounds [0/0]!
[2016.07.20-01.40.26:447][783]LogScript:Warning: Attempted to get an item from array CallFunc_GetOverlappingActors_OverlappingActors out of bounds [0/0]!
[2016.07.20-01.40.26:512][787]LogBlueprintUserMessages: [arrow_C_9] AI3
[2016.07.20-01.40.26:512][787]LogBlueprintUserMessages: [arrow_C_9] AI3
[2016.07.20-01.40.26:512][787]LogBlueprintUserMessages: [arrow_C_9] AI3
[2016.07.20-01.40.26:512][787]LogBlueprintUserMessages: [arrow_C_9] AI3
[2016.07.20-01.40.26:512][787]LogBlueprintUserMessages: [arrow_C_9] AI3
[2016.07.20-01.40.26:512][787]LogBlueprintUserMessages: [arrow_C_9] AI3
[2016.07.20-01.40.26:512][787]LogBlueprintUserMessages: [arrow_C_9] AI3
[2016.07.20-01.40.26:513][787]LogBlueprintUserMessages: [arrow_C_9] AI3
[2016.07.20-01.40.26:513][787]LogBlueprintUserMessages: [arrow_C_9] AI3
[2016.07.20-01.40.26:513][787]LogBlueprintUserMessages: [arrow_C_9] AI3
[2016.07.20-01.40.26:593][792]LogBlueprintUserMessages: [BTS_behaviorSelector_C_1] i see him
[2016.07.20-01.40.26:753][802]LogScript:Warning: Attempted to get an item from array CallFunc_GetOverlappingActors_OverlappingActors out of bounds [0/0]!
[2016.07.20-01.40.26:753][802]LogScript:Warning: Attempted to get an item from array CallFunc_GetOverlappingActors_OverlappingActors out of bounds [0/0]!
[2016.07.20-01.40.26:786][804]LogBlueprintUserMessages: [BTS_behaviorSelector_C_2] i see him
[2016.07.20-01.40.27:060][821]LogScript:Warning: Attempted to get an item from array CallFunc_GetOverlappingActors_OverlappingActors out of bounds [0/0]!
[2016.07.20-01.40.27:060][821]LogScript:Warning: Attempted to get an item from array CallFunc_GetOverlappingActors_OverlappingActors out of bounds [0/0]!
[2016.07.20-01.40.27:091][823]LogBlueprintUserMessages: [BTS_behaviorSelector_C_1] i see him
[2016.07.20-01.40.27:206][830]LogBlueprintUserMessages: [arrow_C_10] AI2
[2016.07.20-01.40.27:206][830]LogBlueprintUserMessages: [arrow_C_10] AI2
[2016.07.20-01.40.27:206][830]LogBlueprintUserMessages: [arrow_C_10] AI3
[2016.07.20-01.40.27:287][835]LogBlueprintUserMessages: [BTS_behaviorSelector_C_2] i see him
[2016.07.20-01.40.27:367][840]LogScript:Warning: Attempted to get an item from array CallFunc_GetOverlappingActors_OverlappingActors out of bounds [0/0]!
[2016.07.20-01.40.27:368][840]LogScript:Warning: Attempted to get an item from array CallFunc_GetOverlappingActors_OverlappingActors out of bounds [0/0]!
[2016.07.20-01.40.27:512][849]LogBlueprintUserMessages: [arrow_C_11] AI3
[2016.07.20-01.40.27:512][849]LogBlueprintUserMessages: [arrow_C_11] AI3
[2016.07.20-01.40.27:512][849]LogBlueprintUserMessages: [arrow_C_11] AI3
[2016.07.20-01.40.27:512][849]LogBlueprintUserMessages: [arrow_C_11] AI3
[2016.07.20-01.40.27:512][849]LogBlueprintUserMessages: [arrow_C_11] AI3
[2016.07.20-01.40.27:512][849]LogBlueprintUserMessages: [arrow_C_11] AI3
[2016.07.20-01.40.27:512][849]LogBlueprintUserMessages: [arrow_C_11] AI3
[2016.07.20-01.40.27:513][849]LogBlueprintUserMessages: [arrow_C_11] AI3
[2016.07.20-01.40.27:513][849]LogBlueprintUserMessages: [arrow_C_11] AI3
[2016.07.20-01.40.27:513][849]LogBlueprintUserMessages: [arrow_C_11] AI3
[2016.07.20-01.40.27:513][849]LogBlueprintUserMessages: [arrow_C_11] AI3
[2016.07.20-01.40.27:513][849]LogBlueprintUserMessages: [arrow_C_11] AI3
[2016.07.20-01.40.27:592][854]LogBlueprintUserMessages: [BTS_behaviorSelector_C_1] i see him
[2016.07.20-01.40.27:672][859]LogScript:Warning: Attempted to get an item from array CallFunc_GetOverlappingActors_OverlappingActors out of bounds [0/0]!
[2016.07.20-01.40.27:672][859]LogScript:Warning: Attempted to get an item from array CallFunc_GetOverlappingActors_OverlappingActors out of bounds [0/0]!
[2016.07.20-01.40.27:786][866]LogBlueprintUserMessages: [BTS_behaviorSelector_C_2] i see him
[2016.07.20-01.40.27:835][869]LogBlueprintUserMessages: [patrolPoints_C_1] fail
[2016.07.20-01.40.27:979][878]LogScript:Warning: Attempted to get an item from array CallFunc_GetOverlappingActors_OverlappingActors out of bounds [0/0]!
[2016.07.20-01.40.27:979][878]LogScript:Warning: Attempted to get an item from array CallFunc_GetOverlappingActors_OverlappingActors out of bounds [0/0]!
[2016.07.20-01.40.28:092][885]LogBlueprintUserMessages: [BTS_behaviorSelector_C_1] i see him
[2016.07.20-01.40.28:206][892]LogBlueprintUserMessages: [arrow_C_12] AI2
[2016.07.20-01.40.28:206][892]LogBlueprintUserMessages: [arrow_C_12] AI2
[2016.07.20-01.40.28:206][892]LogBlueprintUserMessages: [arrow_C_12] AI3
[2016.07.20-01.40.28:285][897]LogScript:Warning: Attempted to get an item from array CallFunc_GetOverlappingActors_OverlappingActors out of bounds [0/0]!
[2016.07.20-01.40.28:286][897]LogScript:Warning: Attempted to get an item from array CallFunc_GetOverlappingActors_OverlappingActors out of bounds [0/0]!
[2016.07.20-01.40.28:286][897]LogBlueprintUserMessages: [BTS_behaviorSelector_C_2] i see him
[2016.07.20-01.40.28:517][910]LogBlueprintUserMessages: [arrow_C_13] AI3
[2016.07.20-01.40.28:517][910]LogBlueprintUserMessages: [arrow_C_13] AI3
[2016.07.20-01.40.28:517][910]LogBlueprintUserMessages: [arrow_C_13] AI3
[2016.07.20-01.40.28:517][910]LogBlueprintUserMessages: [arrow_C_13] AI3
[2016.07.20-01.40.28:517][910]LogBlueprintUserMessages: [arrow_C_13] AI3
[2016.07.20-01.40.28:517][910]LogBlueprintUserMessages: [arrow_C_13] AI3
[2016.07.20-01.40.28:517][910]LogBlueprintUserMessages: [arrow_C_13] AI3
[2016.07.20-01.40.28:518][910]LogBlueprintUserMessages: [arrow_C_13] AI3
[2016.07.20-01.40.28:518][910]LogBlueprintUserMessages: [arrow_C_13] AI3
[2016.07.20-01.40.28:518][910]LogBlueprintUserMessages: [arrow_C_13] AI3
[2016.07.20-01.40.28:518][910]LogBlueprintUserMessages: [arrow_C_13] AI3
[2016.07.20-01.40.28:518][910]LogBlueprintUserMessages: [arrow_C_13] AI3
[2016.07.20-01.40.28:518][910]LogBlueprintUserMessages: [arrow_C_13] AI3
[2016.07.20-01.40.28:518][910]LogBlueprintUserMessages: [arrow_C_13] AI3
[2016.07.20-01.40.28:518][910]LogBlueprintUserMessages: [arrow_C_13] AI3
[2016.07.20-01.40.28:518][910]LogBlueprintUserMessages: [arrow_C_13] AI3
[2016.07.20-01.40.28:518][910]LogBlueprintUserMessages: [arrow_C_13] AI3
[2016.07.20-01.40.28:518][910]LogBlueprintUserMessages: [arrow_C_13] AI3
[2016.07.20-01.40.28:518][910]LogBlueprintUserMessages: [arrow_C_13] AI3
[2016.07.20-01.40.28:518][910]LogBlueprintUserMessages: [arrow_C_13] AI3
[2016.07.20-01.40.28:518][910]LogBlueprintUserMessages: [arrow_C_13] AI3
[2016.07.20-01.40.28:594][915]LogScript:Warning: Attempted to get an item from array CallFunc_GetOverlappingActors_OverlappingActors out of bounds [0/0]!
[2016.07.20-01.40.28:594][915]LogScript:Warning: Attempted to get an item from array CallFunc_GetOverlappingActors_OverlappingActors out of bounds [0/0]!
[2016.07.20-01.40.28:595][915]LogBlueprintUserMessages: [BTS_behaviorSelector_C_1] i see him
[2016.07.20-01.40.28:788][927]LogBlueprintUserMessages: [BTS_behaviorSelector_C_2] i see him
[2016.07.20-01.40.28:901][934]LogScript:Warning: Attempted to get an item from array CallFunc_GetOverlappingActors_OverlappingActors out of bounds [0/0]!
[2016.07.20-01.40.28:901][934]LogScript:Warning: Attempted to get an item from array CallFunc_GetOverlappingActors_OverlappingActors out of bounds [0/0]!
[2016.07.20-01.40.29:095][946]LogBlueprintUserMessages: [BTS_behaviorSelector_C_1] i see him
[2016.07.20-01.40.29:207][953]LogScript:Warning: Attempted to get an item from array CallFunc_GetOverlappingActors_OverlappingActors out of bounds [0/0]!
[2016.07.20-01.40.29:207][953]LogScript:Warning: Attempted to get an item from array CallFunc_GetOverlappingActors_OverlappingActors out of bounds [0/0]!
[2016.07.20-01.40.29:209][953]LogBlueprintUserMessages: [arrow_C_14] AI2
[2016.07.20-01.40.29:209][953]LogBlueprintUserMessages: [arrow_C_14] AI2
[2016.07.20-01.40.29:209][953]LogBlueprintUserMessages: [arrow_C_14] AI3
[2016.07.20-01.40.29:288][958]LogBlueprintUserMessages: [BTS_behaviorSelector_C_2] i see him
[2016.07.20-01.40.29:515][972]LogScript:Warning: Attempted to get an item from array CallFunc_GetOverlappingActors_OverlappingActors out of bounds [0/0]!
[2016.07.20-01.40.29:515][972]LogScript:Warning: Attempted to get an item from array CallFunc_GetOverlappingActors_OverlappingActors out of bounds [0/0]!
[2016.07.20-01.40.29:518][972]LogBlueprintUserMessages: [arrow_C_15] AI3
[2016.07.20-01.40.29:518][972]LogBlueprintUserMessages: [arrow_C_15] AI3
[2016.07.20-01.40.29:518][972]LogBlueprintUserMessages: [arrow_C_15] AI3
[2016.07.20-01.40.29:518][972]LogBlueprintUserMessages: [arrow_C_15] AI3
[2016.07.20-01.40.29:518][972]LogBlueprintUserMessages: [arrow_C_15] AI3
[2016.07.20-01.40.29:518][972]LogBlueprintUserMessages: [arrow_C_15] AI3
[2016.07.20-01.40.29:518][972]LogBlueprintUserMessages: [arrow_C_15] AI3
[2016.07.20-01.40.29:518][972]LogBlueprintUserMessages: [arrow_C_15] AI3
[2016.07.20-01.40.29:518][972]LogBlueprintUserMessages: [arrow_C_15] AI3
[2016.07.20-01.40.29:519][972]LogBlueprintUserMessages: [arrow_C_15] AI3
[2016.07.20-01.40.29:519][972]LogBlueprintUserMessages: [arrow_C_15] AI3
[2016.07.20-01.40.29:519][972]LogBlueprintUserMessages: [arrow_C_15] AI3
[2016.07.20-01.40.29:519][972]LogBlueprintUserMessages: [arrow_C_15] AI3
[2016.07.20-01.40.29:519][972]LogBlueprintUserMessages: [arrow_C_15] AI3
[2016.07.20-01.40.29:519][972]LogBlueprintUserMessages: [arrow_C_15] AI3
[2016.07.20-01.40.29:519][972]LogBlueprintUserMessages: [arrow_C_15] AI3
[2016.07.20-01.40.29:519][972]LogBlueprintUserMessages: [arrow_C_15] AI3
[2016.07.20-01.40.29:596][977]LogBlueprintUserMessages: [BTS_behaviorSelector_C_1] i see him
[2016.07.20-01.40.29:789][989]LogBlueprintUserMessages: [BTS_behaviorSelector_C_2] i see him
[2016.07.20-01.40.29:821][991]LogScript:Warning: Attempted to get an item from array CallFunc_GetOverlappingActors_OverlappingActors out of bounds [0/0]!
[2016.07.20-01.40.29:821][991]LogScript:Warning: Attempted to get an item from array CallFunc_GetOverlappingActors_OverlappingActors out of bounds [0/0]!
[2016.07.20-01.40.30:096][  8]LogBlueprintUserMessages: [BTS_behaviorSelector_C_1] i see him
[2016.07.20-01.40.30:127][ 10]LogScript:Warning: Attempted to get an item from array CallFunc_GetOverlappingActors_OverlappingActors out of bounds [0/0]!
[2016.07.20-01.40.30:127][ 10]LogScript:Warning: Attempted to get an item from array CallFunc_GetOverlappingActors_OverlappingActors out of bounds [0/0]!
[2016.07.20-01.40.30:209][ 15]LogBlueprintUserMessages: [arrow_C_16] AI2
[2016.07.20-01.40.30:209][ 15]LogBlueprintUserMessages: [arrow_C_16] AI2
[2016.07.20-01.40.30:224][ 16]LogBlueprintUserMessages: [arrow_C_16] AI2
[2016.07.20-01.40.30:256][ 18]LogBlueprintUserMessages: [arrow_C_16] AI3
[2016.07.20-01.40.30:289][ 20]LogBlueprintUserMessages: [BTS_behaviorSelector_C_2] i see him
[2016.07.20-01.40.30:434][ 29]LogScript:Warning: Attempted to get an item from array CallFunc_GetOverlappingActors_OverlappingActors out of bounds [0/0]!
[2016.07.20-01.40.30:434][ 29]LogScript:Warning: Attempted to get an item from array CallFunc_GetOverlappingActors_OverlappingActors out of bounds [0/0]!
[2016.07.20-01.40.30:518][ 34]LogBlueprintUserMessages: [arrow_C_17] AI2
[2016.07.20-01.40.30:597][ 39]LogBlueprintUserMessages: [BTS_behaviorSelector_C_1] i see him
[2016.07.20-01.40.30:741][ 48]LogScript:Warning: Attempted to get an item from array CallFunc_GetOverlappingActors_OverlappingActors out of bounds [0/0]!
[2016.07.20-01.40.30:741][ 48]LogScript:Warning: Attempted to get an item from array CallFunc_GetOverlappingActors_OverlappingActors out of bounds [0/0]!
[2016.07.20-01.40.30:789][ 51]LogBlueprintUserMessages: [BTS_behaviorSelector_C_2] i see him
[2016.07.20-01.40.31:048][ 67]LogScript:Warning: Attempted to get an item from array CallFunc_GetOverlappingActors_OverlappingActors out of bounds [0/0]!
[2016.07.20-01.40.31:048][ 67]LogScript:Warning: Attempted to get an item from array CallFunc_GetOverlappingActors_OverlappingActors out of bounds [0/0]!
[2016.07.20-01.40.31:097][ 70]LogBlueprintUserMessages: [BTS_behaviorSelector_C_1] i see him
[2016.07.20-01.40.31:210][ 77]LogBlueprintUserMessages: [arrow_C_18] AI2
[2016.07.20-01.40.31:210][ 77]LogBlueprintUserMessages: [arrow_C_18] AI2
[2016.07.20-01.40.31:225][ 78]LogBlueprintUserMessages: [arrow_C_18] AI2
[2016.07.20-01.40.31:241][ 79]LogBlueprintUserMessages: [arrow_C_18] AI2
[2016.07.20-01.40.31:290][ 82]LogBlueprintUserMessages: [BTS_behaviorSelector_C_2] i see him
[2016.07.20-01.40.31:354][ 86]LogScript:Warning: Attempted to get an item from array CallFunc_GetOverlappingActors_OverlappingActors out of bounds [0/0]!
[2016.07.20-01.40.31:354][ 86]LogScript:Warning: Attempted to get an item from array CallFunc_GetOverlappingActors_OverlappingActors out of bounds [0/0]!
[2016.07.20-01.40.31:517][ 96]LogBlueprintUserMessages: [arrow_C_19] AI2
[2016.07.20-01.40.31:597][101]LogBlueprintUserMessages: [BTS_behaviorSelector_C_1] i see him
[2016.07.20-01.40.31:660][105]LogScript:Warning: Attempted to get an item from array CallFunc_GetOverlappingActors_OverlappingActors out of bounds [0/0]!
[2016.07.20-01.40.31:661][105]LogScript:Warning: Attempted to get an item from array CallFunc_GetOverlappingActors_OverlappingActors out of bounds [0/0]!
[2016.07.20-01.40.31:790][113]LogBlueprintUserMessages: [BTS_behaviorSelector_C_2] i see him
[2016.07.20-01.40.31:839][116]LogBlueprintUserMessages: [patrolPoints_C_1] fail
[2016.07.20-01.40.31:968][124]LogScript:Warning: Attempted to get an item from array CallFunc_GetOverlappingActors_OverlappingActors out of bounds [0/0]!
[2016.07.20-01.40.31:968][124]LogScript:Warning: Attempted to get an item from array CallFunc_GetOverlappingActors_OverlappingActors out of bounds [0/0]!
[2016.07.20-01.40.32:070][125]LogWindowsTextInputMethodSystem:Display: IME system now deactivated.
[2016.07.20-01.40.32:071][125]LogEngine: All Windows Closed
[2016.07.20-01.40.32:071][125]LogWindows: FPlatformMisc::RequestExit(0)
[2016.07.20-01.40.32:980][126]LogExit: Preparing to exit.
[2016.07.20-01.40.33:142][126]LogExit: Game engine shut down
[2016.07.20-01.40.33:143][126]LogParticles: Destroying 0 GPU particle simulations for FXSystem 0x000001E167208A40
[2016.07.20-01.40.33:309][126]LogExit: Object subsystem successfully closed.
[2016.07.20-01.40.33:327][126]LogD3D11RHI: Shutdown
[2016.07.20-01.40.33:327][126]LogD3D11RHI: CleanupD3DDevice
[2016.07.20-01.40.33:401][126]LogD3D11RHI: ~FD3D11DynamicRHI
[2016.07.20-01.40.33:418][126]LogModuleManager: Shutting down and abandoning module AndroidDeviceDetection (117)
[2016.07.20-01.40.33:568][126]LogModuleManager: Shutting down and abandoning module AutomationController (116)
[2016.07.20-01.40.33:568][126]LogModuleManager: Shutting down and abandoning module AutomationWorker (115)
[2016.07.20-01.40.33:568][126]LogModuleManager: Shutting down and abandoning module CharacterAI (114)
[2016.07.20-01.40.33:568][126]LogModuleManager: Shutting down and abandoning module AITestSuite (113)
[2016.07.20-01.40.33:568][126]LogModuleManager: Shutting down and abandoning module GameplayDebugger (112)
[2016.07.20-01.40.33:568][126]LogModuleManager: Shutting down and abandoning module AIModule (111)
[2016.07.20-01.40.33:568][126]LogModuleManager: Shutting down and abandoning module MovieSceneCapture (110)
[2016.07.20-01.40.33:568][126]LogModuleManager: Shutting down and abandoning module GameLiveStreaming (109)
[2016.07.20-01.40.33:568][126]LogModuleManager: Shutting down and abandoning module StreamingPauseRendering (108)
[2016.07.20-01.40.33:568][126]LogModuleManager: Shutting down and abandoning module ProfilerService (107)
[2016.07.20-01.40.33:689][126]LogModuleManager: Shutting down and abandoning module TaskGraph (106)
[2016.07.20-01.40.33:689][126]LogModuleManager: Shutting down and abandoning module SlateRemote (105)
[2016.07.20-01.40.33:689][126]LogModuleManager: Shutting down and abandoning module SteamVRController (104)
[2016.07.20-01.40.33:689][126]LogModuleManager: Shutting down and abandoning module SteamVR (103)
[2016.07.20-01.40.33:689][126]LogModuleManager: Shutting down and abandoning module ProceduralMeshComponent (102)
[2016.07.20-01.40.33:689][126]LogModuleManager: Shutting down and abandoning module OculusLibrary (101)
[2016.07.20-01.40.33:689][126]LogModuleManager: Shutting down and abandoning module OculusInput (100)
[2016.07.20-01.40.33:689][126]LogModuleManager: Shutting down and abandoning module LeapMotionController (99)
[2016.07.20-01.40.33:722][126]LogModuleManager: Shutting down and abandoning module CustomMeshComponent (98)
[2016.07.20-01.40.33:722][126]LogModuleManager: Shutting down and abandoning module CableComponent (97)
[2016.07.20-01.40.33:722][126]LogModuleManager: Shutting down and abandoning module ArchVisCharacter (96)
[2016.07.20-01.40.33:722][126]LogModuleManager: Shutting down and abandoning module HTML5Networking (95)
[2016.07.20-01.40.33:722][126]LogModuleManager: Shutting down and abandoning module DesktopPlatform (94)
[2016.07.20-01.40.33:722][126]LogModuleManager: Shutting down and abandoning module DirectoryWatcher (93)
[2016.07.20-01.40.33:722][126]LogModuleManager: Shutting down and abandoning module HotReload (92)
[2016.07.20-01.40.33:722][126]LogModuleManager: Shutting down and abandoning module VisualStudioSourceCodeAccess (91)
[2016.07.20-01.40.33:722][126]LogModuleManager: Shutting down and abandoning module UObjectPlugin (90)
[2016.07.20-01.40.33:722][126]LogModuleManager: Shutting down and abandoning module SubversionSourceControl (89)
[2016.07.20-01.40.33:722][126]LogModuleManager: Shutting down and abandoning module SourceControl (88)
[2016.07.20-01.40.33:722][126]LogModuleManager: Shutting down and abandoning module PerforceSourceControl (87)
[2016.07.20-01.40.33:722][126]LogModuleManager: Shutting down and abandoning module UdpMessaging (86)
[2016.07.20-01.40.33:722][126]LogModuleManager: Shutting down and abandoning module LightPropagationVolumeRuntime (85)
[2016.07.20-01.40.33:722][126]LogModuleManager: Shutting down and abandoning module Paper2D (84)
[2016.07.20-01.40.33:722][126]LogModuleManager: Shutting down and abandoning module WindowsMoviePlayer (83)
[2016.07.20-01.40.33:727][126]LogModuleManager: Shutting down and abandoning module Media (82)
[2016.07.20-01.40.33:727][126]LogModuleManager: Shutting down and abandoning module WmfMedia (81)
[2016.07.20-01.40.33:727][126]LogModuleManager: Shutting down and abandoning module OnlineBlueprintSupport (80)
[2016.07.20-01.40.33:727][126]LogModuleManager: Shutting down and abandoning module GameplayTasksEditor (79)
[2016.07.20-01.40.33:727][126]LogModuleManager: Shutting down and abandoning module PropertyEditor (78)
[2016.07.20-01.40.33:727][126]LogModuleManager: Shutting down and abandoning module BehaviorTreeEditor (77)
[2016.07.20-01.40.33:727][126]LogModuleManager: Shutting down and abandoning module FunctionalTesting (76)
[2016.07.20-01.40.33:727][126]LogModuleManager: Shutting down and abandoning module CollisionAnalyzer (75)
[2016.07.20-01.40.33:727][126]LogModuleManager: Shutting down and abandoning module WorkspaceMenuStructure (74)
[2016.07.20-01.40.33:727][126]LogModuleManager: Shutting down and abandoning module MessageLog (73)
[2016.07.20-01.40.33:727][126]LogModuleManager: Shutting down and abandoning module Sequencer (72)
[2016.07.20-01.40.33:727][126]LogModuleManager: Shutting down and abandoning module AssetTools (71)
[2016.07.20-01.40.33:727][126]LogModuleManager: Shutting down and abandoning module UMGEditor (70)
[2016.07.20-01.40.33:727][126]LogModuleManager: Shutting down and abandoning module UMG (69)
[2016.07.20-01.40.33:727][126]LogModuleManager: Shutting down and abandoning module Slate (68)
[2016.07.20-01.40.33:727][126]LogModuleManager: Shutting down and abandoning module EditorStyle (67)
[2016.07.20-01.40.33:731][126]LogModuleManager: Shutting down and abandoning module SessionServices (66)
[2016.07.20-01.40.33:731][126]LogModuleManager: Shutting down and abandoning module SourceCodeAccess (65)
[2016.07.20-01.40.33:731][126]LogModuleManager: Shutting down and abandoning module HeadMountedDisplay (64)
[2016.07.20-01.40.33:731][126]LogModuleManager: Shutting down and abandoning module XAudio2 (63)
[2016.07.20-01.40.33:731][126]LogModuleManager: Shutting down and abandoning module Networking (61)
[2016.07.20-01.40.33:731][126]LogModuleManager: Shutting down and abandoning module Core (60)
[2016.07.20-01.40.33:731][126]LogModuleManager: Shutting down and abandoning module KismetCompiler (59)
[2016.07.20-01.40.33:731][126]LogModuleManager: Shutting down and abandoning module PhysXFormats (58)
[2016.07.20-01.40.33:731][126]LogModuleManager: Shutting down and abandoning module MeshUtilities (57)
[2016.07.20-01.40.33:731][126]LogModuleManager: Shutting down and abandoning module DerivedDataCache (56)
[2016.07.20-01.40.33:808][126]LogDerivedDataCache: Shutdown
[2016.07.20-01.40.33:808][126]LogModuleManager: Shutting down and abandoning module ShaderFormatOpenGL (55)
[2016.07.20-01.40.33:808][126]LogModuleManager: Shutting down and abandoning module ShaderFormatD3D (54)
[2016.07.20-01.40.33:808][126]LogModuleManager: Shutting down and abandoning module MetalShaderFormat (53)
[2016.07.20-01.40.33:808][126]LogModuleManager: Shutting down and abandoning module TextureFormatUncompressed (52)
[2016.07.20-01.40.33:808][126]LogModuleManager: Shutting down and abandoning module TextureFormatPVR (51)
[2016.07.20-01.40.33:808][126]LogModuleManager: Shutting down and abandoning module TextureFormatIntelISPCTexComp (50)
[2016.07.20-01.40.33:808][126]LogModuleManager: Shutting down and abandoning module TextureFormatDXT (49)
[2016.07.20-01.40.33:808][126]LogModuleManager: Shutting down and abandoning module ImageWrapper (48)
[2016.07.20-01.40.33:808][126]LogModuleManager: Shutting down and abandoning module TextureFormatASTC (47)
[2016.07.20-01.40.33:808][126]LogModuleManager: Shutting down and abandoning module TextureFormatAndroid (46)
[2016.07.20-01.40.33:808][126]LogModuleManager: Shutting down and abandoning module AudioFormatOpus (45)
[2016.07.20-01.40.33:808][126]LogModuleManager: Shutting down and abandoning module AudioFormatOgg (44)
[2016.07.20-01.40.33:808][126]LogModuleManager: Shutting down and abandoning module AudioFormatADPCM (43)
[2016.07.20-01.40.33:808][126]LogModuleManager: Shutting down and abandoning module LinuxTargetPlatform (42)
[2016.07.20-01.40.33:808][126]LogModuleManager: Shutting down and abandoning module LinuxServerTargetPlatform (41)
[2016.07.20-01.40.33:808][126]LogModuleManager: Shutting down and abandoning module LinuxNoEditorTargetPlatform (40)
[2016.07.20-01.40.33:808][126]LogModuleManager: Shutting down and abandoning module Messaging (39)
[2016.07.20-01.40.33:808][126]LogModuleManager: Shutting down and abandoning module IOSTargetPlatform (38)
[2016.07.20-01.40.33:808][126]LogModuleManager: Shutting down and abandoning module HTML5TargetPlatform (37)
[2016.07.20-01.40.33:808][126]LogModuleManager: Shutting down and abandoning module Android_PVRTCTargetPlatform (36)
[2016.07.20-01.40.33:808][126]LogModuleManager: Shutting down and abandoning module Android_MultiTargetPlatform (35)
[2016.07.20-01.40.33:808][126]LogModuleManager: Shutting down and abandoning module Android_ETC2TargetPlatform (34)
[2016.07.20-01.40.33:808][126]LogModuleManager: Shutting down and abandoning module Android_ETC1TargetPlatform (33)
[2016.07.20-01.40.33:808][126]LogModuleManager: Shutting down and abandoning module Android_DXTTargetPlatform (32)
[2016.07.20-01.40.33:808][126]LogModuleManager: Shutting down and abandoning module Android_ATCTargetPlatform (31)
[2016.07.20-01.40.33:808][126]LogModuleManager: Shutting down and abandoning module Android_ASTCTargetPlatform (30)
[2016.07.20-01.40.33:808][126]LogModuleManager: Shutting down and abandoning module AndroidTargetPlatform (29)
[2016.07.20-01.40.33:808][126]LogModuleManager: Shutting down and abandoning module WindowsTargetPlatform (28)
[2016.07.20-01.40.33:808][126]LogModuleManager: Shutting down and abandoning module WindowsServerTargetPlatform (27)
[2016.07.20-01.40.33:808][126]LogModuleManager: Shutting down and abandoning module WindowsNoEditorTargetPlatform (26)
[2016.07.20-01.40.33:808][126]LogModuleManager: Shutting down and abandoning module WindowsClientTargetPlatform (25)
[2016.07.20-01.40.33:808][126]LogModuleManager: Shutting down and abandoning module AllDesktopTargetPlatform (24)
[2016.07.20-01.40.33:808][126]LogModuleManager: Shutting down and abandoning module TargetPlatform (23)
[2016.07.20-01.40.33:808][126]LogModuleManager: Shutting down and abandoning module InputCore (22)
[2016.07.20-01.40.33:808][126]LogModuleManager: Shutting down and abandoning module Settings (21)
[2016.07.20-01.40.33:808][126]LogModuleManager: Shutting down and abandoning module OnlineSubsystem (19)
[2016.07.20-01.40.33:808][126]LogModuleManager: Shutting down and abandoning module HTTP (18)
[2016.07.20-01.40.33:809][126]LogModuleManager: Shutting down and abandoning module XMPP (17)
[2016.07.20-01.40.33:809][126]LogModuleManager: Shutting down and abandoning module OculusRift (16)
[2016.07.20-01.40.33:809][126]LogModuleManager: Shutting down and abandoning module ExampleDeviceProfileSelector (15)
[2016.07.20-01.40.33:809][126]LogModuleManager: Shutting down and abandoning module TextureCompressor (14)
[2016.07.20-01.40.33:809][126]LogModuleManager: Shutting down and abandoning module ShaderCore (13)
[2016.07.20-01.40.33:809][126]LogModuleManager: Shutting down and abandoning module Landscape (12)
[2016.07.20-01.40.33:809][126]LogModuleManager: Shutting down and abandoning module SlateRHIRenderer (11)
[2016.07.20-01.40.33:809][126]LogModuleManager: Shutting down and abandoning module OpenGLDrv (10)
[2016.07.20-01.40.33:809][126]LogModuleManager: Shutting down and abandoning module D3D11RHI (9)
[2016.07.20-01.40.33:809][126]LogModuleManager: Shutting down and abandoning module AnimGraphRuntime (8)
[2016.07.20-01.40.33:809][126]LogModuleManager: Shutting down and abandoning module Renderer (7)
[2016.07.20-01.40.33:809][126]LogModuleManager: Shutting down and abandoning module Engine (6)
[2016.07.20-01.40.33:809][126]LogModuleManager: Shutting down and abandoning module CoreUObject (5)
[2016.07.20-01.40.33:809][126]LogModuleManager: Shutting down and abandoning module NetworkFile (4)
[2016.07.20-01.40.33:809][126]LogModuleManager: Shutting down and abandoning module StreamingFile (3)
[2016.07.20-01.40.33:809][126]LogModuleManager: Shutting down and abandoning module SandboxFile (2)
[2016.07.20-01.40.33:809][126]LogModuleManager: Shutting down and abandoning module PakFile (1)
[2016.07.20-01.40.33:810][126]LogExit: Exiting.
[2016.07.20-01.40.33:811][126]Log file closed, 07/19/16 18:40:33
