[2016.07.21-01.08.53:952][  0]Log file open, 07/20/16 18:08:53
[2016.07.21-01.08.53:952][  0]LogInit:Display: Running engine for game: GaryTim
[2016.07.21-01.08.53:952][  0]LogPlatformFile: Not using cached read wrapper
[2016.07.21-01.08.53:952][  0]LogInit:Display: RandInit(-363901696) SRandInit(-363901696).
[2016.07.21-01.08.53:952][  0]LogTaskGraph: Started task graph with 4 named threads and 7 total threads.
[2016.07.21-01.08.53:952][  0]LogStats: Stats thread started at 0.092605
[2016.07.21-01.08.53:952][  0]LogInit: Version: 4.10.4-2872498+++depot+UE4-Releases+4.10
[2016.07.21-01.08.53:952][  0]LogInit: API Version: 2758231
[2016.07.21-01.08.53:952][  0]LogInit: Compiled (64-bit): Feb 18 2016 15:47:04
[2016.07.21-01.08.53:952][  0]LogInit: Compiled with Visual C++: 19.00.23026.00
[2016.07.21-01.08.53:952][  0]LogInit: Build Configuration: Development
[2016.07.21-01.08.53:952][  0]LogInit: Branch Name: ++depot+UE4-Releases+4.10
[2016.07.21-01.08.53:952][  0]LogInit: Command line:  /Temp/Autosaves/Game/extras/Maps/UEDPCThirdPersonExampleMap -game -PIEVIACONSOLE -ResX=1280 -ResY=720  -Multiprocess 
[2016.07.21-01.08.53:952][  0]LogInit: Base directory: C:/Program Files (x86)/Epic Games/4.10/Engine/Binaries/Win64/
[2016.07.21-01.08.53:952][  0]LogInit: Rocket: 1
[2016.07.21-01.08.53:960][  0]LogInit: Using libcurl 7.41.0
[2016.07.21-01.08.53:960][  0]LogInit:  - built for x86_64-pc-win32
[2016.07.21-01.08.53:960][  0]LogInit:  - supports SSL with WinSSL
[2016.07.21-01.08.53:960][  0]LogInit:  - other features:
[2016.07.21-01.08.53:960][  0]LogInit:      CURL_VERSION_SSL
[2016.07.21-01.08.53:960][  0]LogInit:      CURL_VERSION_IPV6
[2016.07.21-01.08.53:960][  0]LogInit:      CURL_VERSION_ASYNCHDNS
[2016.07.21-01.08.53:960][  0]LogInit:      CURL_VERSION_LARGEFILE
[2016.07.21-01.08.53:960][  0]LogInit:      CURL_VERSION_IDN
[2016.07.21-01.08.53:960][  0]LogInit:  CurlRequestOptions (configurable via config and command line):
[2016.07.21-01.08.53:960][  0]LogInit:  - bVerifyPeer = true  - Libcurl will verify peer certificate
[2016.07.21-01.08.53:960][  0]LogInit:  - bUseHttpProxy = false  - Libcurl will NOT use HTTP proxy
[2016.07.21-01.08.53:960][  0]LogInit:  - bDontReuseConnections = false  - Libcurl will reuse connections
[2016.07.21-01.08.53:960][  0]LogInit:  - CertBundlePath = nullptr  - Libcurl will use whatever was configured at build time.
[2016.07.21-01.08.53:967][  0]LogInit: Presizing for 0 objects not considered by GC, pre-allocating 0 bytes.
[2016.07.21-01.08.53:973][  0]LogInit: Object subsystem initialized
[2016.07.21-01.08.53:973][  0]LogInit: Selected Device Profile: [Windows]
[2016.07.21-01.08.53:973][  0]LogInit: Applying CVar settings loaded from the selected device profile: [Windows]
[2016.07.21-01.08.53:976][  0]LogInit: Computer: MSI
[2016.07.21-01.08.53:976][  0]LogInit: User: MasterGuy
[2016.07.21-01.08.53:976][  0]LogInit: CPU Page size=4096, Cores=4
[2016.07.21-01.08.53:976][  0]LogInit: High frequency timer resolution =2.338342 MHz
[2016.07.21-01.08.53:976][  0]LogMemory: Memory total: Physical=7.9GB (8GB approx)
[2016.07.21-01.08.53:976][  0]LogMemory: Platform Memory Stats for Windows
[2016.07.21-01.08.53:976][  0]LogMemory: Process Physical Memory: 58.45 MB used, 58.45 MB peak
[2016.07.21-01.08.53:976][  0]LogMemory: Process Virtual Memory: 57.85 MB used, 57.85 MB peak
[2016.07.21-01.08.53:976][  0]LogMemory: Physical Memory: 4980.09 MB used, 8110.90 MB total
[2016.07.21-01.08.53:976][  0]LogMemory: Virtual Memory: 384.78 MB used, 134217728.00 MB total
[2016.07.21-01.08.54:019][  0]LogTextLocalizationManager: No specific translations for ('en-US') exist, so ('en') translations will be used.
[2016.07.21-01.08.54:432][  0]LogD3D11RHI: Found D3D11 adapter 0: NVIDIA GeForce GTX 765M  (Feature Level 11_0)
[2016.07.21-01.08.54:432][  0]LogD3D11RHI: Adapter has 1991MB of dedicated video memory, 0MB of dedicated system memory, and 4055MB of shared system memory, 1 output[s]
[2016.07.21-01.08.54:438][  0]LogD3D11RHI: Found D3D11 adapter 1: Intel(R) HD Graphics 4600 (Feature Level 11_0)
[2016.07.21-01.08.54:438][  0]LogD3D11RHI: Adapter has 112MB of dedicated video memory, 0MB of dedicated system memory, and 4055MB of shared system memory, 0 output[s]
[2016.07.21-01.08.54:439][  0]LogD3D11RHI: Found D3D11 adapter 2: Microsoft Basic Render Driver (Feature Level 11_0)
[2016.07.21-01.08.54:439][  0]LogD3D11RHI: Adapter has 0MB of dedicated video memory, 0MB of dedicated system memory, and 4055MB of shared system memory, 0 output[s]
[2016.07.21-01.08.54:439][  0]LogD3D11RHI: Chosen D3D11 Adapter Id = 0
[2016.07.21-01.08.54:446][  0]LogD3D11RHI: !Direct3DDevice
[2016.07.21-01.08.54:446][  0]LogRHI: Texture pool is 1361 MB (70% of 1945 MB)
[2016.07.21-01.08.54:457][  0]LogD3D11RHI: Async texture creation enabled
[2016.07.21-01.08.54:473][  0]LogShaderCompilers: Guid format shader working directory is -13 characters bigger than the processId version (../../../../../../Users/Master Guy/Desktop/suppository/GaryTim/Intermediate/Shaders/WorkingDirectory/9704/).
[2016.07.21-01.08.54:473][  0]LogShaderCompilers: Cleaned the shader compiler working directory 'C:/Users/MASTER~1/AppData/Local/Temp/UnrealShaderWorkingDir/2E5C76C94F236E3547BB0C99C67BD511/'.
[2016.07.21-01.08.54:473][  0]LogShaderCompilers:Display: Using Local Shader Compiler.
[2016.07.21-01.08.55:287][  0]LogTemp:Display: Loaded TP AllDesktopTargetPlatform
[2016.07.21-01.08.55:292][  0]LogTemp:Display: Loaded TP WindowsClientTargetPlatform
[2016.07.21-01.08.55:297][  0]LogTemp:Display: Loaded TP WindowsNoEditorTargetPlatform
[2016.07.21-01.08.55:301][  0]LogTemp:Display: Loaded TP WindowsServerTargetPlatform
[2016.07.21-01.08.55:306][  0]LogTemp:Display: Loaded TP WindowsTargetPlatform
[2016.07.21-01.08.55:309][  0]LogTemp:Display: Loaded TP AndroidTargetPlatform
[2016.07.21-01.08.55:312][  0]LogTemp:Display: Loaded TP Android_ASTCTargetPlatform
[2016.07.21-01.08.55:315][  0]LogTemp:Display: Loaded TP Android_ATCTargetPlatform
[2016.07.21-01.08.55:319][  0]LogTemp:Display: Loaded TP Android_DXTTargetPlatform
[2016.07.21-01.08.55:323][  0]LogTemp:Display: Loaded TP Android_ETC1TargetPlatform
[2016.07.21-01.08.55:326][  0]LogTemp:Display: Loaded TP Android_ETC2TargetPlatform
[2016.07.21-01.08.55:334][  0]LogTemp:Display: Loaded TP Android_MultiTargetPlatform
[2016.07.21-01.08.55:334][  0]LogTemp:Display: Loaded TP Android_PVRTCTargetPlatform
[2016.07.21-01.08.55:335][  0]LogTemp:Display: Loaded TP HTML5TargetPlatform
[2016.07.21-01.08.55:353][  0]LogTemp:Display: Loaded TP IOSTargetPlatform
[2016.07.21-01.08.55:356][  0]LogTemp:Display: Loaded TP LinuxNoEditorTargetPlatform
[2016.07.21-01.08.55:360][  0]LogTemp:Display: Loaded TP LinuxServerTargetPlatform
[2016.07.21-01.08.55:364][  0]LogTemp:Display: Loaded TP LinuxTargetPlatform
[2016.07.21-01.08.55:364][  0]LogTargetPlatformManager:Display: Building Assets For Windows
[2016.07.21-01.08.55:460][  0]LogDerivedDataCache:Display: Max Cache Size: 512 MB
[2016.07.21-01.08.55:509][  0]LogDerivedDataCache: Loaded boot cache 0.05s 41MB C:/Users/Master Guy/AppData/Local/UnrealEngine/4.10/DerivedDataCache/Boot.ddc.
[2016.07.21-01.08.55:509][  0]LogDerivedDataCache:Display: Loaded Boot cache: C:/Users/Master Guy/AppData/Local/UnrealEngine/4.10/DerivedDataCache/Boot.ddc
[2016.07.21-01.08.55:509][  0]LogDerivedDataCache: FDerivedDataBackendGraph:  Pak pak cache file ../../../../../../Users/Master Guy/Desktop/suppository/GaryTim/DerivedDataCache/DDC.ddp not found, will not use a pak cache.
[2016.07.21-01.08.55:509][  0]LogDerivedDataCache: Unable to find inner node Pak for hierarchical cache Hierarchy.
[2016.07.21-01.08.55:509][  0]LogDerivedDataCache: FDerivedDataBackendGraph:  CompressedPak pak cache file ../../../../../../Users/Master Guy/Desktop/suppository/GaryTim/DerivedDataCache/Compressed.ddp not found, will not use a pak cache.
[2016.07.21-01.08.55:509][  0]LogDerivedDataCache: Unable to find inner node CompressedPak for hierarchical cache Hierarchy.
[2016.07.21-01.08.55:565][  0]LogDerivedDataCache:Display: Pak cache opened for reading ../../../Engine/DerivedDataCache/Compressed.ddp.
[2016.07.21-01.08.55:577][  0]LogDerivedDataCache: Using Local data cache path C:/Users/Master Guy/AppData/Local/UnrealEngine/Common/DerivedDataCache: Writable
[2016.07.21-01.08.55:761][  0]LogInit: Selected Device Profile: [Windows]
[2016.07.21-01.08.55:763][  0]LogContentStreaming: Texture pool size is 1000.000000MB
[2016.07.21-01.08.55:862][  0]LogMeshUtilities: No automatic mesh reduction module available
[2016.07.21-01.08.55:862][  0]LogMeshUtilities: No automatic mesh merging module available
[2016.07.21-01.08.56:052][  0]LogInit: WinSock: version 1.1 (2.2), MaxSocks=32767, MaxUdp=65467
[2016.07.21-01.08.56:261][  0]LogWindowsMoviePlayer: Unable to load movie: ../../../../../../Users/Master Guy/Desktop/suppository/GaryTim/Content/Movies/Default_Startup.mp4
[2016.07.21-01.08.56:393][  0]SourceControl: Info Source control is disabled
[2016.07.21-01.08.56:393][  0]SourceControl: Info Source control is disabled
[2016.07.21-01.08.56:415][  0]SourceControl: Info Source control is disabled
[2016.07.21-01.08.56:686][  0]LogObj: 27935 objects as part of root set at end of initial load.
[2016.07.21-01.08.56:686][  0]LogUObjectAllocator: 5830072 out of 0 bytes used by permanent object pool.
[2016.07.21-01.08.56:742][  0]LogEngine: Initializing Engine...
[2016.07.21-01.08.56:747][  0]LogHMD: Can't find Oculus library dev build: is proper Runtime installed? Version: 0.8.0.0
[2016.07.21-01.08.56:748][  0]LogHMD: SteamVR failed to initialize.  Err: 110
[2016.07.21-01.08.56:868][  0]LogInit: XAudio2 using 'Speakers (Realtek High Definition Audio)' : 2 channels at 48 kHz using 32 bits per sample (channel mask 0x3)
[2016.07.21-01.08.56:884][  0]LogInit: FAudioDevice initialized.
[2016.07.21-01.08.56:888][  0]LogInit: Texture streaming: Enabled
[2016.07.21-01.08.56:953][  0]LogNet: Browse: /Temp/Autosaves/Game/extras/Maps/UEDPCThirdPersonExampleMap?Name=Player
[2016.07.21-01.08.56:953][  0]LogLoad: LoadMap: /Temp/Autosaves/Game/extras/Maps/UEDPCThirdPersonExampleMap?Name=Player
[2016.07.21-01.08.56:966][  0]LogParticles: Destroying 0 GPU particle simulations for FXSystem 0x000001510389DD00
[2016.07.21-01.08.56:975][  0]LogMemory: Platform Memory Stats for Windows
[2016.07.21-01.08.56:975][  0]LogMemory: Process Physical Memory: 397.72 MB used, 397.72 MB peak
[2016.07.21-01.08.56:975][  0]LogMemory: Process Virtual Memory: 446.50 MB used, 446.50 MB peak
[2016.07.21-01.08.56:975][  0]LogMemory: Physical Memory: 5271.27 MB used, 8110.90 MB total
[2016.07.21-01.08.56:975][  0]LogMemory: Virtual Memory: 998.74 MB used, 134217728.00 MB total
[2016.07.21-01.08.56:975][  0]LogMemory: 
[2016.07.21-01.08.56:975][  0]Allocator Stats for TBB: (not implemented)
[2016.07.21-01.08.58:042][  0]LogAIModule: Creating AISystem for world ThirdPersonExampleMap
[2016.07.21-01.08.58:042][  0]LogWorld: Game class is 'ThirdPersonGameMode_C'
[2016.07.21-01.08.58:056][  0]LogWorld: Bringing World /Temp/Autosaves/Game/extras/Maps/UEDPCThirdPersonExampleMap.ThirdPersonExampleMap up for play (max tick rate 0) at 2016.07.20-18.08.58
[2016.07.21-01.08.58:057][  0]LogWorld: Bringing up level for play took: 0.013993
[2016.07.21-01.08.58:061][  0]LogInit:Display: Game Engine Initialized.
[2016.07.21-01.08.58:283][  0]LogLoad: Full Startup: 4.64 seconds (BP compile: 0.34 seconds)
[2016.07.21-01.08.58:304][  0]LogOcInput: Can't find Oculus library dev build: is proper Runtime installed? Version: 0.8.0.0
[2016.07.21-01.08.58:366][  0]LogRenderer: Reallocating scene render targets to support 128x128 (Frame:1).
[2016.07.21-01.08.58:504][  1]LogRenderer: Reallocating scene render targets to support 1280x720 (Frame:2).
[2016.07.21-01.08.58:506][  1]LogScript:Warning: Accessed None 'K2Node_DynamicCast_AsAI2'
	BTS_behaviorSelector_C /Temp/Autosaves/Game/extras/Maps/UEDPCThirdPersonExampleMap.ThirdPersonExampleMap:PersistentLevel.AI2controller_C_0.BTComponent.BTS_behaviorSelector_C_1
	Function /Game/AI/BTS_S/BTS_behaviorSelector.BTS_behaviorSelector_C:ExecuteUbergraph_BTS_behaviorSelector:0031
[2016.07.21-01.08.58:506][  1]LogScript:Warning: Accessed None 'K2Node_DynamicCast_AsAI2'
	BTS_behaviorSelector_C /Temp/Autosaves/Game/extras/Maps/UEDPCThirdPersonExampleMap.ThirdPersonExampleMap:PersistentLevel.AI2controller_C_1.BTComponent.BTS_behaviorSelector_C_2
	Function /Game/AI/BTS_S/BTS_behaviorSelector.BTS_behaviorSelector_C:ExecuteUbergraph_BTS_behaviorSelector:0031
[2016.07.21-01.08.58:613][  4]LogScript:Warning: Attempted to get an item from array CallFunc_GetOverlappingActors_OverlappingActors out of bounds [0/0]!
[2016.07.21-01.08.58:613][  4]LogScript:Warning: Attempted to get an item from array CallFunc_GetOverlappingActors_OverlappingActors out of bounds [0/0]!
[2016.07.21-01.08.58:919][ 23]LogScript:Warning: Attempted to get an item from array CallFunc_GetOverlappingActors_OverlappingActors out of bounds [0/0]!
[2016.07.21-01.08.58:919][ 23]LogScript:Warning: Attempted to get an item from array CallFunc_GetOverlappingActors_OverlappingActors out of bounds [0/0]!
[2016.07.21-01.08.59:226][ 42]LogScript:Warning: Attempted to get an item from array CallFunc_GetOverlappingActors_OverlappingActors out of bounds [0/0]!
[2016.07.21-01.08.59:226][ 42]LogScript:Warning: Attempted to get an item from array CallFunc_GetOverlappingActors_OverlappingActors out of bounds [0/0]!
[2016.07.21-01.08.59:532][ 61]LogScript:Warning: Attempted to get an item from array CallFunc_GetOverlappingActors_OverlappingActors out of bounds [0/0]!
[2016.07.21-01.08.59:532][ 61]LogScript:Warning: Attempted to get an item from array CallFunc_GetOverlappingActors_OverlappingActors out of bounds [0/0]!
[2016.07.21-01.08.59:838][ 80]LogScript:Warning: Attempted to get an item from array CallFunc_GetOverlappingActors_OverlappingActors out of bounds [0/0]!
[2016.07.21-01.08.59:838][ 80]LogScript:Warning: Attempted to get an item from array CallFunc_GetOverlappingActors_OverlappingActors out of bounds [0/0]!
[2016.07.21-01.08.59:871][ 82]LogBlueprintUserMessages: [patrolPoints_C_1] movingto
[2016.07.21-01.09.00:144][ 98]LogScript:Warning: Attempted to get an item from array CallFunc_GetOverlappingActors_OverlappingActors out of bounds [0/0]!
[2016.07.21-01.09.00:144][ 98]LogScript:Warning: Attempted to get an item from array CallFunc_GetOverlappingActors_OverlappingActors out of bounds [0/0]!
[2016.07.21-01.09.00:450][117]LogScript:Warning: Attempted to get an item from array CallFunc_GetOverlappingActors_OverlappingActors out of bounds [0/0]!
[2016.07.21-01.09.00:450][117]LogScript:Warning: Attempted to get an item from array CallFunc_GetOverlappingActors_OverlappingActors out of bounds [0/0]!
[2016.07.21-01.09.00:597][126]LogBlueprintUserMessages: [patrolPoints_C_1] finished
[2016.07.21-01.09.00:757][136]LogScript:Warning: Attempted to get an item from array CallFunc_GetOverlappingActors_OverlappingActors out of bounds [0/0]!
[2016.07.21-01.09.00:758][136]LogScript:Warning: Attempted to get an item from array CallFunc_GetOverlappingActors_OverlappingActors out of bounds [0/0]!
[2016.07.21-01.09.01:065][155]LogScript:Warning: Attempted to get an item from array CallFunc_GetOverlappingActors_OverlappingActors out of bounds [0/0]!
[2016.07.21-01.09.01:065][155]LogScript:Warning: Attempted to get an item from array CallFunc_GetOverlappingActors_OverlappingActors out of bounds [0/0]!
[2016.07.21-01.09.01:370][174]LogScript:Warning: Attempted to get an item from array CallFunc_GetOverlappingActors_OverlappingActors out of bounds [0/0]!
[2016.07.21-01.09.01:371][174]LogScript:Warning: Attempted to get an item from array CallFunc_GetOverlappingActors_OverlappingActors out of bounds [0/0]!
[2016.07.21-01.09.01:611][188]LogBlueprintUserMessages: [patrolPoints_C_1] finished
[2016.07.21-01.09.01:677][193]LogScript:Warning: Attempted to get an item from array CallFunc_GetOverlappingActors_OverlappingActors out of bounds [0/0]!
[2016.07.21-01.09.01:678][193]LogScript:Warning: Attempted to get an item from array CallFunc_GetOverlappingActors_OverlappingActors out of bounds [0/0]!
[2016.07.21-01.09.01:984][212]LogScript:Warning: Attempted to get an item from array CallFunc_GetOverlappingActors_OverlappingActors out of bounds [0/0]!
[2016.07.21-01.09.01:984][212]LogScript:Warning: Attempted to get an item from array CallFunc_GetOverlappingActors_OverlappingActors out of bounds [0/0]!
[2016.07.21-01.09.02:290][231]LogScript:Warning: Attempted to get an item from array CallFunc_GetOverlappingActors_OverlappingActors out of bounds [0/0]!
[2016.07.21-01.09.02:290][231]LogScript:Warning: Attempted to get an item from array CallFunc_GetOverlappingActors_OverlappingActors out of bounds [0/0]!
[2016.07.21-01.09.02:598][250]LogScript:Warning: Attempted to get an item from array CallFunc_GetOverlappingActors_OverlappingActors out of bounds [0/0]!
[2016.07.21-01.09.02:598][250]LogScript:Warning: Attempted to get an item from array CallFunc_GetOverlappingActors_OverlappingActors out of bounds [0/0]!
[2016.07.21-01.09.02:599][250]LogBlueprintUserMessages: [patrolPoints_C_1] finished
[2016.07.21-01.09.02:903][269]LogScript:Warning: Attempted to get an item from array CallFunc_GetOverlappingActors_OverlappingActors out of bounds [0/0]!
[2016.07.21-01.09.02:903][269]LogScript:Warning: Attempted to get an item from array CallFunc_GetOverlappingActors_OverlappingActors out of bounds [0/0]!
[2016.07.21-01.09.03:210][288]LogScript:Warning: Attempted to get an item from array CallFunc_GetOverlappingActors_OverlappingActors out of bounds [0/0]!
[2016.07.21-01.09.03:210][288]LogScript:Warning: Attempted to get an item from array CallFunc_GetOverlappingActors_OverlappingActors out of bounds [0/0]!
[2016.07.21-01.09.03:516][307]LogScript:Warning: Attempted to get an item from array CallFunc_GetOverlappingActors_OverlappingActors out of bounds [0/0]!
[2016.07.21-01.09.03:516][307]LogScript:Warning: Attempted to get an item from array CallFunc_GetOverlappingActors_OverlappingActors out of bounds [0/0]!
[2016.07.21-01.09.03:598][312]LogBlueprintUserMessages: [patrolPoints_C_1] finished
[2016.07.21-01.09.03:823][326]LogScript:Warning: Attempted to get an item from array CallFunc_GetOverlappingActors_OverlappingActors out of bounds [0/0]!
[2016.07.21-01.09.03:823][326]LogScript:Warning: Attempted to get an item from array CallFunc_GetOverlappingActors_OverlappingActors out of bounds [0/0]!
[2016.07.21-01.09.04:130][345]LogScript:Warning: Attempted to get an item from array CallFunc_GetOverlappingActors_OverlappingActors out of bounds [0/0]!
[2016.07.21-01.09.04:131][345]LogScript:Warning: Attempted to get an item from array CallFunc_GetOverlappingActors_OverlappingActors out of bounds [0/0]!
[2016.07.21-01.09.04:436][364]LogScript:Warning: Attempted to get an item from array CallFunc_GetOverlappingActors_OverlappingActors out of bounds [0/0]!
[2016.07.21-01.09.04:436][364]LogScript:Warning: Attempted to get an item from array CallFunc_GetOverlappingActors_OverlappingActors out of bounds [0/0]!
[2016.07.21-01.09.04:598][374]LogBlueprintUserMessages: [patrolPoints_C_1] finished
[2016.07.21-01.09.04:742][383]LogScript:Warning: Attempted to get an item from array CallFunc_GetOverlappingActors_OverlappingActors out of bounds [0/0]!
[2016.07.21-01.09.04:742][383]LogScript:Warning: Attempted to get an item from array CallFunc_GetOverlappingActors_OverlappingActors out of bounds [0/0]!
[2016.07.21-01.09.05:048][402]LogScript:Warning: Attempted to get an item from array CallFunc_GetOverlappingActors_OverlappingActors out of bounds [0/0]!
[2016.07.21-01.09.05:048][402]LogScript:Warning: Attempted to get an item from array CallFunc_GetOverlappingActors_OverlappingActors out of bounds [0/0]!
[2016.07.21-01.09.05:083][404]LogBlueprintUserMessages: [patrolPoints_C_1] movingto
[2016.07.21-01.09.05:355][421]LogScript:Warning: Attempted to get an item from array CallFunc_GetOverlappingActors_OverlappingActors out of bounds [0/0]!
[2016.07.21-01.09.05:355][421]LogScript:Warning: Attempted to get an item from array CallFunc_GetOverlappingActors_OverlappingActors out of bounds [0/0]!
[2016.07.21-01.09.05:662][440]LogScript:Warning: Attempted to get an item from array CallFunc_GetOverlappingActors_OverlappingActors out of bounds [0/0]!
[2016.07.21-01.09.05:662][440]LogScript:Warning: Attempted to get an item from array CallFunc_GetOverlappingActors_OverlappingActors out of bounds [0/0]!
[2016.07.21-01.09.05:968][459]LogScript:Warning: Attempted to get an item from array CallFunc_GetOverlappingActors_OverlappingActors out of bounds [0/0]!
[2016.07.21-01.09.05:968][459]LogScript:Warning: Attempted to get an item from array CallFunc_GetOverlappingActors_OverlappingActors out of bounds [0/0]!
[2016.07.21-01.09.06:274][478]LogScript:Warning: Attempted to get an item from array CallFunc_GetOverlappingActors_OverlappingActors out of bounds [0/0]!
[2016.07.21-01.09.06:275][478]LogScript:Warning: Attempted to get an item from array CallFunc_GetOverlappingActors_OverlappingActors out of bounds [0/0]!
[2016.07.21-01.09.06:582][497]LogScript:Warning: Attempted to get an item from array CallFunc_GetOverlappingActors_OverlappingActors out of bounds [0/0]!
[2016.07.21-01.09.06:582][497]LogScript:Warning: Attempted to get an item from array CallFunc_GetOverlappingActors_OverlappingActors out of bounds [0/0]!
[2016.07.21-01.09.06:743][507]LogBlueprintUserMessages: [BTS_behaviorSelector_C_1] i see him
[2016.07.21-01.09.06:887][516]LogScript:Warning: Attempted to get an item from array CallFunc_GetOverlappingActors_OverlappingActors out of bounds [0/0]!
[2016.07.21-01.09.06:887][516]LogScript:Warning: Attempted to get an item from array CallFunc_GetOverlappingActors_OverlappingActors out of bounds [0/0]!
[2016.07.21-01.09.07:194][535]LogScript:Warning: Attempted to get an item from array CallFunc_GetOverlappingActors_OverlappingActors out of bounds [0/0]!
[2016.07.21-01.09.07:194][535]LogScript:Warning: Attempted to get an item from array CallFunc_GetOverlappingActors_OverlappingActors out of bounds [0/0]!
[2016.07.21-01.09.07:500][554]LogScript:Warning: Attempted to get an item from array CallFunc_GetOverlappingActors_OverlappingActors out of bounds [0/0]!
[2016.07.21-01.09.07:500][554]LogScript:Warning: Attempted to get an item from array CallFunc_GetOverlappingActors_OverlappingActors out of bounds [0/0]!
[2016.07.21-01.09.07:534][556]LogBlueprintUserMessages: [patrolPoints_C_1] fail
[2016.07.21-01.09.07:810][573]LogScript:Warning: Attempted to get an item from array CallFunc_GetOverlappingActors_OverlappingActors out of bounds [0/0]!
[2016.07.21-01.09.07:811][573]LogScript:Warning: Attempted to get an item from array CallFunc_GetOverlappingActors_OverlappingActors out of bounds [0/0]!
[2016.07.21-01.09.08:117][592]LogScript:Warning: Attempted to get an item from array CallFunc_GetOverlappingActors_OverlappingActors out of bounds [0/0]!
[2016.07.21-01.09.08:117][592]LogScript:Warning: Attempted to get an item from array CallFunc_GetOverlappingActors_OverlappingActors out of bounds [0/0]!
[2016.07.21-01.09.08:198][597]LogBlueprintUserMessages: [AI2_C_2] lost sight
[2016.07.21-01.09.08:424][611]LogScript:Warning: Attempted to get an item from array CallFunc_GetOverlappingActors_OverlappingActors out of bounds [0/0]!
[2016.07.21-01.09.08:424][611]LogScript:Warning: Attempted to get an item from array CallFunc_GetOverlappingActors_OverlappingActors out of bounds [0/0]!
[2016.07.21-01.09.08:731][630]LogScript:Warning: Attempted to get an item from array CallFunc_GetOverlappingActors_OverlappingActors out of bounds [0/0]!
[2016.07.21-01.09.08:732][630]LogScript:Warning: Attempted to get an item from array CallFunc_GetOverlappingActors_OverlappingActors out of bounds [0/0]!
[2016.07.21-01.09.08:747][631]LogBlueprintUserMessages: [BTS_behaviorSelector_C_1] i see him
[2016.07.21-01.09.09:036][649]LogScript:Warning: Attempted to get an item from array CallFunc_GetOverlappingActors_OverlappingActors out of bounds [0/0]!
[2016.07.21-01.09.09:037][649]LogScript:Warning: Attempted to get an item from array CallFunc_GetOverlappingActors_OverlappingActors out of bounds [0/0]!
[2016.07.21-01.09.09:249][662]LogBlueprintUserMessages: [BTS_behaviorSelector_C_1] i see him
[2016.07.21-01.09.09:343][668]LogScript:Warning: Attempted to get an item from array CallFunc_GetOverlappingActors_OverlappingActors out of bounds [0/0]!
[2016.07.21-01.09.09:343][668]LogScript:Warning: Attempted to get an item from array CallFunc_GetOverlappingActors_OverlappingActors out of bounds [0/0]!
[2016.07.21-01.09.09:649][687]LogScript:Warning: Attempted to get an item from array CallFunc_GetOverlappingActors_OverlappingActors out of bounds [0/0]!
[2016.07.21-01.09.09:650][687]LogScript:Warning: Attempted to get an item from array CallFunc_GetOverlappingActors_OverlappingActors out of bounds [0/0]!
[2016.07.21-01.09.09:749][693]LogBlueprintUserMessages: [BTS_behaviorSelector_C_1] i see him
[2016.07.21-01.09.09:956][706]LogScript:Warning: Attempted to get an item from array CallFunc_GetOverlappingActors_OverlappingActors out of bounds [0/0]!
[2016.07.21-01.09.09:956][706]LogScript:Warning: Attempted to get an item from array CallFunc_GetOverlappingActors_OverlappingActors out of bounds [0/0]!
[2016.07.21-01.09.10:249][724]LogBlueprintUserMessages: [BTS_behaviorSelector_C_1] i see him
[2016.07.21-01.09.10:263][725]LogScript:Warning: Attempted to get an item from array CallFunc_GetOverlappingActors_OverlappingActors out of bounds [0/0]!
[2016.07.21-01.09.10:263][725]LogScript:Warning: Attempted to get an item from array CallFunc_GetOverlappingActors_OverlappingActors out of bounds [0/0]!
[2016.07.21-01.09.10:569][744]LogScript:Warning: Attempted to get an item from array CallFunc_GetOverlappingActors_OverlappingActors out of bounds [0/0]!
[2016.07.21-01.09.10:569][744]LogScript:Warning: Attempted to get an item from array CallFunc_GetOverlappingActors_OverlappingActors out of bounds [0/0]!
[2016.07.21-01.09.10:747][755]LogBlueprintUserMessages: [BTS_behaviorSelector_C_1] i see him
[2016.07.21-01.09.10:875][763]LogScript:Warning: Attempted to get an item from array CallFunc_GetOverlappingActors_OverlappingActors out of bounds [0/0]!
[2016.07.21-01.09.10:875][763]LogScript:Warning: Attempted to get an item from array CallFunc_GetOverlappingActors_OverlappingActors out of bounds [0/0]!
[2016.07.21-01.09.11:182][782]LogScript:Warning: Attempted to get an item from array CallFunc_GetOverlappingActors_OverlappingActors out of bounds [0/0]!
[2016.07.21-01.09.11:182][782]LogScript:Warning: Attempted to get an item from array CallFunc_GetOverlappingActors_OverlappingActors out of bounds [0/0]!
[2016.07.21-01.09.11:488][801]LogScript:Warning: Attempted to get an item from array CallFunc_GetOverlappingActors_OverlappingActors out of bounds [0/0]!
[2016.07.21-01.09.11:489][801]LogScript:Warning: Attempted to get an item from array CallFunc_GetOverlappingActors_OverlappingActors out of bounds [0/0]!
[2016.07.21-01.09.11:521][803]LogBlueprintUserMessages: [patrolPoints_C_1] fail
[2016.07.21-01.09.11:698][814]LogBlueprintUserMessages: [AI2_C_2] lost sight
[2016.07.21-01.09.11:795][820]LogScript:Warning: Attempted to get an item from array CallFunc_GetOverlappingActors_OverlappingActors out of bounds [0/0]!
[2016.07.21-01.09.11:795][820]LogScript:Warning: Attempted to get an item from array CallFunc_GetOverlappingActors_OverlappingActors out of bounds [0/0]!
[2016.07.21-01.09.12:101][839]LogScript:Warning: Attempted to get an item from array CallFunc_GetOverlappingActors_OverlappingActors out of bounds [0/0]!
[2016.07.21-01.09.12:101][839]LogScript:Warning: Attempted to get an item from array CallFunc_GetOverlappingActors_OverlappingActors out of bounds [0/0]!
[2016.07.21-01.09.12:249][848]LogBlueprintUserMessages: [BTS_behaviorSelector_C_1] i see him
[2016.07.21-01.09.12:408][858]LogScript:Warning: Attempted to get an item from array CallFunc_GetOverlappingActors_OverlappingActors out of bounds [0/0]!
[2016.07.21-01.09.12:408][858]LogScript:Warning: Attempted to get an item from array CallFunc_GetOverlappingActors_OverlappingActors out of bounds [0/0]!
[2016.07.21-01.09.12:715][877]LogScript:Warning: Attempted to get an item from array CallFunc_GetOverlappingActors_OverlappingActors out of bounds [0/0]!
[2016.07.21-01.09.12:715][877]LogScript:Warning: Attempted to get an item from array CallFunc_GetOverlappingActors_OverlappingActors out of bounds [0/0]!
[2016.07.21-01.09.12:748][879]LogBlueprintUserMessages: [BTS_behaviorSelector_C_1] i see him
[2016.07.21-01.09.13:023][895]LogScript:Warning: Attempted to get an item from array CallFunc_GetOverlappingActors_OverlappingActors out of bounds [0/0]!
[2016.07.21-01.09.13:023][895]LogScript:Warning: Attempted to get an item from array CallFunc_GetOverlappingActors_OverlappingActors out of bounds [0/0]!
[2016.07.21-01.09.13:250][909]LogBlueprintUserMessages: [BTS_behaviorSelector_C_1] i see him
[2016.07.21-01.09.13:331][914]LogScript:Warning: Attempted to get an item from array CallFunc_GetOverlappingActors_OverlappingActors out of bounds [0/0]!
[2016.07.21-01.09.13:332][914]LogScript:Warning: Attempted to get an item from array CallFunc_GetOverlappingActors_OverlappingActors out of bounds [0/0]!
[2016.07.21-01.09.13:636][933]LogScript:Warning: Attempted to get an item from array CallFunc_GetOverlappingActors_OverlappingActors out of bounds [0/0]!
[2016.07.21-01.09.13:636][933]LogScript:Warning: Attempted to get an item from array CallFunc_GetOverlappingActors_OverlappingActors out of bounds [0/0]!
[2016.07.21-01.09.13:750][940]LogBlueprintUserMessages: [BTS_behaviorSelector_C_1] i see him
[2016.07.21-01.09.13:943][952]LogScript:Warning: Attempted to get an item from array CallFunc_GetOverlappingActors_OverlappingActors out of bounds [0/0]!
[2016.07.21-01.09.13:943][952]LogScript:Warning: Attempted to get an item from array CallFunc_GetOverlappingActors_OverlappingActors out of bounds [0/0]!
[2016.07.21-01.09.14:249][971]LogScript:Warning: Attempted to get an item from array CallFunc_GetOverlappingActors_OverlappingActors out of bounds [0/0]!
[2016.07.21-01.09.14:249][971]LogScript:Warning: Attempted to get an item from array CallFunc_GetOverlappingActors_OverlappingActors out of bounds [0/0]!
[2016.07.21-01.09.14:250][971]LogBlueprintUserMessages: [BTS_behaviorSelector_C_1] i see him
[2016.07.21-01.09.14:524][988]LogBlueprintUserMessages: [patrolPoints_C_1] fail
[2016.07.21-01.09.14:556][990]LogScript:Warning: Attempted to get an item from array CallFunc_GetOverlappingActors_OverlappingActors out of bounds [0/0]!
[2016.07.21-01.09.14:556][990]LogScript:Warning: Attempted to get an item from array CallFunc_GetOverlappingActors_OverlappingActors out of bounds [0/0]!
[2016.07.21-01.09.14:751][  2]LogBlueprintUserMessages: [BTS_behaviorSelector_C_1] i see him
[2016.07.21-01.09.14:863][  9]LogScript:Warning: Attempted to get an item from array CallFunc_GetOverlappingActors_OverlappingActors out of bounds [0/0]!
[2016.07.21-01.09.14:864][  9]LogScript:Warning: Attempted to get an item from array CallFunc_GetOverlappingActors_OverlappingActors out of bounds [0/0]!
[2016.07.21-01.09.15:168][ 28]LogScript:Warning: Attempted to get an item from array CallFunc_GetOverlappingActors_OverlappingActors out of bounds [0/0]!
[2016.07.21-01.09.15:168][ 28]LogScript:Warning: Attempted to get an item from array CallFunc_GetOverlappingActors_OverlappingActors out of bounds [0/0]!
[2016.07.21-01.09.15:250][ 33]LogBlueprintUserMessages: [BTS_behaviorSelector_C_1] i see him
[2016.07.21-01.09.15:475][ 47]LogScript:Warning: Attempted to get an item from array CallFunc_GetOverlappingActors_OverlappingActors out of bounds [0/0]!
[2016.07.21-01.09.15:475][ 47]LogScript:Warning: Attempted to get an item from array CallFunc_GetOverlappingActors_OverlappingActors out of bounds [0/0]!
[2016.07.21-01.09.15:750][ 64]LogBlueprintUserMessages: [BTS_behaviorSelector_C_1] i see him
[2016.07.21-01.09.15:766][ 65]LogBlueprintUserMessages: [BTS_behaviorSelector_C_2] i see him
[2016.07.21-01.09.15:781][ 66]LogScript:Warning: Attempted to get an item from array CallFunc_GetOverlappingActors_OverlappingActors out of bounds [0/0]!
[2016.07.21-01.09.15:781][ 66]LogScript:Warning: Attempted to get an item from array CallFunc_GetOverlappingActors_OverlappingActors out of bounds [0/0]!
[2016.07.21-01.09.16:088][ 85]LogScript:Warning: Attempted to get an item from array CallFunc_GetOverlappingActors_OverlappingActors out of bounds [0/0]!
[2016.07.21-01.09.16:088][ 85]LogScript:Warning: Attempted to get an item from array CallFunc_GetOverlappingActors_OverlappingActors out of bounds [0/0]!
[2016.07.21-01.09.16:250][ 95]LogBlueprintUserMessages: [BTS_behaviorSelector_C_1] i see him
[2016.07.21-01.09.16:266][ 96]LogBlueprintUserMessages: [BTS_behaviorSelector_C_2] i see him
[2016.07.21-01.09.16:395][104]LogScript:Warning: Attempted to get an item from array CallFunc_GetOverlappingActors_OverlappingActors out of bounds [0/0]!
[2016.07.21-01.09.16:395][104]LogScript:Warning: Attempted to get an item from array CallFunc_GetOverlappingActors_OverlappingActors out of bounds [0/0]!
[2016.07.21-01.09.16:701][123]LogScript:Warning: Attempted to get an item from array CallFunc_GetOverlappingActors_OverlappingActors out of bounds [0/0]!
[2016.07.21-01.09.16:701][123]LogScript:Warning: Attempted to get an item from array CallFunc_GetOverlappingActors_OverlappingActors out of bounds [0/0]!
[2016.07.21-01.09.16:750][126]LogBlueprintUserMessages: [BTS_behaviorSelector_C_1] i see him
[2016.07.21-01.09.16:768][127]LogBlueprintUserMessages: [BTS_behaviorSelector_C_2] i see him
[2016.07.21-01.09.17:008][142]LogScript:Warning: Attempted to get an item from array CallFunc_GetOverlappingActors_OverlappingActors out of bounds [0/0]!
[2016.07.21-01.09.17:008][142]LogScript:Warning: Attempted to get an item from array CallFunc_GetOverlappingActors_OverlappingActors out of bounds [0/0]!
[2016.07.21-01.09.17:250][157]LogBlueprintUserMessages: [BTS_behaviorSelector_C_1] i see him
[2016.07.21-01.09.17:267][158]LogBlueprintUserMessages: [BTS_behaviorSelector_C_2] i see him
[2016.07.21-01.09.17:315][161]LogScript:Warning: Attempted to get an item from array CallFunc_GetOverlappingActors_OverlappingActors out of bounds [0/0]!
[2016.07.21-01.09.17:315][161]LogScript:Warning: Attempted to get an item from array CallFunc_GetOverlappingActors_OverlappingActors out of bounds [0/0]!
[2016.07.21-01.09.17:621][180]LogScript:Warning: Attempted to get an item from array CallFunc_GetOverlappingActors_OverlappingActors out of bounds [0/0]!
[2016.07.21-01.09.17:621][180]LogScript:Warning: Attempted to get an item from array CallFunc_GetOverlappingActors_OverlappingActors out of bounds [0/0]!
[2016.07.21-01.09.17:751][188]LogBlueprintUserMessages: [BTS_behaviorSelector_C_1] i see him
[2016.07.21-01.09.17:928][199]LogScript:Warning: Attempted to get an item from array CallFunc_GetOverlappingActors_OverlappingActors out of bounds [0/0]!
[2016.07.21-01.09.17:928][199]LogScript:Warning: Attempted to get an item from array CallFunc_GetOverlappingActors_OverlappingActors out of bounds [0/0]!
[2016.07.21-01.09.18:234][218]LogScript:Warning: Attempted to get an item from array CallFunc_GetOverlappingActors_OverlappingActors out of bounds [0/0]!
[2016.07.21-01.09.18:234][218]LogScript:Warning: Attempted to get an item from array CallFunc_GetOverlappingActors_OverlappingActors out of bounds [0/0]!
[2016.07.21-01.09.18:540][237]LogScript:Warning: Attempted to get an item from array CallFunc_GetOverlappingActors_OverlappingActors out of bounds [0/0]!
[2016.07.21-01.09.18:540][237]LogScript:Warning: Attempted to get an item from array CallFunc_GetOverlappingActors_OverlappingActors out of bounds [0/0]!
[2016.07.21-01.09.18:847][256]LogScript:Warning: Attempted to get an item from array CallFunc_GetOverlappingActors_OverlappingActors out of bounds [0/0]!
[2016.07.21-01.09.18:848][256]LogScript:Warning: Attempted to get an item from array CallFunc_GetOverlappingActors_OverlappingActors out of bounds [0/0]!
[2016.07.21-01.09.19:156][274]LogScript:Warning: Attempted to get an item from array CallFunc_GetOverlappingActors_OverlappingActors out of bounds [0/0]!
[2016.07.21-01.09.19:156][274]LogScript:Warning: Attempted to get an item from array CallFunc_GetOverlappingActors_OverlappingActors out of bounds [0/0]!
[2016.07.21-01.09.19:464][293]LogScript:Warning: Attempted to get an item from array CallFunc_GetOverlappingActors_OverlappingActors out of bounds [0/0]!
[2016.07.21-01.09.19:464][293]LogScript:Warning: Attempted to get an item from array CallFunc_GetOverlappingActors_OverlappingActors out of bounds [0/0]!
[2016.07.21-01.09.19:769][312]LogScript:Warning: Attempted to get an item from array CallFunc_GetOverlappingActors_OverlappingActors out of bounds [0/0]!
[2016.07.21-01.09.19:769][312]LogScript:Warning: Attempted to get an item from array CallFunc_GetOverlappingActors_OverlappingActors out of bounds [0/0]!
[2016.07.21-01.09.19:834][316]LogBlueprintUserMessages: [AI2_C_2] lost sight
[2016.07.21-01.09.19:834][316]LogBlueprintUserMessages: [AI2_C_3] lost sight
[2016.07.21-01.09.20:075][331]LogScript:Warning: Attempted to get an item from array CallFunc_GetOverlappingActors_OverlappingActors out of bounds [0/0]!
[2016.07.21-01.09.20:075][331]LogScript:Warning: Attempted to get an item from array CallFunc_GetOverlappingActors_OverlappingActors out of bounds [0/0]!
[2016.07.21-01.09.20:254][342]LogBlueprintUserMessages: [BTS_behaviorSelector_C_1] i see him
[2016.07.21-01.09.20:382][350]LogScript:Warning: Attempted to get an item from array CallFunc_GetOverlappingActors_OverlappingActors out of bounds [0/0]!
[2016.07.21-01.09.20:382][350]LogScript:Warning: Attempted to get an item from array CallFunc_GetOverlappingActors_OverlappingActors out of bounds [0/0]!
[2016.07.21-01.09.20:688][369]LogScript:Warning: Attempted to get an item from array CallFunc_GetOverlappingActors_OverlappingActors out of bounds [0/0]!
[2016.07.21-01.09.20:688][369]LogScript:Warning: Attempted to get an item from array CallFunc_GetOverlappingActors_OverlappingActors out of bounds [0/0]!
[2016.07.21-01.09.20:964][386]LogBlueprintUserMessages: [AI2_C_3] lost sight
[2016.07.21-01.09.20:995][388]LogScript:Warning: Attempted to get an item from array CallFunc_GetOverlappingActors_OverlappingActors out of bounds [0/0]!
[2016.07.21-01.09.20:995][388]LogScript:Warning: Attempted to get an item from array CallFunc_GetOverlappingActors_OverlappingActors out of bounds [0/0]!
[2016.07.21-01.09.21:076][393]LogBlueprintUserMessages: [AI2_C_3] lost sight
[2016.07.21-01.09.21:301][407]LogScript:Warning: Attempted to get an item from array CallFunc_GetOverlappingActors_OverlappingActors out of bounds [0/0]!
[2016.07.21-01.09.21:301][407]LogScript:Warning: Attempted to get an item from array CallFunc_GetOverlappingActors_OverlappingActors out of bounds [0/0]!
[2016.07.21-01.09.21:608][426]LogScript:Warning: Attempted to get an item from array CallFunc_GetOverlappingActors_OverlappingActors out of bounds [0/0]!
[2016.07.21-01.09.21:608][426]LogScript:Warning: Attempted to get an item from array CallFunc_GetOverlappingActors_OverlappingActors out of bounds [0/0]!
[2016.07.21-01.09.21:915][445]LogScript:Warning: Attempted to get an item from array CallFunc_GetOverlappingActors_OverlappingActors out of bounds [0/0]!
[2016.07.21-01.09.21:915][445]LogScript:Warning: Attempted to get an item from array CallFunc_GetOverlappingActors_OverlappingActors out of bounds [0/0]!
[2016.07.21-01.09.21:981][449]LogBlueprintUserMessages: [AI2_C_2] lost sight
[2016.07.21-01.09.22:221][464]LogScript:Warning: Attempted to get an item from array CallFunc_GetOverlappingActors_OverlappingActors out of bounds [0/0]!
[2016.07.21-01.09.22:221][464]LogScript:Warning: Attempted to get an item from array CallFunc_GetOverlappingActors_OverlappingActors out of bounds [0/0]!
[2016.07.21-01.09.22:254][466]LogBlueprintUserMessages: [BTS_behaviorSelector_C_1] i see him
[2016.07.21-01.09.22:528][483]LogScript:Warning: Attempted to get an item from array CallFunc_GetOverlappingActors_OverlappingActors out of bounds [0/0]!
[2016.07.21-01.09.22:528][483]LogScript:Warning: Attempted to get an item from array CallFunc_GetOverlappingActors_OverlappingActors out of bounds [0/0]!
[2016.07.21-01.09.22:755][497]LogBlueprintUserMessages: [BTS_behaviorSelector_C_1] i see him
[2016.07.21-01.09.22:834][502]LogScript:Warning: Attempted to get an item from array CallFunc_GetOverlappingActors_OverlappingActors out of bounds [0/0]!
[2016.07.21-01.09.22:834][502]LogScript:Warning: Attempted to get an item from array CallFunc_GetOverlappingActors_OverlappingActors out of bounds [0/0]!
[2016.07.21-01.09.23:140][521]LogScript:Warning: Attempted to get an item from array CallFunc_GetOverlappingActors_OverlappingActors out of bounds [0/0]!
[2016.07.21-01.09.23:140][521]LogScript:Warning: Attempted to get an item from array CallFunc_GetOverlappingActors_OverlappingActors out of bounds [0/0]!
[2016.07.21-01.09.23:254][528]LogBlueprintUserMessages: [BTS_behaviorSelector_C_1] i see him
[2016.07.21-01.09.23:447][540]LogScript:Warning: Attempted to get an item from array CallFunc_GetOverlappingActors_OverlappingActors out of bounds [0/0]!
[2016.07.21-01.09.23:448][540]LogScript:Warning: Attempted to get an item from array CallFunc_GetOverlappingActors_OverlappingActors out of bounds [0/0]!
[2016.07.21-01.09.23:753][559]LogScript:Warning: Attempted to get an item from array CallFunc_GetOverlappingActors_OverlappingActors out of bounds [0/0]!
[2016.07.21-01.09.23:753][559]LogScript:Warning: Attempted to get an item from array CallFunc_GetOverlappingActors_OverlappingActors out of bounds [0/0]!
[2016.07.21-01.09.23:754][559]LogBlueprintUserMessages: [BTS_behaviorSelector_C_1] i see him
[2016.07.21-01.09.24:060][578]LogScript:Warning: Attempted to get an item from array CallFunc_GetOverlappingActors_OverlappingActors out of bounds [0/0]!
[2016.07.21-01.09.24:060][578]LogScript:Warning: Attempted to get an item from array CallFunc_GetOverlappingActors_OverlappingActors out of bounds [0/0]!
[2016.07.21-01.09.24:254][590]LogBlueprintUserMessages: [BTS_behaviorSelector_C_1] i see him
[2016.07.21-01.09.24:366][597]LogScript:Warning: Attempted to get an item from array CallFunc_GetOverlappingActors_OverlappingActors out of bounds [0/0]!
[2016.07.21-01.09.24:366][597]LogScript:Warning: Attempted to get an item from array CallFunc_GetOverlappingActors_OverlappingActors out of bounds [0/0]!
[2016.07.21-01.09.24:672][616]LogScript:Warning: Attempted to get an item from array CallFunc_GetOverlappingActors_OverlappingActors out of bounds [0/0]!
[2016.07.21-01.09.24:673][616]LogScript:Warning: Attempted to get an item from array CallFunc_GetOverlappingActors_OverlappingActors out of bounds [0/0]!
[2016.07.21-01.09.24:754][621]LogBlueprintUserMessages: [BTS_behaviorSelector_C_1] i see him
[2016.07.21-01.09.24:980][635]LogScript:Warning: Attempted to get an item from array CallFunc_GetOverlappingActors_OverlappingActors out of bounds [0/0]!
[2016.07.21-01.09.24:980][635]LogScript:Warning: Attempted to get an item from array CallFunc_GetOverlappingActors_OverlappingActors out of bounds [0/0]!
[2016.07.21-01.09.25:256][652]LogBlueprintUserMessages: [BTS_behaviorSelector_C_1] i see him
[2016.07.21-01.09.25:287][654]LogScript:Warning: Attempted to get an item from array CallFunc_GetOverlappingActors_OverlappingActors out of bounds [0/0]!
[2016.07.21-01.09.25:287][654]LogScript:Warning: Attempted to get an item from array CallFunc_GetOverlappingActors_OverlappingActors out of bounds [0/0]!
[2016.07.21-01.09.25:595][673]LogScript:Warning: Attempted to get an item from array CallFunc_GetOverlappingActors_OverlappingActors out of bounds [0/0]!
[2016.07.21-01.09.25:595][673]LogScript:Warning: Attempted to get an item from array CallFunc_GetOverlappingActors_OverlappingActors out of bounds [0/0]!
[2016.07.21-01.09.25:756][683]LogBlueprintUserMessages: [BTS_behaviorSelector_C_1] i see him
[2016.07.21-01.09.25:901][692]LogScript:Warning: Attempted to get an item from array CallFunc_GetOverlappingActors_OverlappingActors out of bounds [0/0]!
[2016.07.21-01.09.25:901][692]LogScript:Warning: Attempted to get an item from array CallFunc_GetOverlappingActors_OverlappingActors out of bounds [0/0]!
[2016.07.21-01.09.26:207][711]LogScript:Warning: Attempted to get an item from array CallFunc_GetOverlappingActors_OverlappingActors out of bounds [0/0]!
[2016.07.21-01.09.26:207][711]LogScript:Warning: Attempted to get an item from array CallFunc_GetOverlappingActors_OverlappingActors out of bounds [0/0]!
[2016.07.21-01.09.26:256][714]LogBlueprintUserMessages: [BTS_behaviorSelector_C_1] i see him
[2016.07.21-01.09.26:514][730]LogScript:Warning: Attempted to get an item from array CallFunc_GetOverlappingActors_OverlappingActors out of bounds [0/0]!
[2016.07.21-01.09.26:514][730]LogScript:Warning: Attempted to get an item from array CallFunc_GetOverlappingActors_OverlappingActors out of bounds [0/0]!
[2016.07.21-01.09.26:756][745]LogBlueprintUserMessages: [BTS_behaviorSelector_C_1] i see him
[2016.07.21-01.09.26:820][749]LogScript:Warning: Attempted to get an item from array CallFunc_GetOverlappingActors_OverlappingActors out of bounds [0/0]!
[2016.07.21-01.09.26:820][749]LogScript:Warning: Attempted to get an item from array CallFunc_GetOverlappingActors_OverlappingActors out of bounds [0/0]!
[2016.07.21-01.09.27:127][768]LogScript:Warning: Attempted to get an item from array CallFunc_GetOverlappingActors_OverlappingActors out of bounds [0/0]!
[2016.07.21-01.09.27:127][768]LogScript:Warning: Attempted to get an item from array CallFunc_GetOverlappingActors_OverlappingActors out of bounds [0/0]!
[2016.07.21-01.09.27:257][776]LogBlueprintUserMessages: [BTS_behaviorSelector_C_1] i see him
[2016.07.21-01.09.27:433][787]LogScript:Warning: Attempted to get an item from array CallFunc_GetOverlappingActors_OverlappingActors out of bounds [0/0]!
[2016.07.21-01.09.27:433][787]LogScript:Warning: Attempted to get an item from array CallFunc_GetOverlappingActors_OverlappingActors out of bounds [0/0]!
[2016.07.21-01.09.27:740][806]LogScript:Warning: Attempted to get an item from array CallFunc_GetOverlappingActors_OverlappingActors out of bounds [0/0]!
[2016.07.21-01.09.27:740][806]LogScript:Warning: Attempted to get an item from array CallFunc_GetOverlappingActors_OverlappingActors out of bounds [0/0]!
[2016.07.21-01.09.27:756][807]LogBlueprintUserMessages: [BTS_behaviorSelector_C_1] i see him
[2016.07.21-01.09.28:047][825]LogScript:Warning: Attempted to get an item from array CallFunc_GetOverlappingActors_OverlappingActors out of bounds [0/0]!
[2016.07.21-01.09.28:048][825]LogScript:Warning: Attempted to get an item from array CallFunc_GetOverlappingActors_OverlappingActors out of bounds [0/0]!
[2016.07.21-01.09.28:257][838]LogBlueprintUserMessages: [BTS_behaviorSelector_C_1] i see him
[2016.07.21-01.09.28:352][844]LogScript:Warning: Attempted to get an item from array CallFunc_GetOverlappingActors_OverlappingActors out of bounds [0/0]!
[2016.07.21-01.09.28:353][844]LogScript:Warning: Attempted to get an item from array CallFunc_GetOverlappingActors_OverlappingActors out of bounds [0/0]!
[2016.07.21-01.09.28:659][863]LogScript:Warning: Attempted to get an item from array CallFunc_GetOverlappingActors_OverlappingActors out of bounds [0/0]!
[2016.07.21-01.09.28:659][863]LogScript:Warning: Attempted to get an item from array CallFunc_GetOverlappingActors_OverlappingActors out of bounds [0/0]!
[2016.07.21-01.09.28:757][869]LogBlueprintUserMessages: [BTS_behaviorSelector_C_1] i see him
[2016.07.21-01.09.28:965][882]LogScript:Warning: Attempted to get an item from array CallFunc_GetOverlappingActors_OverlappingActors out of bounds [0/0]!
[2016.07.21-01.09.28:965][882]LogScript:Warning: Attempted to get an item from array CallFunc_GetOverlappingActors_OverlappingActors out of bounds [0/0]!
[2016.07.21-01.09.29:256][900]LogBlueprintUserMessages: [BTS_behaviorSelector_C_1] i see him
[2016.07.21-01.09.29:272][901]LogScript:Warning: Attempted to get an item from array CallFunc_GetOverlappingActors_OverlappingActors out of bounds [0/0]!
[2016.07.21-01.09.29:272][901]LogScript:Warning: Attempted to get an item from array CallFunc_GetOverlappingActors_OverlappingActors out of bounds [0/0]!
[2016.07.21-01.09.29:580][920]LogScript:Warning: Attempted to get an item from array CallFunc_GetOverlappingActors_OverlappingActors out of bounds [0/0]!
[2016.07.21-01.09.29:580][920]LogScript:Warning: Attempted to get an item from array CallFunc_GetOverlappingActors_OverlappingActors out of bounds [0/0]!
[2016.07.21-01.09.29:757][931]LogBlueprintUserMessages: [BTS_behaviorSelector_C_1] i see him
[2016.07.21-01.09.29:885][939]LogScript:Warning: Attempted to get an item from array CallFunc_GetOverlappingActors_OverlappingActors out of bounds [0/0]!
[2016.07.21-01.09.29:885][939]LogScript:Warning: Attempted to get an item from array CallFunc_GetOverlappingActors_OverlappingActors out of bounds [0/0]!
[2016.07.21-01.09.30:192][958]LogScript:Warning: Attempted to get an item from array CallFunc_GetOverlappingActors_OverlappingActors out of bounds [0/0]!
[2016.07.21-01.09.30:192][958]LogScript:Warning: Attempted to get an item from array CallFunc_GetOverlappingActors_OverlappingActors out of bounds [0/0]!
[2016.07.21-01.09.30:257][962]LogBlueprintUserMessages: [BTS_behaviorSelector_C_1] i see him
[2016.07.21-01.09.30:498][977]LogScript:Warning: Attempted to get an item from array CallFunc_GetOverlappingActors_OverlappingActors out of bounds [0/0]!
[2016.07.21-01.09.30:498][977]LogScript:Warning: Attempted to get an item from array CallFunc_GetOverlappingActors_OverlappingActors out of bounds [0/0]!
[2016.07.21-01.09.30:757][993]LogBlueprintUserMessages: [BTS_behaviorSelector_C_1] i see him
[2016.07.21-01.09.30:805][996]LogScript:Warning: Attempted to get an item from array CallFunc_GetOverlappingActors_OverlappingActors out of bounds [0/0]!
[2016.07.21-01.09.30:805][996]LogScript:Warning: Attempted to get an item from array CallFunc_GetOverlappingActors_OverlappingActors out of bounds [0/0]!
[2016.07.21-01.09.31:112][ 15]LogScript:Warning: Attempted to get an item from array CallFunc_GetOverlappingActors_OverlappingActors out of bounds [0/0]!
[2016.07.21-01.09.31:112][ 15]LogScript:Warning: Attempted to get an item from array CallFunc_GetOverlappingActors_OverlappingActors out of bounds [0/0]!
[2016.07.21-01.09.31:257][ 24]LogBlueprintUserMessages: [BTS_behaviorSelector_C_1] i see him
[2016.07.21-01.09.31:417][ 34]LogScript:Warning: Attempted to get an item from array CallFunc_GetOverlappingActors_OverlappingActors out of bounds [0/0]!
[2016.07.21-01.09.31:417][ 34]LogScript:Warning: Attempted to get an item from array CallFunc_GetOverlappingActors_OverlappingActors out of bounds [0/0]!
[2016.07.21-01.09.31:693][ 51]LogBlueprintUserMessages: [AI2_C_3] lost sight
[2016.07.21-01.09.31:724][ 53]LogScript:Warning: Attempted to get an item from array CallFunc_GetOverlappingActors_OverlappingActors out of bounds [0/0]!
[2016.07.21-01.09.31:724][ 53]LogScript:Warning: Attempted to get an item from array CallFunc_GetOverlappingActors_OverlappingActors out of bounds [0/0]!
[2016.07.21-01.09.31:757][ 55]LogBlueprintUserMessages: [BTS_behaviorSelector_C_1] i see him
[2016.07.21-01.09.31:805][ 58]LogBlueprintUserMessages: [AI2_C_3] lost sight
[2016.07.21-01.09.31:918][ 65]LogBlueprintUserMessages: [AI2_C_3] lost sight
[2016.07.21-01.09.32:030][ 72]LogScript:Warning: Attempted to get an item from array CallFunc_GetOverlappingActors_OverlappingActors out of bounds [0/0]!
[2016.07.21-01.09.32:031][ 72]LogBlueprintUserMessages: [AI2_C_3] lost sight
[2016.07.21-01.09.32:031][ 72]LogScript:Warning: Attempted to get an item from array CallFunc_GetOverlappingActors_OverlappingActors out of bounds [0/0]!
[2016.07.21-01.09.32:144][ 79]LogBlueprintUserMessages: [AI2_C_3] lost sight
[2016.07.21-01.09.32:256][ 86]LogBlueprintUserMessages: [AI2_C_3] lost sight
[2016.07.21-01.09.32:257][ 86]LogBlueprintUserMessages: [BTS_behaviorSelector_C_1] i see him
[2016.07.21-01.09.32:337][ 91]LogScript:Warning: Attempted to get an item from array CallFunc_GetOverlappingActors_OverlappingActors out of bounds [0/0]!
[2016.07.21-01.09.32:337][ 91]LogScript:Warning: Attempted to get an item from array CallFunc_GetOverlappingActors_OverlappingActors out of bounds [0/0]!
[2016.07.21-01.09.32:369][ 93]LogBlueprintUserMessages: [AI2_C_3] lost sight
[2016.07.21-01.09.32:482][100]LogBlueprintUserMessages: [AI2_C_3] lost sight
[2016.07.21-01.09.32:597][107]LogBlueprintUserMessages: [AI2_C_3] lost sight
[2016.07.21-01.09.32:644][110]LogScript:Warning: Attempted to get an item from array CallFunc_GetOverlappingActors_OverlappingActors out of bounds [0/0]!
[2016.07.21-01.09.32:644][110]LogScript:Warning: Attempted to get an item from array CallFunc_GetOverlappingActors_OverlappingActors out of bounds [0/0]!
[2016.07.21-01.09.32:708][114]LogBlueprintUserMessages: [AI2_C_3] lost sight
[2016.07.21-01.09.32:757][117]LogBlueprintUserMessages: [BTS_behaviorSelector_C_1] i see him
[2016.07.21-01.09.32:821][121]LogBlueprintUserMessages: [AI2_C_3] lost sight
[2016.07.21-01.09.32:934][128]LogBlueprintUserMessages: [AI2_C_3] lost sight
[2016.07.21-01.09.32:949][129]LogScript:Warning: Attempted to get an item from array CallFunc_GetOverlappingActors_OverlappingActors out of bounds [0/0]!
[2016.07.21-01.09.32:950][129]LogScript:Warning: Attempted to get an item from array CallFunc_GetOverlappingActors_OverlappingActors out of bounds [0/0]!
[2016.07.21-01.09.33:048][135]LogBlueprintUserMessages: [AI2_C_3] lost sight
[2016.07.21-01.09.33:159][142]LogBlueprintUserMessages: [AI2_C_3] lost sight
[2016.07.21-01.09.33:256][148]LogScript:Warning: Attempted to get an item from array CallFunc_GetOverlappingActors_OverlappingActors out of bounds [0/0]!
[2016.07.21-01.09.33:256][148]LogScript:Warning: Attempted to get an item from array CallFunc_GetOverlappingActors_OverlappingActors out of bounds [0/0]!
[2016.07.21-01.09.33:257][148]LogBlueprintUserMessages: [BTS_behaviorSelector_C_1] i see him
[2016.07.21-01.09.33:273][149]LogBlueprintUserMessages: [AI2_C_3] lost sight
[2016.07.21-01.09.33:386][156]LogBlueprintUserMessages: [AI2_C_3] lost sight
[2016.07.21-01.09.33:498][163]LogBlueprintUserMessages: [AI2_C_3] lost sight
[2016.07.21-01.09.33:564][167]LogScript:Warning: Attempted to get an item from array CallFunc_GetOverlappingActors_OverlappingActors out of bounds [0/0]!
[2016.07.21-01.09.33:564][167]LogScript:Warning: Attempted to get an item from array CallFunc_GetOverlappingActors_OverlappingActors out of bounds [0/0]!
[2016.07.21-01.09.33:614][170]LogBlueprintUserMessages: [AI2_C_3] lost sight
[2016.07.21-01.09.33:724][177]LogBlueprintUserMessages: [AI2_C_3] lost sight
[2016.07.21-01.09.33:756][179]LogBlueprintUserMessages: [BTS_behaviorSelector_C_1] i see him
[2016.07.21-01.09.33:837][184]LogBlueprintUserMessages: [AI2_C_3] lost sight
[2016.07.21-01.09.33:869][186]LogScript:Warning: Attempted to get an item from array CallFunc_GetOverlappingActors_OverlappingActors out of bounds [0/0]!
[2016.07.21-01.09.33:869][186]LogScript:Warning: Attempted to get an item from array CallFunc_GetOverlappingActors_OverlappingActors out of bounds [0/0]!
[2016.07.21-01.09.33:950][191]LogBlueprintUserMessages: [AI2_C_3] lost sight
[2016.07.21-01.09.34:065][198]LogBlueprintUserMessages: [AI2_C_3] lost sight
[2016.07.21-01.09.34:179][204]LogScript:Warning: Attempted to get an item from array CallFunc_GetOverlappingActors_OverlappingActors out of bounds [0/0]!
[2016.07.21-01.09.34:179][204]LogScript:Warning: Attempted to get an item from array CallFunc_GetOverlappingActors_OverlappingActors out of bounds [0/0]!
[2016.07.21-01.09.34:179][204]LogBlueprintUserMessages: [AI2_C_3] lost sight
[2016.07.21-01.09.34:260][209]LogBlueprintUserMessages: [BTS_behaviorSelector_C_1] i see him
[2016.07.21-01.09.34:292][211]LogBlueprintUserMessages: [AI2_C_3] lost sight
[2016.07.21-01.09.34:405][218]LogBlueprintUserMessages: [AI2_C_3] lost sight
[2016.07.21-01.09.34:485][223]LogScript:Warning: Attempted to get an item from array CallFunc_GetOverlappingActors_OverlappingActors out of bounds [0/0]!
[2016.07.21-01.09.34:485][223]LogScript:Warning: Attempted to get an item from array CallFunc_GetOverlappingActors_OverlappingActors out of bounds [0/0]!
[2016.07.21-01.09.34:518][225]LogBlueprintUserMessages: [AI2_C_3] lost sight
[2016.07.21-01.09.34:631][232]LogBlueprintUserMessages: [AI2_C_3] lost sight
[2016.07.21-01.09.34:745][239]LogBlueprintUserMessages: [AI2_C_3] lost sight
[2016.07.21-01.09.34:762][240]LogBlueprintUserMessages: [BTS_behaviorSelector_C_1] i see him
[2016.07.21-01.09.34:792][242]LogScript:Warning: Attempted to get an item from array CallFunc_GetOverlappingActors_OverlappingActors out of bounds [0/0]!
[2016.07.21-01.09.34:792][242]LogScript:Warning: Attempted to get an item from array CallFunc_GetOverlappingActors_OverlappingActors out of bounds [0/0]!
[2016.07.21-01.09.34:856][246]LogBlueprintUserMessages: [AI2_C_3] lost sight
[2016.07.21-01.09.34:970][253]LogBlueprintUserMessages: [AI2_C_3] lost sight
[2016.07.21-01.09.35:082][260]LogBlueprintUserMessages: [AI2_C_3] lost sight
[2016.07.21-01.09.35:098][261]LogScript:Warning: Attempted to get an item from array CallFunc_GetOverlappingActors_OverlappingActors out of bounds [0/0]!
[2016.07.21-01.09.35:098][261]LogScript:Warning: Attempted to get an item from array CallFunc_GetOverlappingActors_OverlappingActors out of bounds [0/0]!
[2016.07.21-01.09.35:196][267]LogBlueprintUserMessages: [AI2_C_3] lost sight
[2016.07.21-01.09.35:344][270]LogWindowsTextInputMethodSystem:Display: IME system now deactivated.
[2016.07.21-01.09.35:347][270]LogEngine: All Windows Closed
[2016.07.21-01.09.35:347][270]LogWindows: FPlatformMisc::RequestExit(0)
[2016.07.21-01.09.35:767][271]LogExit: Preparing to exit.
[2016.07.21-01.09.35:920][271]LogExit: Game engine shut down
[2016.07.21-01.09.35:921][271]LogParticles: Destroying 0 GPU particle simulations for FXSystem 0x0000015110555300
[2016.07.21-01.09.36:096][271]LogExit: Object subsystem successfully closed.
[2016.07.21-01.09.36:121][271]LogD3D11RHI: Shutdown
[2016.07.21-01.09.36:121][271]LogD3D11RHI: CleanupD3DDevice
[2016.07.21-01.09.36:201][271]LogD3D11RHI: ~FD3D11DynamicRHI
[2016.07.21-01.09.36:218][271]LogModuleManager: Shutting down and abandoning module AndroidDeviceDetection (117)
[2016.07.21-01.09.36:303][271]LogModuleManager: Shutting down and abandoning module AutomationController (116)
[2016.07.21-01.09.36:303][271]LogModuleManager: Shutting down and abandoning module AutomationWorker (115)
[2016.07.21-01.09.36:303][271]LogModuleManager: Shutting down and abandoning module CharacterAI (114)
[2016.07.21-01.09.36:303][271]LogModuleManager: Shutting down and abandoning module AITestSuite (113)
[2016.07.21-01.09.36:303][271]LogModuleManager: Shutting down and abandoning module GameplayDebugger (112)
[2016.07.21-01.09.36:303][271]LogModuleManager: Shutting down and abandoning module AIModule (111)
[2016.07.21-01.09.36:304][271]LogModuleManager: Shutting down and abandoning module MovieSceneCapture (110)
[2016.07.21-01.09.36:304][271]LogModuleManager: Shutting down and abandoning module GameLiveStreaming (109)
[2016.07.21-01.09.36:304][271]LogModuleManager: Shutting down and abandoning module StreamingPauseRendering (108)
[2016.07.21-01.09.36:304][271]LogModuleManager: Shutting down and abandoning module ProfilerService (107)
[2016.07.21-01.09.36:485][271]LogModuleManager: Shutting down and abandoning module TaskGraph (106)
[2016.07.21-01.09.36:485][271]LogModuleManager: Shutting down and abandoning module SlateRemote (105)
[2016.07.21-01.09.36:485][271]LogModuleManager: Shutting down and abandoning module SteamVRController (104)
[2016.07.21-01.09.36:485][271]LogModuleManager: Shutting down and abandoning module SteamVR (103)
[2016.07.21-01.09.36:485][271]LogModuleManager: Shutting down and abandoning module ProceduralMeshComponent (102)
[2016.07.21-01.09.36:485][271]LogModuleManager: Shutting down and abandoning module OculusLibrary (101)
[2016.07.21-01.09.36:485][271]LogModuleManager: Shutting down and abandoning module OculusInput (100)
[2016.07.21-01.09.36:485][271]LogModuleManager: Shutting down and abandoning module LeapMotionController (99)
[2016.07.21-01.09.36:504][271]LogModuleManager: Shutting down and abandoning module CustomMeshComponent (98)
[2016.07.21-01.09.36:504][271]LogModuleManager: Shutting down and abandoning module CableComponent (97)
[2016.07.21-01.09.36:504][271]LogModuleManager: Shutting down and abandoning module ArchVisCharacter (96)
[2016.07.21-01.09.36:504][271]LogModuleManager: Shutting down and abandoning module HTML5Networking (95)
[2016.07.21-01.09.36:504][271]LogModuleManager: Shutting down and abandoning module DesktopPlatform (94)
[2016.07.21-01.09.36:504][271]LogModuleManager: Shutting down and abandoning module DirectoryWatcher (93)
[2016.07.21-01.09.36:504][271]LogModuleManager: Shutting down and abandoning module HotReload (92)
[2016.07.21-01.09.36:504][271]LogModuleManager: Shutting down and abandoning module VisualStudioSourceCodeAccess (91)
[2016.07.21-01.09.36:504][271]LogModuleManager: Shutting down and abandoning module UObjectPlugin (90)
[2016.07.21-01.09.36:504][271]LogModuleManager: Shutting down and abandoning module SubversionSourceControl (89)
[2016.07.21-01.09.36:504][271]LogModuleManager: Shutting down and abandoning module SourceControl (88)
[2016.07.21-01.09.36:504][271]LogModuleManager: Shutting down and abandoning module PerforceSourceControl (87)
[2016.07.21-01.09.36:504][271]LogModuleManager: Shutting down and abandoning module UdpMessaging (86)
[2016.07.21-01.09.36:504][271]LogModuleManager: Shutting down and abandoning module LightPropagationVolumeRuntime (85)
[2016.07.21-01.09.36:504][271]LogModuleManager: Shutting down and abandoning module Paper2D (84)
[2016.07.21-01.09.36:504][271]LogModuleManager: Shutting down and abandoning module WindowsMoviePlayer (83)
[2016.07.21-01.09.36:507][271]LogModuleManager: Shutting down and abandoning module Media (82)
[2016.07.21-01.09.36:507][271]LogModuleManager: Shutting down and abandoning module WmfMedia (81)
[2016.07.21-01.09.36:507][271]LogModuleManager: Shutting down and abandoning module OnlineBlueprintSupport (80)
[2016.07.21-01.09.36:507][271]LogModuleManager: Shutting down and abandoning module GameplayTasksEditor (79)
[2016.07.21-01.09.36:507][271]LogModuleManager: Shutting down and abandoning module PropertyEditor (78)
[2016.07.21-01.09.36:507][271]LogModuleManager: Shutting down and abandoning module BehaviorTreeEditor (77)
[2016.07.21-01.09.36:507][271]LogModuleManager: Shutting down and abandoning module FunctionalTesting (76)
[2016.07.21-01.09.36:507][271]LogModuleManager: Shutting down and abandoning module CollisionAnalyzer (75)
[2016.07.21-01.09.36:507][271]LogModuleManager: Shutting down and abandoning module WorkspaceMenuStructure (74)
[2016.07.21-01.09.36:507][271]LogModuleManager: Shutting down and abandoning module MessageLog (73)
[2016.07.21-01.09.36:507][271]LogModuleManager: Shutting down and abandoning module Sequencer (72)
[2016.07.21-01.09.36:508][271]LogModuleManager: Shutting down and abandoning module AssetTools (71)
[2016.07.21-01.09.36:508][271]LogModuleManager: Shutting down and abandoning module UMGEditor (70)
[2016.07.21-01.09.36:508][271]LogModuleManager: Shutting down and abandoning module UMG (69)
[2016.07.21-01.09.36:508][271]LogModuleManager: Shutting down and abandoning module Slate (68)
[2016.07.21-01.09.36:508][271]LogModuleManager: Shutting down and abandoning module EditorStyle (67)
[2016.07.21-01.09.36:511][271]LogModuleManager: Shutting down and abandoning module SessionServices (66)
[2016.07.21-01.09.36:511][271]LogModuleManager: Shutting down and abandoning module SourceCodeAccess (65)
[2016.07.21-01.09.36:511][271]LogModuleManager: Shutting down and abandoning module HeadMountedDisplay (64)
[2016.07.21-01.09.36:511][271]LogModuleManager: Shutting down and abandoning module XAudio2 (63)
[2016.07.21-01.09.36:511][271]LogModuleManager: Shutting down and abandoning module Networking (61)
[2016.07.21-01.09.36:511][271]LogModuleManager: Shutting down and abandoning module Core (60)
[2016.07.21-01.09.36:511][271]LogModuleManager: Shutting down and abandoning module KismetCompiler (59)
[2016.07.21-01.09.36:511][271]LogModuleManager: Shutting down and abandoning module PhysXFormats (58)
[2016.07.21-01.09.36:511][271]LogModuleManager: Shutting down and abandoning module MeshUtilities (57)
[2016.07.21-01.09.36:511][271]LogModuleManager: Shutting down and abandoning module DerivedDataCache (56)
[2016.07.21-01.09.36:589][271]LogDerivedDataCache: Shutdown
[2016.07.21-01.09.36:589][271]LogModuleManager: Shutting down and abandoning module ShaderFormatOpenGL (55)
[2016.07.21-01.09.36:589][271]LogModuleManager: Shutting down and abandoning module ShaderFormatD3D (54)
[2016.07.21-01.09.36:589][271]LogModuleManager: Shutting down and abandoning module MetalShaderFormat (53)
[2016.07.21-01.09.36:589][271]LogModuleManager: Shutting down and abandoning module TextureFormatUncompressed (52)
[2016.07.21-01.09.36:589][271]LogModuleManager: Shutting down and abandoning module TextureFormatPVR (51)
[2016.07.21-01.09.36:589][271]LogModuleManager: Shutting down and abandoning module TextureFormatIntelISPCTexComp (50)
[2016.07.21-01.09.36:589][271]LogModuleManager: Shutting down and abandoning module TextureFormatDXT (49)
[2016.07.21-01.09.36:589][271]LogModuleManager: Shutting down and abandoning module ImageWrapper (48)
[2016.07.21-01.09.36:589][271]LogModuleManager: Shutting down and abandoning module TextureFormatASTC (47)
[2016.07.21-01.09.36:589][271]LogModuleManager: Shutting down and abandoning module TextureFormatAndroid (46)
[2016.07.21-01.09.36:589][271]LogModuleManager: Shutting down and abandoning module AudioFormatOpus (45)
[2016.07.21-01.09.36:589][271]LogModuleManager: Shutting down and abandoning module AudioFormatOgg (44)
[2016.07.21-01.09.36:589][271]LogModuleManager: Shutting down and abandoning module AudioFormatADPCM (43)
[2016.07.21-01.09.36:589][271]LogModuleManager: Shutting down and abandoning module LinuxTargetPlatform (42)
[2016.07.21-01.09.36:589][271]LogModuleManager: Shutting down and abandoning module LinuxServerTargetPlatform (41)
[2016.07.21-01.09.36:589][271]LogModuleManager: Shutting down and abandoning module LinuxNoEditorTargetPlatform (40)
[2016.07.21-01.09.36:589][271]LogModuleManager: Shutting down and abandoning module Messaging (39)
[2016.07.21-01.09.36:589][271]LogModuleManager: Shutting down and abandoning module IOSTargetPlatform (38)
[2016.07.21-01.09.36:589][271]LogModuleManager: Shutting down and abandoning module HTML5TargetPlatform (37)
[2016.07.21-01.09.36:589][271]LogModuleManager: Shutting down and abandoning module Android_PVRTCTargetPlatform (36)
[2016.07.21-01.09.36:589][271]LogModuleManager: Shutting down and abandoning module Android_MultiTargetPlatform (35)
[2016.07.21-01.09.36:589][271]LogModuleManager: Shutting down and abandoning module Android_ETC2TargetPlatform (34)
[2016.07.21-01.09.36:589][271]LogModuleManager: Shutting down and abandoning module Android_ETC1TargetPlatform (33)
[2016.07.21-01.09.36:589][271]LogModuleManager: Shutting down and abandoning module Android_DXTTargetPlatform (32)
[2016.07.21-01.09.36:589][271]LogModuleManager: Shutting down and abandoning module Android_ATCTargetPlatform (31)
[2016.07.21-01.09.36:589][271]LogModuleManager: Shutting down and abandoning module Android_ASTCTargetPlatform (30)
[2016.07.21-01.09.36:589][271]LogModuleManager: Shutting down and abandoning module AndroidTargetPlatform (29)
[2016.07.21-01.09.36:589][271]LogModuleManager: Shutting down and abandoning module WindowsTargetPlatform (28)
[2016.07.21-01.09.36:589][271]LogModuleManager: Shutting down and abandoning module WindowsServerTargetPlatform (27)
[2016.07.21-01.09.36:589][271]LogModuleManager: Shutting down and abandoning module WindowsNoEditorTargetPlatform (26)
[2016.07.21-01.09.36:589][271]LogModuleManager: Shutting down and abandoning module WindowsClientTargetPlatform (25)
[2016.07.21-01.09.36:589][271]LogModuleManager: Shutting down and abandoning module AllDesktopTargetPlatform (24)
[2016.07.21-01.09.36:590][271]LogModuleManager: Shutting down and abandoning module TargetPlatform (23)
[2016.07.21-01.09.36:590][271]LogModuleManager: Shutting down and abandoning module InputCore (22)
[2016.07.21-01.09.36:590][271]LogModuleManager: Shutting down and abandoning module Settings (21)
[2016.07.21-01.09.36:590][271]LogModuleManager: Shutting down and abandoning module OnlineSubsystem (19)
[2016.07.21-01.09.36:590][271]LogModuleManager: Shutting down and abandoning module HTTP (18)
[2016.07.21-01.09.36:590][271]LogModuleManager: Shutting down and abandoning module XMPP (17)
[2016.07.21-01.09.36:590][271]LogModuleManager: Shutting down and abandoning module OculusRift (16)
[2016.07.21-01.09.36:590][271]LogModuleManager: Shutting down and abandoning module ExampleDeviceProfileSelector (15)
[2016.07.21-01.09.36:590][271]LogModuleManager: Shutting down and abandoning module TextureCompressor (14)
[2016.07.21-01.09.36:590][271]LogModuleManager: Shutting down and abandoning module ShaderCore (13)
[2016.07.21-01.09.36:590][271]LogModuleManager: Shutting down and abandoning module Landscape (12)
[2016.07.21-01.09.36:590][271]LogModuleManager: Shutting down and abandoning module SlateRHIRenderer (11)
[2016.07.21-01.09.36:590][271]LogModuleManager: Shutting down and abandoning module OpenGLDrv (10)
[2016.07.21-01.09.36:590][271]LogModuleManager: Shutting down and abandoning module D3D11RHI (9)
[2016.07.21-01.09.36:590][271]LogModuleManager: Shutting down and abandoning module AnimGraphRuntime (8)
[2016.07.21-01.09.36:590][271]LogModuleManager: Shutting down and abandoning module Renderer (7)
[2016.07.21-01.09.36:590][271]LogModuleManager: Shutting down and abandoning module Engine (6)
[2016.07.21-01.09.36:590][271]LogModuleManager: Shutting down and abandoning module CoreUObject (5)
[2016.07.21-01.09.36:590][271]LogModuleManager: Shutting down and abandoning module NetworkFile (4)
[2016.07.21-01.09.36:590][271]LogModuleManager: Shutting down and abandoning module StreamingFile (3)
[2016.07.21-01.09.36:590][271]LogModuleManager: Shutting down and abandoning module SandboxFile (2)
[2016.07.21-01.09.36:590][271]LogModuleManager: Shutting down and abandoning module PakFile (1)
[2016.07.21-01.09.36:590][271]LogExit: Exiting.
[2016.07.21-01.09.36:594][271]Log file closed, 07/20/16 18:09:36
