[2016.07.23-00.06.08:488][  0]Log file open, 07/22/16 17:06:08
[2016.07.23-00.06.08:488][  0]LogInit:Display: Running engine for game: GaryTim
[2016.07.23-00.06.08:488][  0]LogPlatformFile: Not using cached read wrapper
[2016.07.23-00.06.08:488][  0]LogInit:Display: RandInit(-105447791) SRandInit(-105447788).
[2016.07.23-00.06.08:488][  0]LogTaskGraph: Started task graph with 4 named threads and 7 total threads.
[2016.07.23-00.06.08:488][  0]LogStats: Stats thread started at 0.099309
[2016.07.23-00.06.08:488][  0]LogInit: Version: 4.10.4-2872498+++depot+UE4-Releases+4.10
[2016.07.23-00.06.08:488][  0]LogInit: API Version: 2758231
[2016.07.23-00.06.08:488][  0]LogInit: Compiled (64-bit): Feb 18 2016 15:47:04
[2016.07.23-00.06.08:488][  0]LogInit: Compiled with Visual C++: 19.00.23026.00
[2016.07.23-00.06.08:488][  0]LogInit: Build Configuration: Development
[2016.07.23-00.06.08:488][  0]LogInit: Branch Name: ++depot+UE4-Releases+4.10
[2016.07.23-00.06.08:488][  0]LogInit: Command line:  /Temp/Autosaves/Game/extras/Maps/UEDPCThirdPersonExampleMap -game -PIEVIACONSOLE -ResX=1280 -ResY=720  -Multiprocess 
[2016.07.23-00.06.08:488][  0]LogInit: Base directory: C:/Program Files (x86)/Epic Games/4.10/Engine/Binaries/Win64/
[2016.07.23-00.06.08:488][  0]LogInit: Rocket: 1
[2016.07.23-00.06.08:502][  0]LogInit: Using libcurl 7.41.0
[2016.07.23-00.06.08:502][  0]LogInit:  - built for x86_64-pc-win32
[2016.07.23-00.06.08:502][  0]LogInit:  - supports SSL with WinSSL
[2016.07.23-00.06.08:502][  0]LogInit:  - other features:
[2016.07.23-00.06.08:502][  0]LogInit:      CURL_VERSION_SSL
[2016.07.23-00.06.08:502][  0]LogInit:      CURL_VERSION_IPV6
[2016.07.23-00.06.08:502][  0]LogInit:      CURL_VERSION_ASYNCHDNS
[2016.07.23-00.06.08:502][  0]LogInit:      CURL_VERSION_LARGEFILE
[2016.07.23-00.06.08:502][  0]LogInit:      CURL_VERSION_IDN
[2016.07.23-00.06.08:502][  0]LogInit:  CurlRequestOptions (configurable via config and command line):
[2016.07.23-00.06.08:502][  0]LogInit:  - bVerifyPeer = true  - Libcurl will verify peer certificate
[2016.07.23-00.06.08:502][  0]LogInit:  - bUseHttpProxy = false  - Libcurl will NOT use HTTP proxy
[2016.07.23-00.06.08:502][  0]LogInit:  - bDontReuseConnections = false  - Libcurl will reuse connections
[2016.07.23-00.06.08:502][  0]LogInit:  - CertBundlePath = nullptr  - Libcurl will use whatever was configured at build time.
[2016.07.23-00.06.08:511][  0]LogInit: Presizing for 0 objects not considered by GC, pre-allocating 0 bytes.
[2016.07.23-00.06.08:522][  0]LogInit: Object subsystem initialized
[2016.07.23-00.06.08:525][  0]LogInit: Selected Device Profile: [Windows]
[2016.07.23-00.06.08:525][  0]LogInit: Applying CVar settings loaded from the selected device profile: [Windows]
[2016.07.23-00.06.08:529][  0]LogInit: Computer: MSI
[2016.07.23-00.06.08:529][  0]LogInit: User: MasterGuy
[2016.07.23-00.06.08:529][  0]LogInit: CPU Page size=4096, Cores=4
[2016.07.23-00.06.08:529][  0]LogInit: High frequency timer resolution =2.338342 MHz
[2016.07.23-00.06.08:529][  0]LogMemory: Memory total: Physical=7.9GB (8GB approx)
[2016.07.23-00.06.08:529][  0]LogMemory: Platform Memory Stats for Windows
[2016.07.23-00.06.08:529][  0]LogMemory: Process Physical Memory: 58.45 MB used, 58.45 MB peak
[2016.07.23-00.06.08:529][  0]LogMemory: Process Virtual Memory: 57.86 MB used, 57.86 MB peak
[2016.07.23-00.06.08:529][  0]LogMemory: Physical Memory: 4757.68 MB used, 8110.90 MB total
[2016.07.23-00.06.08:529][  0]LogMemory: Virtual Memory: 384.78 MB used, 134217728.00 MB total
[2016.07.23-00.06.08:599][  0]LogTextLocalizationManager: No specific translations for ('en-US') exist, so ('en') translations will be used.
[2016.07.23-00.06.09:116][  0]LogD3D11RHI: Found D3D11 adapter 0: NVIDIA GeForce GTX 765M  (Feature Level 11_0)
[2016.07.23-00.06.09:116][  0]LogD3D11RHI: Adapter has 1991MB of dedicated video memory, 0MB of dedicated system memory, and 4055MB of shared system memory, 1 output[s]
[2016.07.23-00.06.09:122][  0]LogD3D11RHI: Found D3D11 adapter 1: Intel(R) HD Graphics 4600 (Feature Level 11_0)
[2016.07.23-00.06.09:122][  0]LogD3D11RHI: Adapter has 112MB of dedicated video memory, 0MB of dedicated system memory, and 4055MB of shared system memory, 0 output[s]
[2016.07.23-00.06.09:124][  0]LogD3D11RHI: Found D3D11 adapter 2: Microsoft Basic Render Driver (Feature Level 11_0)
[2016.07.23-00.06.09:124][  0]LogD3D11RHI: Adapter has 0MB of dedicated video memory, 0MB of dedicated system memory, and 4055MB of shared system memory, 0 output[s]
[2016.07.23-00.06.09:124][  0]LogD3D11RHI: Chosen D3D11 Adapter Id = 0
[2016.07.23-00.06.09:128][  0]LogD3D11RHI: !Direct3DDevice
[2016.07.23-00.06.09:129][  0]LogRHI: Texture pool is 1361 MB (70% of 1945 MB)
[2016.07.23-00.06.09:141][  0]LogD3D11RHI: Async texture creation enabled
[2016.07.23-00.06.09:150][  0]LogShaderCompilers: Guid format shader working directory is -14 characters bigger than the processId version (../../../../../../Users/Master Guy/Desktop/suppository/GaryTim/Intermediate/Shaders/WorkingDirectory/13088/).
[2016.07.23-00.06.09:150][  0]LogShaderCompilers: Cleaned the shader compiler working directory 'C:/Users/MASTER~1/AppData/Local/Temp/UnrealShaderWorkingDir/89431D5B41828EA9ADBF2198AB1C2D14/'.
[2016.07.23-00.06.09:151][  0]LogShaderCompilers:Display: Using Local Shader Compiler.
[2016.07.23-00.06.10:067][  0]LogTemp:Display: Loaded TP AllDesktopTargetPlatform
[2016.07.23-00.06.10:071][  0]LogTemp:Display: Loaded TP WindowsClientTargetPlatform
[2016.07.23-00.06.10:077][  0]LogTemp:Display: Loaded TP WindowsNoEditorTargetPlatform
[2016.07.23-00.06.10:082][  0]LogTemp:Display: Loaded TP WindowsServerTargetPlatform
[2016.07.23-00.06.10:091][  0]LogTemp:Display: Loaded TP WindowsTargetPlatform
[2016.07.23-00.06.10:095][  0]LogTemp:Display: Loaded TP AndroidTargetPlatform
[2016.07.23-00.06.10:098][  0]LogTemp:Display: Loaded TP Android_ASTCTargetPlatform
[2016.07.23-00.06.10:101][  0]LogTemp:Display: Loaded TP Android_ATCTargetPlatform
[2016.07.23-00.06.10:105][  0]LogTemp:Display: Loaded TP Android_DXTTargetPlatform
[2016.07.23-00.06.10:108][  0]LogTemp:Display: Loaded TP Android_ETC1TargetPlatform
[2016.07.23-00.06.10:112][  0]LogTemp:Display: Loaded TP Android_ETC2TargetPlatform
[2016.07.23-00.06.10:119][  0]LogTemp:Display: Loaded TP Android_MultiTargetPlatform
[2016.07.23-00.06.10:119][  0]LogTemp:Display: Loaded TP Android_PVRTCTargetPlatform
[2016.07.23-00.06.10:120][  0]LogTemp:Display: Loaded TP HTML5TargetPlatform
[2016.07.23-00.06.10:138][  0]LogTemp:Display: Loaded TP IOSTargetPlatform
[2016.07.23-00.06.10:141][  0]LogTemp:Display: Loaded TP LinuxNoEditorTargetPlatform
[2016.07.23-00.06.10:145][  0]LogTemp:Display: Loaded TP LinuxServerTargetPlatform
[2016.07.23-00.06.10:148][  0]LogTemp:Display: Loaded TP LinuxTargetPlatform
[2016.07.23-00.06.10:148][  0]LogTargetPlatformManager:Display: Building Assets For Windows
[2016.07.23-00.06.10:242][  0]LogDerivedDataCache:Display: Max Cache Size: 512 MB
[2016.07.23-00.06.10:298][  0]LogDerivedDataCache: Loaded boot cache 0.06s 41MB C:/Users/Master Guy/AppData/Local/UnrealEngine/4.10/DerivedDataCache/Boot.ddc.
[2016.07.23-00.06.10:298][  0]LogDerivedDataCache:Display: Loaded Boot cache: C:/Users/Master Guy/AppData/Local/UnrealEngine/4.10/DerivedDataCache/Boot.ddc
[2016.07.23-00.06.10:298][  0]LogDerivedDataCache: FDerivedDataBackendGraph:  Pak pak cache file ../../../../../../Users/Master Guy/Desktop/suppository/GaryTim/DerivedDataCache/DDC.ddp not found, will not use a pak cache.
[2016.07.23-00.06.10:298][  0]LogDerivedDataCache: Unable to find inner node Pak for hierarchical cache Hierarchy.
[2016.07.23-00.06.10:298][  0]LogDerivedDataCache: FDerivedDataBackendGraph:  CompressedPak pak cache file ../../../../../../Users/Master Guy/Desktop/suppository/GaryTim/DerivedDataCache/Compressed.ddp not found, will not use a pak cache.
[2016.07.23-00.06.10:298][  0]LogDerivedDataCache: Unable to find inner node CompressedPak for hierarchical cache Hierarchy.
[2016.07.23-00.06.10:356][  0]LogDerivedDataCache:Display: Pak cache opened for reading ../../../Engine/DerivedDataCache/Compressed.ddp.
[2016.07.23-00.06.10:368][  0]LogDerivedDataCache: Using Local data cache path C:/Users/Master Guy/AppData/Local/UnrealEngine/Common/DerivedDataCache: Writable
[2016.07.23-00.06.10:573][  0]LogInit: Selected Device Profile: [Windows]
[2016.07.23-00.06.10:576][  0]LogContentStreaming: Texture pool size is 1000.000000MB
[2016.07.23-00.06.10:678][  0]LogMeshUtilities: No automatic mesh reduction module available
[2016.07.23-00.06.10:678][  0]LogMeshUtilities: No automatic mesh merging module available
[2016.07.23-00.06.10:892][  0]LogInit: WinSock: version 1.1 (2.2), MaxSocks=32767, MaxUdp=65467
[2016.07.23-00.06.11:246][  0]LogWindowsMoviePlayer: Unable to load movie: ../../../../../../Users/Master Guy/Desktop/suppository/GaryTim/Content/Movies/Default_Startup.mp4
[2016.07.23-00.06.11:390][  0]SourceControl: Info Source control is disabled
[2016.07.23-00.06.11:390][  0]SourceControl: Info Source control is disabled
[2016.07.23-00.06.11:405][  0]SourceControl: Info Source control is disabled
[2016.07.23-00.06.11:639][  0]LogObj: 27935 objects as part of root set at end of initial load.
[2016.07.23-00.06.11:639][  0]LogUObjectAllocator: 5830072 out of 0 bytes used by permanent object pool.
[2016.07.23-00.06.11:696][  0]LogEngine: Initializing Engine...
[2016.07.23-00.06.11:701][  0]LogHMD: Can't find Oculus library dev build: is proper Runtime installed? Version: 0.8.0.0
[2016.07.23-00.06.11:702][  0]LogHMD: SteamVR failed to initialize.  Err: 110
[2016.07.23-00.06.11:829][  0]LogInit: XAudio2 using 'Speakers (Realtek High Definition Audio)' : 2 channels at 48 kHz using 32 bits per sample (channel mask 0x3)
[2016.07.23-00.06.11:850][  0]LogInit: FAudioDevice initialized.
[2016.07.23-00.06.11:856][  0]LogInit: Texture streaming: Enabled
[2016.07.23-00.06.12:023][  0]LogNet: Browse: /Temp/Autosaves/Game/extras/Maps/UEDPCThirdPersonExampleMap?Name=Player
[2016.07.23-00.06.12:023][  0]LogLoad: LoadMap: /Temp/Autosaves/Game/extras/Maps/UEDPCThirdPersonExampleMap?Name=Player
[2016.07.23-00.06.12:039][  0]LogParticles: Destroying 0 GPU particle simulations for FXSystem 0x0000016FC3502C00
[2016.07.23-00.06.12:049][  0]LogMemory: Platform Memory Stats for Windows
[2016.07.23-00.06.12:049][  0]LogMemory: Process Physical Memory: 398.03 MB used, 398.03 MB peak
[2016.07.23-00.06.12:049][  0]LogMemory: Process Virtual Memory: 448.58 MB used, 448.59 MB peak
[2016.07.23-00.06.12:049][  0]LogMemory: Physical Memory: 5065.36 MB used, 8110.90 MB total
[2016.07.23-00.06.12:049][  0]LogMemory: Virtual Memory: 1000.55 MB used, 134217728.00 MB total
[2016.07.23-00.06.12:049][  0]LogMemory: 
[2016.07.23-00.06.12:049][  0]Allocator Stats for TBB: (not implemented)
[2016.07.23-00.06.13:279][  0]LogAIModule: Creating AISystem for world ThirdPersonExampleMap
[2016.07.23-00.06.13:280][  0]LogWorld: Game class is 'ThirdPersonGameMode_C'
[2016.07.23-00.06.13:297][  0]LogWorld: Bringing World /Temp/Autosaves/Game/extras/Maps/UEDPCThirdPersonExampleMap.ThirdPersonExampleMap up for play (max tick rate 0) at 2016.07.22-17.06.13
[2016.07.23-00.06.13:298][  0]LogWorld: Bringing up level for play took: 0.018073
[2016.07.23-00.06.13:306][  0]LogInit:Display: Game Engine Initialized.
[2016.07.23-00.06.13:528][  0]LogLoad: Full Startup: 5.44 seconds (BP compile: 0.40 seconds)
[2016.07.23-00.06.13:549][  0]LogOcInput: Can't find Oculus library dev build: is proper Runtime installed? Version: 0.8.0.0
[2016.07.23-00.06.13:613][  0]LogRenderer: Reallocating scene render targets to support 128x128 (Frame:1).
[2016.07.23-00.06.13:714][  1]LogRenderer: Reallocating scene render targets to support 1280x720 (Frame:2).
[2016.07.23-00.06.13:799][  2]LogScript:Warning: Accessed None 'K2Node_DynamicCast_AsAI2'
	BTS_behaviorSelector_C /Temp/Autosaves/Game/extras/Maps/UEDPCThirdPersonExampleMap.ThirdPersonExampleMap:PersistentLevel.AI2controller_C_0.BTComponent.BTS_behaviorSelector_C_1
	Function /Game/AI/BTS_S/BTS_behaviorSelector.BTS_behaviorSelector_C:ExecuteUbergraph_BTS_behaviorSelector:0031
[2016.07.23-00.06.13:799][  2]LogScript:Warning: Accessed None 'K2Node_DynamicCast_AsAI2'
	BTS_behaviorSelector_C /Temp/Autosaves/Game/extras/Maps/UEDPCThirdPersonExampleMap.ThirdPersonExampleMap:PersistentLevel.AI2controller_C_1.BTComponent.BTS_behaviorSelector_C_2
	Function /Game/AI/BTS_S/BTS_behaviorSelector.BTS_behaviorSelector_C:ExecuteUbergraph_BTS_behaviorSelector:0031
[2016.07.23-00.06.13:847][  5]LogScript:Warning: Attempted to get an item from array CallFunc_GetOverlappingActors_OverlappingActors out of bounds [0/0]!
[2016.07.23-00.06.13:847][  5]LogScript:Warning: Attempted to get an item from array CallFunc_GetOverlappingActors_OverlappingActors out of bounds [0/0]!
[2016.07.23-00.06.14:151][ 23]LogScript:Warning: Attempted to get an item from array CallFunc_GetOverlappingActors_OverlappingActors out of bounds [0/0]!
[2016.07.23-00.06.14:151][ 23]LogScript:Warning: Attempted to get an item from array CallFunc_GetOverlappingActors_OverlappingActors out of bounds [0/0]!
[2016.07.23-00.06.14:458][ 42]LogScript:Warning: Attempted to get an item from array CallFunc_GetOverlappingActors_OverlappingActors out of bounds [0/0]!
[2016.07.23-00.06.14:458][ 42]LogScript:Warning: Attempted to get an item from array CallFunc_GetOverlappingActors_OverlappingActors out of bounds [0/0]!
[2016.07.23-00.06.14:763][ 61]LogScript:Warning: Attempted to get an item from array CallFunc_GetOverlappingActors_OverlappingActors out of bounds [0/0]!
[2016.07.23-00.06.14:764][ 61]LogScript:Warning: Attempted to get an item from array CallFunc_GetOverlappingActors_OverlappingActors out of bounds [0/0]!
[2016.07.23-00.06.15:023][ 77]LogBlueprintUserMessages: [patrolPoints_C_1] movingto
[2016.07.23-00.06.15:071][ 80]LogScript:Warning: Attempted to get an item from array CallFunc_GetOverlappingActors_OverlappingActors out of bounds [0/0]!
[2016.07.23-00.06.15:071][ 80]LogScript:Warning: Attempted to get an item from array CallFunc_GetOverlappingActors_OverlappingActors out of bounds [0/0]!
[2016.07.23-00.06.15:377][ 99]LogScript:Warning: Attempted to get an item from array CallFunc_GetOverlappingActors_OverlappingActors out of bounds [0/0]!
[2016.07.23-00.06.15:377][ 99]LogScript:Warning: Attempted to get an item from array CallFunc_GetOverlappingActors_OverlappingActors out of bounds [0/0]!
[2016.07.23-00.06.15:636][115]LogBlueprintUserMessages: [patrolPoints_C_1] finished
[2016.07.23-00.06.15:683][118]LogScript:Warning: Attempted to get an item from array CallFunc_GetOverlappingActors_OverlappingActors out of bounds [0/0]!
[2016.07.23-00.06.15:683][118]LogScript:Warning: Attempted to get an item from array CallFunc_GetOverlappingActors_OverlappingActors out of bounds [0/0]!
[2016.07.23-00.06.15:989][137]LogScript:Warning: Attempted to get an item from array CallFunc_GetOverlappingActors_OverlappingActors out of bounds [0/0]!
[2016.07.23-00.06.15:989][137]LogScript:Warning: Attempted to get an item from array CallFunc_GetOverlappingActors_OverlappingActors out of bounds [0/0]!
[2016.07.23-00.06.16:296][156]LogScript:Warning: Attempted to get an item from array CallFunc_GetOverlappingActors_OverlappingActors out of bounds [0/0]!
[2016.07.23-00.06.16:296][156]LogScript:Warning: Attempted to get an item from array CallFunc_GetOverlappingActors_OverlappingActors out of bounds [0/0]!
[2016.07.23-00.06.16:604][175]LogScript:Warning: Attempted to get an item from array CallFunc_GetOverlappingActors_OverlappingActors out of bounds [0/0]!
[2016.07.23-00.06.16:604][175]LogScript:Warning: Attempted to get an item from array CallFunc_GetOverlappingActors_OverlappingActors out of bounds [0/0]!
[2016.07.23-00.06.16:636][177]LogBlueprintUserMessages: [patrolPoints_C_1] finished
[2016.07.23-00.06.16:908][194]LogScript:Warning: Attempted to get an item from array CallFunc_GetOverlappingActors_OverlappingActors out of bounds [0/0]!
[2016.07.23-00.06.16:909][194]LogScript:Warning: Attempted to get an item from array CallFunc_GetOverlappingActors_OverlappingActors out of bounds [0/0]!
[2016.07.23-00.06.17:215][213]LogScript:Warning: Attempted to get an item from array CallFunc_GetOverlappingActors_OverlappingActors out of bounds [0/0]!
[2016.07.23-00.06.17:215][213]LogScript:Warning: Attempted to get an item from array CallFunc_GetOverlappingActors_OverlappingActors out of bounds [0/0]!
[2016.07.23-00.06.17:522][232]LogScript:Warning: Attempted to get an item from array CallFunc_GetOverlappingActors_OverlappingActors out of bounds [0/0]!
[2016.07.23-00.06.17:522][232]LogScript:Warning: Attempted to get an item from array CallFunc_GetOverlappingActors_OverlappingActors out of bounds [0/0]!
[2016.07.23-00.06.17:635][239]LogBlueprintUserMessages: [patrolPoints_C_1] finished
[2016.07.23-00.06.17:828][251]LogScript:Warning: Attempted to get an item from array CallFunc_GetOverlappingActors_OverlappingActors out of bounds [0/0]!
[2016.07.23-00.06.17:828][251]LogScript:Warning: Attempted to get an item from array CallFunc_GetOverlappingActors_OverlappingActors out of bounds [0/0]!
[2016.07.23-00.06.18:135][270]LogScript:Warning: Attempted to get an item from array CallFunc_GetOverlappingActors_OverlappingActors out of bounds [0/0]!
[2016.07.23-00.06.18:135][270]LogScript:Warning: Attempted to get an item from array CallFunc_GetOverlappingActors_OverlappingActors out of bounds [0/0]!
[2016.07.23-00.06.18:441][289]LogScript:Warning: Attempted to get an item from array CallFunc_GetOverlappingActors_OverlappingActors out of bounds [0/0]!
[2016.07.23-00.06.18:441][289]LogScript:Warning: Attempted to get an item from array CallFunc_GetOverlappingActors_OverlappingActors out of bounds [0/0]!
[2016.07.23-00.06.18:635][301]LogBlueprintUserMessages: [patrolPoints_C_1] finished
[2016.07.23-00.06.18:747][308]LogScript:Warning: Attempted to get an item from array CallFunc_GetOverlappingActors_OverlappingActors out of bounds [0/0]!
[2016.07.23-00.06.18:747][308]LogScript:Warning: Attempted to get an item from array CallFunc_GetOverlappingActors_OverlappingActors out of bounds [0/0]!
[2016.07.23-00.06.19:054][327]LogScript:Warning: Attempted to get an item from array CallFunc_GetOverlappingActors_OverlappingActors out of bounds [0/0]!
[2016.07.23-00.06.19:054][327]LogScript:Warning: Attempted to get an item from array CallFunc_GetOverlappingActors_OverlappingActors out of bounds [0/0]!
[2016.07.23-00.06.19:361][346]LogScript:Warning: Attempted to get an item from array CallFunc_GetOverlappingActors_OverlappingActors out of bounds [0/0]!
[2016.07.23-00.06.19:361][346]LogScript:Warning: Attempted to get an item from array CallFunc_GetOverlappingActors_OverlappingActors out of bounds [0/0]!
[2016.07.23-00.06.19:636][363]LogBlueprintUserMessages: [patrolPoints_C_1] finished
[2016.07.23-00.06.19:668][365]LogScript:Warning: Attempted to get an item from array CallFunc_GetOverlappingActors_OverlappingActors out of bounds [0/0]!
[2016.07.23-00.06.19:668][365]LogScript:Warning: Attempted to get an item from array CallFunc_GetOverlappingActors_OverlappingActors out of bounds [0/0]!
[2016.07.23-00.06.19:973][384]LogScript:Warning: Attempted to get an item from array CallFunc_GetOverlappingActors_OverlappingActors out of bounds [0/0]!
[2016.07.23-00.06.19:973][384]LogScript:Warning: Attempted to get an item from array CallFunc_GetOverlappingActors_OverlappingActors out of bounds [0/0]!
[2016.07.23-00.06.20:121][393]LogBlueprintUserMessages: [patrolPoints_C_1] movingto
[2016.07.23-00.06.20:280][403]LogScript:Warning: Attempted to get an item from array CallFunc_GetOverlappingActors_OverlappingActors out of bounds [0/0]!
[2016.07.23-00.06.20:280][403]LogScript:Warning: Attempted to get an item from array CallFunc_GetOverlappingActors_OverlappingActors out of bounds [0/0]!
[2016.07.23-00.06.20:588][422]LogScript:Warning: Attempted to get an item from array CallFunc_GetOverlappingActors_OverlappingActors out of bounds [0/0]!
[2016.07.23-00.06.20:588][422]LogScript:Warning: Attempted to get an item from array CallFunc_GetOverlappingActors_OverlappingActors out of bounds [0/0]!
[2016.07.23-00.06.20:893][441]LogScript:Warning: Attempted to get an item from array CallFunc_GetOverlappingActors_OverlappingActors out of bounds [0/0]!
[2016.07.23-00.06.20:893][441]LogScript:Warning: Attempted to get an item from array CallFunc_GetOverlappingActors_OverlappingActors out of bounds [0/0]!
[2016.07.23-00.06.21:200][460]LogScript:Warning: Attempted to get an item from array CallFunc_GetOverlappingActors_OverlappingActors out of bounds [0/0]!
[2016.07.23-00.06.21:200][460]LogScript:Warning: Attempted to get an item from array CallFunc_GetOverlappingActors_OverlappingActors out of bounds [0/0]!
[2016.07.23-00.06.21:506][479]LogScript:Warning: Attempted to get an item from array CallFunc_GetOverlappingActors_OverlappingActors out of bounds [0/0]!
[2016.07.23-00.06.21:506][479]LogScript:Warning: Attempted to get an item from array CallFunc_GetOverlappingActors_OverlappingActors out of bounds [0/0]!
[2016.07.23-00.06.21:812][498]LogScript:Warning: Attempted to get an item from array CallFunc_GetOverlappingActors_OverlappingActors out of bounds [0/0]!
[2016.07.23-00.06.21:812][498]LogScript:Warning: Attempted to get an item from array CallFunc_GetOverlappingActors_OverlappingActors out of bounds [0/0]!
[2016.07.23-00.06.21:813][498]LogBlueprintUserMessages: [BTS_behaviorSelector_C_1] i see him
[2016.07.23-00.06.21:893][503]LogBlueprintUserMessages: [BTS_behaviorSelector_C_2] i see him
[2016.07.23-00.06.21:942][506]LogBlueprintUserMessages: [patrolPoints_C_1] finished
[2016.07.23-00.06.22:122][517]LogScript:Warning: Attempted to get an item from array CallFunc_GetOverlappingActors_OverlappingActors out of bounds [0/0]!
[2016.07.23-00.06.22:122][517]LogScript:Warning: Attempted to get an item from array CallFunc_GetOverlappingActors_OverlappingActors out of bounds [0/0]!
[2016.07.23-00.06.22:313][529]LogBlueprintUserMessages: [BTS_behaviorSelector_C_1] i see him
[2016.07.23-00.06.22:393][534]LogBlueprintUserMessages: [BTS_behaviorSelector_C_2] i see him
[2016.07.23-00.06.22:425][536]LogScript:Warning: Attempted to get an item from array CallFunc_GetOverlappingActors_OverlappingActors out of bounds [0/0]!
[2016.07.23-00.06.22:425][536]LogScript:Warning: Attempted to get an item from array CallFunc_GetOverlappingActors_OverlappingActors out of bounds [0/0]!
[2016.07.23-00.06.22:446][537]LogBlueprintUserMessages: [AI2_C_1] ow
[2016.07.23-00.06.22:625][546]LogBlueprintUserMessages: [AI2_C_0] ow
[2016.07.23-00.06.22:736][553]LogScript:Warning: Attempted to get an item from array CallFunc_GetOverlappingActors_OverlappingActors out of bounds [0/0]!
[2016.07.23-00.06.22:736][553]LogScript:Warning: Attempted to get an item from array CallFunc_GetOverlappingActors_OverlappingActors out of bounds [0/0]!
[2016.07.23-00.06.22:816][558]LogBlueprintUserMessages: [BTS_behaviorSelector_C_1] i see him
[2016.07.23-00.06.22:896][563]LogBlueprintUserMessages: [BTS_behaviorSelector_C_2] i see him
[2016.07.23-00.06.23:040][572]LogScript:Warning: Attempted to get an item from array CallFunc_GetOverlappingActors_OverlappingActors out of bounds [0/0]!
[2016.07.23-00.06.23:041][572]LogScript:Warning: Attempted to get an item from array CallFunc_GetOverlappingActors_OverlappingActors out of bounds [0/0]!
[2016.07.23-00.06.23:316][589]LogBlueprintUserMessages: [BTS_behaviorSelector_C_1] i see him
[2016.07.23-00.06.23:347][591]LogScript:Warning: Attempted to get an item from array CallFunc_GetOverlappingActors_OverlappingActors out of bounds [0/0]!
[2016.07.23-00.06.23:347][591]LogScript:Warning: Attempted to get an item from array CallFunc_GetOverlappingActors_OverlappingActors out of bounds [0/0]!
[2016.07.23-00.06.23:396][594]LogBlueprintUserMessages: [BTS_behaviorSelector_C_2] i see him
[2016.07.23-00.06.23:446][597]LogBlueprintUserMessages: [AI2_C_1] ow
[2016.07.23-00.06.23:446][597]LogBlueprintUserMessages: [AI2_C_1] I'm DEAAAD
[2016.07.23-00.06.23:524][602]LogScript:Warning: Cannot access 'AI2_C_1'. It is pending kill. Property: 'self2'
	AI2_C /Temp/Autosaves/Game/extras/Maps/UEDPCThirdPersonExampleMap.ThirdPersonExampleMap:PersistentLevel.AI2_C_0
	Function /Game/mainBP/AI2.AI2_C:rotateTowardsEnemy:001C
[2016.07.23-00.06.23:525][602]LogScript:Warning: Cannot access 'AI2_C_1'. It is pending kill. Property: 'spottedPawn'
	AI2_C /Temp/Autosaves/Game/extras/Maps/UEDPCThirdPersonExampleMap.ThirdPersonExampleMap:PersistentLevel.AI2_C_0
	Function /Game/mainBP/AI2.AI2_C:ExecuteUbergraph_AI2:1395
[2016.07.23-00.06.23:525][602]LogScript:Warning: Cannot access 'AI2_C_1'. It is pending kill. Property: 'spottedPawn'
	AI2_C /Temp/Autosaves/Game/extras/Maps/UEDPCThirdPersonExampleMap.ThirdPersonExampleMap:PersistentLevel.AI2_C_0
	Function /Game/mainBP/AI2.AI2_C:ExecuteUbergraph_AI2:13E2
[2016.07.23-00.06.23:525][602]LogScript:Warning: Cannot access 'AI2_C_1'. It is pending kill. Property: 'spottedPawn'
	AI2_C /Temp/Autosaves/Game/extras/Maps/UEDPCThirdPersonExampleMap.ThirdPersonExampleMap:PersistentLevel.AI2_C_0
	Function /Game/mainBP/AI2.AI2_C:ExecuteUbergraph_AI2:147D
[2016.07.23-00.06.23:638][609]LogScript:Warning: Cannot access 'AI2_C_1'. It is pending kill. Property: 'self2'
	AI2_C /Temp/Autosaves/Game/extras/Maps/UEDPCThirdPersonExampleMap.ThirdPersonExampleMap:PersistentLevel.AI2_C_0
	Function /Game/mainBP/AI2.AI2_C:rotateTowardsEnemy:001C
[2016.07.23-00.06.23:638][609]LogScript:Warning: Cannot access 'AI2_C_1'. It is pending kill. Property: 'spottedPawn'
	AI2_C /Temp/Autosaves/Game/extras/Maps/UEDPCThirdPersonExampleMap.ThirdPersonExampleMap:PersistentLevel.AI2_C_0
	Function /Game/mainBP/AI2.AI2_C:ExecuteUbergraph_AI2:1395
[2016.07.23-00.06.23:638][609]LogScript:Warning: Cannot access 'AI2_C_1'. It is pending kill. Property: 'spottedPawn'
	AI2_C /Temp/Autosaves/Game/extras/Maps/UEDPCThirdPersonExampleMap.ThirdPersonExampleMap:PersistentLevel.AI2_C_0
	Function /Game/mainBP/AI2.AI2_C:ExecuteUbergraph_AI2:13E2
[2016.07.23-00.06.23:638][609]LogScript:Warning: Cannot access 'AI2_C_1'. It is pending kill. Property: 'spottedPawn'
	AI2_C /Temp/Autosaves/Game/extras/Maps/UEDPCThirdPersonExampleMap.ThirdPersonExampleMap:PersistentLevel.AI2_C_0
	Function /Game/mainBP/AI2.AI2_C:ExecuteUbergraph_AI2:147D
[2016.07.23-00.06.23:654][610]LogScript:Warning: Attempted to get an item from array CallFunc_GetOverlappingActors_OverlappingActors out of bounds [0/0]!
[2016.07.23-00.06.23:751][616]LogScript:Warning: Cannot access 'AI2_C_1'. It is pending kill. Property: 'self2'
	AI2_C /Temp/Autosaves/Game/extras/Maps/UEDPCThirdPersonExampleMap.ThirdPersonExampleMap:PersistentLevel.AI2_C_0
	Function /Game/mainBP/AI2.AI2_C:rotateTowardsEnemy:001C
[2016.07.23-00.06.23:751][616]LogScript:Warning: Cannot access 'AI2_C_1'. It is pending kill. Property: 'spottedPawn'
	AI2_C /Temp/Autosaves/Game/extras/Maps/UEDPCThirdPersonExampleMap.ThirdPersonExampleMap:PersistentLevel.AI2_C_0
	Function /Game/mainBP/AI2.AI2_C:ExecuteUbergraph_AI2:1395
[2016.07.23-00.06.23:751][616]LogScript:Warning: Cannot access 'AI2_C_1'. It is pending kill. Property: 'spottedPawn'
	AI2_C /Temp/Autosaves/Game/extras/Maps/UEDPCThirdPersonExampleMap.ThirdPersonExampleMap:PersistentLevel.AI2_C_0
	Function /Game/mainBP/AI2.AI2_C:ExecuteUbergraph_AI2:13E2
[2016.07.23-00.06.23:751][616]LogScript:Warning: Cannot access 'AI2_C_1'. It is pending kill. Property: 'spottedPawn'
	AI2_C /Temp/Autosaves/Game/extras/Maps/UEDPCThirdPersonExampleMap.ThirdPersonExampleMap:PersistentLevel.AI2_C_0
	Function /Game/mainBP/AI2.AI2_C:ExecuteUbergraph_AI2:147D
[2016.07.23-00.06.23:863][623]LogScript:Warning: Cannot access 'AI2_C_1'. It is pending kill. Property: 'self2'
	AI2_C /Temp/Autosaves/Game/extras/Maps/UEDPCThirdPersonExampleMap.ThirdPersonExampleMap:PersistentLevel.AI2_C_0
	Function /Game/mainBP/AI2.AI2_C:rotateTowardsEnemy:001C
[2016.07.23-00.06.23:863][623]LogScript:Warning: Cannot access 'AI2_C_1'. It is pending kill. Property: 'spottedPawn'
	AI2_C /Temp/Autosaves/Game/extras/Maps/UEDPCThirdPersonExampleMap.ThirdPersonExampleMap:PersistentLevel.AI2_C_0
	Function /Game/mainBP/AI2.AI2_C:ExecuteUbergraph_AI2:1395
[2016.07.23-00.06.23:863][623]LogScript:Warning: Cannot access 'AI2_C_1'. It is pending kill. Property: 'spottedPawn'
	AI2_C /Temp/Autosaves/Game/extras/Maps/UEDPCThirdPersonExampleMap.ThirdPersonExampleMap:PersistentLevel.AI2_C_0
	Function /Game/mainBP/AI2.AI2_C:ExecuteUbergraph_AI2:13E2
[2016.07.23-00.06.23:863][623]LogScript:Warning: Cannot access 'AI2_C_1'. It is pending kill. Property: 'spottedPawn'
	AI2_C /Temp/Autosaves/Game/extras/Maps/UEDPCThirdPersonExampleMap.ThirdPersonExampleMap:PersistentLevel.AI2_C_0
	Function /Game/mainBP/AI2.AI2_C:ExecuteUbergraph_AI2:147D
[2016.07.23-00.06.23:960][629]LogScript:Warning: Attempted to get an item from array CallFunc_GetOverlappingActors_OverlappingActors out of bounds [0/0]!
[2016.07.23-00.06.23:976][630]LogScript:Warning: Cannot access 'AI2_C_1'. It is pending kill. Property: 'self2'
	AI2_C /Temp/Autosaves/Game/extras/Maps/UEDPCThirdPersonExampleMap.ThirdPersonExampleMap:PersistentLevel.AI2_C_0
	Function /Game/mainBP/AI2.AI2_C:rotateTowardsEnemy:001C
[2016.07.23-00.06.24:267][648]LogScript:Warning: Attempted to get an item from array CallFunc_GetOverlappingActors_OverlappingActors out of bounds [0/0]!
[2016.07.23-00.06.24:315][651]LogBlueprintUserMessages: [AI2_C_0] lost sight
[2016.07.23-00.06.24:573][667]LogScript:Warning: Attempted to get an item from array CallFunc_GetOverlappingActors_OverlappingActors out of bounds [0/0]!
[2016.07.23-00.06.24:879][686]LogScript:Warning: Attempted to get an item from array CallFunc_GetOverlappingActors_OverlappingActors out of bounds [0/0]!
[2016.07.23-00.06.25:187][705]LogScript:Warning: Attempted to get an item from array CallFunc_GetOverlappingActors_OverlappingActors out of bounds [0/0]!
[2016.07.23-00.06.25:492][724]LogScript:Warning: Attempted to get an item from array CallFunc_GetOverlappingActors_OverlappingActors out of bounds [0/0]!
[2016.07.23-00.06.25:799][743]LogScript:Warning: Attempted to get an item from array CallFunc_GetOverlappingActors_OverlappingActors out of bounds [0/0]!
[2016.07.23-00.06.26:106][762]LogScript:Warning: Attempted to get an item from array CallFunc_GetOverlappingActors_OverlappingActors out of bounds [0/0]!
[2016.07.23-00.06.26:411][781]LogScript:Warning: Attempted to get an item from array CallFunc_GetOverlappingActors_OverlappingActors out of bounds [0/0]!
[2016.07.23-00.06.26:719][800]LogScript:Warning: Attempted to get an item from array CallFunc_GetOverlappingActors_OverlappingActors out of bounds [0/0]!
[2016.07.23-00.06.27:024][819]LogScript:Warning: Attempted to get an item from array CallFunc_GetOverlappingActors_OverlappingActors out of bounds [0/0]!
[2016.07.23-00.06.27:331][838]LogScript:Warning: Attempted to get an item from array CallFunc_GetOverlappingActors_OverlappingActors out of bounds [0/0]!
[2016.07.23-00.06.27:638][857]LogScript:Warning: Attempted to get an item from array CallFunc_GetOverlappingActors_OverlappingActors out of bounds [0/0]!
[2016.07.23-00.06.27:944][876]LogScript:Warning: Attempted to get an item from array CallFunc_GetOverlappingActors_OverlappingActors out of bounds [0/0]!
[2016.07.23-00.06.28:251][895]LogScript:Warning: Attempted to get an item from array CallFunc_GetOverlappingActors_OverlappingActors out of bounds [0/0]!
[2016.07.23-00.06.28:557][914]LogScript:Warning: Attempted to get an item from array CallFunc_GetOverlappingActors_OverlappingActors out of bounds [0/0]!
[2016.07.23-00.06.28:863][933]LogScript:Warning: Attempted to get an item from array CallFunc_GetOverlappingActors_OverlappingActors out of bounds [0/0]!
[2016.07.23-00.06.29:170][952]LogScript:Warning: Attempted to get an item from array CallFunc_GetOverlappingActors_OverlappingActors out of bounds [0/0]!
[2016.07.23-00.06.29:476][971]LogScript:Warning: Attempted to get an item from array CallFunc_GetOverlappingActors_OverlappingActors out of bounds [0/0]!
[2016.07.23-00.06.29:783][990]LogScript:Warning: Attempted to get an item from array CallFunc_GetOverlappingActors_OverlappingActors out of bounds [0/0]!
[2016.07.23-00.06.30:089][  9]LogScript:Warning: Attempted to get an item from array CallFunc_GetOverlappingActors_OverlappingActors out of bounds [0/0]!
[2016.07.23-00.06.30:396][ 28]LogScript:Warning: Attempted to get an item from array CallFunc_GetOverlappingActors_OverlappingActors out of bounds [0/0]!
[2016.07.23-00.06.30:461][ 32]LogBlueprintUserMessages: [patrolPoints_C_1] movingto
[2016.07.23-00.06.30:703][ 47]LogScript:Warning: Attempted to get an item from array CallFunc_GetOverlappingActors_OverlappingActors out of bounds [0/0]!
[2016.07.23-00.06.31:009][ 66]LogScript:Warning: Attempted to get an item from array CallFunc_GetOverlappingActors_OverlappingActors out of bounds [0/0]!
[2016.07.23-00.06.31:315][ 85]LogScript:Warning: Attempted to get an item from array CallFunc_GetOverlappingActors_OverlappingActors out of bounds [0/0]!
[2016.07.23-00.06.31:444][ 93]LogBlueprintUserMessages: [patrolPoints_C_1] finished
[2016.07.23-00.06.31:621][104]LogScript:Warning: Attempted to get an item from array CallFunc_GetOverlappingActors_OverlappingActors out of bounds [0/0]!
[2016.07.23-00.06.31:928][123]LogScript:Warning: Attempted to get an item from array CallFunc_GetOverlappingActors_OverlappingActors out of bounds [0/0]!
[2016.07.23-00.06.32:235][142]LogScript:Warning: Attempted to get an item from array CallFunc_GetOverlappingActors_OverlappingActors out of bounds [0/0]!
[2016.07.23-00.06.32:444][155]LogBlueprintUserMessages: [patrolPoints_C_1] finished
[2016.07.23-00.06.32:541][161]LogScript:Warning: Attempted to get an item from array CallFunc_GetOverlappingActors_OverlappingActors out of bounds [0/0]!
[2016.07.23-00.06.32:847][180]LogScript:Warning: Attempted to get an item from array CallFunc_GetOverlappingActors_OverlappingActors out of bounds [0/0]!
[2016.07.23-00.06.33:154][199]LogScript:Warning: Attempted to get an item from array CallFunc_GetOverlappingActors_OverlappingActors out of bounds [0/0]!
[2016.07.23-00.06.33:444][217]LogBlueprintUserMessages: [patrolPoints_C_1] finished
[2016.07.23-00.06.33:460][218]LogScript:Warning: Attempted to get an item from array CallFunc_GetOverlappingActors_OverlappingActors out of bounds [0/0]!
[2016.07.23-00.06.33:767][237]LogScript:Warning: Attempted to get an item from array CallFunc_GetOverlappingActors_OverlappingActors out of bounds [0/0]!
[2016.07.23-00.06.34:073][256]LogScript:Warning: Attempted to get an item from array CallFunc_GetOverlappingActors_OverlappingActors out of bounds [0/0]!
[2016.07.23-00.06.34:379][275]LogScript:Warning: Attempted to get an item from array CallFunc_GetOverlappingActors_OverlappingActors out of bounds [0/0]!
[2016.07.23-00.06.34:444][279]LogBlueprintUserMessages: [patrolPoints_C_1] finished
[2016.07.23-00.06.34:687][294]LogScript:Warning: Attempted to get an item from array CallFunc_GetOverlappingActors_OverlappingActors out of bounds [0/0]!
[2016.07.23-00.06.34:929][309]LogBlueprintUserMessages: [patrolPoints_C_1] movingto
[2016.07.23-00.06.34:992][313]LogScript:Warning: Attempted to get an item from array CallFunc_GetOverlappingActors_OverlappingActors out of bounds [0/0]!
[2016.07.23-00.06.35:300][332]LogScript:Warning: Attempted to get an item from array CallFunc_GetOverlappingActors_OverlappingActors out of bounds [0/0]!
[2016.07.23-00.06.35:606][351]LogScript:Warning: Attempted to get an item from array CallFunc_GetOverlappingActors_OverlappingActors out of bounds [0/0]!
[2016.07.23-00.06.35:912][370]LogScript:Warning: Attempted to get an item from array CallFunc_GetOverlappingActors_OverlappingActors out of bounds [0/0]!
[2016.07.23-00.06.36:220][389]LogScript:Warning: Attempted to get an item from array CallFunc_GetOverlappingActors_OverlappingActors out of bounds [0/0]!
[2016.07.23-00.06.36:525][408]LogScript:Warning: Attempted to get an item from array CallFunc_GetOverlappingActors_OverlappingActors out of bounds [0/0]!
[2016.07.23-00.06.36:832][427]LogScript:Warning: Attempted to get an item from array CallFunc_GetOverlappingActors_OverlappingActors out of bounds [0/0]!
[2016.07.23-00.06.37:138][446]LogScript:Warning: Attempted to get an item from array CallFunc_GetOverlappingActors_OverlappingActors out of bounds [0/0]!
[2016.07.23-00.06.37:445][465]LogScript:Warning: Attempted to get an item from array CallFunc_GetOverlappingActors_OverlappingActors out of bounds [0/0]!
[2016.07.23-00.06.37:752][484]LogScript:Warning: Attempted to get an item from array CallFunc_GetOverlappingActors_OverlappingActors out of bounds [0/0]!
[2016.07.23-00.06.38:057][503]LogScript:Warning: Attempted to get an item from array CallFunc_GetOverlappingActors_OverlappingActors out of bounds [0/0]!
[2016.07.23-00.06.38:364][522]LogScript:Warning: Attempted to get an item from array CallFunc_GetOverlappingActors_OverlappingActors out of bounds [0/0]!
[2016.07.23-00.06.38:671][541]LogScript:Warning: Attempted to get an item from array CallFunc_GetOverlappingActors_OverlappingActors out of bounds [0/0]!
[2016.07.23-00.06.39:306][575]LogWindowsTextInputMethodSystem:Display: IME system now deactivated.
[2016.07.23-00.06.39:309][575]LogEngine: All Windows Closed
[2016.07.23-00.06.39:309][575]LogWindows: FPlatformMisc::RequestExit(0)
[2016.07.23-00.06.39:712][576]LogExit: Preparing to exit.
[2016.07.23-00.06.39:893][576]LogExit: Game engine shut down
[2016.07.23-00.06.39:895][576]LogParticles: Destroying 0 GPU particle simulations for FXSystem 0x0000016FC6D68B80
[2016.07.23-00.06.40:075][576]LogExit: Object subsystem successfully closed.
[2016.07.23-00.06.40:091][576]LogD3D11RHI: Shutdown
[2016.07.23-00.06.40:091][576]LogD3D11RHI: CleanupD3DDevice
[2016.07.23-00.06.40:157][576]LogD3D11RHI: ~FD3D11DynamicRHI
[2016.07.23-00.06.40:174][576]LogModuleManager: Shutting down and abandoning module AndroidDeviceDetection (117)
[2016.07.23-00.06.40:547][576]LogModuleManager: Shutting down and abandoning module AutomationController (116)
[2016.07.23-00.06.40:547][576]LogModuleManager: Shutting down and abandoning module AutomationWorker (115)
[2016.07.23-00.06.40:547][576]LogModuleManager: Shutting down and abandoning module CharacterAI (114)
[2016.07.23-00.06.40:547][576]LogModuleManager: Shutting down and abandoning module AITestSuite (113)
[2016.07.23-00.06.40:547][576]LogModuleManager: Shutting down and abandoning module GameplayDebugger (112)
[2016.07.23-00.06.40:547][576]LogModuleManager: Shutting down and abandoning module AIModule (111)
[2016.07.23-00.06.40:547][576]LogModuleManager: Shutting down and abandoning module MovieSceneCapture (110)
[2016.07.23-00.06.40:547][576]LogModuleManager: Shutting down and abandoning module GameLiveStreaming (109)
[2016.07.23-00.06.40:547][576]LogModuleManager: Shutting down and abandoning module StreamingPauseRendering (108)
[2016.07.23-00.06.40:547][576]LogModuleManager: Shutting down and abandoning module ProfilerService (107)
[2016.07.23-00.06.40:680][576]LogModuleManager: Shutting down and abandoning module TaskGraph (106)
[2016.07.23-00.06.40:680][576]LogModuleManager: Shutting down and abandoning module SlateRemote (105)
[2016.07.23-00.06.40:680][576]LogModuleManager: Shutting down and abandoning module SteamVRController (104)
[2016.07.23-00.06.40:680][576]LogModuleManager: Shutting down and abandoning module SteamVR (103)
[2016.07.23-00.06.40:680][576]LogModuleManager: Shutting down and abandoning module ProceduralMeshComponent (102)
[2016.07.23-00.06.40:680][576]LogModuleManager: Shutting down and abandoning module OculusLibrary (101)
[2016.07.23-00.06.40:680][576]LogModuleManager: Shutting down and abandoning module OculusInput (100)
[2016.07.23-00.06.40:680][576]LogModuleManager: Shutting down and abandoning module LeapMotionController (99)
[2016.07.23-00.06.40:706][576]LogModuleManager: Shutting down and abandoning module CustomMeshComponent (98)
[2016.07.23-00.06.40:706][576]LogModuleManager: Shutting down and abandoning module CableComponent (97)
[2016.07.23-00.06.40:706][576]LogModuleManager: Shutting down and abandoning module ArchVisCharacter (96)
[2016.07.23-00.06.40:706][576]LogModuleManager: Shutting down and abandoning module HTML5Networking (95)
[2016.07.23-00.06.40:706][576]LogModuleManager: Shutting down and abandoning module DesktopPlatform (94)
[2016.07.23-00.06.40:706][576]LogModuleManager: Shutting down and abandoning module DirectoryWatcher (93)
[2016.07.23-00.06.40:706][576]LogModuleManager: Shutting down and abandoning module HotReload (92)
[2016.07.23-00.06.40:706][576]LogModuleManager: Shutting down and abandoning module VisualStudioSourceCodeAccess (91)
[2016.07.23-00.06.40:706][576]LogModuleManager: Shutting down and abandoning module UObjectPlugin (90)
[2016.07.23-00.06.40:706][576]LogModuleManager: Shutting down and abandoning module SubversionSourceControl (89)
[2016.07.23-00.06.40:706][576]LogModuleManager: Shutting down and abandoning module SourceControl (88)
[2016.07.23-00.06.40:706][576]LogModuleManager: Shutting down and abandoning module PerforceSourceControl (87)
[2016.07.23-00.06.40:706][576]LogModuleManager: Shutting down and abandoning module UdpMessaging (86)
[2016.07.23-00.06.40:706][576]LogModuleManager: Shutting down and abandoning module LightPropagationVolumeRuntime (85)
[2016.07.23-00.06.40:706][576]LogModuleManager: Shutting down and abandoning module Paper2D (84)
[2016.07.23-00.06.40:706][576]LogModuleManager: Shutting down and abandoning module WindowsMoviePlayer (83)
[2016.07.23-00.06.40:709][576]LogModuleManager: Shutting down and abandoning module Media (82)
[2016.07.23-00.06.40:709][576]LogModuleManager: Shutting down and abandoning module WmfMedia (81)
[2016.07.23-00.06.40:709][576]LogModuleManager: Shutting down and abandoning module OnlineBlueprintSupport (80)
[2016.07.23-00.06.40:709][576]LogModuleManager: Shutting down and abandoning module GameplayTasksEditor (79)
[2016.07.23-00.06.40:709][576]LogModuleManager: Shutting down and abandoning module PropertyEditor (78)
[2016.07.23-00.06.40:709][576]LogModuleManager: Shutting down and abandoning module BehaviorTreeEditor (77)
[2016.07.23-00.06.40:709][576]LogModuleManager: Shutting down and abandoning module FunctionalTesting (76)
[2016.07.23-00.06.40:709][576]LogModuleManager: Shutting down and abandoning module CollisionAnalyzer (75)
[2016.07.23-00.06.40:709][576]LogModuleManager: Shutting down and abandoning module WorkspaceMenuStructure (74)
[2016.07.23-00.06.40:709][576]LogModuleManager: Shutting down and abandoning module MessageLog (73)
[2016.07.23-00.06.40:709][576]LogModuleManager: Shutting down and abandoning module Sequencer (72)
[2016.07.23-00.06.40:709][576]LogModuleManager: Shutting down and abandoning module AssetTools (71)
[2016.07.23-00.06.40:709][576]LogModuleManager: Shutting down and abandoning module UMGEditor (70)
[2016.07.23-00.06.40:709][576]LogModuleManager: Shutting down and abandoning module UMG (69)
[2016.07.23-00.06.40:709][576]LogModuleManager: Shutting down and abandoning module Slate (68)
[2016.07.23-00.06.40:709][576]LogModuleManager: Shutting down and abandoning module EditorStyle (67)
[2016.07.23-00.06.40:712][576]LogModuleManager: Shutting down and abandoning module SessionServices (66)
[2016.07.23-00.06.40:712][576]LogModuleManager: Shutting down and abandoning module SourceCodeAccess (65)
[2016.07.23-00.06.40:712][576]LogModuleManager: Shutting down and abandoning module HeadMountedDisplay (64)
[2016.07.23-00.06.40:712][576]LogModuleManager: Shutting down and abandoning module XAudio2 (63)
[2016.07.23-00.06.40:712][576]LogModuleManager: Shutting down and abandoning module Networking (61)
[2016.07.23-00.06.40:712][576]LogModuleManager: Shutting down and abandoning module Core (60)
[2016.07.23-00.06.40:712][576]LogModuleManager: Shutting down and abandoning module KismetCompiler (59)
[2016.07.23-00.06.40:712][576]LogModuleManager: Shutting down and abandoning module PhysXFormats (58)
[2016.07.23-00.06.40:712][576]LogModuleManager: Shutting down and abandoning module MeshUtilities (57)
[2016.07.23-00.06.40:712][576]LogModuleManager: Shutting down and abandoning module DerivedDataCache (56)
[2016.07.23-00.06.40:874][576]LogDerivedDataCache: Shutdown
[2016.07.23-00.06.40:874][576]LogModuleManager: Shutting down and abandoning module ShaderFormatOpenGL (55)
[2016.07.23-00.06.40:874][576]LogModuleManager: Shutting down and abandoning module ShaderFormatD3D (54)
[2016.07.23-00.06.40:874][576]LogModuleManager: Shutting down and abandoning module MetalShaderFormat (53)
[2016.07.23-00.06.40:874][576]LogModuleManager: Shutting down and abandoning module TextureFormatUncompressed (52)
[2016.07.23-00.06.40:874][576]LogModuleManager: Shutting down and abandoning module TextureFormatPVR (51)
[2016.07.23-00.06.40:874][576]LogModuleManager: Shutting down and abandoning module TextureFormatIntelISPCTexComp (50)
[2016.07.23-00.06.40:874][576]LogModuleManager: Shutting down and abandoning module TextureFormatDXT (49)
[2016.07.23-00.06.40:874][576]LogModuleManager: Shutting down and abandoning module ImageWrapper (48)
[2016.07.23-00.06.40:874][576]LogModuleManager: Shutting down and abandoning module TextureFormatASTC (47)
[2016.07.23-00.06.40:874][576]LogModuleManager: Shutting down and abandoning module TextureFormatAndroid (46)
[2016.07.23-00.06.40:874][576]LogModuleManager: Shutting down and abandoning module AudioFormatOpus (45)
[2016.07.23-00.06.40:874][576]LogModuleManager: Shutting down and abandoning module AudioFormatOgg (44)
[2016.07.23-00.06.40:874][576]LogModuleManager: Shutting down and abandoning module AudioFormatADPCM (43)
[2016.07.23-00.06.40:874][576]LogModuleManager: Shutting down and abandoning module LinuxTargetPlatform (42)
[2016.07.23-00.06.40:874][576]LogModuleManager: Shutting down and abandoning module LinuxServerTargetPlatform (41)
[2016.07.23-00.06.40:874][576]LogModuleManager: Shutting down and abandoning module LinuxNoEditorTargetPlatform (40)
[2016.07.23-00.06.40:874][576]LogModuleManager: Shutting down and abandoning module Messaging (39)
[2016.07.23-00.06.40:874][576]LogModuleManager: Shutting down and abandoning module IOSTargetPlatform (38)
[2016.07.23-00.06.40:874][576]LogModuleManager: Shutting down and abandoning module HTML5TargetPlatform (37)
[2016.07.23-00.06.40:874][576]LogModuleManager: Shutting down and abandoning module Android_PVRTCTargetPlatform (36)
[2016.07.23-00.06.40:874][576]LogModuleManager: Shutting down and abandoning module Android_MultiTargetPlatform (35)
[2016.07.23-00.06.40:874][576]LogModuleManager: Shutting down and abandoning module Android_ETC2TargetPlatform (34)
[2016.07.23-00.06.40:874][576]LogModuleManager: Shutting down and abandoning module Android_ETC1TargetPlatform (33)
[2016.07.23-00.06.40:874][576]LogModuleManager: Shutting down and abandoning module Android_DXTTargetPlatform (32)
[2016.07.23-00.06.40:874][576]LogModuleManager: Shutting down and abandoning module Android_ATCTargetPlatform (31)
[2016.07.23-00.06.40:874][576]LogModuleManager: Shutting down and abandoning module Android_ASTCTargetPlatform (30)
[2016.07.23-00.06.40:874][576]LogModuleManager: Shutting down and abandoning module AndroidTargetPlatform (29)
[2016.07.23-00.06.40:874][576]LogModuleManager: Shutting down and abandoning module WindowsTargetPlatform (28)
[2016.07.23-00.06.40:874][576]LogModuleManager: Shutting down and abandoning module WindowsServerTargetPlatform (27)
[2016.07.23-00.06.40:874][576]LogModuleManager: Shutting down and abandoning module WindowsNoEditorTargetPlatform (26)
[2016.07.23-00.06.40:874][576]LogModuleManager: Shutting down and abandoning module WindowsClientTargetPlatform (25)
[2016.07.23-00.06.40:874][576]LogModuleManager: Shutting down and abandoning module AllDesktopTargetPlatform (24)
[2016.07.23-00.06.40:874][576]LogModuleManager: Shutting down and abandoning module TargetPlatform (23)
[2016.07.23-00.06.40:874][576]LogModuleManager: Shutting down and abandoning module InputCore (22)
[2016.07.23-00.06.40:874][576]LogModuleManager: Shutting down and abandoning module Settings (21)
[2016.07.23-00.06.40:874][576]LogModuleManager: Shutting down and abandoning module OnlineSubsystem (19)
[2016.07.23-00.06.40:874][576]LogModuleManager: Shutting down and abandoning module HTTP (18)
[2016.07.23-00.06.40:875][576]LogModuleManager: Shutting down and abandoning module XMPP (17)
[2016.07.23-00.06.40:875][576]LogModuleManager: Shutting down and abandoning module OculusRift (16)
[2016.07.23-00.06.40:875][576]LogModuleManager: Shutting down and abandoning module ExampleDeviceProfileSelector (15)
[2016.07.23-00.06.40:875][576]LogModuleManager: Shutting down and abandoning module TextureCompressor (14)
[2016.07.23-00.06.40:875][576]LogModuleManager: Shutting down and abandoning module ShaderCore (13)
[2016.07.23-00.06.40:875][576]LogModuleManager: Shutting down and abandoning module Landscape (12)
[2016.07.23-00.06.40:875][576]LogModuleManager: Shutting down and abandoning module SlateRHIRenderer (11)
[2016.07.23-00.06.40:875][576]LogModuleManager: Shutting down and abandoning module OpenGLDrv (10)
[2016.07.23-00.06.40:875][576]LogModuleManager: Shutting down and abandoning module D3D11RHI (9)
[2016.07.23-00.06.40:875][576]LogModuleManager: Shutting down and abandoning module AnimGraphRuntime (8)
[2016.07.23-00.06.40:875][576]LogModuleManager: Shutting down and abandoning module Renderer (7)
[2016.07.23-00.06.40:875][576]LogModuleManager: Shutting down and abandoning module Engine (6)
[2016.07.23-00.06.40:875][576]LogModuleManager: Shutting down and abandoning module CoreUObject (5)
[2016.07.23-00.06.40:875][576]LogModuleManager: Shutting down and abandoning module NetworkFile (4)
[2016.07.23-00.06.40:875][576]LogModuleManager: Shutting down and abandoning module StreamingFile (3)
[2016.07.23-00.06.40:875][576]LogModuleManager: Shutting down and abandoning module SandboxFile (2)
[2016.07.23-00.06.40:875][576]LogModuleManager: Shutting down and abandoning module PakFile (1)
[2016.07.23-00.06.40:876][576]LogExit: Exiting.
[2016.07.23-00.06.40:877][576]Log file closed, 07/22/16 17:06:40
