[2016.06.18-07.15.20:336][  0]Log file open, 06/18/16 00:15:20
[2016.06.18-07.15.20:336][  0]LogInit:Display: Running engine for game: GaryTim
[2016.06.18-07.15.20:336][  0]LogPlatformFile: Not using cached read wrapper
[2016.06.18-07.15.20:336][  0]LogInit:Display: RandInit(1906594682) SRandInit(1906594683).
[2016.06.18-07.15.20:336][  0]LogTaskGraph: Started task graph with 4 named threads and 7 total threads.
[2016.06.18-07.15.20:336][  0]LogStats: Stats thread started at 0.079279
[2016.06.18-07.15.20:336][  0]LogInit: Version: 4.10.4-2872498+++depot+UE4-Releases+4.10
[2016.06.18-07.15.20:336][  0]LogInit: API Version: 2758231
[2016.06.18-07.15.20:336][  0]LogInit: Compiled (64-bit): Feb 18 2016 15:47:04
[2016.06.18-07.15.20:336][  0]LogInit: Compiled with Visual C++: 19.00.23026.00
[2016.06.18-07.15.20:336][  0]LogInit: Build Configuration: Development
[2016.06.18-07.15.20:336][  0]LogInit: Branch Name: ++depot+UE4-Releases+4.10
[2016.06.18-07.15.20:336][  0]LogInit: Command line: 
[2016.06.18-07.15.20:336][  0]LogInit: Base directory: C:/Program Files (x86)/Epic Games/4.10/Engine/Binaries/Win64/
[2016.06.18-07.15.20:336][  0]LogInit: Rocket: 1
[2016.06.18-07.15.20:342][  0]LogInit: Using libcurl 7.41.0
[2016.06.18-07.15.20:342][  0]LogInit:  - built for x86_64-pc-win32
[2016.06.18-07.15.20:342][  0]LogInit:  - supports SSL with WinSSL
[2016.06.18-07.15.20:342][  0]LogInit:  - other features:
[2016.06.18-07.15.20:342][  0]LogInit:      CURL_VERSION_SSL
[2016.06.18-07.15.20:342][  0]LogInit:      CURL_VERSION_IPV6
[2016.06.18-07.15.20:342][  0]LogInit:      CURL_VERSION_ASYNCHDNS
[2016.06.18-07.15.20:342][  0]LogInit:      CURL_VERSION_LARGEFILE
[2016.06.18-07.15.20:342][  0]LogInit:      CURL_VERSION_IDN
[2016.06.18-07.15.20:342][  0]LogInit:  CurlRequestOptions (configurable via config and command line):
[2016.06.18-07.15.20:342][  0]LogInit:  - bVerifyPeer = true  - Libcurl will verify peer certificate
[2016.06.18-07.15.20:342][  0]LogInit:  - bUseHttpProxy = false  - Libcurl will NOT use HTTP proxy
[2016.06.18-07.15.20:342][  0]LogInit:  - bDontReuseConnections = false  - Libcurl will reuse connections
[2016.06.18-07.15.20:342][  0]LogInit:  - CertBundlePath = nullptr  - Libcurl will use whatever was configured at build time.
[2016.06.18-07.15.20:349][  0]LogInit: Presizing for 0 objects not considered by GC, pre-allocating 0 bytes.
[2016.06.18-07.15.20:354][  0]LogInit: Object subsystem initialized
[2016.06.18-07.15.20:355][  0]LogInit: Selected Device Profile: [Windows]
[2016.06.18-07.15.20:355][  0]LogInit: Applying CVar settings loaded from the selected device profile: [Windows]
[2016.06.18-07.15.20:376][  0]LogInit: Computer: MSI
[2016.06.18-07.15.20:376][  0]LogInit: User: MasterGuy
[2016.06.18-07.15.20:376][  0]LogInit: CPU Page size=4096, Cores=4
[2016.06.18-07.15.20:376][  0]LogInit: High frequency timer resolution =2.338348 MHz
[2016.06.18-07.15.20:376][  0]LogMemory: Memory total: Physical=7.9GB (8GB approx)
[2016.06.18-07.15.20:376][  0]LogMemory: Platform Memory Stats for Windows
[2016.06.18-07.15.20:376][  0]LogMemory: Process Physical Memory: 58.05 MB used, 58.05 MB peak
[2016.06.18-07.15.20:376][  0]LogMemory: Process Virtual Memory: 57.82 MB used, 57.82 MB peak
[2016.06.18-07.15.20:376][  0]LogMemory: Physical Memory: 4245.47 MB used, 8110.90 MB total
[2016.06.18-07.15.20:376][  0]LogMemory: Virtual Memory: 384.58 MB used, 134217728.00 MB total
[2016.06.18-07.15.20:420][  0]LogTextLocalizationManager: No specific translations for ('en-US') exist, so ('en') translations will be used.
[2016.06.18-07.15.20:874][  0]LogD3D11RHI: Found D3D11 adapter 0: NVIDIA GeForce GTX 765M (Feature Level 11_0)
[2016.06.18-07.15.20:874][  0]LogD3D11RHI: Adapter has 1991MB of dedicated video memory, 0MB of dedicated system memory, and 4055MB of shared system memory, 1 output[s]
[2016.06.18-07.15.20:880][  0]LogD3D11RHI: Found D3D11 adapter 1: Intel(R) HD Graphics 4600 (Feature Level 11_0)
[2016.06.18-07.15.20:880][  0]LogD3D11RHI: Adapter has 112MB of dedicated video memory, 0MB of dedicated system memory, and 4055MB of shared system memory, 0 output[s]
[2016.06.18-07.15.20:882][  0]LogD3D11RHI: Found D3D11 adapter 2: Microsoft Basic Render Driver (Feature Level 11_0)
[2016.06.18-07.15.20:882][  0]LogD3D11RHI: Adapter has 0MB of dedicated video memory, 0MB of dedicated system memory, and 4055MB of shared system memory, 0 output[s]
[2016.06.18-07.15.20:882][  0]LogD3D11RHI: Chosen D3D11 Adapter Id = 0
[2016.06.18-07.15.20:887][  0]LogD3D11RHI: !Direct3DDevice
[2016.06.18-07.15.20:887][  0]LogRHI: Texture pool is 1361 MB (70% of 1945 MB)
[2016.06.18-07.15.20:901][  0]LogD3D11RHI: Async texture creation enabled
[2016.06.18-07.15.20:917][  0]LogShaderCompilers: Guid format shader working directory is -13 characters bigger than the processId version (../../../../../../Users/Master Guy/Desktop/suppository/GaryTim/Intermediate/Shaders/WorkingDirectory/8540/).
[2016.06.18-07.15.20:917][  0]LogShaderCompilers: Cleaned the shader compiler working directory 'C:/Users/MASTER~1/AppData/Local/Temp/UnrealShaderWorkingDir/0E5A9B634C8A8ACB19269F8881C234AC/'.
[2016.06.18-07.15.20:917][  0]LogShaderCompilers:Display: Using Local Shader Compiler.
[2016.06.18-07.15.21:927][  0]LogTemp:Display: Loaded TP AllDesktopTargetPlatform
[2016.06.18-07.15.21:932][  0]LogTemp:Display: Loaded TP WindowsClientTargetPlatform
[2016.06.18-07.15.21:937][  0]LogTemp:Display: Loaded TP WindowsNoEditorTargetPlatform
[2016.06.18-07.15.21:941][  0]LogTemp:Display: Loaded TP WindowsServerTargetPlatform
[2016.06.18-07.15.21:946][  0]LogTemp:Display: Loaded TP WindowsTargetPlatform
[2016.06.18-07.15.21:949][  0]LogTemp:Display: Loaded TP AndroidTargetPlatform
[2016.06.18-07.15.21:952][  0]LogTemp:Display: Loaded TP Android_ASTCTargetPlatform
[2016.06.18-07.15.21:955][  0]LogTemp:Display: Loaded TP Android_ATCTargetPlatform
[2016.06.18-07.15.21:958][  0]LogTemp:Display: Loaded TP Android_DXTTargetPlatform
[2016.06.18-07.15.21:961][  0]LogTemp:Display: Loaded TP Android_ETC1TargetPlatform
[2016.06.18-07.15.21:964][  0]LogTemp:Display: Loaded TP Android_ETC2TargetPlatform
[2016.06.18-07.15.21:971][  0]LogTemp:Display: Loaded TP Android_MultiTargetPlatform
[2016.06.18-07.15.21:971][  0]LogTemp:Display: Loaded TP Android_PVRTCTargetPlatform
[2016.06.18-07.15.21:991][  0]LogTemp:Display: Loaded TP HTML5TargetPlatform
[2016.06.18-07.15.22:008][  0]LogTemp:Display: Loaded TP IOSTargetPlatform
[2016.06.18-07.15.22:011][  0]LogTemp:Display: Loaded TP LinuxNoEditorTargetPlatform
[2016.06.18-07.15.22:014][  0]LogTemp:Display: Loaded TP LinuxServerTargetPlatform
[2016.06.18-07.15.22:017][  0]LogTemp:Display: Loaded TP LinuxTargetPlatform
[2016.06.18-07.15.22:017][  0]LogTargetPlatformManager:Display: Building Assets For Windows
[2016.06.18-07.15.22:103][  0]LogDerivedDataCache:Display: Max Cache Size: 512 MB
[2016.06.18-07.15.22:152][  0]LogDerivedDataCache: Loaded boot cache 0.05s 41MB C:/Users/Master Guy/AppData/Local/UnrealEngine/4.10/DerivedDataCache/Boot.ddc.
[2016.06.18-07.15.22:152][  0]LogDerivedDataCache:Display: Loaded Boot cache: C:/Users/Master Guy/AppData/Local/UnrealEngine/4.10/DerivedDataCache/Boot.ddc
[2016.06.18-07.15.22:152][  0]LogDerivedDataCache: FDerivedDataBackendGraph:  Pak pak cache file ../../../../../../Users/Master Guy/Desktop/suppository/GaryTim/DerivedDataCache/DDC.ddp not found, will not use a pak cache.
[2016.06.18-07.15.22:152][  0]LogDerivedDataCache: Unable to find inner node Pak for hierarchical cache Hierarchy.
[2016.06.18-07.15.22:152][  0]LogDerivedDataCache: FDerivedDataBackendGraph:  CompressedPak pak cache file ../../../../../../Users/Master Guy/Desktop/suppository/GaryTim/DerivedDataCache/Compressed.ddp not found, will not use a pak cache.
[2016.06.18-07.15.22:152][  0]LogDerivedDataCache: Unable to find inner node CompressedPak for hierarchical cache Hierarchy.
[2016.06.18-07.15.22:208][  0]LogDerivedDataCache:Display: Pak cache opened for reading ../../../Engine/DerivedDataCache/Compressed.ddp.
[2016.06.18-07.15.22:220][  0]LogDerivedDataCache: Using Local data cache path C:/Users/Master Guy/AppData/Local/UnrealEngine/Common/DerivedDataCache: Writable
[2016.06.18-07.15.22:419][  0]LogInit: Selected Device Profile: [Windows]
[2016.06.18-07.15.22:422][  0]LogContentStreaming: Texture pool size is 0.000000MB
[2016.06.18-07.15.22:565][  0]LogMeshUtilities: No automatic mesh reduction module available
[2016.06.18-07.15.22:565][  0]LogMeshUtilities: No automatic mesh merging module available
[2016.06.18-07.15.22:821][  0]LogInit: WinSock: version 1.1 (2.2), MaxSocks=32767, MaxUdp=65467
[2016.06.18-07.15.23:838][  0]UdpMessaging: Initializing bridge on interface 0.0.0.0:0 to multicast group 230.0.0.1:6666.
[2016.06.18-07.15.23:941][  0]LogAssetRegistry: FAssetRegistry took 0.0106 seconds to start up
[2016.06.18-07.15.24:119][  0]SourceControl: Info Source control is disabled
[2016.06.18-07.15.24:120][  0]SourceControl: Info Source control is disabled
[2016.06.18-07.15.24:134][  0]SourceControl: Info Source control is disabled
[2016.06.18-07.15.24:147][  0]SourceControl: Info Source control is disabled
[2016.06.18-07.15.24:429][  0]LogObj: 28633 objects as part of root set at end of initial load.
[2016.06.18-07.15.24:429][  0]LogUObjectAllocator: 6099752 out of 0 bytes used by permanent object pool.
[2016.06.18-07.15.24:482][  0]LogEngine: Initializing Engine...
[2016.06.18-07.15.24:486][  0]LogHMD: Can't find Oculus library dev build: is proper Runtime installed? Version: 0.8.0.0
[2016.06.18-07.15.24:486][  0]LogHMD: SteamVR failed to initialize.  Err: 110
[2016.06.18-07.15.24:605][  0]LogAIModule: Creating AISystem for world NewWorld
[2016.06.18-07.15.24:610][  0]LogInit: XAudio2 using 'Speakers (Realtek High Definition Audio)' : 2 channels at 48 kHz using 32 bits per sample (channel mask 0x3)
[2016.06.18-07.15.24:637][  0]LogInit: FAudioDevice initialized.
[2016.06.18-07.15.24:694][  0]LogDerivedDataCache: Saved boot cache 0.06s 41MB C:/Users/Master Guy/AppData/Local/UnrealEngine/4.10/DerivedDataCache/Boot.ddc.
[2016.06.18-07.15.24:698][  0]LogInit: Texture streaming: Enabled
[2016.06.18-07.15.24:703][  0]LogAnalytics: Creating configured Analytics provider AnalyticsET
[2016.06.18-07.15.24:703][  0]LogAnalytics: [UEEditor.Rocket.Release] APIServer = http://et2.epicgames.com/ET2/. AppVersion = 4.10.4-2872498+++depot+UE4-Releases+4.10
[2016.06.18-07.15.24:704][  0]LogAnalytics: [UEEditor.Rocket.Release] SetUserId 0ff8bdf5463f31a35e2b04b809019cd1|10f330c5297a4636b2afc2f7247333c3|a5587157-775d-4618-9bfb-78982c3b8f98
[2016.06.18-07.15.24:704][  0]LogAnalytics: [UEEditor.Rocket.Release] AnalyticsET::StartSession
[2016.06.18-07.15.24:713][  0]LogInit: Transaction tracking system initialized
[2016.06.18-07.15.24:737][  0]BlueprintLog: New page: Editor Load
[2016.06.18-07.15.24:810][  0]LocalizationService: Info Localization service is disabled
[2016.06.18-07.15.24:931][  0]LogLinker:Warning: Can't find file '/Game/FirstPersonBP/FirstPersonOverview'
[2016.06.18-07.15.24:931][  0]LogLinker:Warning: Can't find file '/Game/FirstPersonBP/FirstPersonOverview'
[2016.06.18-07.15.24:931][  0]LogUObjectGlobals:Warning: Failed to find object 'Class /Game/FirstPersonBP/FirstPersonOverview.FirstPersonOverview_C'
[2016.06.18-07.15.24:944][  0]LogConsoleResponse:Display: 
[2016.06.18-07.15.25:051][  0]LogCook:Display: Done creating registry. It took  0.00s.
[2016.06.18-07.15.25:113][  0]SourceControl: Info Source control is disabled
[2016.06.18-07.15.25:113][  0]Cmd: MAP LOAD FILE="../../../../../../Users/Master Guy/Desktop/suppository/GaryTim/Content/ThirdPersonBP/Maps/ThirdPersonExampleMap.umap" TEMPLATE=0 SHOWPROGRESS=1 FEATURELEVEL=3
[2016.06.18-07.15.25:147][  0]LogEditorServer:Warning: Can't find file '../../../../../../Users/Master Guy/Desktop/suppository/GaryTim/Content/ThirdPersonBP/Maps/ThirdPersonExampleMap.umap'
[2016.06.18-07.15.25:147][  0]Cmd: MAP CHECKDEP NOCLEARLOG
[2016.06.18-07.15.25:226][  0]MapCheck: Info Map check complete: 0 Error(s), 0 Warning(s), took 79.145ms to complete.
[2016.06.18-07.15.25:226][  0]LogFileHelpers: Loading map 'ThirdPersonExampleMap' took 0.113
[2016.06.18-07.15.26:457][  0]LogCollectionManager: Loaded 0 collections in 0.031166 seconds
[2016.06.18-07.15.26:463][  0]LogCollectionManager: Rebuilt the GUID cache for 0 collections in 0.000002 seconds
[2016.06.18-07.15.26:470][  0]LogContentBrowser: Native class hierarchy populated in 0.0065 seconds. Added 1893 classes and 338 folders.
[2016.06.18-07.15.26:476][  0]LogContentBrowser: Native class hierarchy updated for 'WidgetCarousel' in 0.0003 seconds. Added 0 classes and 0 folders.
[2016.06.18-07.15.34:481][  0]LogFileCache: Scanning file cache for directory 'C:/Users/Master Guy/Desktop/suppository/GaryTim/Content/' took 1.61s
[2016.06.18-07.15.34:481][  0]LogFileCache: Scanning file cache for directory 'C:/Users/Master Guy/Desktop/suppository/GaryTim/Saved/Collections/' took 0.19s
[2016.06.18-07.15.34:481][  0]LogFileCache: Scanning file cache for directory 'C:/Users/Master Guy/Desktop/suppository/GaryTim/Content/Developers/MasterGuy/Collections/' took 0.19s
[2016.06.18-07.15.34:481][  0]LogFileCache: Scanning file cache for directory 'C:/Users/Master Guy/Desktop/suppository/GaryTim/Content/Collections/' took 0.19s
[2016.06.18-07.15.34:481][  0]LogContentBrowser: Native class hierarchy updated for 'AddContentDialog' in 0.0004 seconds. Added 0 classes and 0 folders.
[2016.06.18-07.15.34:840][  0]LogContentBrowser: Native class hierarchy updated for 'SceneOutliner' in 0.0004 seconds. Added 1 classes and 2 folders.
[2016.06.18-07.15.35:049][  0]LogCrashTracker: Crashtracker disabled due to settings.
[2016.06.18-07.15.35:053][  0]LogUObjectGlobals:Warning: Failed to find object 'Class None.'
[2016.06.18-07.15.35:075][  0]LogLoad: Full Startup: 16.04 seconds (BP compile: 0.00 seconds)
[2016.06.18-07.15.35:097][  0]LogOcInput: Can't find Oculus library dev build: is proper Runtime installed? Version: 0.8.0.0
[2016.06.18-07.15.35:449][  0]LogContentStreaming: Texture pool size now 400 MB
[2016.06.18-07.15.35:621][  0]LogRenderer: Reallocating scene render targets to support 592x400 (Frame:2).
[2016.06.18-07.15.36:030][  2]LogAssetRegistry: Asset discovery search completed in 12.0997 seconds
[2016.06.18-07.15.36:030][  2]LogCollectionManager: Rebuilt the object cache for 0 collections in 0.000001 seconds (found 0 objects)
[2016.06.18-07.15.36:030][  2]LogCollectionManager: Fixed up redirectors for 0 collections in 0.000022 seconds (updated 0 objects)
[2016.06.18-07.15.37:730][ 87]LogRenderer: Reallocating scene render targets to support 952x408 (Frame:6).
[2016.06.18-07.15.54:199][757]LogAIModule: Creating AISystem for world ThirdPersonExampleMap
[2016.06.18-07.15.54:254][757]Cmd: MAP LOAD FILE="../../../../../../Users/Master Guy/Desktop/suppository/GaryTim/Content/extras/Maps/ThirdPersonExampleMap.umap" TEMPLATE=0 SHOWPROGRESS=1 FEATURELEVEL=3
[2016.06.18-07.15.54:255][757]LightingResults: New page: Lighting Build
[2016.06.18-07.15.54:257][757]LogContentBrowser: Native class hierarchy updated for 'StatsViewer' in 0.0004 seconds. Added 5 classes and 0 folders.
[2016.06.18-07.15.54:287][757]LoadErrors: New page: Loading map: ThirdPersonExampleMap.umap
[2016.06.18-07.15.54:287][757]MapCheck: New page: Map Check
[2016.06.18-07.15.54:288][757]LightingResults: New page: Lighting Build
[2016.06.18-07.15.54:300][757]LogParticles: Destroying 0 GPU particle simulations for FXSystem 0x0000020540386AC0
[2016.06.18-07.15.54:314][757]LogEditorServer: Finished looking for orphan Actors (0.000 secs)
[2016.06.18-07.15.54:396][757]Cmd: MAP CHECKDEP NOCLEARLOG
[2016.06.18-07.15.54:509][757]MapCheck: Info Map check complete: 0 Error(s), 0 Warning(s), took 113.096ms to complete.
[2016.06.18-07.15.54:510][757]LogFileHelpers: Loading map 'ThirdPersonExampleMap' took 0.257
[2016.06.18-07.16.23:076][454]LogBlueprintUserMessages: Early PlayInEditor Detection: Level '/Game/extras/Maps/ThirdPersonExampleMap.ThirdPersonExampleMap:PersistentLevel' has LevelScriptBlueprint '/Game/extras/Maps/ThirdPersonExampleMap.ThirdPersonExampleMap:PersistentLevel.ThirdPersonExampleMap' with GeneratedClass '/Game/extras/Maps/ThirdPersonExampleMap.ThirdPersonExampleMap_C' with ClassGeneratedBy '/Game/extras/Maps/ThirdPersonExampleMap.ThirdPersonExampleMap:PersistentLevel.ThirdPersonExampleMap'
[2016.06.18-07.16.23:076][454]LogPlayLevel: PlayLevel: No blueprints needed recompiling
[2016.06.18-07.16.23:076][454]PIE: New page: PIE session: ThirdPersonExampleMap (Jun 17, 2016, 5:16:23 PM)
[2016.06.18-07.16.23:076][454]LogPlayLevel: Creating play world package: /Game/extras/Maps/UEDPIE_0_ThirdPersonExampleMap
[2016.06.18-07.16.23:106][454]LogPlayLevel: PIE: StaticDuplicateObject took: (0.030229s)
[2016.06.18-07.16.23:107][454]LogAIModule: Creating AISystem for world ThirdPersonExampleMap
[2016.06.18-07.16.23:107][454]LogPlayLevel: PIE: World Init took: (0.000942s)
[2016.06.18-07.16.23:107][454]LogPlayLevel: PIE: Created PIE world by copying editor world from /Game/extras/Maps/ThirdPersonExampleMap.ThirdPersonExampleMap to /Game/extras/Maps/UEDPIE_0_ThirdPersonExampleMap.ThirdPersonExampleMap (0.031492s)
[2016.06.18-07.16.23:130][454]LogInit: XAudio2 using 'Speakers (Realtek High Definition Audio)' : 2 channels at 48 kHz using 32 bits per sample (channel mask 0x3)
[2016.06.18-07.16.23:139][454]LogInit: FAudioDevice initialized.
[2016.06.18-07.16.23:248][454]LogWorld: Game class is 'ThirdPersonGameMode_C'
[2016.06.18-07.16.23:255][454]LogWorld: Bringing World /Game/extras/Maps/UEDPIE_0_ThirdPersonExampleMap.ThirdPersonExampleMap up for play (max tick rate 60) at 2016.06.18-00.16.23
[2016.06.18-07.16.23:255][454]LogActor:Warning: GameSession /Game/extras/Maps/UEDPIE_0_ThirdPersonExampleMap.ThirdPersonExampleMap:PersistentLevel.GameSession_0 has natively added scene component(s), but none of them were set as the actor's RootComponent - picking one arbitrarily
[2016.06.18-07.16.23:256][454]LogActor:Warning: GameNetworkManager /Game/extras/Maps/UEDPIE_0_ThirdPersonExampleMap.ThirdPersonExampleMap:PersistentLevel.GameNetworkManager_0 has natively added scene component(s), but none of them were set as the actor's RootComponent - picking one arbitrarily
[2016.06.18-07.16.23:257][454]LogWorld: Bringing up level for play took: 0.007160
[2016.06.18-07.16.23:260][454]PIE: Info Play in editor start time for /Game/extras/Maps/UEDPIE_0_ThirdPersonExampleMap -0.343
[2016.06.18-07.16.23:260][454]LogBlueprintUserMessages: Late PlayInEditor Detection: Level '/Game/extras/Maps/ThirdPersonExampleMap.ThirdPersonExampleMap:PersistentLevel' has LevelScriptBlueprint '/Game/extras/Maps/ThirdPersonExampleMap.ThirdPersonExampleMap:PersistentLevel.ThirdPersonExampleMap' with GeneratedClass '/Game/extras/Maps/ThirdPersonExampleMap.ThirdPersonExampleMap_C' with ClassGeneratedBy '/Game/extras/Maps/ThirdPersonExampleMap.ThirdPersonExampleMap:PersistentLevel.ThirdPersonExampleMap'
[2016.06.18-07.16.23:329][457]LogScript:Warning: Attempted to get an item from array CallFunc_GetOverlappingActors_OverlappingActors out of bounds [0/0]!
[2016.06.18-07.16.23:628][475]LogScript:Warning: Attempted to get an item from array CallFunc_GetOverlappingActors_OverlappingActors out of bounds [0/0]!
[2016.06.18-07.16.23:929][493]LogScript:Warning: Attempted to get an item from array CallFunc_GetOverlappingActors_OverlappingActors out of bounds [0/0]!
[2016.06.18-07.16.24:228][511]LogScript:Warning: Attempted to get an item from array CallFunc_GetOverlappingActors_OverlappingActors out of bounds [0/0]!
[2016.06.18-07.16.24:529][529]LogScript:Warning: Attempted to get an item from array CallFunc_GetOverlappingActors_OverlappingActors out of bounds [0/0]!
[2016.06.18-07.16.24:828][547]LogScript:Warning: Attempted to get an item from array CallFunc_GetOverlappingActors_OverlappingActors out of bounds [0/0]!
[2016.06.18-07.16.25:129][565]LogScript:Warning: Attempted to get an item from array CallFunc_GetOverlappingActors_OverlappingActors out of bounds [0/0]!
[2016.06.18-07.16.25:429][583]LogScript:Warning: Attempted to get an item from array CallFunc_GetOverlappingActors_OverlappingActors out of bounds [0/0]!
[2016.06.18-07.16.25:728][601]LogScript:Warning: Attempted to get an item from array CallFunc_GetOverlappingActors_OverlappingActors out of bounds [0/0]!
[2016.06.18-07.16.26:028][619]LogScript:Warning: Attempted to get an item from array CallFunc_GetOverlappingActors_OverlappingActors out of bounds [0/0]!
[2016.06.18-07.16.26:328][637]LogScript:Warning: Attempted to get an item from array CallFunc_GetOverlappingActors_OverlappingActors out of bounds [0/0]!
[2016.06.18-07.16.26:628][655]LogScript:Warning: Attempted to get an item from array CallFunc_GetOverlappingActors_OverlappingActors out of bounds [0/0]!
[2016.06.18-07.16.26:929][673]LogScript:Warning: Attempted to get an item from array CallFunc_GetOverlappingActors_OverlappingActors out of bounds [0/0]!
[2016.06.18-07.16.27:229][691]LogScript:Warning: Attempted to get an item from array CallFunc_GetOverlappingActors_OverlappingActors out of bounds [0/0]!
[2016.06.18-07.16.27:528][709]LogScript:Warning: Attempted to get an item from array CallFunc_GetOverlappingActors_OverlappingActors out of bounds [0/0]!
[2016.06.18-07.16.27:828][727]LogScript:Warning: Attempted to get an item from array CallFunc_GetOverlappingActors_OverlappingActors out of bounds [0/0]!
[2016.06.18-07.16.28:128][745]LogScript:Warning: Attempted to get an item from array CallFunc_GetOverlappingActors_OverlappingActors out of bounds [0/0]!
[2016.06.18-07.16.28:428][763]LogScript:Warning: Attempted to get an item from array CallFunc_GetOverlappingActors_OverlappingActors out of bounds [0/0]!
[2016.06.18-07.16.28:728][781]LogScript:Warning: Attempted to get an item from array CallFunc_GetOverlappingActors_OverlappingActors out of bounds [0/0]!
[2016.06.18-07.16.29:029][799]LogScript:Warning: Attempted to get an item from array CallFunc_GetOverlappingActors_OverlappingActors out of bounds [0/0]!
[2016.06.18-07.16.29:329][817]LogScript:Warning: Attempted to get an item from array CallFunc_GetOverlappingActors_OverlappingActors out of bounds [0/0]!
[2016.06.18-07.16.29:628][835]LogScript:Warning: Attempted to get an item from array CallFunc_GetOverlappingActors_OverlappingActors out of bounds [0/0]!
[2016.06.18-07.16.29:928][853]LogScript:Warning: Attempted to get an item from array CallFunc_GetOverlappingActors_OverlappingActors out of bounds [0/0]!
[2016.06.18-07.16.30:229][871]LogScript:Warning: Attempted to get an item from array CallFunc_GetOverlappingActors_OverlappingActors out of bounds [0/0]!
[2016.06.18-07.16.30:528][889]LogScript:Warning: Attempted to get an item from array CallFunc_GetOverlappingActors_OverlappingActors out of bounds [0/0]!
[2016.06.18-07.16.30:812][906]LogBlueprintUserMessages: [doingJob_C_1] Eating
[2016.06.18-07.16.30:828][907]LogScript:Warning: Attempted to get an item from array CallFunc_GetOverlappingActors_OverlappingActors out of bounds [0/0]!
[2016.06.18-07.16.30:878][910]LogBlueprintUserMessages: [BTS_wandering_C_1] some shits on fire
[2016.06.18-07.16.31:140][925]LogScript:Warning: Attempted to get an item from array CallFunc_GetOverlappingActors_OverlappingActors out of bounds [0/0]!
[2016.06.18-07.16.31:445][941]LogScript:Warning: Attempted to get an item from array CallFunc_GetOverlappingActors_OverlappingActors out of bounds [0/0]!
[2016.06.18-07.16.31:745][959]LogBlueprintUserMessages: [putoutfire_C_1] fixing
[2016.06.18-07.16.34:745][139]LogBlueprintUserMessages: [BTS_wandering_C_1] fixed
[2016.06.18-07.16.35:645][193]LogScript:Warning: Attempted to get an item from array CallFunc_GetOverlappingActors_OverlappingActors out of bounds [0/0]!
[2016.06.18-07.16.35:929][210]LogBlueprintUserMessages: [doingJob_C_1] Eating
[2016.06.18-07.16.35:945][211]LogScript:Warning: Attempted to get an item from array CallFunc_GetOverlappingActors_OverlappingActors out of bounds [0/0]!
[2016.06.18-07.16.36:245][229]LogScript:Warning: Attempted to get an item from array CallFunc_GetOverlappingActors_OverlappingActors out of bounds [0/0]!
[2016.06.18-07.16.36:545][247]LogScript:Warning: Attempted to get an item from array CallFunc_GetOverlappingActors_OverlappingActors out of bounds [0/0]!
[2016.06.18-07.16.36:845][265]LogScript:Warning: Attempted to get an item from array CallFunc_GetOverlappingActors_OverlappingActors out of bounds [0/0]!
[2016.06.18-07.16.37:146][283]LogScript:Warning: Attempted to get an item from array CallFunc_GetOverlappingActors_OverlappingActors out of bounds [0/0]!
[2016.06.18-07.16.37:446][301]LogScript:Warning: Attempted to get an item from array CallFunc_GetOverlappingActors_OverlappingActors out of bounds [0/0]!
[2016.06.18-07.16.37:746][319]LogScript:Warning: Attempted to get an item from array CallFunc_GetOverlappingActors_OverlappingActors out of bounds [0/0]!
[2016.06.18-07.16.38:046][337]LogScript:Warning: Attempted to get an item from array CallFunc_GetOverlappingActors_OverlappingActors out of bounds [0/0]!
[2016.06.18-07.16.38:345][355]LogScript:Warning: Attempted to get an item from array CallFunc_GetOverlappingActors_OverlappingActors out of bounds [0/0]!
[2016.06.18-07.16.38:645][373]LogScript:Warning: Attempted to get an item from array CallFunc_GetOverlappingActors_OverlappingActors out of bounds [0/0]!
[2016.06.18-07.16.38:945][391]LogScript:Warning: Attempted to get an item from array CallFunc_GetOverlappingActors_OverlappingActors out of bounds [0/0]!
[2016.06.18-07.16.39:245][409]LogScript:Warning: Attempted to get an item from array CallFunc_GetOverlappingActors_OverlappingActors out of bounds [0/0]!
[2016.06.18-07.16.39:546][427]LogScript:Warning: Attempted to get an item from array CallFunc_GetOverlappingActors_OverlappingActors out of bounds [0/0]!
[2016.06.18-07.16.39:845][445]LogScript:Warning: Attempted to get an item from array CallFunc_GetOverlappingActors_OverlappingActors out of bounds [0/0]!
[2016.06.18-07.16.40:145][463]LogScript:Warning: Attempted to get an item from array CallFunc_GetOverlappingActors_OverlappingActors out of bounds [0/0]!
[2016.06.18-07.16.40:445][481]LogScript:Warning: Attempted to get an item from array CallFunc_GetOverlappingActors_OverlappingActors out of bounds [0/0]!
[2016.06.18-07.16.40:745][499]LogScript:Warning: Attempted to get an item from array CallFunc_GetOverlappingActors_OverlappingActors out of bounds [0/0]!
[2016.06.18-07.16.40:913][509]LogBlueprintUserMessages: [doingJob_C_1] i'm full
[2016.06.18-07.16.41:046][517]LogScript:Warning: Attempted to get an item from array CallFunc_GetOverlappingActors_OverlappingActors out of bounds [0/0]!
[2016.06.18-07.16.41:346][535]LogScript:Warning: Attempted to get an item from array CallFunc_GetOverlappingActors_OverlappingActors out of bounds [0/0]!
[2016.06.18-07.16.41:646][553]LogScript:Warning: Attempted to get an item from array CallFunc_GetOverlappingActors_OverlappingActors out of bounds [0/0]!
[2016.06.18-07.16.41:814][563]LogBlueprintUserMessages: Early EndPlayMap Detection: Level '/Game/extras/Maps/ThirdPersonExampleMap.ThirdPersonExampleMap:PersistentLevel' has LevelScriptBlueprint '/Game/extras/Maps/ThirdPersonExampleMap.ThirdPersonExampleMap:PersistentLevel.ThirdPersonExampleMap' with GeneratedClass '/Game/extras/Maps/ThirdPersonExampleMap.ThirdPersonExampleMap_C' with ClassGeneratedBy '/Game/extras/Maps/ThirdPersonExampleMap.ThirdPersonExampleMap:PersistentLevel.ThirdPersonExampleMap'
[2016.06.18-07.16.41:889][563]LogBlueprintUserMessages: Late EndPlayMap Detection: Level '/Game/extras/Maps/ThirdPersonExampleMap.ThirdPersonExampleMap:PersistentLevel' has LevelScriptBlueprint '/Game/extras/Maps/ThirdPersonExampleMap.ThirdPersonExampleMap:PersistentLevel.ThirdPersonExampleMap' with GeneratedClass '/Game/extras/Maps/ThirdPersonExampleMap.ThirdPersonExampleMap_C' with ClassGeneratedBy '/Game/extras/Maps/ThirdPersonExampleMap.ThirdPersonExampleMap:PersistentLevel.ThirdPersonExampleMap'
[2016.06.18-07.16.41:903][563]LogParticles: Destroying 0 GPU particle simulations for FXSystem 0x000002055C642480
[2016.06.18-07.16.46:440][833]LogBlueprintUserMessages: Early PlayInEditor Detection: Level '/Game/extras/Maps/ThirdPersonExampleMap.ThirdPersonExampleMap:PersistentLevel' has LevelScriptBlueprint '/Game/extras/Maps/ThirdPersonExampleMap.ThirdPersonExampleMap:PersistentLevel.ThirdPersonExampleMap' with GeneratedClass '/Game/extras/Maps/ThirdPersonExampleMap.ThirdPersonExampleMap_C' with ClassGeneratedBy '/Game/extras/Maps/ThirdPersonExampleMap.ThirdPersonExampleMap:PersistentLevel.ThirdPersonExampleMap'
[2016.06.18-07.16.46:440][833]LogPlayLevel: PlayLevel: No blueprints needed recompiling
[2016.06.18-07.16.46:440][833]PIE: New page: PIE session: ThirdPersonExampleMap (Jun 17, 2016, 5:16:46 PM)
[2016.06.18-07.16.46:440][833]LogPlayLevel: Creating play world package: /Game/extras/Maps/UEDPIE_0_ThirdPersonExampleMap
[2016.06.18-07.16.46:465][833]LogPlayLevel: PIE: StaticDuplicateObject took: (0.025252s)
[2016.06.18-07.16.46:466][833]LogAIModule: Creating AISystem for world ThirdPersonExampleMap
[2016.06.18-07.16.46:467][833]LogPlayLevel: PIE: World Init took: (0.001152s)
[2016.06.18-07.16.46:467][833]LogPlayLevel: PIE: Created PIE world by copying editor world from /Game/extras/Maps/ThirdPersonExampleMap.ThirdPersonExampleMap to /Game/extras/Maps/UEDPIE_0_ThirdPersonExampleMap.ThirdPersonExampleMap (0.026664s)
[2016.06.18-07.16.46:486][833]LogInit: XAudio2 using 'Speakers (Realtek High Definition Audio)' : 2 channels at 48 kHz using 32 bits per sample (channel mask 0x3)
[2016.06.18-07.16.46:494][833]LogInit: FAudioDevice initialized.
[2016.06.18-07.16.46:524][833]LogWorld: Game class is 'ThirdPersonGameMode_C'
[2016.06.18-07.16.46:531][833]LogWorld: Bringing World /Game/extras/Maps/UEDPIE_0_ThirdPersonExampleMap.ThirdPersonExampleMap up for play (max tick rate 60) at 2016.06.18-00.16.46
[2016.06.18-07.16.46:531][833]LogActor:Warning: GameSession /Game/extras/Maps/UEDPIE_0_ThirdPersonExampleMap.ThirdPersonExampleMap:PersistentLevel.GameSession_1 has natively added scene component(s), but none of them were set as the actor's RootComponent - picking one arbitrarily
[2016.06.18-07.16.46:531][833]LogActor:Warning: GameNetworkManager /Game/extras/Maps/UEDPIE_0_ThirdPersonExampleMap.ThirdPersonExampleMap:PersistentLevel.GameNetworkManager_1 has natively added scene component(s), but none of them were set as the actor's RootComponent - picking one arbitrarily
[2016.06.18-07.16.46:532][833]LogWorld: Bringing up level for play took: 0.006589
[2016.06.18-07.16.46:535][833]PIE: Info Play in editor start time for /Game/extras/Maps/UEDPIE_0_ThirdPersonExampleMap 0.933
[2016.06.18-07.16.46:535][833]LogBlueprintUserMessages: Late PlayInEditor Detection: Level '/Game/extras/Maps/ThirdPersonExampleMap.ThirdPersonExampleMap:PersistentLevel' has LevelScriptBlueprint '/Game/extras/Maps/ThirdPersonExampleMap.ThirdPersonExampleMap:PersistentLevel.ThirdPersonExampleMap' with GeneratedClass '/Game/extras/Maps/ThirdPersonExampleMap.ThirdPersonExampleMap_C' with ClassGeneratedBy '/Game/extras/Maps/ThirdPersonExampleMap.ThirdPersonExampleMap:PersistentLevel.ThirdPersonExampleMap'
[2016.06.18-07.16.46:690][841]LogScript:Warning: Attempted to get an item from array CallFunc_GetOverlappingActors_OverlappingActors out of bounds [0/0]!
[2016.06.18-07.16.46:990][859]LogScript:Warning: Attempted to get an item from array CallFunc_GetOverlappingActors_OverlappingActors out of bounds [0/0]!
[2016.06.18-07.16.47:290][877]LogScript:Warning: Attempted to get an item from array CallFunc_GetOverlappingActors_OverlappingActors out of bounds [0/0]!
[2016.06.18-07.16.47:339][880]LogBlueprintUserMessages: [BTS_wandering_C_3] some shits on fire
[2016.06.18-07.16.47:590][895]LogScript:Warning: Attempted to get an item from array CallFunc_GetOverlappingActors_OverlappingActors out of bounds [0/0]!
[2016.06.18-07.16.47:890][913]LogScript:Warning: Attempted to get an item from array CallFunc_GetOverlappingActors_OverlappingActors out of bounds [0/0]!
[2016.06.18-07.16.48:190][931]LogScript:Warning: Attempted to get an item from array CallFunc_GetOverlappingActors_OverlappingActors out of bounds [0/0]!
[2016.06.18-07.16.48:490][949]LogScript:Warning: Attempted to get an item from array CallFunc_GetOverlappingActors_OverlappingActors out of bounds [0/0]!
[2016.06.18-07.16.48:790][967]LogScript:Warning: Attempted to get an item from array CallFunc_GetOverlappingActors_OverlappingActors out of bounds [0/0]!
[2016.06.18-07.16.49:090][985]LogScript:Warning: Attempted to get an item from array CallFunc_GetOverlappingActors_OverlappingActors out of bounds [0/0]!
[2016.06.18-07.16.49:390][  3]LogScript:Warning: Attempted to get an item from array CallFunc_GetOverlappingActors_OverlappingActors out of bounds [0/0]!
[2016.06.18-07.16.49:690][ 21]LogScript:Warning: Attempted to get an item from array CallFunc_GetOverlappingActors_OverlappingActors out of bounds [0/0]!
[2016.06.18-07.16.49:990][ 39]LogScript:Warning: Attempted to get an item from array CallFunc_GetOverlappingActors_OverlappingActors out of bounds [0/0]!
[2016.06.18-07.16.50:290][ 57]LogScript:Warning: Attempted to get an item from array CallFunc_GetOverlappingActors_OverlappingActors out of bounds [0/0]!
[2016.06.18-07.16.50:590][ 75]LogScript:Warning: Attempted to get an item from array CallFunc_GetOverlappingActors_OverlappingActors out of bounds [0/0]!
[2016.06.18-07.16.50:890][ 93]LogScript:Warning: Attempted to get an item from array CallFunc_GetOverlappingActors_OverlappingActors out of bounds [0/0]!
[2016.06.18-07.16.51:190][111]LogScript:Warning: Attempted to get an item from array CallFunc_GetOverlappingActors_OverlappingActors out of bounds [0/0]!
[2016.06.18-07.16.51:490][129]LogScript:Warning: Attempted to get an item from array CallFunc_GetOverlappingActors_OverlappingActors out of bounds [0/0]!
[2016.06.18-07.16.51:790][147]LogScript:Warning: Attempted to get an item from array CallFunc_GetOverlappingActors_OverlappingActors out of bounds [0/0]!
[2016.06.18-07.16.52:090][165]LogScript:Warning: Attempted to get an item from array CallFunc_GetOverlappingActors_OverlappingActors out of bounds [0/0]!
[2016.06.18-07.16.52:390][183]LogScript:Warning: Attempted to get an item from array CallFunc_GetOverlappingActors_OverlappingActors out of bounds [0/0]!
[2016.06.18-07.16.52:690][201]LogScript:Warning: Attempted to get an item from array CallFunc_GetOverlappingActors_OverlappingActors out of bounds [0/0]!
[2016.06.18-07.16.52:990][219]LogScript:Warning: Attempted to get an item from array CallFunc_GetOverlappingActors_OverlappingActors out of bounds [0/0]!
[2016.06.18-07.16.53:290][237]LogBlueprintUserMessages: [putoutfire_C_3] fixing
[2016.06.18-07.16.56:290][417]LogBlueprintUserMessages: [BTS_wandering_C_3] fixed
[2016.06.18-07.16.56:890][453]LogScript:Warning: Attempted to get an item from array CallFunc_GetOverlappingActors_OverlappingActors out of bounds [0/0]!
[2016.06.18-07.16.57:190][471]LogScript:Warning: Attempted to get an item from array CallFunc_GetOverlappingActors_OverlappingActors out of bounds [0/0]!
[2016.06.18-07.16.57:490][489]LogScript:Warning: Attempted to get an item from array CallFunc_GetOverlappingActors_OverlappingActors out of bounds [0/0]!
[2016.06.18-07.16.57:790][507]LogScript:Warning: Attempted to get an item from array CallFunc_GetOverlappingActors_OverlappingActors out of bounds [0/0]!
[2016.06.18-07.16.58:090][525]LogScript:Warning: Attempted to get an item from array CallFunc_GetOverlappingActors_OverlappingActors out of bounds [0/0]!
[2016.06.18-07.16.58:390][543]LogScript:Warning: Attempted to get an item from array CallFunc_GetOverlappingActors_OverlappingActors out of bounds [0/0]!
[2016.06.18-07.16.58:690][561]LogScript:Warning: Attempted to get an item from array CallFunc_GetOverlappingActors_OverlappingActors out of bounds [0/0]!
[2016.06.18-07.16.58:990][579]LogScript:Warning: Attempted to get an item from array CallFunc_GetOverlappingActors_OverlappingActors out of bounds [0/0]!
[2016.06.18-07.16.59:290][597]LogScript:Warning: Attempted to get an item from array CallFunc_GetOverlappingActors_OverlappingActors out of bounds [0/0]!
[2016.06.18-07.16.59:590][615]LogScript:Warning: Attempted to get an item from array CallFunc_GetOverlappingActors_OverlappingActors out of bounds [0/0]!
[2016.06.18-07.16.59:890][633]LogScript:Warning: Attempted to get an item from array CallFunc_GetOverlappingActors_OverlappingActors out of bounds [0/0]!
[2016.06.18-07.17.00:202][646]LogScript:Warning: Attempted to get an item from array CallFunc_GetOverlappingActors_OverlappingActors out of bounds [0/0]!
[2016.06.18-07.17.00:502][664]LogScript:Warning: Attempted to get an item from array CallFunc_GetOverlappingActors_OverlappingActors out of bounds [0/0]!
[2016.06.18-07.17.00:802][682]LogScript:Warning: Attempted to get an item from array CallFunc_GetOverlappingActors_OverlappingActors out of bounds [0/0]!
[2016.06.18-07.17.01:102][700]LogScript:Warning: Attempted to get an item from array CallFunc_GetOverlappingActors_OverlappingActors out of bounds [0/0]!
[2016.06.18-07.17.01:402][718]LogScript:Warning: Attempted to get an item from array CallFunc_GetOverlappingActors_OverlappingActors out of bounds [0/0]!
[2016.06.18-07.17.01:702][736]LogScript:Warning: Attempted to get an item from array CallFunc_GetOverlappingActors_OverlappingActors out of bounds [0/0]!
[2016.06.18-07.17.02:002][754]LogScript:Warning: Attempted to get an item from array CallFunc_GetOverlappingActors_OverlappingActors out of bounds [0/0]!
[2016.06.18-07.17.02:302][772]LogScript:Warning: Attempted to get an item from array CallFunc_GetOverlappingActors_OverlappingActors out of bounds [0/0]!
[2016.06.18-07.17.02:602][790]LogScript:Warning: Attempted to get an item from array CallFunc_GetOverlappingActors_OverlappingActors out of bounds [0/0]!
[2016.06.18-07.17.02:902][808]LogScript:Warning: Attempted to get an item from array CallFunc_GetOverlappingActors_OverlappingActors out of bounds [0/0]!
[2016.06.18-07.17.03:085][819]LogBlueprintUserMessages: Early EndPlayMap Detection: Level '/Game/extras/Maps/ThirdPersonExampleMap.ThirdPersonExampleMap:PersistentLevel' has LevelScriptBlueprint '/Game/extras/Maps/ThirdPersonExampleMap.ThirdPersonExampleMap:PersistentLevel.ThirdPersonExampleMap' with GeneratedClass '/Game/extras/Maps/ThirdPersonExampleMap.ThirdPersonExampleMap_C' with ClassGeneratedBy '/Game/extras/Maps/ThirdPersonExampleMap.ThirdPersonExampleMap:PersistentLevel.ThirdPersonExampleMap'
[2016.06.18-07.17.03:114][819]LogBlueprintUserMessages: Late EndPlayMap Detection: Level '/Game/extras/Maps/ThirdPersonExampleMap.ThirdPersonExampleMap:PersistentLevel' has LevelScriptBlueprint '/Game/extras/Maps/ThirdPersonExampleMap.ThirdPersonExampleMap:PersistentLevel.ThirdPersonExampleMap' with GeneratedClass '/Game/extras/Maps/ThirdPersonExampleMap.ThirdPersonExampleMap_C' with ClassGeneratedBy '/Game/extras/Maps/ThirdPersonExampleMap.ThirdPersonExampleMap:PersistentLevel.ThirdPersonExampleMap'
[2016.06.18-07.17.03:134][819]LogParticles: Destroying 0 GPU particle simulations for FXSystem 0x000002055E268AE0
[2016.06.18-07.17.13:654][439]LogLinker:Warning: Asset '../../../Engine/Content/ArtTools/RenderToTexture/Macros/RenderToTextureMacros.uasset' has been saved with empty engine version. The asset will be loaded but may be incompatible.
[2016.06.18-07.17.14:051][439]LogContentBrowser: Native class hierarchy updated for 'BlueprintGraph' in 0.0007 seconds. Added 107 classes and 0 folders.
[2016.06.18-07.17.24:375][992]BlueprintLog: New page: Compile AI2
[2016.06.18-07.17.24:472][992]LogActorComponent: UnregisterComponent: (/Engine/Transient.CharMoveComp) Not registered. Aborting.
[2016.06.18-07.17.24:508][992]BlueprintEditorCompileResults: Info [0125.47] Compile of AI2 successful! [in 132 ms]
[2016.06.18-07.26.13:849][369]LogActorComponent: UnregisterComponent: (/Engine/Transient.CharMoveComp) Not registered. Aborting.
[2016.06.18-07.26.17:475][369]LogSavePackage: Save=280.118286ms
[2016.06.18-07.26.17:475][369]LogSavePackage: Moving '../../../../../../Users/Master Guy/Desktop/suppository/GaryTim/Saved/ThirdPersonExampleMap9C6675BA4F6E3828D441D796FD4AF7AE.tmp' to '../../../../../../Users/Master Guy/Desktop/suppository/GaryTim/Content/extras/Maps/ThirdPersonExampleMap.umap'
[2016.06.18-07.26.17:479][369]LogSavePackage: Total save time: 681.066293ms
[2016.06.18-07.26.17:479][369]LogSavePackage:Display: Finished SavePackage ../../../../../../Users/Master Guy/Desktop/suppository/GaryTim/Content/extras/Maps/ThirdPersonExampleMap.umap
[2016.06.18-07.26.17:613][369]LogFileHelpers: Saving map 'ThirdPersonExampleMap' took 0.963
[2016.06.18-07.26.17:658][369]Cmd: OBJ SAVEPACKAGE PACKAGE="/Game/mainBP/AI2" FILE="../../../../../../Users/Master Guy/Desktop/suppository/GaryTim/Content/mainBP/AI2.uasset" SILENT=true
[2016.06.18-07.26.17:774][369]LogSavePackage: Save=85.325623ms
[2016.06.18-07.26.17:774][369]LogSavePackage: Moving '../../../../../../Users/Master Guy/Desktop/suppository/GaryTim/Saved/AI25A8DA05C474EAA09D78F0AB56C4A34EE.tmp' to '../../../../../../Users/Master Guy/Desktop/suppository/GaryTim/Content/mainBP/AI2.uasset'
[2016.06.18-07.26.17:777][369]LogSavePackage: Total save time: 117.481228ms
[2016.06.18-07.26.17:777][369]LogSavePackage:Display: Finished SavePackage ../../../../../../Users/Master Guy/Desktop/suppository/GaryTim/Content/mainBP/AI2.uasset
[2016.06.18-07.26.18:245][370]Cmd: QUIT_EDITOR
[2016.06.18-07.26.19:184][370]LogWindowsTextInputMethodSystem:Display: IME system now deactivated.
[2016.06.18-07.26.19:240][370]LogExit: Preparing to exit.
[2016.06.18-07.26.20:061][370]LogExit: Editor shut down
[2016.06.18-07.26.20:062][370]LogExit: Transaction tracking system shut down
[2016.06.18-07.26.20:062][370]LogParticles: Destroying 0 GPU particle simulations for FXSystem 0x000002053EF285E0
[2016.06.18-07.26.20:062][370]LogParticles: Destroying 0 GPU particle simulations for FXSystem 0x00000205339362A0
[2016.06.18-07.26.20:066][370]LogParticles: Destroying 0 GPU particle simulations for FXSystem 0x000002055E0BE020
[2016.06.18-07.26.20:066][370]LogParticles: Destroying 0 GPU particle simulations for FXSystem 0x000002055E0BC680
[2016.06.18-07.26.20:068][370]LogParticles: Destroying 0 GPU particle simulations for FXSystem 0x000002055DA83740
[2016.06.18-07.26.20:229][370]LogExit: Object subsystem successfully closed.
[2016.06.18-07.26.20:250][370]LogD3D11RHI: Shutdown
[2016.06.18-07.26.20:250][370]LogD3D11RHI: CleanupD3DDevice
[2016.06.18-07.26.20:331][370]LogD3D11RHI: ~FD3D11DynamicRHI
[2016.06.18-07.26.20:356][370]LogModuleManager: Shutting down and abandoning module CookingStats (200)
[2016.06.18-07.26.20:356][370]LogModuleManager: Shutting down and abandoning module BlueprintGraph (199)
[2016.06.18-07.26.20:356][370]LogModuleManager: Shutting down and abandoning module StatsViewer (198)
[2016.06.18-07.26.20:356][370]LogModuleManager: Shutting down and abandoning module CrashTracker (197)
[2016.06.18-07.26.20:356][370]LogModuleManager: Shutting down and abandoning module SceneOutliner (196)
[2016.06.18-07.26.20:356][370]LogModuleManager: Shutting down and abandoning module SuperSearch (195)
[2016.06.18-07.26.20:356][370]LogModuleManager: Shutting down and abandoning module WidgetCarousel (194)
[2016.06.18-07.26.20:356][370]LogModuleManager: Shutting down and abandoning module AddContentDialog (193)
[2016.06.18-07.26.20:357][370]LogModuleManager: Shutting down and abandoning module EditorWidgets (192)
[2016.06.18-07.26.20:357][370]LogModuleManager: Shutting down and abandoning module CollectionManager (191)
[2016.06.18-07.26.20:357][370]LogModuleManager: Shutting down and abandoning module FoliageEdit (190)
[2016.06.18-07.26.20:357][370]LogModuleManager: Shutting down and abandoning module LandscapeEditor (189)
[2016.06.18-07.26.20:357][370]LogModuleManager: Shutting down and abandoning module ActorPickerMode (188)
[2016.06.18-07.26.20:357][370]LogModuleManager: Shutting down and abandoning module GeometryMode (187)
[2016.06.18-07.26.20:357][370]LogModuleManager: Shutting down and abandoning module TextureAlignMode (186)
[2016.06.18-07.26.20:357][370]LogModuleManager: Shutting down and abandoning module BspMode (185)
[2016.06.18-07.26.20:357][370]LogModuleManager: Shutting down and abandoning module PlacementMode (184)
[2016.06.18-07.26.20:357][370]LogModuleManager: Shutting down and abandoning module AutomationWorker (183)
[2016.06.18-07.26.20:357][370]LogModuleManager: Shutting down and abandoning module CharacterAI (182)
[2016.06.18-07.26.20:357][370]LogModuleManager: Shutting down and abandoning module SmartSnapping (181)
[2016.06.18-07.26.20:357][370]LogModuleManager: Shutting down and abandoning module ViewportSnapping (180)
[2016.06.18-07.26.20:357][370]LogModuleManager: Shutting down and abandoning module LogVisualizer (179)
[2016.06.18-07.26.20:357][370]LogModuleManager: Shutting down and abandoning module GameProjectGeneration (178)
[2016.06.18-07.26.20:357][370]LogModuleManager: Shutting down and abandoning module IntroTutorials (177)
[2016.06.18-07.26.20:357][370]LogModuleManager: Shutting down and abandoning module EditorLiveStreaming (176)
[2016.06.18-07.26.20:357][370]LogModuleManager: Shutting down and abandoning module IOSPlatformEditor (175)
[2016.06.18-07.26.20:357][370]LogModuleManager: Shutting down and abandoning module HTML5PlatformEditor (174)
[2016.06.18-07.26.20:357][370]LogModuleManager: Shutting down and abandoning module AndroidDeviceDetection (173)
[2016.06.18-07.26.21:027][370]LogModuleManager: Shutting down and abandoning module AndroidPlatformEditor (172)
[2016.06.18-07.26.21:027][370]LogModuleManager: Shutting down and abandoning module IOSRuntimeSettings (171)
[2016.06.18-07.26.21:027][370]LogModuleManager: Shutting down and abandoning module AndroidRuntimeSettings (170)
[2016.06.18-07.26.21:027][370]LogModuleManager: Shutting down and abandoning module MergeActors (169)
[2016.06.18-07.26.21:027][370]LogModuleManager: Shutting down and abandoning module SizeMap (168)
[2016.06.18-07.26.21:027][370]LogModuleManager: Shutting down and abandoning module TreeMap (167)
[2016.06.18-07.26.21:027][370]LogModuleManager: Shutting down and abandoning module ReferenceViewer (166)
[2016.06.18-07.26.21:027][370]LogModuleManager: Shutting down and abandoning module LocalizationService (165)
[2016.06.18-07.26.21:027][370]LogModuleManager: Shutting down and abandoning module LocalizationDashboard (164)
[2016.06.18-07.26.21:027][370]LogModuleManager: Shutting down and abandoning module HardwareTargeting (163)
[2016.06.18-07.26.21:027][370]LogModuleManager: Shutting down and abandoning module DeviceProfileEditor (162)
[2016.06.18-07.26.21:027][370]LogModuleManager: Shutting down and abandoning module UndoHistory (161)
[2016.06.18-07.26.21:027][370]LogModuleManager: Shutting down and abandoning module GameplayTagsEditor (160)
[2016.06.18-07.26.21:027][370]LogModuleManager: Shutting down and abandoning module UserFeedback (159)
[2016.06.18-07.26.21:027][370]LogModuleManager: Shutting down and abandoning module XmlParser (158)
[2016.06.18-07.26.21:027][370]LogModuleManager: Shutting down and abandoning module Blutility (157)
[2016.06.18-07.26.21:027][370]LogModuleManager: Shutting down and abandoning module ProjectTargetPlatformEditor (156)
[2016.06.18-07.26.21:027][370]LogModuleManager: Shutting down and abandoning module ProjectSettingsViewer (155)
[2016.06.18-07.26.21:027][370]LogModuleManager: Shutting down and abandoning module InputBindingEditor (154)
[2016.06.18-07.26.21:027][370]LogModuleManager: Shutting down and abandoning module EditorSettingsViewer (153)
[2016.06.18-07.26.21:028][370]LogModuleManager: Shutting down and abandoning module SettingsEditor (152)
[2016.06.18-07.26.21:028][370]LogModuleManager: Shutting down and abandoning module ProjectLauncher (151)
[2016.06.18-07.26.21:028][370]LogModuleManager: Shutting down and abandoning module SessionFrontend (150)
[2016.06.18-07.26.21:028][370]LogModuleManager: Shutting down and abandoning module ProfilerClient (149)
[2016.06.18-07.26.21:028][370]LogModuleManager: Shutting down and abandoning module TargetDeviceServices (148)
[2016.06.18-07.26.21:028][370]LogModuleManager: Shutting down and abandoning module DeviceManager (147)
[2016.06.18-07.26.21:028][370]LogModuleManager: Shutting down and abandoning module AutomationController (146)
[2016.06.18-07.26.21:028][370]LogModuleManager: Shutting down and abandoning module AutomationWindow (145)
[2016.06.18-07.26.21:028][370]LogModuleManager: Shutting down and abandoning module Layers (144)
[2016.06.18-07.26.21:028][370]LogModuleManager: Shutting down and abandoning module ComponentVisualizers (143)
[2016.06.18-07.26.21:028][370]LogModuleManager: Shutting down and abandoning module DetailCustomizations (142)
[2016.06.18-07.26.21:028][370]LogModuleManager: Shutting down and abandoning module PackagesDialog (141)
[2016.06.18-07.26.21:028][370]LogModuleManager: Shutting down and abandoning module Persona (140)
[2016.06.18-07.26.21:028][370]LogModuleManager: Shutting down and abandoning module Kismet (139)
[2016.06.18-07.26.21:028][370]LogModuleManager: Shutting down and abandoning module GraphEditor (138)
[2016.06.18-07.26.21:028][370]LogModuleManager: Shutting down and abandoning module ClassViewer (137)
[2016.06.18-07.26.21:028][370]LogModuleManager: Shutting down and abandoning module Toolbox (136)
[2016.06.18-07.26.21:028][370]LogModuleManager: Shutting down and abandoning module ModuleUI (135)
[2016.06.18-07.26.21:028][370]LogModuleManager: Shutting down and abandoning module MovieSceneTools (134)
[2016.06.18-07.26.21:028][370]LogModuleManager: Shutting down and abandoning module OutputLog (133)
[2016.06.18-07.26.21:028][370]LogModuleManager: Shutting down and abandoning module GammaUI (132)
[2016.06.18-07.26.21:028][370]LogModuleManager: Shutting down and abandoning module Documentation (131)
[2016.06.18-07.26.21:028][370]LogModuleManager: Shutting down and abandoning module GameLiveStreaming (130)
[2016.06.18-07.26.21:028][370]LogModuleManager: Shutting down and abandoning module StreamingPauseRendering (129)
[2016.06.18-07.26.21:028][370]LogModuleManager: Shutting down and abandoning module AnalyticsET (128)
[2016.06.18-07.26.21:028][370]LogModuleManager: Shutting down and abandoning module Analytics (127)
[2016.06.18-07.26.21:028][370]LogModuleManager: Shutting down and abandoning module AITestSuite (126)
[2016.06.18-07.26.21:028][370]LogModuleManager: Shutting down and abandoning module GameplayDebugger (125)
[2016.06.18-07.26.21:028][370]LogModuleManager: Shutting down and abandoning module AIModule (124)
[2016.06.18-07.26.21:028][370]LogModuleManager: Shutting down and abandoning module ProfilerService (123)
[2016.06.18-07.26.21:277][370]LogModuleManager: Shutting down and abandoning module TaskGraph (122)
[2016.06.18-07.26.21:277][370]LogModuleManager: Shutting down and abandoning module SlateRemote (121)
[2016.06.18-07.26.21:277][370]LogModuleManager: Shutting down and abandoning module SteamVRController (120)
[2016.06.18-07.26.21:277][370]LogModuleManager: Shutting down and abandoning module SteamVR (119)
[2016.06.18-07.26.21:277][370]LogModuleManager: Shutting down and abandoning module ProceduralMeshComponent (118)
[2016.06.18-07.26.21:277][370]LogModuleManager: Shutting down and abandoning module OculusLibrary (117)
[2016.06.18-07.26.21:277][370]LogModuleManager: Shutting down and abandoning module OculusInput (116)
[2016.06.18-07.26.21:277][370]LogModuleManager: Shutting down and abandoning module LeapMotionController (115)
[2016.06.18-07.26.21:294][370]LogModuleManager: Shutting down and abandoning module CustomMeshComponent (114)
[2016.06.18-07.26.21:294][370]LogModuleManager: Shutting down and abandoning module CableComponent (113)
[2016.06.18-07.26.21:294][370]LogModuleManager: Shutting down and abandoning module ArchVisCharacter (112)
[2016.06.18-07.26.21:294][370]LogModuleManager: Shutting down and abandoning module MessagingDebugger (111)
[2016.06.18-07.26.21:294][370]LogModuleManager: Shutting down and abandoning module MediaPlayerEditor (110)
[2016.06.18-07.26.21:294][370]LogModuleManager: Shutting down and abandoning module HTML5Networking (109)
[2016.06.18-07.26.21:294][370]LogModuleManager: Shutting down and abandoning module SpeedTreeImporter (108)
[2016.06.18-07.26.21:294][370]LogModuleManager: Shutting down and abandoning module PluginBrowser (107)
[2016.06.18-07.26.21:294][370]LogModuleManager: Shutting down and abandoning module EpicSurvey (106)
[2016.06.18-07.26.21:294][370]LogModuleManager: Shutting down and abandoning module DesktopPlatform (105)
[2016.06.18-07.26.21:294][370]LogModuleManager: Shutting down and abandoning module VisualStudioSourceCodeAccess (104)
[2016.06.18-07.26.21:294][370]LogModuleManager: Shutting down and abandoning module UObjectPlugin (103)
[2016.06.18-07.26.21:294][370]LogModuleManager: Shutting down and abandoning module SubversionSourceControl (102)
[2016.06.18-07.26.21:294][370]LogModuleManager: Shutting down and abandoning module PerforceSourceControl (101)
[2016.06.18-07.26.21:294][370]LogModuleManager: Shutting down and abandoning module SourceControl (100)
[2016.06.18-07.26.21:294][370]LogModuleManager: Shutting down and abandoning module GitSourceControl (99)
[2016.06.18-07.26.21:294][370]LogModuleManager: Shutting down and abandoning module LightPropagationVolumeEditor (98)
[2016.06.18-07.26.21:294][370]LogModuleManager: Shutting down and abandoning module PaperTiledImporter (97)
[2016.06.18-07.26.21:294][370]LogModuleManager: Shutting down and abandoning module PaperSpriteSheetImporter (96)
[2016.06.18-07.26.21:294][370]LogModuleManager: Shutting down and abandoning module MeshPaint (95)
[2016.06.18-07.26.21:294][370]LogModuleManager: Shutting down and abandoning module SlateReflector (94)
[2016.06.18-07.26.21:294][370]LogModuleManager: Shutting down and abandoning module HotReload (93)
[2016.06.18-07.26.21:294][370]LogModuleManager: Shutting down and abandoning module MainFrame (92)
[2016.06.18-07.26.21:294][370]LogModuleManager: Shutting down and abandoning module LevelEditor (91)
[2016.06.18-07.26.21:295][370]LogModuleManager: Shutting down and abandoning module DirectoryWatcher (90)
[2016.06.18-07.26.21:295][370]LogModuleManager: Shutting down and abandoning module AssetRegistry (89)
[2016.06.18-07.26.21:343][370]LogModuleManager: Shutting down and abandoning module ContentBrowser (88)
[2016.06.18-07.26.21:344][370]LogModuleManager: Shutting down and abandoning module Paper2DEditor (87)
[2016.06.18-07.26.21:344][370]LogModuleManager: Shutting down and abandoning module UdpMessaging (86)
[2016.06.18-07.26.21:445][370]LogModuleManager: Shutting down and abandoning module LightPropagationVolumeRuntime (85)
[2016.06.18-07.26.21:445][370]LogModuleManager: Shutting down and abandoning module Paper2D (84)
[2016.06.18-07.26.21:445][370]LogModuleManager: Shutting down and abandoning module WindowsMoviePlayer (83)
[2016.06.18-07.26.21:448][370]LogModuleManager: Shutting down and abandoning module Media (82)
[2016.06.18-07.26.21:448][370]LogModuleManager: Shutting down and abandoning module WmfMedia (81)
[2016.06.18-07.26.21:448][370]LogModuleManager: Shutting down and abandoning module OnlineBlueprintSupport (80)
[2016.06.18-07.26.21:448][370]LogModuleManager: Shutting down and abandoning module GameplayTasksEditor (79)
[2016.06.18-07.26.21:448][370]LogModuleManager: Shutting down and abandoning module PropertyEditor (78)
[2016.06.18-07.26.21:448][370]LogModuleManager: Shutting down and abandoning module BehaviorTreeEditor (77)
[2016.06.18-07.26.21:448][370]LogModuleManager: Shutting down and abandoning module FunctionalTesting (76)
[2016.06.18-07.26.21:448][370]LogModuleManager: Shutting down and abandoning module CollisionAnalyzer (75)
[2016.06.18-07.26.21:448][370]LogModuleManager: Shutting down and abandoning module WorkspaceMenuStructure (74)
[2016.06.18-07.26.21:448][370]LogModuleManager: Shutting down and abandoning module MessageLog (73)
[2016.06.18-07.26.21:448][370]LogModuleManager: Shutting down and abandoning module Sequencer (72)
[2016.06.18-07.26.21:448][370]LogModuleManager: Shutting down and abandoning module AssetTools (71)
[2016.06.18-07.26.21:448][370]LogModuleManager: Shutting down and abandoning module UMGEditor (70)
[2016.06.18-07.26.21:448][370]LogModuleManager: Shutting down and abandoning module UMG (69)
[2016.06.18-07.26.21:448][370]LogModuleManager: Shutting down and abandoning module Slate (68)
[2016.06.18-07.26.21:448][370]LogModuleManager: Shutting down and abandoning module EditorStyle (67)
[2016.06.18-07.26.21:451][370]LogModuleManager: Shutting down and abandoning module SessionServices (66)
[2016.06.18-07.26.21:451][370]LogModuleManager: Shutting down and abandoning module SourceCodeAccess (65)
[2016.06.18-07.26.21:451][370]LogModuleManager: Shutting down and abandoning module HeadMountedDisplay (64)
[2016.06.18-07.26.21:451][370]LogModuleManager: Shutting down and abandoning module XAudio2 (63)
[2016.06.18-07.26.21:451][370]LogModuleManager: Shutting down and abandoning module Networking (61)
[2016.06.18-07.26.21:451][370]LogModuleManager: Shutting down and abandoning module Core (60)
[2016.06.18-07.26.21:451][370]LogModuleManager: Shutting down and abandoning module KismetCompiler (59)
[2016.06.18-07.26.21:451][370]LogModuleManager: Shutting down and abandoning module PhysXFormats (58)
[2016.06.18-07.26.21:451][370]LogModuleManager: Shutting down and abandoning module MeshUtilities (57)
[2016.06.18-07.26.21:451][370]LogModuleManager: Shutting down and abandoning module DerivedDataCache (56)
[2016.06.18-07.26.21:530][370]LogDerivedDataCache: Shutdown
[2016.06.18-07.26.21:530][370]LogModuleManager: Shutting down and abandoning module ShaderFormatOpenGL (55)
[2016.06.18-07.26.21:530][370]LogModuleManager: Shutting down and abandoning module ShaderFormatD3D (54)
[2016.06.18-07.26.21:530][370]LogModuleManager: Shutting down and abandoning module MetalShaderFormat (53)
[2016.06.18-07.26.21:530][370]LogModuleManager: Shutting down and abandoning module TextureFormatUncompressed (52)
[2016.06.18-07.26.21:530][370]LogModuleManager: Shutting down and abandoning module TextureFormatPVR (51)
[2016.06.18-07.26.21:530][370]LogModuleManager: Shutting down and abandoning module TextureFormatIntelISPCTexComp (50)
[2016.06.18-07.26.21:530][370]LogModuleManager: Shutting down and abandoning module TextureFormatDXT (49)
[2016.06.18-07.26.21:530][370]LogModuleManager: Shutting down and abandoning module ImageWrapper (48)
[2016.06.18-07.26.21:530][370]LogModuleManager: Shutting down and abandoning module TextureFormatASTC (47)
[2016.06.18-07.26.21:530][370]LogModuleManager: Shutting down and abandoning module TextureFormatAndroid (46)
[2016.06.18-07.26.21:530][370]LogModuleManager: Shutting down and abandoning module AudioFormatOpus (45)
[2016.06.18-07.26.21:530][370]LogModuleManager: Shutting down and abandoning module AudioFormatOgg (44)
[2016.06.18-07.26.21:530][370]LogModuleManager: Shutting down and abandoning module AudioFormatADPCM (43)
[2016.06.18-07.26.21:530][370]LogModuleManager: Shutting down and abandoning module LinuxTargetPlatform (42)
[2016.06.18-07.26.21:530][370]LogModuleManager: Shutting down and abandoning module LinuxServerTargetPlatform (41)
[2016.06.18-07.26.21:530][370]LogModuleManager: Shutting down and abandoning module LinuxNoEditorTargetPlatform (40)
[2016.06.18-07.26.21:530][370]LogModuleManager: Shutting down and abandoning module Messaging (39)
[2016.06.18-07.26.21:530][370]LogModuleManager: Shutting down and abandoning module IOSTargetPlatform (38)
[2016.06.18-07.26.21:530][370]LogModuleManager: Shutting down and abandoning module HTML5TargetPlatform (37)
[2016.06.18-07.26.21:530][370]LogModuleManager: Shutting down and abandoning module Android_PVRTCTargetPlatform (36)
[2016.06.18-07.26.21:530][370]LogModuleManager: Shutting down and abandoning module Android_MultiTargetPlatform (35)
[2016.06.18-07.26.21:530][370]LogModuleManager: Shutting down and abandoning module Android_ETC2TargetPlatform (34)
[2016.06.18-07.26.21:530][370]LogModuleManager: Shutting down and abandoning module Android_ETC1TargetPlatform (33)
[2016.06.18-07.26.21:530][370]LogModuleManager: Shutting down and abandoning module Android_DXTTargetPlatform (32)
[2016.06.18-07.26.21:530][370]LogModuleManager: Shutting down and abandoning module Android_ATCTargetPlatform (31)
[2016.06.18-07.26.21:530][370]LogModuleManager: Shutting down and abandoning module Android_ASTCTargetPlatform (30)
[2016.06.18-07.26.21:530][370]LogModuleManager: Shutting down and abandoning module AndroidTargetPlatform (29)
[2016.06.18-07.26.21:530][370]LogModuleManager: Shutting down and abandoning module WindowsTargetPlatform (28)
[2016.06.18-07.26.21:530][370]LogModuleManager: Shutting down and abandoning module WindowsServerTargetPlatform (27)
[2016.06.18-07.26.21:530][370]LogModuleManager: Shutting down and abandoning module WindowsNoEditorTargetPlatform (26)
[2016.06.18-07.26.21:530][370]LogModuleManager: Shutting down and abandoning module WindowsClientTargetPlatform (25)
[2016.06.18-07.26.21:530][370]LogModuleManager: Shutting down and abandoning module AllDesktopTargetPlatform (24)
[2016.06.18-07.26.21:530][370]LogModuleManager: Shutting down and abandoning module TargetPlatform (23)
[2016.06.18-07.26.21:530][370]LogModuleManager: Shutting down and abandoning module InputCore (22)
[2016.06.18-07.26.21:530][370]LogModuleManager: Shutting down and abandoning module Settings (21)
[2016.06.18-07.26.21:530][370]LogModuleManager: Shutting down and abandoning module OnlineSubsystem (19)
[2016.06.18-07.26.21:530][370]LogModuleManager: Shutting down and abandoning module HTTP (18)
[2016.06.18-07.26.23:534][370]LogModuleManager: Shutting down and abandoning module XMPP (17)
[2016.06.18-07.26.23:534][370]LogModuleManager: Shutting down and abandoning module OculusRift (16)
[2016.06.18-07.26.23:534][370]LogModuleManager: Shutting down and abandoning module ExampleDeviceProfileSelector (15)
[2016.06.18-07.26.23:534][370]LogModuleManager: Shutting down and abandoning module TextureCompressor (14)
[2016.06.18-07.26.23:534][370]LogModuleManager: Shutting down and abandoning module ShaderCore (13)
[2016.06.18-07.26.23:534][370]LogModuleManager: Shutting down and abandoning module Landscape (12)
[2016.06.18-07.26.23:534][370]LogModuleManager: Shutting down and abandoning module SlateRHIRenderer (11)
[2016.06.18-07.26.23:535][370]LogModuleManager: Shutting down and abandoning module OpenGLDrv (10)
[2016.06.18-07.26.23:535][370]LogModuleManager: Shutting down and abandoning module D3D11RHI (9)
[2016.06.18-07.26.23:535][370]LogModuleManager: Shutting down and abandoning module AnimGraphRuntime (8)
[2016.06.18-07.26.23:535][370]LogModuleManager: Shutting down and abandoning module Renderer (7)
[2016.06.18-07.26.23:535][370]LogModuleManager: Shutting down and abandoning module Engine (6)
[2016.06.18-07.26.23:535][370]LogModuleManager: Shutting down and abandoning module CoreUObject (5)
[2016.06.18-07.26.23:535][370]LogModuleManager: Shutting down and abandoning module NetworkFile (4)
[2016.06.18-07.26.23:535][370]LogModuleManager: Shutting down and abandoning module StreamingFile (3)
[2016.06.18-07.26.23:535][370]LogModuleManager: Shutting down and abandoning module SandboxFile (2)
[2016.06.18-07.26.23:535][370]LogModuleManager: Shutting down and abandoning module PakFile (1)
[2016.06.18-07.26.23:537][370]LogExit: Exiting.
[2016.06.18-07.26.23:538][370]Log file closed, 06/18/16 00:26:23
