[2016.06.16-01.00.27:580][  0]Log file open, 06/15/16 18:00:27
[2016.06.16-01.00.27:580][  0]LogInit:Display: Running engine for game: GaryTim
[2016.06.16-01.00.27:580][  0]LogPlatformFile: Not using cached read wrapper
[2016.06.16-01.00.27:580][  0]LogInit:Display: RandInit(1657667033) SRandInit(1657667034).
[2016.06.16-01.00.27:580][  0]LogTaskGraph: Started task graph with 4 named threads and 7 total threads.
[2016.06.16-01.00.27:580][  0]LogStats: Stats thread started at 0.097854
[2016.06.16-01.00.27:580][  0]LogInit: Version: 4.10.4-2872498+++depot+UE4-Releases+4.10
[2016.06.16-01.00.27:580][  0]LogInit: API Version: 2758231
[2016.06.16-01.00.27:580][  0]LogInit: Compiled (64-bit): Feb 18 2016 15:47:04
[2016.06.16-01.00.27:580][  0]LogInit: Compiled with Visual C++: 19.00.23026.00
[2016.06.16-01.00.27:580][  0]LogInit: Build Configuration: Development
[2016.06.16-01.00.27:580][  0]LogInit: Branch Name: ++depot+UE4-Releases+4.10
[2016.06.16-01.00.27:580][  0]LogInit: Command line: 
[2016.06.16-01.00.27:580][  0]LogInit: Base directory: C:/Program Files (x86)/Epic Games/4.10/Engine/Binaries/Win64/
[2016.06.16-01.00.27:580][  0]LogInit: Rocket: 1
[2016.06.16-01.00.27:617][  0]LogInit: Using libcurl 7.41.0
[2016.06.16-01.00.27:617][  0]LogInit:  - built for x86_64-pc-win32
[2016.06.16-01.00.27:617][  0]LogInit:  - supports SSL with WinSSL
[2016.06.16-01.00.27:617][  0]LogInit:  - other features:
[2016.06.16-01.00.27:617][  0]LogInit:      CURL_VERSION_SSL
[2016.06.16-01.00.27:617][  0]LogInit:      CURL_VERSION_IPV6
[2016.06.16-01.00.27:617][  0]LogInit:      CURL_VERSION_ASYNCHDNS
[2016.06.16-01.00.27:617][  0]LogInit:      CURL_VERSION_LARGEFILE
[2016.06.16-01.00.27:617][  0]LogInit:      CURL_VERSION_IDN
[2016.06.16-01.00.27:617][  0]LogInit:  CurlRequestOptions (configurable via config and command line):
[2016.06.16-01.00.27:617][  0]LogInit:  - bVerifyPeer = true  - Libcurl will verify peer certificate
[2016.06.16-01.00.27:617][  0]LogInit:  - bUseHttpProxy = false  - Libcurl will NOT use HTTP proxy
[2016.06.16-01.00.27:617][  0]LogInit:  - bDontReuseConnections = false  - Libcurl will reuse connections
[2016.06.16-01.00.27:617][  0]LogInit:  - CertBundlePath = nullptr  - Libcurl will use whatever was configured at build time.
[2016.06.16-01.00.27:623][  0]LogInit: Presizing for 0 objects not considered by GC, pre-allocating 0 bytes.
[2016.06.16-01.00.27:628][  0]LogInit: Object subsystem initialized
[2016.06.16-01.00.27:629][  0]LogInit: Selected Device Profile: [Windows]
[2016.06.16-01.00.27:629][  0]LogInit: Applying CVar settings loaded from the selected device profile: [Windows]
[2016.06.16-01.00.27:650][  0]LogInit: Computer: MSI
[2016.06.16-01.00.27:650][  0]LogInit: User: MasterGuy
[2016.06.16-01.00.27:650][  0]LogInit: CPU Page size=4096, Cores=4
[2016.06.16-01.00.27:650][  0]LogInit: High frequency timer resolution =2.338345 MHz
[2016.06.16-01.00.27:650][  0]LogMemory: Memory total: Physical=7.9GB (8GB approx)
[2016.06.16-01.00.27:650][  0]LogMemory: Platform Memory Stats for Windows
[2016.06.16-01.00.27:650][  0]LogMemory: Process Physical Memory: 58.53 MB used, 58.53 MB peak
[2016.06.16-01.00.27:650][  0]LogMemory: Process Virtual Memory: 57.80 MB used, 57.80 MB peak
[2016.06.16-01.00.27:650][  0]LogMemory: Physical Memory: 4647.16 MB used, 8110.90 MB total
[2016.06.16-01.00.27:650][  0]LogMemory: Virtual Memory: 384.58 MB used, 134217728.00 MB total
[2016.06.16-01.00.27:692][  0]LogTextLocalizationManager: No specific translations for ('en-US') exist, so ('en') translations will be used.
[2016.06.16-01.00.28:127][  0]LogD3D11RHI: Found D3D11 adapter 0: NVIDIA GeForce GTX 765M  (Feature Level 11_0)
[2016.06.16-01.00.28:128][  0]LogD3D11RHI: Adapter has 1991MB of dedicated video memory, 0MB of dedicated system memory, and 4055MB of shared system memory, 1 output[s]
[2016.06.16-01.00.28:133][  0]LogD3D11RHI: Found D3D11 adapter 1: Intel(R) HD Graphics 4600 (Feature Level 11_0)
[2016.06.16-01.00.28:133][  0]LogD3D11RHI: Adapter has 112MB of dedicated video memory, 0MB of dedicated system memory, and 4055MB of shared system memory, 0 output[s]
[2016.06.16-01.00.28:134][  0]LogD3D11RHI: Found D3D11 adapter 2: Microsoft Basic Render Driver (Feature Level 11_0)
[2016.06.16-01.00.28:134][  0]LogD3D11RHI: Adapter has 0MB of dedicated video memory, 0MB of dedicated system memory, and 4055MB of shared system memory, 0 output[s]
[2016.06.16-01.00.28:135][  0]LogD3D11RHI: Chosen D3D11 Adapter Id = 0
[2016.06.16-01.00.28:140][  0]LogD3D11RHI: !Direct3DDevice
[2016.06.16-01.00.28:141][  0]LogRHI: Texture pool is 1361 MB (70% of 1945 MB)
[2016.06.16-01.00.28:153][  0]LogD3D11RHI: Async texture creation enabled
[2016.06.16-01.00.28:169][  0]LogShaderCompilers: Guid format shader working directory is -20 characters bigger than the processId version (../../../../../../Users/Master Guy/Documents/Unreal Projects/GaryTim/Intermediate/Shaders/WorkingDirectory/12264/).
[2016.06.16-01.00.28:169][  0]LogShaderCompilers: Cleaned the shader compiler working directory 'C:/Users/MASTER~1/AppData/Local/Temp/UnrealShaderWorkingDir/52A03196417DD2D2D60A1AAFFDF6973E/'.
[2016.06.16-01.00.28:169][  0]LogShaderCompilers:Display: Using Local Shader Compiler.
[2016.06.16-01.00.29:005][  0]LogTemp:Display: Loaded TP AllDesktopTargetPlatform
[2016.06.16-01.00.29:010][  0]LogTemp:Display: Loaded TP WindowsClientTargetPlatform
[2016.06.16-01.00.29:015][  0]LogTemp:Display: Loaded TP WindowsNoEditorTargetPlatform
[2016.06.16-01.00.29:019][  0]LogTemp:Display: Loaded TP WindowsServerTargetPlatform
[2016.06.16-01.00.29:024][  0]LogTemp:Display: Loaded TP WindowsTargetPlatform
[2016.06.16-01.00.29:027][  0]LogTemp:Display: Loaded TP AndroidTargetPlatform
[2016.06.16-01.00.29:030][  0]LogTemp:Display: Loaded TP Android_ASTCTargetPlatform
[2016.06.16-01.00.29:033][  0]LogTemp:Display: Loaded TP Android_ATCTargetPlatform
[2016.06.16-01.00.29:037][  0]LogTemp:Display: Loaded TP Android_DXTTargetPlatform
[2016.06.16-01.00.29:041][  0]LogTemp:Display: Loaded TP Android_ETC1TargetPlatform
[2016.06.16-01.00.29:045][  0]LogTemp:Display: Loaded TP Android_ETC2TargetPlatform
[2016.06.16-01.00.29:054][  0]LogTemp:Display: Loaded TP Android_MultiTargetPlatform
[2016.06.16-01.00.29:054][  0]LogTemp:Display: Loaded TP Android_PVRTCTargetPlatform
[2016.06.16-01.00.29:055][  0]LogTemp:Display: Loaded TP HTML5TargetPlatform
[2016.06.16-01.00.29:074][  0]LogTemp:Display: Loaded TP IOSTargetPlatform
[2016.06.16-01.00.29:077][  0]LogTemp:Display: Loaded TP LinuxNoEditorTargetPlatform
[2016.06.16-01.00.29:081][  0]LogTemp:Display: Loaded TP LinuxServerTargetPlatform
[2016.06.16-01.00.29:084][  0]LogTemp:Display: Loaded TP LinuxTargetPlatform
[2016.06.16-01.00.29:084][  0]LogTargetPlatformManager:Display: Building Assets For Windows
[2016.06.16-01.00.29:169][  0]LogDerivedDataCache:Display: Max Cache Size: 512 MB
[2016.06.16-01.00.29:233][  0]LogDerivedDataCache: Loaded boot cache 0.06s 41MB C:/Users/Master Guy/AppData/Local/UnrealEngine/4.10/DerivedDataCache/Boot.ddc.
[2016.06.16-01.00.29:233][  0]LogDerivedDataCache:Display: Loaded Boot cache: C:/Users/Master Guy/AppData/Local/UnrealEngine/4.10/DerivedDataCache/Boot.ddc
[2016.06.16-01.00.29:233][  0]LogDerivedDataCache: FDerivedDataBackendGraph:  Pak pak cache file ../../../../../../Users/Master Guy/Documents/Unreal Projects/GaryTim/DerivedDataCache/DDC.ddp not found, will not use a pak cache.
[2016.06.16-01.00.29:233][  0]LogDerivedDataCache: Unable to find inner node Pak for hierarchical cache Hierarchy.
[2016.06.16-01.00.29:233][  0]LogDerivedDataCache: FDerivedDataBackendGraph:  CompressedPak pak cache file ../../../../../../Users/Master Guy/Documents/Unreal Projects/GaryTim/DerivedDataCache/Compressed.ddp not found, will not use a pak cache.
[2016.06.16-01.00.29:233][  0]LogDerivedDataCache: Unable to find inner node CompressedPak for hierarchical cache Hierarchy.
[2016.06.16-01.00.29:289][  0]LogDerivedDataCache:Display: Pak cache opened for reading ../../../Engine/DerivedDataCache/Compressed.ddp.
[2016.06.16-01.00.29:301][  0]LogDerivedDataCache: Using Local data cache path C:/Users/Master Guy/AppData/Local/UnrealEngine/Common/DerivedDataCache: Writable
[2016.06.16-01.00.29:503][  0]LogInit: Selected Device Profile: [Windows]
[2016.06.16-01.00.29:505][  0]LogContentStreaming: Texture pool size is 0.000000MB
[2016.06.16-01.00.29:617][  0]LogMeshUtilities: No automatic mesh reduction module available
[2016.06.16-01.00.29:617][  0]LogMeshUtilities: No automatic mesh merging module available
[2016.06.16-01.00.29:849][  0]LogInit: WinSock: version 1.1 (2.2), MaxSocks=32767, MaxUdp=65467
[2016.06.16-01.00.30:850][  0]UdpMessaging: Initializing bridge on interface 0.0.0.0:0 to multicast group 230.0.0.1:6666.
[2016.06.16-01.00.30:953][  0]LogAssetRegistry: FAssetRegistry took 0.0111 seconds to start up
[2016.06.16-01.00.31:134][  0]SourceControl: Info Source control is disabled
[2016.06.16-01.00.31:135][  0]SourceControl: Info Source control is disabled
[2016.06.16-01.00.31:148][  0]SourceControl: Info Source control is disabled
[2016.06.16-01.00.31:161][  0]SourceControl: Info Source control is disabled
[2016.06.16-01.00.31:461][  0]LogObj: 28633 objects as part of root set at end of initial load.
[2016.06.16-01.00.31:461][  0]LogUObjectAllocator: 6099752 out of 0 bytes used by permanent object pool.
[2016.06.16-01.00.31:523][  0]LogEngine: Initializing Engine...
[2016.06.16-01.00.31:527][  0]LogHMD: Can't find Oculus library dev build: is proper Runtime installed? Version: 0.8.0.0
[2016.06.16-01.00.31:528][  0]LogHMD: SteamVR failed to initialize.  Err: 110
[2016.06.16-01.00.31:651][  0]LogAIModule: Creating AISystem for world NewWorld
[2016.06.16-01.00.31:656][  0]LogInit: XAudio2 using 'Speakers (Realtek High Definition Audio)' : 2 channels at 48 kHz using 32 bits per sample (channel mask 0x3)
[2016.06.16-01.00.31:667][  0]LogInit: FAudioDevice initialized.
[2016.06.16-01.00.31:691][  0]LogDerivedDataCache: Saved boot cache 0.02s 41MB C:/Users/Master Guy/AppData/Local/UnrealEngine/4.10/DerivedDataCache/Boot.ddc.
[2016.06.16-01.00.31:696][  0]LogInit: Texture streaming: Enabled
[2016.06.16-01.00.31:701][  0]LogAnalytics: Creating configured Analytics provider AnalyticsET
[2016.06.16-01.00.31:701][  0]LogAnalytics: [UEEditor.Rocket.Release] APIServer = http://et2.epicgames.com/ET2/. AppVersion = 4.10.4-2872498+++depot+UE4-Releases+4.10
[2016.06.16-01.00.31:701][  0]LogAnalytics: [UEEditor.Rocket.Release] SetUserId 0ff8bdf5463f31a35e2b04b809019cd1|10f330c5297a4636b2afc2f7247333c3|a5587157-775d-4618-9bfb-78982c3b8f98
[2016.06.16-01.00.31:701][  0]LogAnalytics: [UEEditor.Rocket.Release] AnalyticsET::StartSession
[2016.06.16-01.00.31:711][  0]LogInit: Transaction tracking system initialized
[2016.06.16-01.00.31:741][  0]BlueprintLog: New page: Editor Load
[2016.06.16-01.00.31:813][  0]LocalizationService: Info Localization service is disabled
[2016.06.16-01.00.31:881][  0]LogLinker:Warning: Can't find file '/Game/FirstPersonBP/FirstPersonOverview'
[2016.06.16-01.00.31:881][  0]LogLinker:Warning: Can't find file '/Game/FirstPersonBP/FirstPersonOverview'
[2016.06.16-01.00.31:881][  0]LogUObjectGlobals:Warning: Failed to find object 'Class /Game/FirstPersonBP/FirstPersonOverview.FirstPersonOverview_C'
[2016.06.16-01.00.32:025][  0]LogConsoleResponse:Display: 
[2016.06.16-01.00.32:129][  0]LogCook:Display: Done creating registry. It took  0.00s.
[2016.06.16-01.00.32:189][  0]LogFileCache: Scanning file cache for directory 'C:/Users/Master Guy/Documents/Unreal Projects/GaryTim/Content/' took 0.02s
[2016.06.16-01.00.32:189][  0]SourceControl: Info Source control is disabled
[2016.06.16-01.00.32:189][  0]Cmd: MAP LOAD FILE="../../../../../../Users/Master Guy/Documents/Unreal Projects/GaryTim/Content/ThirdPersonBP/Maps/ThirdPersonExampleMap.umap" TEMPLATE=0 SHOWPROGRESS=1 FEATURELEVEL=3
[2016.06.16-01.00.32:189][  0]LogEditorServer:Warning: Can't find file '../../../../../../Users/Master Guy/Documents/Unreal Projects/GaryTim/Content/ThirdPersonBP/Maps/ThirdPersonExampleMap.umap'
[2016.06.16-01.00.32:190][  0]Cmd: MAP CHECKDEP NOCLEARLOG
[2016.06.16-01.00.32:270][  0]MapCheck: Info Map check complete: 0 Error(s), 0 Warning(s), took 80.74ms to complete.
[2016.06.16-01.00.32:271][  0]LogFileHelpers: Loading map 'ThirdPersonExampleMap' took 0.081
[2016.06.16-01.00.32:395][  0]LogCollectionManager: Loaded 0 collections in 0.014782 seconds
[2016.06.16-01.00.32:434][  0]LogFileCache: Scanning file cache for directory 'C:/Users/Master Guy/Documents/Unreal Projects/GaryTim/Saved/Collections/' took 0.01s
[2016.06.16-01.00.32:434][  0]LogFileCache: Scanning file cache for directory 'C:/Users/Master Guy/Documents/Unreal Projects/GaryTim/Content/Developers/MasterGuy/Collections/' took 0.01s
[2016.06.16-01.00.32:434][  0]LogFileCache: Scanning file cache for directory 'C:/Users/Master Guy/Documents/Unreal Projects/GaryTim/Content/Collections/' took 0.01s
[2016.06.16-01.00.32:434][  0]LogCollectionManager: Rebuilt the GUID cache for 0 collections in 0.000001 seconds
[2016.06.16-01.00.32:440][  0]LogContentBrowser: Native class hierarchy populated in 0.0065 seconds. Added 1893 classes and 338 folders.
[2016.06.16-01.00.32:446][  0]LogContentBrowser: Native class hierarchy updated for 'WidgetCarousel' in 0.0003 seconds. Added 0 classes and 0 folders.
[2016.06.16-01.00.34:408][  0]LogContentBrowser: Native class hierarchy updated for 'AddContentDialog' in 0.0004 seconds. Added 0 classes and 0 folders.
[2016.06.16-01.00.34:480][  0]LogContentBrowser: Native class hierarchy updated for 'SceneOutliner' in 0.0009 seconds. Added 1 classes and 2 folders.
[2016.06.16-01.00.34:551][  0]LogCrashTracker: Crashtracker disabled due to settings.
[2016.06.16-01.00.34:555][  0]LogUObjectGlobals:Warning: Failed to find object 'Class None.'
[2016.06.16-01.00.34:577][  0]LogLoad: Full Startup: 7.62 seconds (BP compile: 0.00 seconds)
[2016.06.16-01.00.34:601][  0]LogOcInput: Can't find Oculus library dev build: is proper Runtime installed? Version: 0.8.0.0
[2016.06.16-01.00.34:646][  0]LogContentStreaming: Texture pool size now 400 MB
[2016.06.16-01.00.34:754][  0]LogRenderer: Reallocating scene render targets to support 956x408 (Frame:2).
[2016.06.16-01.00.34:841][  1]LogAssetRegistry: Asset discovery search completed in 3.8990 seconds
[2016.06.16-01.00.34:841][  1]LogCollectionManager: Rebuilt the object cache for 0 collections in 0.000000 seconds (found 0 objects)
[2016.06.16-01.00.34:841][  1]LogCollectionManager: Fixed up redirectors for 0 collections in 0.000016 seconds (updated 0 objects)
[2016.06.16-01.10.04:038][ 47]LogHttp:Warning: Timeout processing Http request. 000001082FE21600
[2016.06.16-01.11.06:197][906]LogAIModule: Creating AISystem for world ThirdPersonExampleMap
[2016.06.16-01.11.06:199][906]LogParticles:Warning: InitializeSystem called on an unregistered component. Template=/Game/StarterContent/Particles/P_Fire.P_Fire Component=/Game/extras/Maps/ThirdPersonExampleMap.ThirdPersonExampleMap:PersistentLevel.fire_C_1.fire
[2016.06.16-01.11.06:199][906]LogParticles:Warning: InitializeSystem called on an unregistered component. Template=/Game/StarterContent/Particles/P_Fire.P_Fire Component=/Game/extras/Maps/ThirdPersonExampleMap.ThirdPersonExampleMap:PersistentLevel.fire_C_3.fire
[2016.06.16-01.11.06:203][906]LogParticles:Warning: InitializeSystem called on an unregistered component. Template=/Game/StarterContent/Particles/P_Fire.P_Fire Component=/Game/extras/Maps/ThirdPersonExampleMap.ThirdPersonExampleMap:PersistentLevel.fire_C_1.fire
[2016.06.16-01.11.06:203][906]LogParticles:Warning: InitializeSystem called on an unregistered component. Template=/Game/StarterContent/Particles/P_Fire.P_Fire Component=/Game/extras/Maps/ThirdPersonExampleMap.ThirdPersonExampleMap:PersistentLevel.fire_C_1.fire
[2016.06.16-01.11.06:203][906]LogParticles:Warning: InitializeSystem called on an unregistered component. Template=/Game/StarterContent/Particles/P_Fire.P_Fire Component=/Game/extras/Maps/ThirdPersonExampleMap.ThirdPersonExampleMap:PersistentLevel.fire_C_3.fire
[2016.06.16-01.11.06:204][906]LogParticles:Warning: InitializeSystem called on an unregistered component. Template=/Game/StarterContent/Particles/P_Fire.P_Fire Component=/Game/extras/Maps/ThirdPersonExampleMap.ThirdPersonExampleMap:PersistentLevel.fire_C_3.fire
[2016.06.16-01.11.06:251][906]Cmd: MAP LOAD FILE="../../../../../../Users/Master Guy/Documents/Unreal Projects/GaryTim/Content/extras/Maps/ThirdPersonExampleMap.umap" TEMPLATE=0 SHOWPROGRESS=1 FEATURELEVEL=3
[2016.06.16-01.11.06:251][906]LightingResults: New page: Lighting Build
[2016.06.16-01.11.06:254][906]LogContentBrowser: Native class hierarchy updated for 'StatsViewer' in 0.0004 seconds. Added 5 classes and 0 folders.
[2016.06.16-01.11.06:276][906]LoadErrors: New page: Loading map: ThirdPersonExampleMap.umap
[2016.06.16-01.11.06:277][906]MapCheck: New page: Map Check
[2016.06.16-01.11.06:277][906]LightingResults: New page: Lighting Build
[2016.06.16-01.11.06:287][906]LogParticles: Destroying 0 GPU particle simulations for FXSystem 0x00000108214B7B00
[2016.06.16-01.11.06:298][906]LogEditorServer: Finished looking for orphan Actors (0.000 secs)
[2016.06.16-01.11.06:373][906]Cmd: MAP CHECKDEP NOCLEARLOG
[2016.06.16-01.11.06:488][906]MapCheck: Info Map check complete: 0 Error(s), 0 Warning(s), took 115.27ms to complete.
[2016.06.16-01.11.06:489][906]LogFileHelpers: Loading map 'ThirdPersonExampleMap' took 0.239
[2016.06.16-01.12.27:327][596]LogEditorViewport: Clicking on Actor (LMB): alarm_C (alarm1)
[2016.06.16-01.13.10:087][ 97]LogEditorViewport: Clicking on Actor (context menu): AI2_C (AI2)
[2016.06.16-01.13.12:336][209]LogEditorViewport: Clicking on Actor (LMB): StaticMeshActor (Floor)
[2016.06.16-01.13.29:715][199]LogBlueprintUserMessages: Early PlayInEditor Detection: Level '/Game/extras/Maps/ThirdPersonExampleMap.ThirdPersonExampleMap:PersistentLevel' has LevelScriptBlueprint '/Game/extras/Maps/ThirdPersonExampleMap.ThirdPersonExampleMap:PersistentLevel.ThirdPersonExampleMap' with GeneratedClass '/Game/extras/Maps/ThirdPersonExampleMap.ThirdPersonExampleMap_C' with ClassGeneratedBy '/Game/extras/Maps/ThirdPersonExampleMap.ThirdPersonExampleMap:PersistentLevel.ThirdPersonExampleMap'
[2016.06.16-01.13.29:717][199]LogPlayLevel: PlayLevel: No blueprints needed recompiling
[2016.06.16-01.13.29:717][199]PIE: New page: PIE session: ThirdPersonExampleMap (Jun 15, 2016, 11:13:29 AM)
[2016.06.16-01.13.29:717][199]LogPlayLevel: Creating play world package: /Game/extras/Maps/UEDPIE_0_ThirdPersonExampleMap
[2016.06.16-01.13.29:751][199]LogPlayLevel: PIE: StaticDuplicateObject took: (0.033810s)
[2016.06.16-01.13.29:752][199]LogAIModule: Creating AISystem for world ThirdPersonExampleMap
[2016.06.16-01.13.29:752][199]LogPlayLevel: PIE: World Init took: (0.001215s)
[2016.06.16-01.13.29:752][199]LogPlayLevel: PIE: Created PIE world by copying editor world from /Game/extras/Maps/ThirdPersonExampleMap.ThirdPersonExampleMap to /Game/extras/Maps/UEDPIE_0_ThirdPersonExampleMap.ThirdPersonExampleMap (0.035351s)
[2016.06.16-01.13.29:752][199]LogActorComponent: UnregisterComponent: (/Engine/Transient.CharMoveComp) Not registered. Aborting.
[2016.06.16-01.13.29:793][199]LogInit: XAudio2 using 'Speakers (Realtek High Definition Audio)' : 2 channels at 48 kHz using 32 bits per sample (channel mask 0x3)
[2016.06.16-01.13.29:806][199]LogInit: FAudioDevice initialized.
[2016.06.16-01.13.29:855][199]LogWorld: Game class is 'ThirdPersonGameMode_C'
[2016.06.16-01.13.29:862][199]LogWorld: Bringing World /Game/extras/Maps/UEDPIE_0_ThirdPersonExampleMap.ThirdPersonExampleMap up for play (max tick rate 60) at 2016.06.15-18.13.29
[2016.06.16-01.13.29:863][199]LogActor:Warning: GameSession /Game/extras/Maps/UEDPIE_0_ThirdPersonExampleMap.ThirdPersonExampleMap:PersistentLevel.GameSession_0 has natively added scene component(s), but none of them were set as the actor's RootComponent - picking one arbitrarily
[2016.06.16-01.13.29:863][199]LogActor:Warning: GameNetworkManager /Game/extras/Maps/UEDPIE_0_ThirdPersonExampleMap.ThirdPersonExampleMap:PersistentLevel.GameNetworkManager_0 has natively added scene component(s), but none of them were set as the actor's RootComponent - picking one arbitrarily
[2016.06.16-01.13.29:864][199]LogWorld: Bringing up level for play took: 0.007468
[2016.06.16-01.13.29:868][199]PIE: Info Play in editor start time for /Game/extras/Maps/UEDPIE_0_ThirdPersonExampleMap -0.354
[2016.06.16-01.13.29:868][199]LogBlueprintUserMessages: Late PlayInEditor Detection: Level '/Game/extras/Maps/ThirdPersonExampleMap.ThirdPersonExampleMap:PersistentLevel' has LevelScriptBlueprint '/Game/extras/Maps/ThirdPersonExampleMap.ThirdPersonExampleMap:PersistentLevel.ThirdPersonExampleMap' with GeneratedClass '/Game/extras/Maps/ThirdPersonExampleMap.ThirdPersonExampleMap_C' with ClassGeneratedBy '/Game/extras/Maps/ThirdPersonExampleMap.ThirdPersonExampleMap:PersistentLevel.ThirdPersonExampleMap'
[2016.06.16-01.13.29:975][204]LogScript:Warning: Attempted to get an item from array CallFunc_GetOverlappingActors_OverlappingActors out of bounds [0/0]!
[2016.06.16-01.13.30:297][218]LogScript:Warning: Attempted to get an item from array CallFunc_GetOverlappingActors_OverlappingActors out of bounds [0/0]!
[2016.06.16-01.13.30:610][236]LogScript:Warning: Attempted to get an item from array CallFunc_GetOverlappingActors_OverlappingActors out of bounds [0/0]!
[2016.06.16-01.13.30:922][254]LogScript:Warning: Attempted to get an item from array CallFunc_GetOverlappingActors_OverlappingActors out of bounds [0/0]!
[2016.06.16-01.13.31:231][272]LogScript:Warning: Attempted to get an item from array CallFunc_GetOverlappingActors_OverlappingActors out of bounds [0/0]!
[2016.06.16-01.13.31:546][290]LogScript:Warning: Attempted to get an item from array CallFunc_GetOverlappingActors_OverlappingActors out of bounds [0/0]!
[2016.06.16-01.13.31:858][308]LogScript:Warning: Attempted to get an item from array CallFunc_GetOverlappingActors_OverlappingActors out of bounds [0/0]!
[2016.06.16-01.13.32:158][326]LogScript:Warning: Attempted to get an item from array CallFunc_GetOverlappingActors_OverlappingActors out of bounds [0/0]!
[2016.06.16-01.13.32:462][343]LogScript:Warning: Attempted to get an item from array CallFunc_GetOverlappingActors_OverlappingActors out of bounds [0/0]!
[2016.06.16-01.13.32:776][361]LogScript:Warning: Attempted to get an item from array CallFunc_GetOverlappingActors_OverlappingActors out of bounds [0/0]!
[2016.06.16-01.13.33:079][378]LogScript:Warning: Attempted to get an item from array CallFunc_GetOverlappingActors_OverlappingActors out of bounds [0/0]!
[2016.06.16-01.13.33:390][396]LogScript:Warning: Attempted to get an item from array CallFunc_GetOverlappingActors_OverlappingActors out of bounds [0/0]!
[2016.06.16-01.13.33:697][414]LogScript:Warning: Attempted to get an item from array CallFunc_GetOverlappingActors_OverlappingActors out of bounds [0/0]!
[2016.06.16-01.13.34:003][431]LogScript:Warning: Attempted to get an item from array CallFunc_GetOverlappingActors_OverlappingActors out of bounds [0/0]!
[2016.06.16-01.13.34:307][448]LogScript:Warning: Attempted to get an item from array CallFunc_GetOverlappingActors_OverlappingActors out of bounds [0/0]!
[2016.06.16-01.13.34:605][466]LogScript:Warning: Attempted to get an item from array CallFunc_GetOverlappingActors_OverlappingActors out of bounds [0/0]!
[2016.06.16-01.13.34:904][484]LogScript:Warning: Attempted to get an item from array CallFunc_GetOverlappingActors_OverlappingActors out of bounds [0/0]!
[2016.06.16-01.13.35:210][502]LogScript:Warning: Attempted to get an item from array CallFunc_GetOverlappingActors_OverlappingActors out of bounds [0/0]!
[2016.06.16-01.13.35:316][508]LogBlueprintUserMessages: [BTS_wandering_C_1] some shits on fire
[2016.06.16-01.13.35:523][520]LogScript:Warning: Attempted to get an item from array CallFunc_GetOverlappingActors_OverlappingActors out of bounds [0/0]!
[2016.06.16-01.13.35:832][537]LogScript:Warning: Attempted to get an item from array CallFunc_GetOverlappingActors_OverlappingActors out of bounds [0/0]!
[2016.06.16-01.13.36:133][554]LogScript:Warning: Attempted to get an item from array CallFunc_GetOverlappingActors_OverlappingActors out of bounds [0/0]!
[2016.06.16-01.13.36:444][572]LogScript:Warning: Attempted to get an item from array CallFunc_GetOverlappingActors_OverlappingActors out of bounds [0/0]!
[2016.06.16-01.13.36:751][590]LogScript:Warning: Attempted to get an item from array CallFunc_GetOverlappingActors_OverlappingActors out of bounds [0/0]!
[2016.06.16-01.13.37:060][608]LogScript:Warning: Attempted to get an item from array CallFunc_GetOverlappingActors_OverlappingActors out of bounds [0/0]!
[2016.06.16-01.13.37:368][626]LogScript:Warning: Attempted to get an item from array CallFunc_GetOverlappingActors_OverlappingActors out of bounds [0/0]!
[2016.06.16-01.13.37:676][644]LogScript:Warning: Attempted to get an item from array CallFunc_GetOverlappingActors_OverlappingActors out of bounds [0/0]!
[2016.06.16-01.13.37:987][662]LogScript:Warning: Attempted to get an item from array CallFunc_GetOverlappingActors_OverlappingActors out of bounds [0/0]!
[2016.06.16-01.13.38:288][680]LogScript:Warning: Attempted to get an item from array CallFunc_GetOverlappingActors_OverlappingActors out of bounds [0/0]!
[2016.06.16-01.13.38:590][697]LogScript:Warning: Attempted to get an item from array CallFunc_GetOverlappingActors_OverlappingActors out of bounds [0/0]!
[2016.06.16-01.13.38:898][715]LogScript:Warning: Attempted to get an item from array CallFunc_GetOverlappingActors_OverlappingActors out of bounds [0/0]!
[2016.06.16-01.13.39:200][733]LogScript:Warning: Attempted to get an item from array CallFunc_GetOverlappingActors_OverlappingActors out of bounds [0/0]!
[2016.06.16-01.13.39:509][751]LogScript:Warning: Attempted to get an item from array CallFunc_GetOverlappingActors_OverlappingActors out of bounds [0/0]!
[2016.06.16-01.13.39:816][769]LogScript:Warning: Attempted to get an item from array CallFunc_GetOverlappingActors_OverlappingActors out of bounds [0/0]!
[2016.06.16-01.13.40:133][787]LogScript:Warning: Attempted to get an item from array CallFunc_GetOverlappingActors_OverlappingActors out of bounds [0/0]!
[2016.06.16-01.13.40:444][805]LogScript:Warning: Attempted to get an item from array CallFunc_GetOverlappingActors_OverlappingActors out of bounds [0/0]!
[2016.06.16-01.13.40:754][823]LogScript:Warning: Attempted to get an item from array CallFunc_GetOverlappingActors_OverlappingActors out of bounds [0/0]!
[2016.06.16-01.13.41:068][841]LogScript:Warning: Attempted to get an item from array CallFunc_GetOverlappingActors_OverlappingActors out of bounds [0/0]!
[2016.06.16-01.13.41:380][858]LogScript:Warning: Attempted to get an item from array CallFunc_GetOverlappingActors_OverlappingActors out of bounds [0/0]!
[2016.06.16-01.13.41:679][876]LogScript:Warning: Attempted to get an item from array CallFunc_GetOverlappingActors_OverlappingActors out of bounds [0/0]!
[2016.06.16-01.13.41:989][894]LogScript:Warning: Attempted to get an item from array CallFunc_GetOverlappingActors_OverlappingActors out of bounds [0/0]!
[2016.06.16-01.13.42:288][912]LogScript:Warning: Attempted to get an item from array CallFunc_GetOverlappingActors_OverlappingActors out of bounds [0/0]!
[2016.06.16-01.13.42:598][930]LogScript:Warning: Attempted to get an item from array CallFunc_GetOverlappingActors_OverlappingActors out of bounds [0/0]!
[2016.06.16-01.13.42:896][946]LogScript:Warning: Attempted to get an item from array CallFunc_GetOverlappingActors_OverlappingActors out of bounds [0/0]!
[2016.06.16-01.13.43:200][964]LogScript:Warning: Attempted to get an item from array CallFunc_GetOverlappingActors_OverlappingActors out of bounds [0/0]!
[2016.06.16-01.13.43:895][  4]LogScript:Warning: Attempted to get an item from array CallFunc_GetOverlappingActors_OverlappingActors out of bounds [0/0]!
[2016.06.16-01.13.44:204][ 22]LogScript:Warning: Attempted to get an item from array CallFunc_GetOverlappingActors_OverlappingActors out of bounds [0/0]!
[2016.06.16-01.13.44:768][ 55]LogScript:Warning: Attempted to get an item from array CallFunc_GetOverlappingActors_OverlappingActors out of bounds [0/0]!
[2016.06.16-01.13.46:079][131]LogScript:Warning: Attempted to get an item from array CallFunc_GetOverlappingActors_OverlappingActors out of bounds [0/0]!
[2016.06.16-01.13.46:495][155]LogScript:Warning: Attempted to get an item from array CallFunc_GetOverlappingActors_OverlappingActors out of bounds [0/0]!
[2016.06.16-01.13.46:796][173]LogScript:Warning: Attempted to get an item from array CallFunc_GetOverlappingActors_OverlappingActors out of bounds [0/0]!
[2016.06.16-01.13.47:104][191]LogScript:Warning: Attempted to get an item from array CallFunc_GetOverlappingActors_OverlappingActors out of bounds [0/0]!
[2016.06.16-01.13.47:419][209]LogScript:Warning: Attempted to get an item from array CallFunc_GetOverlappingActors_OverlappingActors out of bounds [0/0]!
[2016.06.16-01.13.47:728][227]LogScript:Warning: Attempted to get an item from array CallFunc_GetOverlappingActors_OverlappingActors out of bounds [0/0]!
[2016.06.16-01.13.48:035][245]LogScript:Warning: Attempted to get an item from array CallFunc_GetOverlappingActors_OverlappingActors out of bounds [0/0]!
[2016.06.16-01.13.48:347][263]LogScript:Warning: Attempted to get an item from array CallFunc_GetOverlappingActors_OverlappingActors out of bounds [0/0]!
[2016.06.16-01.13.48:656][280]LogScript:Warning: Attempted to get an item from array CallFunc_GetOverlappingActors_OverlappingActors out of bounds [0/0]!
[2016.06.16-01.13.48:962][298]LogScript:Warning: Attempted to get an item from array CallFunc_GetOverlappingActors_OverlappingActors out of bounds [0/0]!
[2016.06.16-01.13.49:264][316]LogScript:Warning: Attempted to get an item from array CallFunc_GetOverlappingActors_OverlappingActors out of bounds [0/0]!
[2016.06.16-01.13.49:576][334]LogScript:Warning: Attempted to get an item from array CallFunc_GetOverlappingActors_OverlappingActors out of bounds [0/0]!
[2016.06.16-01.13.49:877][352]LogScript:Warning: Attempted to get an item from array CallFunc_GetOverlappingActors_OverlappingActors out of bounds [0/0]!
[2016.06.16-01.13.50:185][370]LogScript:Warning: Attempted to get an item from array CallFunc_GetOverlappingActors_OverlappingActors out of bounds [0/0]!
[2016.06.16-01.13.50:497][388]LogScript:Warning: Attempted to get an item from array CallFunc_GetOverlappingActors_OverlappingActors out of bounds [0/0]!
[2016.06.16-01.13.50:804][406]LogScript:Warning: Attempted to get an item from array CallFunc_GetOverlappingActors_OverlappingActors out of bounds [0/0]!
[2016.06.16-01.13.52:294][493]LogScript:Warning: Attempted to get an item from array CallFunc_GetOverlappingActors_OverlappingActors out of bounds [0/0]!
[2016.06.16-01.13.52:596][511]LogScript:Warning: Attempted to get an item from array CallFunc_GetOverlappingActors_OverlappingActors out of bounds [0/0]!
[2016.06.16-01.13.52:915][529]LogScript:Warning: Attempted to get an item from array CallFunc_GetOverlappingActors_OverlappingActors out of bounds [0/0]!
[2016.06.16-01.13.53:226][547]LogScript:Warning: Attempted to get an item from array CallFunc_GetOverlappingActors_OverlappingActors out of bounds [0/0]!
[2016.06.16-01.13.53:537][565]LogScript:Warning: Attempted to get an item from array CallFunc_GetOverlappingActors_OverlappingActors out of bounds [0/0]!
[2016.06.16-01.13.53:845][580]LogScript:Warning: Attempted to get an item from array CallFunc_GetOverlappingActors_OverlappingActors out of bounds [0/0]!
[2016.06.16-01.13.54:154][598]LogScript:Warning: Attempted to get an item from array CallFunc_GetOverlappingActors_OverlappingActors out of bounds [0/0]!
[2016.06.16-01.13.54:469][616]LogScript:Warning: Attempted to get an item from array CallFunc_GetOverlappingActors_OverlappingActors out of bounds [0/0]!
[2016.06.16-01.13.54:769][634]LogScript:Warning: Attempted to get an item from array CallFunc_GetOverlappingActors_OverlappingActors out of bounds [0/0]!
[2016.06.16-01.13.55:069][652]LogScript:Warning: Attempted to get an item from array CallFunc_GetOverlappingActors_OverlappingActors out of bounds [0/0]!
[2016.06.16-01.13.55:376][670]LogScript:Warning: Attempted to get an item from array CallFunc_GetOverlappingActors_OverlappingActors out of bounds [0/0]!
[2016.06.16-01.13.55:598][683]LogBlueprintUserMessages: Early EndPlayMap Detection: Level '/Game/extras/Maps/ThirdPersonExampleMap.ThirdPersonExampleMap:PersistentLevel' has LevelScriptBlueprint '/Game/extras/Maps/ThirdPersonExampleMap.ThirdPersonExampleMap:PersistentLevel.ThirdPersonExampleMap' with GeneratedClass '/Game/extras/Maps/ThirdPersonExampleMap.ThirdPersonExampleMap_C' with ClassGeneratedBy '/Game/extras/Maps/ThirdPersonExampleMap.ThirdPersonExampleMap:PersistentLevel.ThirdPersonExampleMap'
[2016.06.16-01.13.55:654][683]LogBlueprintUserMessages: Late EndPlayMap Detection: Level '/Game/extras/Maps/ThirdPersonExampleMap.ThirdPersonExampleMap:PersistentLevel' has LevelScriptBlueprint '/Game/extras/Maps/ThirdPersonExampleMap.ThirdPersonExampleMap:PersistentLevel.ThirdPersonExampleMap' with GeneratedClass '/Game/extras/Maps/ThirdPersonExampleMap.ThirdPersonExampleMap_C' with ClassGeneratedBy '/Game/extras/Maps/ThirdPersonExampleMap.ThirdPersonExampleMap:PersistentLevel.ThirdPersonExampleMap'
[2016.06.16-01.13.55:676][683]LogParticles: Destroying 0 GPU particle simulations for FXSystem 0x000001083B8863E0
[2016.06.16-01.21.32:728][709]LogSavePackage: Save=850.047363ms
[2016.06.16-01.21.32:728][709]LogSavePackage: Moving '../../../../../../Users/Master Guy/Documents/Unreal Projects/GaryTim/Saved/ThirdPersonExampleMap_Auto1CAA665904DA8A44EBD129AB54E8FF278.tmp' to '../../../../../../Users/Master Guy/Documents/Unreal Projects/GaryTim/Saved/Autosaves/Game/extras/Maps/ThirdPersonExampleMap_Auto1.umap'
[2016.06.16-01.21.32:748][709]LogSavePackage: Total save time: 1130.808756ms
[2016.06.16-01.21.32:748][709]LogSavePackage:Display: Finished SavePackage ../../../../../../Users/Master Guy/Documents/Unreal Projects/GaryTim/Saved/Autosaves/Game/extras/Maps/ThirdPersonExampleMap_Auto1.umap
[2016.06.16-01.21.32:771][709]LogFileHelpers: Editor autosave (incl. sublevels) for '/Game/extras/Maps/ThirdPersonExampleMap' took 1.300
[2016.06.16-01.21.32:771][709]LogFileHelpers: Editor autosave (incl. sublevels) for all levels took 1.300
[2016.06.16-02.57.55:032][343]LogHttp:Warning: Timeout processing Http request. 000001081FE08100
[2016.06.16-07.22.56:118][907]LogWindowsTextInputMethodSystem:Display: IME system now deactivated.
[2016.06.16-07.22.57:741][908]Cmd: QUIT_EDITOR
[2016.06.16-07.22.58:648][908]LogExit: Preparing to exit.
[2016.06.16-07.23.01:805][908]LogExit: Editor shut down
[2016.06.16-07.23.01:816][908]LogExit: Transaction tracking system shut down
[2016.06.16-07.23.01:828][908]LogParticles: Destroying 0 GPU particle simulations for FXSystem 0x00000108294B42C0
[2016.06.16-07.23.01:859][908]LogParticles: Destroying 0 GPU particle simulations for FXSystem 0x000001082927A660
[2016.06.16-07.23.02:064][908]LogParticles: Destroying 0 GPU particle simulations for FXSystem 0x000001083AFE2B60
[2016.06.16-07.23.02:064][908]LogParticles: Destroying 0 GPU particle simulations for FXSystem 0x000001083B2544A0
[2016.06.16-07.23.02:064][908]LogParticles: Destroying 0 GPU particle simulations for FXSystem 0x00000108293B5EE0
[2016.06.16-07.23.02:066][908]LogParticles: Destroying 0 GPU particle simulations for FXSystem 0x00000108293B65C0
[2016.06.16-07.23.04:158][908]LogExit: Object subsystem successfully closed.
[2016.06.16-07.23.04:384][908]LogD3D11RHI: Shutdown
[2016.06.16-07.23.04:384][908]LogD3D11RHI: CleanupD3DDevice
[2016.06.16-07.23.04:593][908]LogD3D11RHI: ~FD3D11DynamicRHI
[2016.06.16-07.23.05:336][908]LogModuleManager: Shutting down and abandoning module CookingStats (199)
[2016.06.16-07.23.05:337][908]LogModuleManager: Shutting down and abandoning module StatsViewer (198)
[2016.06.16-07.23.05:357][908]LogModuleManager: Shutting down and abandoning module CrashTracker (197)
[2016.06.16-07.23.05:357][908]LogModuleManager: Shutting down and abandoning module SceneOutliner (196)
[2016.06.16-07.23.05:357][908]LogModuleManager: Shutting down and abandoning module SuperSearch (195)
[2016.06.16-07.23.05:358][908]LogModuleManager: Shutting down and abandoning module WidgetCarousel (194)
[2016.06.16-07.23.05:361][908]LogModuleManager: Shutting down and abandoning module AddContentDialog (193)
[2016.06.16-07.23.05:485][908]LogModuleManager: Shutting down and abandoning module EditorWidgets (192)
[2016.06.16-07.23.05:485][908]LogModuleManager: Shutting down and abandoning module CollectionManager (191)
[2016.06.16-07.23.05:504][908]LogModuleManager: Shutting down and abandoning module FoliageEdit (190)
[2016.06.16-07.23.05:507][908]LogModuleManager: Shutting down and abandoning module LandscapeEditor (189)
[2016.06.16-07.23.05:522][908]LogModuleManager: Shutting down and abandoning module ActorPickerMode (188)
[2016.06.16-07.23.05:522][908]LogModuleManager: Shutting down and abandoning module GeometryMode (187)
[2016.06.16-07.23.05:522][908]LogModuleManager: Shutting down and abandoning module TextureAlignMode (186)
[2016.06.16-07.23.05:522][908]LogModuleManager: Shutting down and abandoning module BspMode (185)
[2016.06.16-07.23.05:522][908]LogModuleManager: Shutting down and abandoning module PlacementMode (184)
[2016.06.16-07.23.05:522][908]LogModuleManager: Shutting down and abandoning module AutomationWorker (183)
[2016.06.16-07.23.05:522][908]LogModuleManager: Shutting down and abandoning module CharacterAI (182)
[2016.06.16-07.23.05:523][908]LogModuleManager: Shutting down and abandoning module SmartSnapping (181)
[2016.06.16-07.23.05:523][908]LogModuleManager: Shutting down and abandoning module ViewportSnapping (180)
[2016.06.16-07.23.05:523][908]LogModuleManager: Shutting down and abandoning module LogVisualizer (179)
[2016.06.16-07.23.05:560][908]LogModuleManager: Shutting down and abandoning module GameProjectGeneration (178)
[2016.06.16-07.23.05:572][908]LogModuleManager: Shutting down and abandoning module IntroTutorials (177)
[2016.06.16-07.23.05:598][908]LogModuleManager: Shutting down and abandoning module EditorLiveStreaming (176)
[2016.06.16-07.23.05:598][908]LogModuleManager: Shutting down and abandoning module IOSPlatformEditor (175)
[2016.06.16-07.23.05:604][908]LogModuleManager: Shutting down and abandoning module HTML5PlatformEditor (174)
[2016.06.16-07.23.05:605][908]LogModuleManager: Shutting down and abandoning module AndroidDeviceDetection (173)
[2016.06.16-07.23.06:215][908]LogModuleManager: Shutting down and abandoning module AndroidPlatformEditor (172)
[2016.06.16-07.23.06:215][908]LogModuleManager: Shutting down and abandoning module IOSRuntimeSettings (171)
[2016.06.16-07.23.06:216][908]LogModuleManager: Shutting down and abandoning module AndroidRuntimeSettings (170)
[2016.06.16-07.23.06:216][908]LogModuleManager: Shutting down and abandoning module MergeActors (169)
[2016.06.16-07.23.06:230][908]LogModuleManager: Shutting down and abandoning module SizeMap (168)
[2016.06.16-07.23.06:230][908]LogModuleManager: Shutting down and abandoning module TreeMap (167)
[2016.06.16-07.23.06:238][908]LogModuleManager: Shutting down and abandoning module ReferenceViewer (166)
[2016.06.16-07.23.06:247][908]LogModuleManager: Shutting down and abandoning module LocalizationService (165)
[2016.06.16-07.23.06:252][908]LogModuleManager: Shutting down and abandoning module LocalizationDashboard (164)
[2016.06.16-07.23.06:260][908]LogModuleManager: Shutting down and abandoning module HardwareTargeting (163)
[2016.06.16-07.23.06:281][908]LogModuleManager: Shutting down and abandoning module DeviceProfileEditor (162)
[2016.06.16-07.23.06:291][908]LogModuleManager: Shutting down and abandoning module UndoHistory (161)
[2016.06.16-07.23.06:302][908]LogModuleManager: Shutting down and abandoning module GameplayTagsEditor (160)
[2016.06.16-07.23.06:309][908]LogModuleManager: Shutting down and abandoning module UserFeedback (159)
[2016.06.16-07.23.06:309][908]LogModuleManager: Shutting down and abandoning module XmlParser (158)
[2016.06.16-07.23.06:320][908]LogModuleManager: Shutting down and abandoning module Blutility (157)
[2016.06.16-07.23.06:320][908]LogModuleManager: Shutting down and abandoning module ProjectTargetPlatformEditor (156)
[2016.06.16-07.23.06:328][908]LogModuleManager: Shutting down and abandoning module ProjectSettingsViewer (155)
[2016.06.16-07.23.06:329][908]LogModuleManager: Shutting down and abandoning module InputBindingEditor (154)
[2016.06.16-07.23.06:357][908]LogModuleManager: Shutting down and abandoning module EditorSettingsViewer (153)
[2016.06.16-07.23.06:358][908]LogModuleManager: Shutting down and abandoning module SettingsEditor (152)
[2016.06.16-07.23.06:371][908]LogModuleManager: Shutting down and abandoning module ProjectLauncher (151)
[2016.06.16-07.23.06:391][908]LogModuleManager: Shutting down and abandoning module SessionFrontend (150)
[2016.06.16-07.23.06:407][908]LogModuleManager: Shutting down and abandoning module ProfilerClient (149)
[2016.06.16-07.23.06:419][908]LogModuleManager: Shutting down and abandoning module TargetDeviceServices (148)
[2016.06.16-07.23.06:419][908]LogModuleManager: Shutting down and abandoning module DeviceManager (147)
[2016.06.16-07.23.06:448][908]LogModuleManager: Shutting down and abandoning module AutomationController (146)
[2016.06.16-07.23.06:458][908]LogModuleManager: Shutting down and abandoning module AutomationWindow (145)
[2016.06.16-07.23.06:464][908]LogModuleManager: Shutting down and abandoning module Layers (144)
[2016.06.16-07.23.06:524][908]LogModuleManager: Shutting down and abandoning module ComponentVisualizers (143)
[2016.06.16-07.23.06:524][908]LogModuleManager: Shutting down and abandoning module DetailCustomizations (142)
[2016.06.16-07.23.06:525][908]LogModuleManager: Shutting down and abandoning module PackagesDialog (141)
[2016.06.16-07.23.06:525][908]LogModuleManager: Shutting down and abandoning module Persona (140)
[2016.06.16-07.23.06:594][908]LogModuleManager: Shutting down and abandoning module Kismet (139)
[2016.06.16-07.23.06:611][908]LogModuleManager: Shutting down and abandoning module GraphEditor (138)
[2016.06.16-07.23.06:612][908]LogModuleManager: Shutting down and abandoning module ClassViewer (137)
[2016.06.16-07.23.06:622][908]LogModuleManager: Shutting down and abandoning module Toolbox (136)
[2016.06.16-07.23.06:622][908]LogModuleManager: Shutting down and abandoning module ModuleUI (135)
[2016.06.16-07.23.06:633][908]LogModuleManager: Shutting down and abandoning module MovieSceneTools (134)
[2016.06.16-07.23.06:646][908]LogModuleManager: Shutting down and abandoning module OutputLog (133)
[2016.06.16-07.23.06:646][908]LogModuleManager: Shutting down and abandoning module GammaUI (132)
[2016.06.16-07.23.06:657][908]LogModuleManager: Shutting down and abandoning module Documentation (131)
[2016.06.16-07.23.06:658][908]LogModuleManager: Shutting down and abandoning module GameLiveStreaming (130)
[2016.06.16-07.23.06:665][908]LogModuleManager: Shutting down and abandoning module StreamingPauseRendering (129)
[2016.06.16-07.23.06:665][908]LogModuleManager: Shutting down and abandoning module AnalyticsET (128)
[2016.06.16-07.23.06:665][908]LogModuleManager: Shutting down and abandoning module Analytics (127)
[2016.06.16-07.23.06:665][908]LogModuleManager: Shutting down and abandoning module AITestSuite (126)
[2016.06.16-07.23.06:678][908]LogModuleManager: Shutting down and abandoning module GameplayDebugger (125)
[2016.06.16-07.23.06:684][908]LogModuleManager: Shutting down and abandoning module AIModule (124)
[2016.06.16-07.23.06:684][908]LogModuleManager: Shutting down and abandoning module ProfilerService (123)
[2016.06.16-07.23.06:821][908]LogModuleManager: Shutting down and abandoning module TaskGraph (122)
[2016.06.16-07.23.06:841][908]LogModuleManager: Shutting down and abandoning module SlateRemote (121)
[2016.06.16-07.23.06:841][908]LogModuleManager: Shutting down and abandoning module SteamVRController (120)
[2016.06.16-07.23.06:841][908]LogModuleManager: Shutting down and abandoning module SteamVR (119)
[2016.06.16-07.23.06:841][908]LogModuleManager: Shutting down and abandoning module ProceduralMeshComponent (118)
[2016.06.16-07.23.06:841][908]LogModuleManager: Shutting down and abandoning module OculusLibrary (117)
[2016.06.16-07.23.06:842][908]LogModuleManager: Shutting down and abandoning module OculusInput (116)
[2016.06.16-07.23.06:842][908]LogModuleManager: Shutting down and abandoning module LeapMotionController (115)
[2016.06.16-07.23.07:057][908]LogModuleManager: Shutting down and abandoning module CustomMeshComponent (114)
[2016.06.16-07.23.07:057][908]LogModuleManager: Shutting down and abandoning module CableComponent (113)
[2016.06.16-07.23.07:066][908]LogModuleManager: Shutting down and abandoning module ArchVisCharacter (112)
[2016.06.16-07.23.07:066][908]LogModuleManager: Shutting down and abandoning module MessagingDebugger (111)
[2016.06.16-07.23.07:092][908]LogModuleManager: Shutting down and abandoning module MediaPlayerEditor (110)
[2016.06.16-07.23.07:114][908]LogModuleManager: Shutting down and abandoning module HTML5Networking (109)
[2016.06.16-07.23.07:114][908]LogModuleManager: Shutting down and abandoning module SpeedTreeImporter (108)
[2016.06.16-07.23.07:114][908]LogModuleManager: Shutting down and abandoning module PluginBrowser (107)
[2016.06.16-07.23.07:137][908]LogModuleManager: Shutting down and abandoning module EpicSurvey (106)
[2016.06.16-07.23.07:163][908]LogModuleManager: Shutting down and abandoning module DesktopPlatform (105)
[2016.06.16-07.23.07:183][908]LogModuleManager: Shutting down and abandoning module VisualStudioSourceCodeAccess (104)
[2016.06.16-07.23.07:192][908]LogModuleManager: Shutting down and abandoning module UObjectPlugin (103)
[2016.06.16-07.23.07:193][908]LogModuleManager: Shutting down and abandoning module SubversionSourceControl (102)
[2016.06.16-07.23.07:199][908]LogModuleManager: Shutting down and abandoning module PerforceSourceControl (101)
[2016.06.16-07.23.07:225][908]LogModuleManager: Shutting down and abandoning module SourceControl (100)
[2016.06.16-07.23.07:251][908]LogModuleManager: Shutting down and abandoning module GitSourceControl (99)
[2016.06.16-07.23.07:263][908]LogModuleManager: Shutting down and abandoning module LightPropagationVolumeEditor (98)
[2016.06.16-07.23.07:263][908]LogModuleManager: Shutting down and abandoning module PaperTiledImporter (97)
[2016.06.16-07.23.07:272][908]LogModuleManager: Shutting down and abandoning module PaperSpriteSheetImporter (96)
[2016.06.16-07.23.07:272][908]LogModuleManager: Shutting down and abandoning module MeshPaint (95)
[2016.06.16-07.23.07:272][908]LogModuleManager: Shutting down and abandoning module SlateReflector (94)
[2016.06.16-07.23.07:288][908]LogModuleManager: Shutting down and abandoning module HotReload (93)
[2016.06.16-07.23.07:297][908]LogModuleManager: Shutting down and abandoning module MainFrame (92)
[2016.06.16-07.23.07:297][908]LogModuleManager: Shutting down and abandoning module LevelEditor (91)
[2016.06.16-07.23.07:351][908]LogModuleManager: Shutting down and abandoning module DirectoryWatcher (90)
[2016.06.16-07.23.07:367][908]LogModuleManager: Shutting down and abandoning module AssetRegistry (89)
[2016.06.16-07.23.07:610][908]LogModuleManager: Shutting down and abandoning module ContentBrowser (88)
[2016.06.16-07.23.07:613][908]LogModuleManager: Shutting down and abandoning module Paper2DEditor (87)
[2016.06.16-07.23.07:638][908]LogModuleManager: Shutting down and abandoning module UdpMessaging (86)
[2016.06.16-07.23.07:738][908]LogModuleManager: Shutting down and abandoning module LightPropagationVolumeRuntime (85)
[2016.06.16-07.23.07:738][908]LogModuleManager: Shutting down and abandoning module Paper2D (84)
[2016.06.16-07.23.07:768][908]LogModuleManager: Shutting down and abandoning module WindowsMoviePlayer (83)
[2016.06.16-07.23.07:785][908]LogModuleManager: Shutting down and abandoning module Media (82)
[2016.06.16-07.23.07:786][908]LogModuleManager: Shutting down and abandoning module WmfMedia (81)
[2016.06.16-07.23.07:795][908]LogModuleManager: Shutting down and abandoning module OnlineBlueprintSupport (80)
[2016.06.16-07.23.07:795][908]LogModuleManager: Shutting down and abandoning module GameplayTasksEditor (79)
[2016.06.16-07.23.07:795][908]LogModuleManager: Shutting down and abandoning module PropertyEditor (78)
[2016.06.16-07.23.07:795][908]LogModuleManager: Shutting down and abandoning module BehaviorTreeEditor (77)
[2016.06.16-07.23.07:795][908]LogModuleManager: Shutting down and abandoning module FunctionalTesting (76)
[2016.06.16-07.23.07:795][908]LogModuleManager: Shutting down and abandoning module CollisionAnalyzer (75)
[2016.06.16-07.23.07:814][908]LogModuleManager: Shutting down and abandoning module WorkspaceMenuStructure (74)
[2016.06.16-07.23.07:814][908]LogModuleManager: Shutting down and abandoning module MessageLog (73)
[2016.06.16-07.23.07:814][908]LogModuleManager: Shutting down and abandoning module Sequencer (72)
[2016.06.16-07.23.07:854][908]LogModuleManager: Shutting down and abandoning module AssetTools (71)
[2016.06.16-07.23.07:893][908]LogModuleManager: Shutting down and abandoning module UMGEditor (70)
[2016.06.16-07.23.07:918][908]LogModuleManager: Shutting down and abandoning module UMG (69)
[2016.06.16-07.23.07:935][908]LogModuleManager: Shutting down and abandoning module Slate (68)
[2016.06.16-07.23.07:935][908]LogModuleManager: Shutting down and abandoning module EditorStyle (67)
[2016.06.16-07.23.07:944][908]LogModuleManager: Shutting down and abandoning module SessionServices (66)
[2016.06.16-07.23.07:944][908]LogModuleManager: Shutting down and abandoning module SourceCodeAccess (65)
[2016.06.16-07.23.07:944][908]LogModuleManager: Shutting down and abandoning module HeadMountedDisplay (64)
[2016.06.16-07.23.07:944][908]LogModuleManager: Shutting down and abandoning module XAudio2 (63)
[2016.06.16-07.23.07:944][908]LogModuleManager: Shutting down and abandoning module Networking (61)
[2016.06.16-07.23.07:944][908]LogModuleManager: Shutting down and abandoning module Core (60)
[2016.06.16-07.23.07:944][908]LogModuleManager: Shutting down and abandoning module KismetCompiler (59)
[2016.06.16-07.23.07:944][908]LogModuleManager: Shutting down and abandoning module PhysXFormats (58)
[2016.06.16-07.23.07:956][908]LogModuleManager: Shutting down and abandoning module MeshUtilities (57)
[2016.06.16-07.23.08:002][908]LogModuleManager: Shutting down and abandoning module DerivedDataCache (56)
[2016.06.16-07.23.08:036][908]LogDerivedDataCache: Shutdown
[2016.06.16-07.23.08:036][908]LogModuleManager: Shutting down and abandoning module ShaderFormatOpenGL (55)
[2016.06.16-07.23.08:044][908]LogModuleManager: Shutting down and abandoning module ShaderFormatD3D (54)
[2016.06.16-07.23.08:050][908]LogModuleManager: Shutting down and abandoning module MetalShaderFormat (53)
[2016.06.16-07.23.08:058][908]LogModuleManager: Shutting down and abandoning module TextureFormatUncompressed (52)
[2016.06.16-07.23.08:058][908]LogModuleManager: Shutting down and abandoning module TextureFormatPVR (51)
[2016.06.16-07.23.08:071][908]LogModuleManager: Shutting down and abandoning module TextureFormatIntelISPCTexComp (50)
[2016.06.16-07.23.08:072][908]LogModuleManager: Shutting down and abandoning module TextureFormatDXT (49)
[2016.06.16-07.23.08:073][908]LogModuleManager: Shutting down and abandoning module ImageWrapper (48)
[2016.06.16-07.23.08:073][908]LogModuleManager: Shutting down and abandoning module TextureFormatASTC (47)
[2016.06.16-07.23.08:073][908]LogModuleManager: Shutting down and abandoning module TextureFormatAndroid (46)
[2016.06.16-07.23.08:073][908]LogModuleManager: Shutting down and abandoning module AudioFormatOpus (45)
[2016.06.16-07.23.08:082][908]LogModuleManager: Shutting down and abandoning module AudioFormatOgg (44)
[2016.06.16-07.23.08:092][908]LogModuleManager: Shutting down and abandoning module AudioFormatADPCM (43)
[2016.06.16-07.23.08:097][908]LogModuleManager: Shutting down and abandoning module LinuxTargetPlatform (42)
[2016.06.16-07.23.08:097][908]LogModuleManager: Shutting down and abandoning module LinuxServerTargetPlatform (41)
[2016.06.16-07.23.08:106][908]LogModuleManager: Shutting down and abandoning module LinuxNoEditorTargetPlatform (40)
[2016.06.16-07.23.08:113][908]LogModuleManager: Shutting down and abandoning module Messaging (39)
[2016.06.16-07.23.08:113][908]LogModuleManager: Shutting down and abandoning module IOSTargetPlatform (38)
[2016.06.16-07.23.08:114][908]LogModuleManager: Shutting down and abandoning module HTML5TargetPlatform (37)
[2016.06.16-07.23.08:114][908]LogModuleManager: Shutting down and abandoning module Android_PVRTCTargetPlatform (36)
[2016.06.16-07.23.08:114][908]LogModuleManager: Shutting down and abandoning module Android_MultiTargetPlatform (35)
[2016.06.16-07.23.08:114][908]LogModuleManager: Shutting down and abandoning module Android_ETC2TargetPlatform (34)
[2016.06.16-07.23.08:114][908]LogModuleManager: Shutting down and abandoning module Android_ETC1TargetPlatform (33)
[2016.06.16-07.23.08:114][908]LogModuleManager: Shutting down and abandoning module Android_DXTTargetPlatform (32)
[2016.06.16-07.23.08:114][908]LogModuleManager: Shutting down and abandoning module Android_ATCTargetPlatform (31)
[2016.06.16-07.23.08:114][908]LogModuleManager: Shutting down and abandoning module Android_ASTCTargetPlatform (30)
[2016.06.16-07.23.08:114][908]LogModuleManager: Shutting down and abandoning module AndroidTargetPlatform (29)
[2016.06.16-07.23.08:114][908]LogModuleManager: Shutting down and abandoning module WindowsTargetPlatform (28)
[2016.06.16-07.23.08:114][908]LogModuleManager: Shutting down and abandoning module WindowsServerTargetPlatform (27)
[2016.06.16-07.23.08:136][908]LogModuleManager: Shutting down and abandoning module WindowsNoEditorTargetPlatform (26)
[2016.06.16-07.23.08:151][908]LogModuleManager: Shutting down and abandoning module WindowsClientTargetPlatform (25)
[2016.06.16-07.23.08:159][908]LogModuleManager: Shutting down and abandoning module AllDesktopTargetPlatform (24)
[2016.06.16-07.23.08:159][908]LogModuleManager: Shutting down and abandoning module TargetPlatform (23)
[2016.06.16-07.23.08:159][908]LogModuleManager: Shutting down and abandoning module InputCore (22)
[2016.06.16-07.23.08:159][908]LogModuleManager: Shutting down and abandoning module Settings (21)
[2016.06.16-07.23.08:159][908]LogModuleManager: Shutting down and abandoning module OnlineSubsystem (19)
[2016.06.16-07.23.08:160][908]LogModuleManager: Shutting down and abandoning module HTTP (18)
[2016.06.16-07.23.10:165][908]LogModuleManager: Shutting down and abandoning module XMPP (17)
[2016.06.16-07.23.10:189][908]LogModuleManager: Shutting down and abandoning module OculusRift (16)
[2016.06.16-07.23.10:207][908]LogModuleManager: Shutting down and abandoning module ExampleDeviceProfileSelector (15)
[2016.06.16-07.23.10:207][908]LogModuleManager: Shutting down and abandoning module TextureCompressor (14)
[2016.06.16-07.23.10:218][908]LogModuleManager: Shutting down and abandoning module ShaderCore (13)
[2016.06.16-07.23.10:218][908]LogModuleManager: Shutting down and abandoning module Landscape (12)
[2016.06.16-07.23.10:219][908]LogModuleManager: Shutting down and abandoning module SlateRHIRenderer (11)
[2016.06.16-07.23.10:317][908]LogModuleManager: Shutting down and abandoning module OpenGLDrv (10)
[2016.06.16-07.23.10:338][908]LogModuleManager: Shutting down and abandoning module D3D11RHI (9)
[2016.06.16-07.23.10:338][908]LogModuleManager: Shutting down and abandoning module AnimGraphRuntime (8)
[2016.06.16-07.23.10:346][908]LogModuleManager: Shutting down and abandoning module Renderer (7)
[2016.06.16-07.23.10:347][908]LogModuleManager: Shutting down and abandoning module Engine (6)
[2016.06.16-07.23.10:347][908]LogModuleManager: Shutting down and abandoning module CoreUObject (5)
[2016.06.16-07.23.10:347][908]LogModuleManager: Shutting down and abandoning module NetworkFile (4)
[2016.06.16-07.23.10:354][908]LogModuleManager: Shutting down and abandoning module StreamingFile (3)
[2016.06.16-07.23.10:362][908]LogModuleManager: Shutting down and abandoning module SandboxFile (2)
[2016.06.16-07.23.10:374][908]LogModuleManager: Shutting down and abandoning module PakFile (1)
[2016.06.16-07.23.10:397][908]LogExit: Exiting.
[2016.06.16-07.23.10:479][908]Log file closed, 06/16/16 00:23:10
