[2016.06.23-04.21.28:295][  0]Log file open, 06/22/16 21:21:28
[2016.06.23-04.21.28:295][  0]LogInit:Display: Running engine for game: GaryTim
[2016.06.23-04.21.28:295][  0]LogPlatformFile: Not using cached read wrapper
[2016.06.23-04.21.28:295][  0]LogInit:Display: RandInit(337656969) SRandInit(337656971).
[2016.06.23-04.21.28:295][  0]LogTaskGraph: Started task graph with 4 named threads and 7 total threads.
[2016.06.23-04.21.28:295][  0]LogStats: Stats thread started at 0.082377
[2016.06.23-04.21.28:295][  0]LogInit: Version: 4.10.4-2872498+++depot+UE4-Releases+4.10
[2016.06.23-04.21.28:295][  0]LogInit: API Version: 2758231
[2016.06.23-04.21.28:295][  0]LogInit: Compiled (64-bit): Feb 18 2016 15:47:04
[2016.06.23-04.21.28:295][  0]LogInit: Compiled with Visual C++: 19.00.23026.00
[2016.06.23-04.21.28:295][  0]LogInit: Build Configuration: Development
[2016.06.23-04.21.28:295][  0]LogInit: Branch Name: ++depot+UE4-Releases+4.10
[2016.06.23-04.21.28:295][  0]LogInit: Command line: -EpicPortal 
[2016.06.23-04.21.28:295][  0]LogInit: Base directory: C:/Program Files (x86)/Epic Games/4.10/Engine/Binaries/Win64/
[2016.06.23-04.21.28:295][  0]LogInit: Rocket: 1
[2016.06.23-04.21.28:302][  0]LogInit: Using libcurl 7.41.0
[2016.06.23-04.21.28:302][  0]LogInit:  - built for x86_64-pc-win32
[2016.06.23-04.21.28:302][  0]LogInit:  - supports SSL with WinSSL
[2016.06.23-04.21.28:302][  0]LogInit:  - other features:
[2016.06.23-04.21.28:302][  0]LogInit:      CURL_VERSION_SSL
[2016.06.23-04.21.28:302][  0]LogInit:      CURL_VERSION_IPV6
[2016.06.23-04.21.28:302][  0]LogInit:      CURL_VERSION_ASYNCHDNS
[2016.06.23-04.21.28:302][  0]LogInit:      CURL_VERSION_LARGEFILE
[2016.06.23-04.21.28:302][  0]LogInit:      CURL_VERSION_IDN
[2016.06.23-04.21.28:302][  0]LogInit:  CurlRequestOptions (configurable via config and command line):
[2016.06.23-04.21.28:302][  0]LogInit:  - bVerifyPeer = true  - Libcurl will verify peer certificate
[2016.06.23-04.21.28:302][  0]LogInit:  - bUseHttpProxy = false  - Libcurl will NOT use HTTP proxy
[2016.06.23-04.21.28:302][  0]LogInit:  - bDontReuseConnections = false  - Libcurl will reuse connections
[2016.06.23-04.21.28:302][  0]LogInit:  - CertBundlePath = nullptr  - Libcurl will use whatever was configured at build time.
[2016.06.23-04.21.28:310][  0]LogInit: Presizing for 0 objects not considered by GC, pre-allocating 0 bytes.
[2016.06.23-04.21.28:316][  0]LogInit: Object subsystem initialized
[2016.06.23-04.21.28:317][  0]LogInit: Selected Device Profile: [Windows]
[2016.06.23-04.21.28:317][  0]LogInit: Applying CVar settings loaded from the selected device profile: [Windows]
[2016.06.23-04.21.28:325][  0]LogInit: Computer: MSI
[2016.06.23-04.21.28:325][  0]LogInit: User: MasterGuy
[2016.06.23-04.21.28:325][  0]LogInit: CPU Page size=4096, Cores=4
[2016.06.23-04.21.28:325][  0]LogInit: High frequency timer resolution =2.338346 MHz
[2016.06.23-04.21.28:325][  0]LogMemory: Memory total: Physical=7.9GB (8GB approx)
[2016.06.23-04.21.28:326][  0]LogMemory: Platform Memory Stats for Windows
[2016.06.23-04.21.28:326][  0]LogMemory: Process Physical Memory: 57.55 MB used, 57.55 MB peak
[2016.06.23-04.21.28:326][  0]LogMemory: Process Virtual Memory: 56.79 MB used, 56.79 MB peak
[2016.06.23-04.21.28:326][  0]LogMemory: Physical Memory: 5047.54 MB used, 8110.90 MB total
[2016.06.23-04.21.28:326][  0]LogMemory: Virtual Memory: 383.58 MB used, 134217728.00 MB total
[2016.06.23-04.21.28:371][  0]LogTextLocalizationManager: No specific translations for ('en-US') exist, so ('en') translations will be used.
[2016.06.23-04.21.28:875][  0]LogD3D11RHI: Found D3D11 adapter 0: NVIDIA GeForce GTX 765M (Feature Level 11_0)
[2016.06.23-04.21.28:875][  0]LogD3D11RHI: Adapter has 1991MB of dedicated video memory, 0MB of dedicated system memory, and 4055MB of shared system memory, 1 output[s]
[2016.06.23-04.21.28:881][  0]LogD3D11RHI: Found D3D11 adapter 1: Intel(R) HD Graphics 4600 (Feature Level 11_0)
[2016.06.23-04.21.28:881][  0]LogD3D11RHI: Adapter has 112MB of dedicated video memory, 0MB of dedicated system memory, and 4055MB of shared system memory, 0 output[s]
[2016.06.23-04.21.28:883][  0]LogD3D11RHI: Found D3D11 adapter 2: Microsoft Basic Render Driver (Feature Level 11_0)
[2016.06.23-04.21.28:883][  0]LogD3D11RHI: Adapter has 0MB of dedicated video memory, 0MB of dedicated system memory, and 4055MB of shared system memory, 0 output[s]
[2016.06.23-04.21.28:883][  0]LogD3D11RHI: Chosen D3D11 Adapter Id = 0
[2016.06.23-04.21.28:889][  0]LogD3D11RHI: !Direct3DDevice
[2016.06.23-04.21.28:889][  0]LogRHI: Texture pool is 1361 MB (70% of 1945 MB)
[2016.06.23-04.21.28:901][  0]LogD3D11RHI: Async texture creation enabled
[2016.06.23-04.21.28:916][  0]LogShaderCompilers: Guid format shader working directory is -13 characters bigger than the processId version (../../../../../../Users/Master Guy/Desktop/suppository/GaryTim/Intermediate/Shaders/WorkingDirectory/6580/).
[2016.06.23-04.21.28:916][  0]LogShaderCompilers: Cleaned the shader compiler working directory 'C:/Users/MASTER~1/AppData/Local/Temp/UnrealShaderWorkingDir/DB03050449037887EA91139CDE5C987A/'.
[2016.06.23-04.21.28:916][  0]LogShaderCompilers:Display: Using Local Shader Compiler.
[2016.06.23-04.21.29:790][  0]LogTemp:Display: Loaded TP AllDesktopTargetPlatform
[2016.06.23-04.21.29:795][  0]LogTemp:Display: Loaded TP WindowsClientTargetPlatform
[2016.06.23-04.21.29:799][  0]LogTemp:Display: Loaded TP WindowsNoEditorTargetPlatform
[2016.06.23-04.21.29:804][  0]LogTemp:Display: Loaded TP WindowsServerTargetPlatform
[2016.06.23-04.21.29:808][  0]LogTemp:Display: Loaded TP WindowsTargetPlatform
[2016.06.23-04.21.29:812][  0]LogTemp:Display: Loaded TP AndroidTargetPlatform
[2016.06.23-04.21.29:817][  0]LogTemp:Display: Loaded TP Android_ASTCTargetPlatform
[2016.06.23-04.21.29:821][  0]LogTemp:Display: Loaded TP Android_ATCTargetPlatform
[2016.06.23-04.21.29:825][  0]LogTemp:Display: Loaded TP Android_DXTTargetPlatform
[2016.06.23-04.21.29:828][  0]LogTemp:Display: Loaded TP Android_ETC1TargetPlatform
[2016.06.23-04.21.29:831][  0]LogTemp:Display: Loaded TP Android_ETC2TargetPlatform
[2016.06.23-04.21.29:838][  0]LogTemp:Display: Loaded TP Android_MultiTargetPlatform
[2016.06.23-04.21.29:838][  0]LogTemp:Display: Loaded TP Android_PVRTCTargetPlatform
[2016.06.23-04.21.29:839][  0]LogTemp:Display: Loaded TP HTML5TargetPlatform
[2016.06.23-04.21.29:858][  0]LogTemp:Display: Loaded TP IOSTargetPlatform
[2016.06.23-04.21.29:861][  0]LogTemp:Display: Loaded TP LinuxNoEditorTargetPlatform
[2016.06.23-04.21.29:864][  0]LogTemp:Display: Loaded TP LinuxServerTargetPlatform
[2016.06.23-04.21.29:868][  0]LogTemp:Display: Loaded TP LinuxTargetPlatform
[2016.06.23-04.21.29:868][  0]LogTargetPlatformManager:Display: Building Assets For Windows
[2016.06.23-04.21.29:963][  0]LogDerivedDataCache:Display: Max Cache Size: 512 MB
[2016.06.23-04.21.30:012][  0]LogDerivedDataCache: Loaded boot cache 0.05s 41MB C:/Users/Master Guy/AppData/Local/UnrealEngine/4.10/DerivedDataCache/Boot.ddc.
[2016.06.23-04.21.30:012][  0]LogDerivedDataCache:Display: Loaded Boot cache: C:/Users/Master Guy/AppData/Local/UnrealEngine/4.10/DerivedDataCache/Boot.ddc
[2016.06.23-04.21.30:013][  0]LogDerivedDataCache: FDerivedDataBackendGraph:  Pak pak cache file ../../../../../../Users/Master Guy/Desktop/suppository/GaryTim/DerivedDataCache/DDC.ddp not found, will not use a pak cache.
[2016.06.23-04.21.30:013][  0]LogDerivedDataCache: Unable to find inner node Pak for hierarchical cache Hierarchy.
[2016.06.23-04.21.30:013][  0]LogDerivedDataCache: FDerivedDataBackendGraph:  CompressedPak pak cache file ../../../../../../Users/Master Guy/Desktop/suppository/GaryTim/DerivedDataCache/Compressed.ddp not found, will not use a pak cache.
[2016.06.23-04.21.30:013][  0]LogDerivedDataCache: Unable to find inner node CompressedPak for hierarchical cache Hierarchy.
[2016.06.23-04.21.30:070][  0]LogDerivedDataCache:Display: Pak cache opened for reading ../../../Engine/DerivedDataCache/Compressed.ddp.
[2016.06.23-04.21.30:082][  0]LogDerivedDataCache: Using Local data cache path C:/Users/Master Guy/AppData/Local/UnrealEngine/Common/DerivedDataCache: Writable
[2016.06.23-04.21.30:287][  0]LogInit: Selected Device Profile: [Windows]
[2016.06.23-04.21.30:290][  0]LogContentStreaming: Texture pool size is 0.000000MB
[2016.06.23-04.21.30:406][  0]LogMeshUtilities: No automatic mesh reduction module available
[2016.06.23-04.21.30:407][  0]LogMeshUtilities: No automatic mesh merging module available
[2016.06.23-04.21.30:656][  0]LogInit: WinSock: version 1.1 (2.2), MaxSocks=32767, MaxUdp=65467
[2016.06.23-04.21.31:622][  0]UdpMessaging: Initializing bridge on interface 0.0.0.0:0 to multicast group 230.0.0.1:6666.
[2016.06.23-04.21.31:724][  0]LogAssetRegistry: FAssetRegistry took 0.0110 seconds to start up
[2016.06.23-04.21.31:907][  0]SourceControl: Info Source control is disabled
[2016.06.23-04.21.31:909][  0]SourceControl: Info Source control is disabled
[2016.06.23-04.21.31:926][  0]SourceControl: Info Source control is disabled
[2016.06.23-04.21.31:942][  0]SourceControl: Info Source control is disabled
[2016.06.23-04.21.32:258][  0]LogObj: 28633 objects as part of root set at end of initial load.
[2016.06.23-04.21.32:258][  0]LogUObjectAllocator: 6099752 out of 0 bytes used by permanent object pool.
[2016.06.23-04.21.32:312][  0]LogEngine: Initializing Engine...
[2016.06.23-04.21.32:317][  0]LogHMD: Can't find Oculus library dev build: is proper Runtime installed? Version: 0.8.0.0
[2016.06.23-04.21.32:318][  0]LogHMD: SteamVR failed to initialize.  Err: 110
[2016.06.23-04.21.32:442][  0]LogAIModule: Creating AISystem for world NewWorld
[2016.06.23-04.21.32:447][  0]LogInit: XAudio2 using 'Speakers (Realtek High Definition Audio)' : 2 channels at 48 kHz using 32 bits per sample (channel mask 0x3)
[2016.06.23-04.21.32:477][  0]LogInit: FAudioDevice initialized.
[2016.06.23-04.21.32:527][  0]LogDerivedDataCache: Saved boot cache 0.05s 41MB C:/Users/Master Guy/AppData/Local/UnrealEngine/4.10/DerivedDataCache/Boot.ddc.
[2016.06.23-04.21.32:539][  0]LogInit: Texture streaming: Enabled
[2016.06.23-04.21.32:550][  0]LogAnalytics: Creating configured Analytics provider AnalyticsET
[2016.06.23-04.21.32:550][  0]LogAnalytics: [UEEditor.Rocket.Release] APIServer = http://et2.epicgames.com/ET2/. AppVersion = 4.10.4-2872498+++depot+UE4-Releases+4.10
[2016.06.23-04.21.32:550][  0]LogAnalytics: [UEEditor.Rocket.Release] SetUserId 0ff8bdf5463f31a35e2b04b809019cd1|10f330c5297a4636b2afc2f7247333c3|a5587157-775d-4618-9bfb-78982c3b8f98
[2016.06.23-04.21.32:551][  0]LogAnalytics: [UEEditor.Rocket.Release] AnalyticsET::StartSession
[2016.06.23-04.21.32:570][  0]LogInit: Transaction tracking system initialized
[2016.06.23-04.21.32:599][  0]BlueprintLog: New page: Editor Load
[2016.06.23-04.21.32:681][  0]LocalizationService: Info Localization service is disabled
[2016.06.23-04.21.32:751][  0]LogLinker:Warning: Can't find file '/Game/FirstPersonBP/FirstPersonOverview'
[2016.06.23-04.21.32:751][  0]LogLinker:Warning: Can't find file '/Game/FirstPersonBP/FirstPersonOverview'
[2016.06.23-04.21.32:751][  0]LogUObjectGlobals:Warning: Failed to find object 'Class /Game/FirstPersonBP/FirstPersonOverview.FirstPersonOverview_C'
[2016.06.23-04.21.32:765][  0]LogConsoleResponse:Display: 
[2016.06.23-04.21.32:874][  0]LogCook:Display: Done creating registry. It took  0.00s.
[2016.06.23-04.21.32:938][  0]LogFileCache: Scanning file cache for directory 'C:/Users/Master Guy/Desktop/suppository/GaryTim/Content/' took 0.02s
[2016.06.23-04.21.32:938][  0]SourceControl: Info Source control is disabled
[2016.06.23-04.21.32:938][  0]Cmd: MAP LOAD FILE="../../../../../../Users/Master Guy/Desktop/suppository/GaryTim/Content/ThirdPersonBP/Maps/ThirdPersonExampleMap.umap" TEMPLATE=0 SHOWPROGRESS=1 FEATURELEVEL=3
[2016.06.23-04.21.32:938][  0]LogEditorServer:Warning: Can't find file '../../../../../../Users/Master Guy/Desktop/suppository/GaryTim/Content/ThirdPersonBP/Maps/ThirdPersonExampleMap.umap'
[2016.06.23-04.21.32:938][  0]Cmd: MAP CHECKDEP NOCLEARLOG
[2016.06.23-04.21.33:014][  0]MapCheck: Info Map check complete: 0 Error(s), 0 Warning(s), took 75.759ms to complete.
[2016.06.23-04.21.33:014][  0]LogFileHelpers: Loading map 'ThirdPersonExampleMap' took 0.076
[2016.06.23-04.21.33:107][  0]LogCollectionManager: Loaded 0 collections in 0.001769 seconds
[2016.06.23-04.21.33:145][  0]LogFileCache: Scanning file cache for directory 'C:/Users/Master Guy/Desktop/suppository/GaryTim/Saved/Collections/' took 0.01s
[2016.06.23-04.21.33:146][  0]LogFileCache: Scanning file cache for directory 'C:/Users/Master Guy/Desktop/suppository/GaryTim/Content/Developers/MasterGuy/Collections/' took 0.01s
[2016.06.23-04.21.33:146][  0]LogFileCache: Scanning file cache for directory 'C:/Users/Master Guy/Desktop/suppository/GaryTim/Content/Collections/' took 0.01s
[2016.06.23-04.21.33:146][  0]LogCollectionManager: Rebuilt the GUID cache for 0 collections in 0.000001 seconds
[2016.06.23-04.21.33:152][  0]LogContentBrowser: Native class hierarchy populated in 0.0062 seconds. Added 1893 classes and 338 folders.
[2016.06.23-04.21.33:158][  0]LogContentBrowser: Native class hierarchy updated for 'WidgetCarousel' in 0.0003 seconds. Added 0 classes and 0 folders.
[2016.06.23-04.21.33:223][  0]LogContentBrowser: Native class hierarchy updated for 'AddContentDialog' in 0.0004 seconds. Added 0 classes and 0 folders.
[2016.06.23-04.21.33:227][  0]LogContentBrowser: Native class hierarchy updated for 'SceneOutliner' in 0.0003 seconds. Added 1 classes and 2 folders.
[2016.06.23-04.21.33:245][  0]LogCrashTracker: Crashtracker disabled due to settings.
[2016.06.23-04.21.33:250][  0]LogUObjectGlobals:Warning: Failed to find object 'Class None.'
[2016.06.23-04.21.33:272][  0]LogLoad: Full Startup: 5.41 seconds (BP compile: 0.00 seconds)
[2016.06.23-04.21.33:294][  0]LogOcInput: Can't find Oculus library dev build: is proper Runtime installed? Version: 0.8.0.0
[2016.06.23-04.21.33:347][  0]LogContentStreaming: Texture pool size now 400 MB
[2016.06.23-04.21.33:461][  0]LogRenderer: Reallocating scene render targets to support 952x408 (Frame:2).
[2016.06.23-04.21.33:557][  1]LogAssetRegistry: Asset discovery search completed in 1.8438 seconds
[2016.06.23-04.21.33:557][  1]LogCollectionManager: Rebuilt the object cache for 0 collections in 0.000001 seconds (found 0 objects)
[2016.06.23-04.21.33:557][  1]LogCollectionManager: Fixed up redirectors for 0 collections in 0.000017 seconds (updated 0 objects)
[2016.06.23-04.21.43:849][520]LogAIModule: Creating AISystem for world ThirdPersonExampleMap
[2016.06.23-04.21.43:914][520]Cmd: MAP LOAD FILE="../../../../../../Users/Master Guy/Desktop/suppository/GaryTim/Content/extras/Maps/ThirdPersonExampleMap.umap" TEMPLATE=0 SHOWPROGRESS=1 FEATURELEVEL=3
[2016.06.23-04.21.43:915][520]LightingResults: New page: Lighting Build
[2016.06.23-04.21.43:918][520]LogContentBrowser: Native class hierarchy updated for 'StatsViewer' in 0.0004 seconds. Added 5 classes and 0 folders.
[2016.06.23-04.21.43:946][520]LoadErrors: New page: Loading map: ThirdPersonExampleMap.umap
[2016.06.23-04.21.43:946][520]MapCheck: New page: Map Check
[2016.06.23-04.21.43:946][520]LightingResults: New page: Lighting Build
[2016.06.23-04.21.43:957][520]LogParticles: Destroying 0 GPU particle simulations for FXSystem 0x0000021D48EE6AC0
[2016.06.23-04.21.43:970][520]LogEditorServer: Finished looking for orphan Actors (0.000 secs)
[2016.06.23-04.21.44:046][520]Cmd: MAP CHECKDEP NOCLEARLOG
[2016.06.23-04.21.44:149][520]MapCheck: Info Map check complete: 0 Error(s), 0 Warning(s), took 102.439ms to complete.
[2016.06.23-04.21.44:150][520]LogFileHelpers: Loading map 'ThirdPersonExampleMap' took 0.236
[2016.06.23-04.21.46:254][632]LogBlueprintUserMessages: Early PlayInEditor Detection: Level '/Game/extras/Maps/ThirdPersonExampleMap.ThirdPersonExampleMap:PersistentLevel' has LevelScriptBlueprint '/Game/extras/Maps/ThirdPersonExampleMap.ThirdPersonExampleMap:PersistentLevel.ThirdPersonExampleMap' with GeneratedClass '/Game/extras/Maps/ThirdPersonExampleMap.ThirdPersonExampleMap_C' with ClassGeneratedBy '/Game/extras/Maps/ThirdPersonExampleMap.ThirdPersonExampleMap:PersistentLevel.ThirdPersonExampleMap'
[2016.06.23-04.21.46:254][632]LogPlayLevel: PlayLevel: No blueprints needed recompiling
[2016.06.23-04.21.46:254][632]PIE: New page: PIE session: ThirdPersonExampleMap (Jun 22, 2016, 2:21:46 PM)
[2016.06.23-04.21.46:254][632]LogPlayLevel: Creating play world package: /Game/extras/Maps/UEDPIE_0_ThirdPersonExampleMap
[2016.06.23-04.21.46:284][632]LogPlayLevel: PIE: StaticDuplicateObject took: (0.030154s)
[2016.06.23-04.21.46:285][632]LogAIModule: Creating AISystem for world ThirdPersonExampleMap
[2016.06.23-04.21.46:286][632]LogPlayLevel: PIE: World Init took: (0.001076s)
[2016.06.23-04.21.46:286][632]LogPlayLevel: PIE: Created PIE world by copying editor world from /Game/extras/Maps/ThirdPersonExampleMap.ThirdPersonExampleMap to /Game/extras/Maps/UEDPIE_0_ThirdPersonExampleMap.ThirdPersonExampleMap (0.031504s)
[2016.06.23-04.21.46:308][632]LogInit: XAudio2 using 'Speakers (Realtek High Definition Audio)' : 2 channels at 48 kHz using 32 bits per sample (channel mask 0x3)
[2016.06.23-04.21.46:317][632]LogInit: FAudioDevice initialized.
[2016.06.23-04.21.46:366][632]LogWorld: Game class is 'ThirdPersonGameMode_C'
[2016.06.23-04.21.46:374][632]LogWorld: Bringing World /Game/extras/Maps/UEDPIE_0_ThirdPersonExampleMap.ThirdPersonExampleMap up for play (max tick rate 60) at 2016.06.22-21.21.46
[2016.06.23-04.21.46:374][632]LogActor:Warning: GameSession /Game/extras/Maps/UEDPIE_0_ThirdPersonExampleMap.ThirdPersonExampleMap:PersistentLevel.GameSession_0 has natively added scene component(s), but none of them were set as the actor's RootComponent - picking one arbitrarily
[2016.06.23-04.21.46:375][632]LogActor:Warning: GameNetworkManager /Game/extras/Maps/UEDPIE_0_ThirdPersonExampleMap.ThirdPersonExampleMap:PersistentLevel.GameNetworkManager_0 has natively added scene component(s), but none of them were set as the actor's RootComponent - picking one arbitrarily
[2016.06.23-04.21.46:376][632]LogWorld: Bringing up level for play took: 0.009137
[2016.06.23-04.21.46:380][632]PIE: Info Play in editor start time for /Game/extras/Maps/UEDPIE_0_ThirdPersonExampleMap -0.682
[2016.06.23-04.21.46:380][632]LogBlueprintUserMessages: Late PlayInEditor Detection: Level '/Game/extras/Maps/ThirdPersonExampleMap.ThirdPersonExampleMap:PersistentLevel' has LevelScriptBlueprint '/Game/extras/Maps/ThirdPersonExampleMap.ThirdPersonExampleMap:PersistentLevel.ThirdPersonExampleMap' with GeneratedClass '/Game/extras/Maps/ThirdPersonExampleMap.ThirdPersonExampleMap_C' with ClassGeneratedBy '/Game/extras/Maps/ThirdPersonExampleMap.ThirdPersonExampleMap:PersistentLevel.ThirdPersonExampleMap'
[2016.06.23-04.21.46:514][638]LogScript:Warning: Attempted to get an item from array CallFunc_GetOverlappingActors_OverlappingActors out of bounds [0/0]!
[2016.06.23-04.21.46:514][638]LogScript:Warning: Attempted to get an item from array CallFunc_GetOverlappingActors_OverlappingActors out of bounds [0/0]!
[2016.06.23-04.21.46:814][656]LogScript:Warning: Attempted to get an item from array CallFunc_GetOverlappingActors_OverlappingActors out of bounds [0/0]!
[2016.06.23-04.21.46:814][656]LogScript:Warning: Attempted to get an item from array CallFunc_GetOverlappingActors_OverlappingActors out of bounds [0/0]!
[2016.06.23-04.21.47:114][674]LogScript:Warning: Attempted to get an item from array CallFunc_GetOverlappingActors_OverlappingActors out of bounds [0/0]!
[2016.06.23-04.21.47:114][674]LogScript:Warning: Attempted to get an item from array CallFunc_GetOverlappingActors_OverlappingActors out of bounds [0/0]!
[2016.06.23-04.21.47:414][692]LogScript:Warning: Attempted to get an item from array CallFunc_GetOverlappingActors_OverlappingActors out of bounds [0/0]!
[2016.06.23-04.21.47:414][692]LogScript:Warning: Attempted to get an item from array CallFunc_GetOverlappingActors_OverlappingActors out of bounds [0/0]!
[2016.06.23-04.21.47:665][707]LogBlueprintUserMessages: [AI2_C_2] AI2
[2016.06.23-04.21.47:714][710]LogScript:Warning: Attempted to get an item from array CallFunc_GetOverlappingActors_OverlappingActors out of bounds [0/0]!
[2016.06.23-04.21.47:715][710]LogScript:Warning: Attempted to get an item from array CallFunc_GetOverlappingActors_OverlappingActors out of bounds [0/0]!
[2016.06.23-04.21.48:014][728]LogScript:Warning: Attempted to get an item from array CallFunc_GetOverlappingActors_OverlappingActors out of bounds [0/0]!
[2016.06.23-04.21.48:014][728]LogScript:Warning: Attempted to get an item from array CallFunc_GetOverlappingActors_OverlappingActors out of bounds [0/0]!
[2016.06.23-04.21.48:165][737]LogBlueprintUserMessages: [AI2_C_2] AI2
[2016.06.23-04.21.48:314][746]LogScript:Warning: Attempted to get an item from array CallFunc_GetOverlappingActors_OverlappingActors out of bounds [0/0]!
[2016.06.23-04.21.48:314][746]LogScript:Warning: Attempted to get an item from array CallFunc_GetOverlappingActors_OverlappingActors out of bounds [0/0]!
[2016.06.23-04.21.48:614][764]LogScript:Warning: Attempted to get an item from array CallFunc_GetOverlappingActors_OverlappingActors out of bounds [0/0]!
[2016.06.23-04.21.48:614][764]LogScript:Warning: Attempted to get an item from array CallFunc_GetOverlappingActors_OverlappingActors out of bounds [0/0]!
[2016.06.23-04.21.48:914][782]LogScript:Warning: Attempted to get an item from array CallFunc_GetOverlappingActors_OverlappingActors out of bounds [0/0]!
[2016.06.23-04.21.48:914][782]LogScript:Warning: Attempted to get an item from array CallFunc_GetOverlappingActors_OverlappingActors out of bounds [0/0]!
[2016.06.23-04.21.49:214][800]LogScript:Warning: Attempted to get an item from array CallFunc_GetOverlappingActors_OverlappingActors out of bounds [0/0]!
[2016.06.23-04.21.49:214][800]LogScript:Warning: Attempted to get an item from array CallFunc_GetOverlappingActors_OverlappingActors out of bounds [0/0]!
[2016.06.23-04.21.49:298][805]LogBlueprintUserMessages: Early EndPlayMap Detection: Level '/Game/extras/Maps/ThirdPersonExampleMap.ThirdPersonExampleMap:PersistentLevel' has LevelScriptBlueprint '/Game/extras/Maps/ThirdPersonExampleMap.ThirdPersonExampleMap:PersistentLevel.ThirdPersonExampleMap' with GeneratedClass '/Game/extras/Maps/ThirdPersonExampleMap.ThirdPersonExampleMap_C' with ClassGeneratedBy '/Game/extras/Maps/ThirdPersonExampleMap.ThirdPersonExampleMap:PersistentLevel.ThirdPersonExampleMap'
[2016.06.23-04.21.49:335][805]LogBlueprintUserMessages: Late EndPlayMap Detection: Level '/Game/extras/Maps/ThirdPersonExampleMap.ThirdPersonExampleMap:PersistentLevel' has LevelScriptBlueprint '/Game/extras/Maps/ThirdPersonExampleMap.ThirdPersonExampleMap:PersistentLevel.ThirdPersonExampleMap' with GeneratedClass '/Game/extras/Maps/ThirdPersonExampleMap.ThirdPersonExampleMap_C' with ClassGeneratedBy '/Game/extras/Maps/ThirdPersonExampleMap.ThirdPersonExampleMap:PersistentLevel.ThirdPersonExampleMap'
[2016.06.23-04.21.49:352][805]LogParticles: Destroying 0 GPU particle simulations for FXSystem 0x0000021D2D0E42C0
[2016.06.23-04.23.38:635][222]LogBlueprintUserMessages: Early PlayInEditor Detection: Level '/Game/extras/Maps/ThirdPersonExampleMap.ThirdPersonExampleMap:PersistentLevel' has LevelScriptBlueprint '/Game/extras/Maps/ThirdPersonExampleMap.ThirdPersonExampleMap:PersistentLevel.ThirdPersonExampleMap' with GeneratedClass '/Game/extras/Maps/ThirdPersonExampleMap.ThirdPersonExampleMap_C' with ClassGeneratedBy '/Game/extras/Maps/ThirdPersonExampleMap.ThirdPersonExampleMap:PersistentLevel.ThirdPersonExampleMap'
[2016.06.23-04.23.38:635][222]LogPlayLevel: PlayLevel: No blueprints needed recompiling
[2016.06.23-04.23.38:635][222]PIE: New page: PIE session: ThirdPersonExampleMap (Jun 22, 2016, 2:23:38 PM)
[2016.06.23-04.23.38:635][222]LogPlayLevel: Creating play world package: /Game/extras/Maps/UEDPIE_0_ThirdPersonExampleMap
[2016.06.23-04.23.38:664][222]LogPlayLevel: PIE: StaticDuplicateObject took: (0.028231s)
[2016.06.23-04.23.38:665][222]LogAIModule: Creating AISystem for world ThirdPersonExampleMap
[2016.06.23-04.23.38:665][222]LogPlayLevel: PIE: World Init took: (0.001354s)
[2016.06.23-04.23.38:665][222]LogPlayLevel: PIE: Created PIE world by copying editor world from /Game/extras/Maps/ThirdPersonExampleMap.ThirdPersonExampleMap to /Game/extras/Maps/UEDPIE_0_ThirdPersonExampleMap.ThirdPersonExampleMap (0.029915s)
[2016.06.23-04.23.38:690][222]LogInit: XAudio2 using 'Speakers (Realtek High Definition Audio)' : 2 channels at 48 kHz using 32 bits per sample (channel mask 0x3)
[2016.06.23-04.23.38:700][222]LogInit: FAudioDevice initialized.
[2016.06.23-04.23.38:734][222]LogWorld: Game class is 'ThirdPersonGameMode_C'
[2016.06.23-04.23.38:744][222]LogWorld: Bringing World /Game/extras/Maps/UEDPIE_0_ThirdPersonExampleMap.ThirdPersonExampleMap up for play (max tick rate 60) at 2016.06.22-21.23.38
[2016.06.23-04.23.38:744][222]LogActor:Warning: GameSession /Game/extras/Maps/UEDPIE_0_ThirdPersonExampleMap.ThirdPersonExampleMap:PersistentLevel.GameSession_1 has natively added scene component(s), but none of them were set as the actor's RootComponent - picking one arbitrarily
[2016.06.23-04.23.38:745][222]LogActor:Warning: GameNetworkManager /Game/extras/Maps/UEDPIE_0_ThirdPersonExampleMap.ThirdPersonExampleMap:PersistentLevel.GameNetworkManager_1 has natively added scene component(s), but none of them were set as the actor's RootComponent - picking one arbitrarily
[2016.06.23-04.23.38:746][222]LogWorld: Bringing up level for play took: 0.011001
[2016.06.23-04.23.38:751][222]PIE: Info Play in editor start time for /Game/extras/Maps/UEDPIE_0_ThirdPersonExampleMap -0.311
[2016.06.23-04.23.38:751][222]LogBlueprintUserMessages: Late PlayInEditor Detection: Level '/Game/extras/Maps/ThirdPersonExampleMap.ThirdPersonExampleMap:PersistentLevel' has LevelScriptBlueprint '/Game/extras/Maps/ThirdPersonExampleMap.ThirdPersonExampleMap:PersistentLevel.ThirdPersonExampleMap' with GeneratedClass '/Game/extras/Maps/ThirdPersonExampleMap.ThirdPersonExampleMap_C' with ClassGeneratedBy '/Game/extras/Maps/ThirdPersonExampleMap.ThirdPersonExampleMap:PersistentLevel.ThirdPersonExampleMap'
[2016.06.23-04.23.38:967][225]LogScript:Warning: Attempted to get an item from array CallFunc_GetOverlappingActors_OverlappingActors out of bounds [0/0]!
[2016.06.23-04.23.38:967][225]LogScript:Warning: Attempted to get an item from array CallFunc_GetOverlappingActors_OverlappingActors out of bounds [0/0]!
[2016.06.23-04.23.39:268][243]LogScript:Warning: Attempted to get an item from array CallFunc_GetOverlappingActors_OverlappingActors out of bounds [0/0]!
[2016.06.23-04.23.39:268][243]LogScript:Warning: Attempted to get an item from array CallFunc_GetOverlappingActors_OverlappingActors out of bounds [0/0]!
[2016.06.23-04.23.39:568][261]LogScript:Warning: Attempted to get an item from array CallFunc_GetOverlappingActors_OverlappingActors out of bounds [0/0]!
[2016.06.23-04.23.39:568][261]LogScript:Warning: Attempted to get an item from array CallFunc_GetOverlappingActors_OverlappingActors out of bounds [0/0]!
[2016.06.23-04.23.39:867][279]LogScript:Warning: Attempted to get an item from array CallFunc_GetOverlappingActors_OverlappingActors out of bounds [0/0]!
[2016.06.23-04.23.39:867][279]LogScript:Warning: Attempted to get an item from array CallFunc_GetOverlappingActors_OverlappingActors out of bounds [0/0]!
[2016.06.23-04.23.40:167][297]LogScript:Warning: Attempted to get an item from array CallFunc_GetOverlappingActors_OverlappingActors out of bounds [0/0]!
[2016.06.23-04.23.40:167][297]LogScript:Warning: Attempted to get an item from array CallFunc_GetOverlappingActors_OverlappingActors out of bounds [0/0]!
[2016.06.23-04.23.40:334][307]LogBlueprintUserMessages: [AI2_C_2] AI2
[2016.06.23-04.23.40:467][315]LogScript:Warning: Attempted to get an item from array CallFunc_GetOverlappingActors_OverlappingActors out of bounds [0/0]!
[2016.06.23-04.23.40:468][315]LogScript:Warning: Attempted to get an item from array CallFunc_GetOverlappingActors_OverlappingActors out of bounds [0/0]!
[2016.06.23-04.23.40:768][333]LogScript:Warning: Attempted to get an item from array CallFunc_GetOverlappingActors_OverlappingActors out of bounds [0/0]!
[