[2016.06.11-07.57.29:790][  0]Log file open, 06/11/16 00:57:29
[2016.06.11-07.57.29:790][  0]LogInit:Display: Running engine for game: GaryTim
[2016.06.11-07.57.29:790][  0]LogPlatformFile: Not using cached read wrapper
[2016.06.11-07.57.29:790][  0]LogInit:Display: RandInit(549470406) SRandInit(549470407).
[2016.06.11-07.57.29:790][  0]LogTaskGraph: Started task graph with 4 named threads and 7 total threads.
[2016.06.11-07.57.29:790][  0]LogStats: Stats thread started at 0.085834
[2016.06.11-07.57.29:790][  0]LogInit: Version: 4.10.4-2872498+++depot+UE4-Releases+4.10
[2016.06.11-07.57.29:790][  0]LogInit: API Version: 2758231
[2016.06.11-07.57.29:790][  0]LogInit: Compiled (64-bit): Feb 18 2016 15:47:04
[2016.06.11-07.57.29:790][  0]LogInit: Compiled with Visual C++: 19.00.23026.00
[2016.06.11-07.57.29:790][  0]LogInit: Build Configuration: Development
[2016.06.11-07.57.29:790][  0]LogInit: Branch Name: ++depot+UE4-Releases+4.10
[2016.06.11-07.57.29:790][  0]LogInit: Command line: -EpicPortal 
[2016.06.11-07.57.29:790][  0]LogInit: Base directory: C:/Program Files (x86)/Epic Games/4.10/Engine/Binaries/Win64/
[2016.06.11-07.57.29:790][  0]LogInit: Rocket: 1
[2016.06.11-07.57.29:800][  0]LogInit: Using libcurl 7.41.0
[2016.06.11-07.57.29:800][  0]LogInit:  - built for x86_64-pc-win32
[2016.06.11-07.57.29:800][  0]LogInit:  - supports SSL with WinSSL
[2016.06.11-07.57.29:800][  0]LogInit:  - other features:
[2016.06.11-07.57.29:800][  0]LogInit:      CURL_VERSION_SSL
[2016.06.11-07.57.29:800][  0]LogInit:      CURL_VERSION_IPV6
[2016.06.11-07.57.29:800][  0]LogInit:      CURL_VERSION_ASYNCHDNS
[2016.06.11-07.57.29:800][  0]LogInit:      CURL_VERSION_LARGEFILE
[2016.06.11-07.57.29:800][  0]LogInit:      CURL_VERSION_IDN
[2016.06.11-07.57.29:800][  0]LogInit:  CurlRequestOptions (configurable via config and command line):
[2016.06.11-07.57.29:800][  0]LogInit:  - bVerifyPeer = true  - Libcurl will verify peer certificate
[2016.06.11-07.57.29:800][  0]LogInit:  - bUseHttpProxy = false  - Libcurl will NOT use HTTP proxy
[2016.06.11-07.57.29:800][  0]LogInit:  - bDontReuseConnections = false  - Libcurl will reuse connections
[2016.06.11-07.57.29:800][  0]LogInit:  - CertBundlePath = nullptr  - Libcurl will use whatever was configured at build time.
[2016.06.11-07.57.29:810][  0]LogInit: Presizing for 0 objects not considered by GC, pre-allocating 0 bytes.
[2016.06.11-07.57.29:818][  0]LogInit: Object subsystem initialized
[2016.06.11-07.57.29:820][  0]LogInit: Selected Device Profile: [Windows]
[2016.06.11-07.57.29:820][  0]LogInit: Applying CVar settings loaded from the selected device profile: [Windows]
[2016.06.11-07.57.29:850][  0]LogInit: Computer: MSI
[2016.06.11-07.57.29:850][  0]LogInit: User: MasterGuy
[2016.06.11-07.57.29:850][  0]LogInit: CPU Page size=4096, Cores=4
[2016.06.11-07.57.29:850][  0]LogInit: High frequency timer resolution =2.338337 MHz
[2016.06.11-07.57.29:850][  0]LogMemory: Memory total: Physical=7.9GB (8GB approx)
[2016.06.11-07.57.29:850][  0]LogMemory: Platform Memory Stats for Windows
[2016.06.11-07.57.29:850][  0]LogMemory: Process Physical Memory: 58.02 MB used, 58.02 MB peak
[2016.06.11-07.57.29:850][  0]LogMemory: Process Virtual Memory: 57.75 MB used, 57.75 MB peak
[2016.06.11-07.57.29:850][  0]LogMemory: Physical Memory: 4448.06 MB used, 8110.90 MB total
[2016.06.11-07.57.29:850][  0]LogMemory: Virtual Memory: 384.58 MB used, 134217728.00 MB total
[2016.06.11-07.57.29:907][  0]LogTextLocalizationManager: No specific translations for ('en-US') exist, so ('en') translations will be used.
[2016.06.11-07.57.30:365][  0]LogD3D11RHI: Found D3D11 adapter 0: NVIDIA GeForce GTX 765M  (Feature Level 11_0)
[2016.06.11-07.57.30:365][  0]LogD3D11RHI: Adapter has 1991MB of dedicated video memory, 0MB of dedicated system memory, and 4055MB of shared system memory, 1 output[s]
[2016.06.11-07.57.30:374][  0]LogD3D11RHI: Found D3D11 adapter 1: Intel(R) HD Graphics 4600 (Feature Level 11_0)
[2016.06.11-07.57.30:374][  0]LogD3D11RHI: Adapter has 112MB of dedicated video memory, 0MB of dedicated system memory, and 4055MB of shared system memory, 0 output[s]
[2016.06.11-07.57.30:376][  0]LogD3D11RHI: Found D3D11 adapter 2: Microsoft Basic Render Driver (Feature Level 11_0)
[2016.06.11-07.57.30:376][  0]LogD3D11RHI: Adapter has 0MB of dedicated video memory, 0MB of dedicated system memory, and 4055MB of shared system memory, 0 output[s]
[2016.06.11-07.57.30:376][  0]LogD3D11RHI: Chosen D3D11 Adapter Id = 0
[2016.06.11-07.57.30:380][  0]LogD3D11RHI: !Direct3DDevice
[2016.06.11-07.57.30:380][  0]LogRHI: Texture pool is 1361 MB (70% of 1945 MB)
[2016.06.11-07.57.30:397][  0]LogD3D11RHI: Async texture creation enabled
[2016.06.11-07.57.30:411][  0]LogShaderCompilers: Guid format shader working directory is -19 characters bigger than the processId version (../../../../../../Users/Master Guy/Documents/Unreal Projects/GaryTim/Intermediate/Shaders/WorkingDirectory/9056/).
[2016.06.11-07.57.30:411][  0]LogShaderCompilers: Cleaned the shader compiler working directory 'C:/Users/MASTER~1/AppData/Local/Temp/UnrealShaderWorkingDir/8131504549241FFA6A1F62BB7F880303/'.
[2016.06.11-07.57.30:411][  0]LogShaderCompilers:Display: Using Local Shader Compiler.
[2016.06.11-07.57.31:314][  0]LogTemp:Display: Loaded TP AllDesktopTargetPlatform
[2016.06.11-07.57.31:319][  0]LogTemp:Display: Loaded TP WindowsClientTargetPlatform
[2016.06.11-07.57.31:325][  0]LogTemp:Display: Loaded TP WindowsNoEditorTargetPlatform
[2016.06.11-07.57.31:330][  0]LogTemp:Display: Loaded TP WindowsServerTargetPlatform
[2016.06.11-07.57.31:334][  0]LogTemp:Display: Loaded TP WindowsTargetPlatform
[2016.06.11-07.57.31:338][  0]LogTemp:Display: Loaded TP AndroidTargetPlatform
[2016.06.11-07.57.31:341][  0]LogTemp:Display: Loaded TP Android_ASTCTargetPlatform
[2016.06.11-07.57.31:344][  0]LogTemp:Display: Loaded TP Android_ATCTargetPlatform
[2016.06.11-07.57.31:347][  0]LogTemp:Display: Loaded TP Android_DXTTargetPlatform
[2016.06.11-07.57.31:351][  0]LogTemp:Display: Loaded TP Android_ETC1TargetPlatform
[2016.06.11-07.57.31:356][  0]LogTemp:Display: Loaded TP Android_ETC2TargetPlatform
[2016.06.11-07.57.31:362][  0]LogTemp:Display: Loaded TP Android_MultiTargetPlatform
[2016.06.11-07.57.31:362][  0]LogTemp:Display: Loaded TP Android_PVRTCTargetPlatform
[2016.06.11-07.57.31:363][  0]LogTemp:Display: Loaded TP HTML5TargetPlatform
[2016.06.11-07.57.31:380][  0]LogTemp:Display: Loaded TP IOSTargetPlatform
[2016.06.11-07.57.31:383][  0]LogTemp:Display: Loaded TP LinuxNoEditorTargetPlatform
[2016.06.11-07.57.31:388][  0]LogTemp:Display: Loaded TP LinuxServerTargetPlatform
[2016.06.11-07.57.31:392][  0]LogTemp:Display: Loaded TP LinuxTargetPlatform
[2016.06.11-07.57.31:392][  0]LogTargetPlatformManager:Display: Building Assets For Windows
[2016.06.11-07.57.31:489][  0]LogDerivedDataCache:Display: Max Cache Size: 512 MB
[2016.06.11-07.57.31:546][  0]LogDerivedDataCache: Loaded boot cache 0.06s 41MB C:/Users/Master Guy/AppData/Local/UnrealEngine/4.10/DerivedDataCache/Boot.ddc.
[2016.06.11-07.57.31:546][  0]LogDerivedDataCache:Display: Loaded Boot cache: C:/Users/Master Guy/AppData/Local/UnrealEngine/4.10/DerivedDataCache/Boot.ddc
[2016.06.11-07.57.31:546][  0]LogDerivedDataCache: FDerivedDataBackendGraph:  Pak pak cache file ../../../../../../Users/Master Guy/Documents/Unreal Projects/GaryTim/DerivedDataCache/DDC.ddp not found, will not use a pak cache.
[2016.06.11-07.57.31:546][  0]LogDerivedDataCache: Unable to find inner node Pak for hierarchical cache Hierarchy.
[2016.06.11-07.57.31:546][  0]LogDerivedDataCache: FDerivedDataBackendGraph:  CompressedPak pak cache file ../../../../../../Users/Master Guy/Documents/Unreal Projects/GaryTim/DerivedDataCache/Compressed.ddp not found, will not use a pak cache.
[2016.06.11-07.57.31:546][  0]LogDerivedDataCache: Unable to find inner node CompressedPak for hierarchical cache Hierarchy.
[2016.06.11-07.57.31:605][  0]LogDerivedDataCache:Display: Pak cache opened for reading ../../../Engine/DerivedDataCache/Compressed.ddp.
[2016.06.11-07.57.31:617][  0]LogDerivedDataCache: Using Local data cache path C:/Users/Master Guy/AppData/Local/UnrealEngine/Common/DerivedDataCache: Writable
[2016.06.11-07.57.31:826][  0]LogInit: Selected Device Profile: [Windows]
[2016.06.11-07.57.31:829][  0]LogContentStreaming: Texture pool size is 0.000000MB
[2016.06.11-07.57.31:949][  0]LogMeshUtilities: No automatic mesh reduction module available
[2016.06.11-07.57.31:949][  0]LogMeshUtilities: No automatic mesh merging module available
[2016.06.11-07.57.32:202][  0]LogInit: WinSock: version 1.1 (2.2), MaxSocks=32767, MaxUdp=65467
[2016.06.11-07.57.33:234][  0]UdpMessaging: Initializing bridge on interface 0.0.0.0:0 to multicast group 230.0.0.1:6666.
[2016.06.11-07.57.33:337][  0]LogAssetRegistry: FAssetRegistry took 0.0110 seconds to start up
[2016.06.11-07.57.33:510][  0]SourceControl: Info Source control is disabled
[2016.06.11-07.57.33:511][  0]SourceControl: Info Source control is disabled
[2016.06.11-07.57.33:527][  0]SourceControl: Info Source control is disabled
[2016.06.11-07.57.33:541][  0]SourceControl: Info Source control is disabled
[2016.06.11-07.57.33:858][  0]LogObj: 28633 objects as part of root set at end of initial load.
[2016.06.11-07.57.33:858][  0]LogUObjectAllocator: 6099752 out of 0 bytes used by permanent object pool.
[2016.06.11-07.57.33:914][  0]LogEngine: Initializing Engine...
[2016.06.11-07.57.33:919][  0]LogHMD: Can't find Oculus library dev build: is proper Runtime installed? Version: 0.8.0.0
[2016.06.11-07.57.33:920][  0]LogHMD: SteamVR failed to initialize.  Err: 110
[2016.06.11-07.57.34:061][  0]LogAIModule: Creating AISystem for world NewWorld
[2016.06.11-07.57.34:066][  0]LogInit: XAudio2 using 'Speakers (Realtek High Definition Audio)' : 2 channels at 48 kHz using 32 bits per sample (channel mask 0x3)
[2016.06.11-07.57.34:077][  0]LogInit: FAudioDevice initialized.
[2016.06.11-07.57.34:111][  0]LogDerivedDataCache: Saved boot cache 0.03s 41MB C:/Users/Master Guy/AppData/Local/UnrealEngine/4.10/DerivedDataCache/Boot.ddc.
[2016.06.11-07.57.34:115][  0]LogInit: Texture streaming: Enabled
[2016.06.11-07.57.34:122][  0]LogAnalytics: Creating configured Analytics provider AnalyticsET
[2016.06.11-07.57.34:122][  0]LogAnalytics: [UEEditor.Rocket.Release] APIServer = http://et2.epicgames.com/ET2/. AppVersion = 4.10.4-2872498+++depot+UE4-Releases+4.10
[2016.06.11-07.57.34:122][  0]LogAnalytics: [UEEditor.Rocket.Release] SetUserId 0ff8bdf5463f31a35e2b04b809019cd1|10f330c5297a4636b2afc2f7247333c3|a5587157-775d-4618-9bfb-78982c3b8f98
[2016.06.11-07.57.34:122][  0]LogAnalytics: [UEEditor.Rocket.Release] AnalyticsET::StartSession
[2016.06.11-07.57.34:131][  0]LogInit: Transaction tracking system initialized
[2016.06.11-07.57.34:167][  0]BlueprintLog: New page: Editor Load
[2016.06.11-07.57.34:267][  0]LocalizationService: Info Localization service is disabled
[2016.06.11-07.57.34:349][  0]LogLinker:Warning: Can't find file '/Game/FirstPersonBP/FirstPersonOverview'
[2016.06.11-07.57.34:349][  0]LogLinker:Warning: Can't find file '/Game/FirstPersonBP/FirstPersonOverview'
[2016.06.11-07.57.34:349][  0]LogUObjectGlobals:Warning: Failed to find object 'Class /Game/FirstPersonBP/FirstPersonOverview.FirstPersonOverview_C'
[2016.06.11-07.57.34:501][  0]LogConsoleResponse:Display: 
[2016.06.11-07.57.34:619][  0]LogCook:Display: Done creating registry. It took  0.00s.
[2016.06.11-07.57.34:687][  0]LogFileCache: Scanning file cache for directory 'C:/Users/Master Guy/Documents/Unreal Projects/GaryTim/Content/' took 0.02s
[2016.06.11-07.57.34:687][  0]SourceControl: Info Source control is disabled
[2016.06.11-07.57.34:687][  0]Cmd: MAP LOAD FILE="../../../../../../Users/Master Guy/Documents/Unreal Projects/GaryTim/Content/ThirdPersonBP/Maps/ThirdPersonExampleMap.umap" TEMPLATE=0 SHOWPROGRESS=1 FEATURELEVEL=3
[2016.06.11-07.57.34:688][  0]LogEditorServer:Warning: Can't find file '../../../../../../Users/Master Guy/Documents/Unreal Projects/GaryTim/Content/ThirdPersonBP/Maps/ThirdPersonExampleMap.umap'
[2016.06.11-07.57.34:688][  0]Cmd: MAP CHECKDEP NOCLEARLOG
[2016.06.11-07.57.34:770][  0]MapCheck: Info Map check complete: 0 Error(s), 0 Warning(s), took 81.904ms to complete.
[2016.06.11-07.57.34:770][  0]LogFileHelpers: Loading map 'ThirdPersonExampleMap' took 0.083
[2016.06.11-07.57.34:906][  0]LogCollectionManager: Loaded 0 collections in 0.001806 seconds
[2016.06.11-07.57.34:946][  0]LogFileCache: Scanning file cache for directory 'C:/Users/Master Guy/Documents/Unreal Projects/GaryTim/Saved/Collections/' took 0.01s
[2016.06.11-07.57.34:946][  0]LogFileCache: Scanning file cache for directory 'C:/Users/Master Guy/Documents/Unreal Projects/GaryTim/Content/Developers/MasterGuy/Collections/' took 0.01s
[2016.06.11-07.57.34:946][  0]LogFileCache: Scanning file cache for directory 'C:/Users/Master Guy/Documents/Unreal Projects/GaryTim/Content/Collections/' took 0.00s
[2016.06.11-07.57.34:946][  0]LogCollectionManager: Rebuilt the GUID cache for 0 collections in 0.000002 seconds
[2016.06.11-07.57.34:954][  0]LogContentBrowser: Native class hierarchy populated in 0.0080 seconds. Added 1893 classes and 338 folders.
[2016.06.11-07.57.34:986][  0]LogContentBrowser: Native class hierarchy updated for 'WidgetCarousel' in 0.0011 seconds. Added 0 classes and 0 folders.
[2016.06.11-07.57.37:064][  0]LogContentBrowser: Native class hierarchy updated for 'AddContentDialog' in 0.0004 seconds. Added 0 classes and 0 folders.
[2016.06.11-07.57.37:068][  0]LogContentBrowser: Native class hierarchy updated for 'SceneOutliner' in 0.0004 seconds. Added 1 classes and 2 folders.
[2016.06.11-07.57.37:559][  0]LogCrashTracker: Crashtracker disabled due to settings.
[2016.06.11-07.57.37:586][  0]LogUObjectGlobals:Warning: Failed to find object 'Class None.'
[2016.06.11-07.57.37:659][  0]LogLoad: Full Startup: 8.56 seconds (BP compile: 0.00 seconds)
[2016.06.11-07.57.38:002][  0]LogOcInput: Can't find Oculus library dev build: is proper Runtime installed? Version: 0.8.0.0
[2016.06.11-07.57.38:096][  0]LogContentStreaming: Texture pool size now 400 MB
[2016.06.11-07.57.38:230][  0]LogRenderer: Reallocating scene render targets to support 504x400 (Frame:2).
[2016.06.11-07.57.38:349][  1]LogAssetRegistry: Asset discovery search completed in 5.0227 seconds
[2016.06.11-07.57.38:349][  1]LogCollectionManager: Rebuilt the object cache for 0 collections in 0.000001 seconds (found 0 objects)
[2016.06.11-07.57.38:349][  1]LogCollectionManager: Fixed up redirectors for 0 collections in 0.000017 seconds (updated 0 objects)
[2016.06.11-08.09.49:698][287]LogRenderer: Reallocating scene render targets to support 956x408 (Frame:6).
[2016.06.11-08.10.04:105][ 55]LogLinker:Warning: Asset '../../../Engine/Content/ArtTools/RenderToTexture/Macros/RenderToTextureMacros.uasset' has been saved with empty engine version. The asset will be loaded but may be incompatible.
[2016.06.11-08.10.04:501][ 55]LogContentBrowser: Native class hierarchy updated for 'BlueprintGraph' in 0.0008 seconds. Added 107 classes and 0 folders.
[2016.06.11-08.11.53:648][591]BlueprintLog: New page: Compile AI2
[2016.06.11-08.11.53:831][591]BlueprintEditorCompileResults: Info [0864.73] Compile of AI2 successful! [in 182 ms]
[2016.06.11-08.12.05:380][252]BlueprintLog: New page: Compile AI2
[2016.06.11-08.12.05:526][252]BlueprintEditorCompileResults: Info [0876.42] Compile of AI2 successful! [in 146 ms]
[2016.06.11-08.12.26:362][452]BlueprintLog: New page: Compile AI2
[2016.06.11-08.12.26:506][452]BlueprintEditorCompileResults: Info [0897.40] Compile of AI2 successful! [in 143 ms]
[2016.06.11-08.12.29:984][651]BlueprintLog: New page: Compile AI2
[2016.06.11-08.12.30:125][651]BlueprintEditorCompileResults: Info [0901.02] Compile of AI2 successful! [in 141 ms]
[2016.06.11-08.12.31:518][724]LogPlayLevel: PlayLevel: No blueprints needed recompiling
[2016.06.11-08.12.31:589][724]PIE: New page: PIE session: Untitled_0 (Jun 10, 2016, 6:12:31 PM)
[2016.06.11-08.12.31:589][724]LogPlayLevel: Creating play world package: /Temp/UEDPIE_0_Untitled_0
[2016.06.11-08.12.31:589][724]LogPlayLevel: PIE: StaticDuplicateObject took: (0.000578s)
[2016.06.11-08.12.31:590][724]LogAIModule: Creating AISystem for world NewWorld
[2016.06.11-08.12.31:590][724]LogPlayLevel: PIE: World Init took: (0.000738s)
[2016.06.11-08.12.31:590][724]LogPlayLevel: PIE: Created PIE world by copying editor world from /Temp/Untitled_0.NewWorld to /Temp/UEDPIE_0_Untitled_0.NewWorld (0.001496s)
[2016.06.11-08.12.31:618][724]LogInit: XAudio2 using 'Speakers (Realtek High Definition Audio)' : 2 channels at 48 kHz using 32 bits per sample (channel mask 0x3)
[2016.06.11-08.12.31:627][724]LogInit: FAudioDevice initialized.
[2016.06.11-08.12.31:717][724]LogLinker:Warning: Can't find file '/Game/ThirdPersonBP/Blueprints/ThirdPersonGameMode'
[2016.06.11-08.12.31:717][724]LogLinker:Warning: Can't find file '/Game/ThirdPersonBP/Blueprints/ThirdPersonGameMode'
[2016.06.11-08.12.31:717][724]LogUObjectGlobals:Warning: Failed to find object 'Class /Game/ThirdPersonBP/Blueprints/ThirdPersonGameMode.ThirdPersonGameMode_C'
[2016.06.11-08.12.31:717][724]LogWorld: Game class is 'GameMode'
[2016.06.11-08.12.31:719][724]LogWorld: Bringing World /Temp/UEDPIE_0_Untitled_0.NewWorld up for play (max tick rate 60) at 2016.06.11-01.12.31
[2016.06.11-08.12.31:719][724]LogActor:Warning: GameSession /Temp/UEDPIE_0_Untitled_0.NewWorld:PersistentLevel.GameSession_0 has natively added scene component(s), but none of them were set as the actor's RootComponent - picking one arbitrarily
[2016.06.11-08.12.31:720][724]LogActor:Warning: GameNetworkManager /Temp/UEDPIE_0_Untitled_0.NewWorld:PersistentLevel.GameNetworkManager_0 has natively added scene component(s), but none of them were set as the actor's RootComponent - picking one arbitrarily
[2016.06.11-08.12.31:720][724]LogWorld: Bringing up level for play took: 0.000863
[2016.06.11-08.12.31:722][724]PIE: Info Play in editor start time for /Temp/UEDPIE_0_Untitled_0 -0.384
[2016.06.11-08.12.33:306][808]LogParticles: Destroying 0 GPU particle simulations for FXSystem 0x000001BBCEAE5DA0
[2016.06.11-08.12.39:225][ 87]LogAIModule: Creating AISystem for world ThirdPersonExampleMap
[2016.06.11-08.12.39:227][ 87]LogParticles:Warning: InitializeSystem called on an unregistered component. Template=/Game/StarterContent/Particles/P_Fire.P_Fire Component=/Game/extras/Maps/ThirdPersonExampleMap.ThirdPersonExampleMap:PersistentLevel.fire_C_1.fire
[2016.06.11-08.12.39:227][ 87]LogParticles:Warning: InitializeSystem called on an unregistered component. Template=/Game/StarterContent/Particles/P_Fire.P_Fire Component=/Game/extras/Maps/ThirdPersonExampleMap.ThirdPersonExampleMap:PersistentLevel.fire_C_3.fire
[2016.06.11-08.12.39:230][ 87]LogParticles:Warning: InitializeSystem called on an unregistered component. Template=/Game/StarterContent/Particles/P_Fire.P_Fire Component=/Game/extras/Maps/ThirdPersonExampleMap.ThirdPersonExampleMap:PersistentLevel.fire_C_1.fire
[2016.06.11-08.12.39:230][ 87]LogParticles:Warning: InitializeSystem called on an unregistered component. Template=/Game/StarterContent/Particles/P_Fire.P_Fire Component=/Game/extras/Maps/ThirdPersonExampleMap.ThirdPersonExampleMap:PersistentLevel.fire_C_1.fire
[2016.06.11-08.12.39:230][ 87]LogParticles:Warning: InitializeSystem called on an unregistered component. Template=/Game/StarterContent/Particles/P_Fire.P_Fire Component=/Game/extras/Maps/ThirdPersonExampleMap.ThirdPersonExampleMap:PersistentLevel.fire_C_3.fire
[2016.06.11-08.12.39:230][ 87]LogParticles:Warning: InitializeSystem called on an unregistered component. Template=/Game/StarterContent/Particles/P_Fire.P_Fire Component=/Game/extras/Maps/ThirdPersonExampleMap.ThirdPersonExampleMap:PersistentLevel.fire_C_3.fire
[2016.06.11-08.12.42:115][ 87]Cmd: OBJ SAVEPACKAGE PACKAGE="/Game/mainBP/AI2" FILE="../../../../../../Users/Master Guy/Documents/Unreal Projects/GaryTim/Content/mainBP/AI2.uasset" SILENT=true
[2016.06.11-08.12.42:276][ 87]LogSavePackage: Save=88.752388ms
[2016.06.11-08.12.42:276][ 87]LogSavePackage: Moving '../../../../../../Users/Master Guy/Documents/Unreal Projects/GaryTim/Saved/AI2DDDB6BAC41ADFCD5103BD39645AB4F4D.tmp' to '../../../../../../Users/Master Guy/Documents/Unreal Projects/GaryTim/Content/mainBP/AI2.uasset'
[2016.06.11-08.12.42:279][ 87]LogSavePackage: Total save time: 162.984204ms
[2016.06.11-08.12.42:279][ 87]LogSavePackage:Display: Finished SavePackage ../../../../../../Users/Master Guy/Documents/Unreal Projects/GaryTim/Content/mainBP/AI2.uasset
[2016.06.11-08.12.42:280][ 87]Cmd: MAP LOAD FILE="../../../../../../Users/Master Guy/Documents/Unreal Projects/GaryTim/Content/extras/Maps/ThirdPersonExampleMap.umap" TEMPLATE=0 SHOWPROGRESS=1 FEATURELEVEL=3
[2016.06.11-08.12.42:281][ 87]LightingResults: New page: Lighting Build
[2016.06.11-08.12.42:285][ 87]LogContentBrowser: Native class hierarchy updated for 'StatsViewer' in 0.0004 seconds. Added 5 classes and 0 folders.
[2016.06.11-08.12.42:304][ 87]LoadErrors: New page: Loading map: ThirdPersonExampleMap.umap
[2016.06.11-08.12.42:305][ 87]MapCheck: New page: Map Check
[2016.06.11-08.12.42:305][ 87]LightingResults: New page: Lighting Build
[2016.06.11-08.12.42:326][ 87]LogParticles: Destroying 0 GPU particle simulations for FXSystem 0x000001BBE9823B00
[2016.06.11-08.12.42:339][ 87]LogEditorServer: Finished looking for orphan Actors (0.000 secs)
[2016.06.11-08.12.42:414][ 87]Cmd: MAP CHECKDEP NOCLEARLOG
[2016.06.11-08.12.42:535][ 87]MapCheck: Info Map check complete: 0 Error(s), 0 Warning(s), took 120.436ms to complete.
[2016.06.11-08.12.42:536][ 87]LogFileHelpers: Loading map 'ThirdPersonExampleMap' took 0.257
[2016.06.11-08.12.43:504][133]LogBlueprintUserMessages: Early PlayInEditor Detection: Level '/Game/extras/Maps/ThirdPersonExampleMap.ThirdPersonExampleMap:PersistentLevel' has LevelScriptBlueprint '/Game/extras/Maps/ThirdPersonExampleMap.ThirdPersonExampleMap:PersistentLevel.ThirdPersonExampleMap' with GeneratedClass '/Game/extras/Maps/ThirdPersonExampleMap.ThirdPersonExampleMap_C' with ClassGeneratedBy '/Game/extras/Maps/ThirdPersonExampleMap.ThirdPersonExampleMap:PersistentLevel.ThirdPersonExampleMap'
[2016.06.11-08.12.43:504][133]LogPlayLevel: PlayLevel: No blueprints needed recompiling
[2016.06.11-08.12.43:504][133]PIE: New page: PIE session: ThirdPersonExampleMap (Jun 10, 2016, 6:12:43 PM)
[2016.06.11-08.12.43:504][133]LogPlayLevel: Creating play world package: /Game/extras/Maps/UEDPIE_0_ThirdPersonExampleMap
[2016.06.11-08.12.43:536][133]LogPlayLevel: PIE: StaticDuplicateObject took: (0.031599s)
[2016.06.11-08.12.43:537][133]LogAIModule: Creating AISystem for world ThirdPersonExampleMap
[2016.06.11-08.12.43:537][133]LogPlayLevel: PIE: World Init took: (0.001133s)
[2016.06.11-08.12.43:537][133]LogPlayLevel: PIE: Created PIE world by copying editor world from /Game/extras/Maps/ThirdPersonExampleMap.ThirdPersonExampleMap to /Game/extras/Maps/UEDPIE_0_ThirdPersonExampleMap.ThirdPersonExampleMap (0.033046s)
[2016.06.11-08.12.43:574][133]LogInit: XAudio2 using 'Speakers (Realtek High Definition Audio)' : 2 channels at 48 kHz using 32 bits per sample (channel mask 0x3)
[2016.06.11-08.12.43:586][133]LogInit: FAudioDevice initialized.
[2016.06.11-08.12.43:615][133]LogWorld: Game class is 'ThirdPersonGameMode_C'
[2016.06.11-08.12.43:622][133]LogWorld: Bringing World /Game/extras/Maps/UEDPIE_0_ThirdPersonExampleMap.ThirdPersonExampleMap up for play (max tick rate 60) at 2016.06.11-01.12.43
[2016.06.11-08.12.43:622][133]LogActor:Warning: GameSession /Game/extras/Maps/UEDPIE_0_ThirdPersonExampleMap.ThirdPersonExampleMap:PersistentLevel.GameSession_1 has natively added scene component(s), but none of them were set as the actor's RootComponent - picking one arbitrarily
[2016.06.11-08.12.43:622][133]LogActor:Warning: GameNetworkManager /Game/extras/Maps/UEDPIE_0_ThirdPersonExampleMap.ThirdPersonExampleMap:PersistentLevel.GameNetworkManager_1 has natively added scene component(s), but none of them were set as the actor's RootComponent - picking one arbitrarily
[2016.06.11-08.12.43:623][133]LogWorld: Bringing up level for play took: 0.006890
[2016.06.11-08.12.43:627][133]PIE: Info Play in editor start time for /Game/extras/Maps/UEDPIE_0_ThirdPersonExampleMap -0.479
[2016.06.11-08.12.43:627][133]LogBlueprintUserMessages: Late PlayInEditor Detection: Level '/Game/extras/Maps/ThirdPersonExampleMap.ThirdPersonExampleMap:PersistentLevel' has LevelScriptBlueprint '/Game/extras/Maps/ThirdPersonExampleMap.ThirdPersonExampleMap:PersistentLevel.ThirdPersonExampleMap' with GeneratedClass '/Game/extras/Maps/ThirdPersonExampleMap.ThirdPersonExampleMap_C' with ClassGeneratedBy '/Game/extras/Maps/ThirdPersonExampleMap.ThirdPersonExampleMap:PersistentLevel.ThirdPersonExampleMap'
[2016.06.11-08.12.43:757][140]LogScript:Warning: Attempted to get an item from array CallFunc_GetOverlappingActors_OverlappingActors out of bounds [0/0]!
[2016.06.11-08.12.44:059][158]LogScript:Warning: Attempted to get an item from array CallFunc_GetOverlappingActors_OverlappingActors out of bounds [0/0]!
[2016.06.11-08.12.44:358][176]LogScript:Warning: Attempted to get an item from array CallFunc_GetOverlappingActors_OverlappingActors out of bounds [0/0]!
[2016.06.11-08.12.44:608][191]LogBlueprintUserMessages: [BTS_wandering_C_1] ey boys shits on fire
[2016.06.11-08.12.44:658][194]LogScript:Warning: Attempted to get an item from array CallFunc_GetOverlappingActors_OverlappingActors out of bounds [0/0]!
[2016.06.11-08.12.44:959][211]LogScript:Warning: Attempted to get an item from array CallFunc_GetOverlappingActors_OverlappingActors out of bounds [0/0]!
[2016.06.11-08.12.45:259][229]LogScript:Warning: Attempted to get an item from array CallFunc_GetOverlappingActors_OverlappingActors out of bounds [0/0]!
[2016.06.11-08.12.45:559][247]LogScript:Warning: Attempted to get an item from array CallFunc_GetOverlappingActors_OverlappingActors out of bounds [0/0]!
[2016.06.11-08.12.45:859][265]LogScript:Warning: Attempted to get an item from array CallFunc_GetOverlappingActors_OverlappingActors out of bounds [0/0]!
[2016.06.11-08.12.46:175][282]LogScript:Warning: Attempted to get an item from array CallFunc_GetOverlappingActors_OverlappingActors out of bounds [0/0]!
[2016.06.11-08.12.46:475][300]LogScript:Warning: Attempted to get an item from array CallFunc_GetOverlappingActors_OverlappingActors out of bounds [0/0]!
[2016.06.11-08.12.47:075][336]LogBlueprintUserMessages: [checkForTouch_C_1]  IT BURNS
[2016.06.11-08.12.47:075][336]LogBlueprintUserMessages: [putoutfire_C_1] fixing
[2016.06.11-08.12.50:091][515]LogBlueprintUserMessages: [AI2_C_0] Fixed
[2016.06.11-08.12.50:091][515]LogBlueprintUserMessages: [AI2_C_0] fixed
[2016.06.11-08.12.50:391][533]LogBlueprintUserMessages: [AI2_C_0] Fixed
[2016.06.11-08.12.50:391][533]LogBlueprintUserMessages: [AI2_C_0] fixed
[2016.06.11-08.12.50:691][551]LogBlueprintUserMessages: [AI2_C_0] Fixed
[2016.06.11-08.12.50:691][551]LogBlueprintUserMessages: [AI2_C_0] fixed
[2016.06.11-08.12.50:991][569]LogBlueprintUserMessages: [AI2_C_0] Fixed
[2016.06.11-08.12.50:991][569]LogBlueprintUserMessages: [AI2_C_0] fixed
[2016.06.11-08.12.51:293][585]LogBlueprintUserMessages: [AI2_C_0] Fixed
[2016.06.11-08.12.51:293][585]LogBlueprintUserMessages: [AI2_C_0] fixed
[2016.06.11-08.12.52:561][654]LogBlueprintUserMessages: Early EndPlayMap Detection: Level '/Game/extras/Maps/ThirdPersonExampleMap.ThirdPersonExampleMap:PersistentLevel' has LevelScriptBlueprint '/Game/extras/Maps/ThirdPersonExampleMap.ThirdPersonExampleMap:PersistentLevel.ThirdPersonExampleMap' with GeneratedClass '/Game/extras/Maps/ThirdPersonExampleMap.ThirdPersonExampleMap_C' with ClassGeneratedBy '/Game/extras/Maps/ThirdPersonExampleMap.ThirdPersonExampleMap:PersistentLevel.ThirdPersonExampleMap'
[2016.06.11-08.12.52:597][654]LogBlueprintUserMessages: Late EndPlayMap Detection: Level '/Game/extras/Maps/ThirdPersonExampleMap.ThirdPersonExampleMap:PersistentLevel' has LevelScriptBlueprint '/Game/extras/Maps/ThirdPersonExampleMap.ThirdPersonExampleMap:PersistentLevel.ThirdPersonExampleMap' with GeneratedClass '/Game/extras/Maps/ThirdPersonExampleMap.ThirdPersonExampleMap_C' with ClassGeneratedBy '/Game/extras/Maps/ThirdPersonExampleMap.ThirdPersonExampleMap:PersistentLevel.ThirdPersonExampleMap'
[2016.06.11-08.12.52:632][654]LogParticles: Destroying 0 GPU particle simulations for FXSystem 0x000001BBE1C9D8A0
[2016.06.11-08.13.12:928][847]LogBlueprintUserMessages: Early PlayInEditor Detection: Level '/Game/extras/Maps/ThirdPersonExampleMap.ThirdPersonExampleMap:PersistentLevel' has LevelScriptBlueprint '/Game/extras/Maps/ThirdPersonExampleMap.ThirdPersonExampleMap:PersistentLevel.ThirdPersonExampleMap' with GeneratedClass '/Game/extras/Maps/ThirdPersonExampleMap.ThirdPersonExampleMap_C' with ClassGeneratedBy '/Game/extras/Maps/ThirdPersonExampleMap.ThirdPersonExampleMap:PersistentLevel.ThirdPersonExampleMap'
[2016.06.11-08.13.12:928][847]LogPlayLevel: PlayLevel: No blueprints needed recompiling
[2016.06.11-08.13.12:928][847]PIE: New page: PIE session: ThirdPersonExampleMap (Jun 10, 2016, 6:13:12 PM)
[2016.06.11-08.13.12:928][847]LogPlayLevel: Creating play world package: /Game/extras/Maps/UEDPIE_0_ThirdPersonExampleMap
[2016.06.11-08.13.12:954][847]LogPlayLevel: PIE: StaticDuplicateObject took: (0.025796s)
[2016.06.11-08.13.12:955][847]LogAIModule: Creating AISystem for world ThirdPersonExampleMap
[2016.06.11-08.13.12:956][847]LogPlayLevel: PIE: World Init took: (0.001747s)
[2016.06.11-08.13.12:956][847]LogPlayLevel: PIE: Created PIE world by copying editor world from /Game/extras/Maps/ThirdPersonExampleMap.ThirdPersonExampleMap to /Game/extras/Maps/UEDPIE_0_ThirdPersonExampleMap.ThirdPersonExampleMap (0.027934s)
[2016.06.11-08.13.12:994][847]LogInit: XAudio2 using 'Speakers (Realtek High Definition Audio)' : 2 channels at 48 kHz using 32 bits per sample (channel mask 0x3)
[2016.06.11-08.13.13:003][847]LogInit: FAudioDevice initialized.
[2016.06.11-08.13.13:035][847]LogWorld: Game class is 'ThirdPersonGameMode_C'
[2016.06.11-08.13.13:042][847]LogWorld: Bringing World /Game/extras/Maps/UEDPIE_0_ThirdPersonExampleMap.ThirdPersonExampleMap up for play (max tick rate 60) at 2016.06.11-01.13.13
[2016.06.11-08.13.13:042][847]LogActor:Warning: GameSession /Game/extras/Maps/UEDPIE_0_ThirdPersonExampleMap.ThirdPersonExampleMap:PersistentLevel.GameSession_2 has natively added scene component(s), but none of them were set as the actor's RootComponent - picking one arbitrarily
[2016.06.11-08.13.13:042][847]LogActor:Warning: GameNetworkManager /Game/extras/Maps/UEDPIE_0_ThirdPersonExampleMap.ThirdPersonExampleMap:PersistentLevel.GameNetworkManager_2 has natively added scene component(s), but none of them were set as the actor's RootComponent - picking one arbitrarily
[2016.06.11-08.13.13:043][847]LogWorld: Bringing up level for play took: 0.007386
[2016.06.11-08.13.13:046][847]PIE: Info Play in editor start time for /Game/extras/Maps/UEDPIE_0_ThirdPersonExampleMap 0.94
[2016.06.11-08.13.13:046][847]LogBlueprintUserMessages: Late PlayInEditor Detection: Level '/Game/extras/Maps/ThirdPersonExampleMap.ThirdPersonExampleMap:PersistentLevel' has LevelScriptBlueprint '/Game/extras/Maps/ThirdPersonExampleMap.ThirdPersonExampleMap:PersistentLevel.ThirdPersonExampleMap' with GeneratedClass '/Game/extras/Maps/ThirdPersonExampleMap.ThirdPersonExampleMap_C' with ClassGeneratedBy '/Game/extras/Maps/ThirdPersonExampleMap.ThirdPersonExampleMap:PersistentLevel.ThirdPersonExampleMap'
[2016.06.11-08.13.13:178][854]LogScript:Warning: Attempted to get an item from array CallFunc_GetOverlappingActors_OverlappingActors out of bounds [0/0]!
[2016.06.11-08.13.13:477][872]LogScript:Warning: Attempted to get an item from array CallFunc_GetOverlappingActors_OverlappingActors out of bounds [0/0]!
[2016.06.11-08.13.13:494][873]LogBlueprintUserMessages: [BTS_wandering_C_3] ey boys shits on fire
[2016.06.11-08.13.13:777][890]LogScript:Warning: Attempted to get an item from array CallFunc_GetOverlappingActors_OverlappingActors out of bounds [0/0]!
[2016.06.11-08.13.14:077][908]LogScript:Warning: Attempted to get an item from array CallFunc_GetOverlappingActors_OverlappingActors out of bounds [0/0]!
[2016.06.11-08.13.14:383][926]LogScript:Warning: Attempted to get an item from array CallFunc_GetOverlappingActors_OverlappingActors out of bounds [0/0]!
[2016.06.11-08.13.14:683][944]LogScript:Warning: Attempted to get an item from array CallFunc_GetOverlappingActors_OverlappingActors out of bounds [0/0]!
[2016.06.11-08.13.14:983][962]LogScript:Warning: Attempted to get an item from array CallFunc_GetOverlappingActors_OverlappingActors out of bounds [0/0]!
[2016.06.11-08.13.15:283][980]LogScript:Warning: Attempted to get an item from array CallFunc_GetOverlappingActors_OverlappingActors out of bounds [0/0]!
[2016.06.11-08.13.15:588][998]LogScript:Warning: Attempted to get an item from array CallFunc_GetOverlappingActors_OverlappingActors out of bounds [0/0]!
[2016.06.11-08.13.16:188][ 34]LogBlueprintUserMessages: [checkForTouch_C_3]  IT BURNS
[2016.06.11-08.13.16:188][ 34]LogBlueprintUserMessages: [putoutfire_C_3] fixing
[2016.06.11-08.13.19:205][212]LogBlueprintUserMessages: [AI2_C_0] Fixed
[2016.06.11-08.13.19:205][212]LogBlueprintUserMessages: [AI2_C_0] fixed
[2016.06.11-08.13.19:508][230]LogBlueprintUserMessages: [AI2_C_0] Fixed
[2016.06.11-08.13.19:508][230]LogBlueprintUserMessages: [AI2_C_0] fixed
[2016.06.11-08.13.19:808][248]LogBlueprintUserMessages: [AI2_C_0] Fixed
[2016.06.11-08.13.19:808][248]LogBlueprintUserMessages: [AI2_C_0] fixed
[2016.06.11-08.13.20:108][266]LogBlueprintUserMessages: [AI2_C_0] Fixed
[2016.06.11-08.13.20:108][266]LogBlueprintUserMessages: [AI2_C_0] fixed
[2016.06.11-08.13.20:408][284]LogBlueprintUserMessages: [AI2_C_0] Fixed
[2016.06.11-08.13.20:408][284]LogBlueprintUserMessages: [AI2_C_0] fixed
[2016.06.11-08.13.20:723][302]LogBlueprintUserMessages: [AI2_C_0] Fixed
[2016.06.11-08.13.20:723][302]LogBlueprintUserMessages: [AI2_C_0] fixed
[2016.06.11-08.13.21:638][355]LogScript:Warning: Attempted to get an item from array CallFunc_GetOverlappingActors_OverlappingActors out of bounds [0/0]!
[2016.06.11-08.13.21:974][369]LogBlueprintUserMessages: [AI2_C_0] what was I doing again?
[2016.06.11-08.13.21:980][370]LogBlueprintUserMessages: [AI2_C_0] Fixed
[2016.06.11-08.13.21:980][370]LogScript:Warning: Accessed None 'K2Node_DynamicCast_AsFire'
	AI2_C /Game/extras/Maps/UEDPIE_0_ThirdPersonExampleMap.ThirdPersonExampleMap:PersistentLevel.AI2_C_0
	Function /Game/mainBP/AI2.AI2_C:ExecuteUbergraph_AI2:0093
[2016.06.11-08.13.21:986][370]PIE:Error: Error Accessed None 'K2Node_DynamicCast_AsFire' from node Fire Extinguished in graph 'EventGraph' in blueprint AI2
[2016.06.11-08.13.21:986][370]LogBlueprintUserMessages: [AI2_C_0] fixed
[2016.06.11-08.13.21:986][370]LogScript:Warning: Attempted to get an item from array CallFunc_GetOverlappingActors_OverlappingActors out of bounds [0/0]!
[2016.06.11-08.13.22:280][388]LogBlueprintUserMessages: [AI2_C_0] Fixed
[2016.06.11-08.13.22:280][388]LogScript:Warning: Accessed None 'K2Node_DynamicCast_AsFire'
	AI2_C /Game/extras/Maps/UEDPIE_0_ThirdPersonExampleMap.ThirdPersonExampleMap:PersistentLevel.AI2_C_0
	Function /Game/mainBP/AI2.AI2_C:ExecuteUbergraph_AI2:0093
[2016.06.11-08.13.22:280][388]PIE:Error: Error Accessed None 'K2Node_DynamicCast_AsFire' from node Fire Extinguished in graph 'EventGraph' in blueprint AI2
[2016.06.11-08.13.22:280][388]LogBlueprintUserMessages: [AI2_C_0] fixed
[2016.06.11-08.13.22:280][388]LogScript:Warning: Attempted to get an item from array CallFunc_GetOverlappingActors_OverlappingActors out of bounds [0/0]!
[2016.06.11-08.13.22:580][406]LogBlueprintUserMessages: [AI2_C_0] Fixed
[2016.06.11-08.13.22:580][406]LogScript:Warning: Accessed None 'K2Node_DynamicCast_AsFire'
	AI2_C /Game/extras/Maps/UEDPIE_0_ThirdPersonExampleMap.ThirdPersonExampleMap:PersistentLevel.AI2_C_0
	Function /Game/mainBP/AI2.AI2_C:ExecuteUbergraph_AI2:0093
[2016.06.11-08.13.22:580][406]PIE:Error: Error Accessed None 'K2Node_DynamicCast_AsFire' from node Fire Extinguished in graph 'EventGraph' in blueprint AI2
[2016.06.11-08.13.22:580][406]LogBlueprintUserMessages: [AI2_C_0] fixed
[2016.06.11-08.13.22:581][406]LogScript:Warning: Attempted to get an item from array CallFunc_GetOverlappingActors_OverlappingActors out of bounds [0/0]!
[2016.06.11-08.13.22:881][424]LogBlueprintUserMessages: [AI2_C_0] Fixed
[2016.06.11-08.13.22:881][424]LogScript:Warning: Accessed None 'K2Node_DynamicCast_AsFire'
	AI2_C /Game/extras/Maps/UEDPIE_0_ThirdPersonExampleMap.ThirdPersonExampleMap:PersistentLevel.AI2_C_0
	Function /Game/mainBP/AI2.AI2_C:ExecuteUbergraph_AI2:0093
[2016.06.11-08.13.22:881][424]PIE:Error: Error Accessed None 'K2Node_DynamicCast_AsFire' from node Fire Extinguished in graph 'EventGraph' in blueprint AI2
[2016.06.11-08.13.22:881][424]LogBlueprintUserMessages: [AI2_C_0] fixed
[2016.06.11-08.13.22:881][424]LogScript:Warning: Attempted to get an item from array CallFunc_GetOverlappingActors_OverlappingActors out of bounds [0/0]!
[2016.06.11-08.13.23:182][442]LogBlueprintUserMessages: [AI2_C_0] Fixed
[2016.06.11-08.13.23:182][442]LogScript:Warning: Accessed None 'K2Node_DynamicCast_AsFire'
	AI2_C /Game/extras/Maps/UEDPIE_0_ThirdPersonExampleMap.ThirdPersonExampleMap:PersistentLevel.AI2_C_0
	Function /Game/mainBP/AI2.AI2_C:ExecuteUbergraph_AI2:0093
[2016.06.11-08.13.23:182][442]PIE:Error: Error Accessed None 'K2Node_DynamicCast_AsFire' from node Fire Extinguished in graph 'EventGraph' in blueprint AI2
[2016.06.11-08.13.23:182][442]LogBlueprintUserMessages: [AI2_C_0] fixed
[2016.06.11-08.13.23:182][442]LogScript:Warning: Attempted to get an item from array CallFunc_GetOverlappingActors_OverlappingActors out of bounds [0/0]!
[2016.06.11-08.13.23:249][446]LogBlueprintUserMessages: Early EndPlayMap Detection: Level '/Game/extras/Maps/ThirdPersonExampleMap.ThirdPersonExampleMap:PersistentLevel' has LevelScriptBlueprint '/Game/extras/Maps/ThirdPersonExampleMap.ThirdPersonExampleMap:PersistentLevel.ThirdPersonExampleMap' with GeneratedClass '/Game/extras/Maps/ThirdPersonExampleMap.ThirdPersonExampleMap_C' with ClassGeneratedBy '/Game/extras/Maps/ThirdPersonExampleMap.ThirdPersonExampleMap:PersistentLevel.ThirdPersonExampleMap'
[2016.06.11-08.13.23:294][446]LogBlueprintUserMessages: Late EndPlayMap Detection: Level '/Game/extras/Maps/ThirdPersonExampleMap.ThirdPersonExampleMap:PersistentLevel' has LevelScriptBlueprint '/Game/extras/Maps/ThirdPersonExampleMap.ThirdPersonExampleMap:PersistentLevel.ThirdPersonExampleMap' with GeneratedClass '/Game/extras/Maps/ThirdPersonExampleMap.ThirdPersonExampleMap_C' with ClassGeneratedBy '/Game/extras/Maps/ThirdPersonExampleMap.ThirdPersonExampleMap:PersistentLevel.ThirdPersonExampleMap'
[2016.06.11-08.13.23:331][446]LogParticles: Destroying 0 GPU particle simulations for FXSystem 0x000001BB89E14900
[2016.06.11-08.22.58:173][758]LogFileHelpers: Editor autosave (incl. sublevels) for '/Game/extras/Maps/ThirdPersonExampleMap' took 0.034
[2016.06.11-08.22.58:182][758]OBJ SavePackage: Generating thumbnails for [0] asset(s) in package [/Game/mainBP/AI2] ([1] browsable assets)...
[2016.06.11-08.22.58:182][758]OBJ SavePackage: Finished generating thumbnails for package [/Game/mainBP/AI2]
[2016.06.11-08.22.58:182][758]Cmd: OBJ SAVEPACKAGE PACKAGE="/Game/mainBP/AI2" FILE="../../../../../../Users/Master Guy/Documents/Unreal Projects/GaryTim/Saved/Autosaves/Game/mainBP/AI2_Auto1.uasset" SILENT=false AUTOSAVING=true
[2016.06.11-08.22.58:303][758]LogSavePackage: Save=97.698494ms
[2016.06.11-08.22.58:303][758]LogSavePackage: Moving '../../../../../../Users/Master Guy/Documents/Unreal Projects/GaryTim/Saved/AI2_Auto132734CCC46C6C423923DD38F11E50850.tmp' to '../../../../../../Users/Master Guy/Documents/Unreal Projects/GaryTim/Saved/Autosaves/Game/mainBP/AI2_Auto1.uasset'
[2016.06.11-08.22.58:318][758]LogSavePackage: Total save time: 134.383112ms
[2016.06.11-08.22.58:318][758]LogSavePackage:Display: Finished SavePackage ../../../../../../Users/Master Guy/Documents/Unreal Projects/GaryTim/Saved/Autosaves/Game/mainBP/AI2_Auto1.uasset
[2016.06.11-08.22.58:318][758]LogFileHelpers: Auto-saving content packages took 0.144
[2016.06.11-08.23.08:361][789]Cmd: OBJ SAVEPACKAGE PACKAGE="/Game/mainBP/AI2" FILE="../../../../../../Users/Master Guy/Documents/Unreal Projects/GaryTim/Content/mainBP/AI2.uasset" SILENT=true
[2016.06.11-08.23.08:488][789]LogSavePackage: Save=112.183144ms
[2016.06.11-08.23.08:488][789]LogSavePackage: Moving '../../../../../../Users/Master Guy/Documents/Unreal Projects/GaryTim/Saved/AI2D3ACA5DE4DB2576C1AA821B7A70687EF.tmp' to '../../../../../../Users/Master Guy/Documents/Unreal Projects/GaryTim/Content/mainBP/AI2.uasset'
[2016.06.11-08.23.08:491][789]LogSavePackage: Total save time: 128.746197ms
[2016.06.11-08.23.08:491][789]LogSavePackage:Display: Finished SavePackage ../../../../../../Users/Master Guy/Documents/Unreal Projects/GaryTim/Content/mainBP/AI2.uasset
[2016.06.11-08.23.09:155][790]Cmd: QUIT_EDITOR
[2016.06.11-08.23.09:580][790]LogWindowsTextInputMethodSystem:Display: IME system now deactivated.
[2016.06.11-08.23.09:639][790]LogExit: Preparing to exit.
[2016.06.11-08.23.10:773][790]LogExit: Editor shut down
[2016.06.11-08.23.10:773][790]LogExit: Transaction tracking system shut down
[2016.06.11-08.23.10:774][790]LogParticles: Destroying 0 GPU particle simulations for FXSystem 0x000001BBDDC702C0
[2016.06.11-08.23.10:774][790]LogParticles: Destroying 0 GPU particle simulations for FXSystem 0x000001BBDE799F80
[2016.06.11-08.23.10:775][790]LogParticles: Destroying 0 GPU particle simulations for FXSystem 0x000001BB8E20FCE0
[2016.06.11-08.23.10:776][790]LogParticles: Destroying 0 GPU particle simulations for FXSystem 0x000001BBF92F0D60
[2016.06.11-08.23.10:778][790]LogParticles: Destroying 0 GPU particle simulations for FXSystem 0x000001BB89BD8D60
[2016.06.11-08.23.10:958][790]LogExit: Object subsystem successfully closed.
[2016.06.11-08.23.10:979][790]LogD3D11RHI: Shutdown
[2016.06.11-08.23.10:979][790]LogD3D11RHI: CleanupD3DDevice
[2016.06.11-08.23.11:061][790]LogD3D11RHI: ~FD3D11DynamicRHI
[2016.06.11-08.23.11:087][790]LogModuleManager: Shutting down and abandoning module StatsViewer (200)
[2016.06.11-08.23.11:087][790]LogModuleManager: Shutting down and abandoning module CookingStats (199)
[2016.06.11-08.23.11:087][790]LogModuleManager: Shutting down and abandoning module BlueprintGraph (198)
[2016.06.11-08.23.11:087][790]LogModuleManager: Shutting down and abandoning module CrashTracker (197)
[2016.06.11-08.23.11:087][790]LogModuleManager: Shutting down and abandoning module SceneOutliner (196)
[2016.06.11-08.23.11:087][790]LogModuleManager: Shutting down and abandoning module SuperSearch (195)
[2016.06.11-08.23.11:087][790]LogModuleManager: Shutting down and abandoning module WidgetCarousel (194)
[2016.06.11-08.23.11:087][790]LogModuleManager: Shutting down and abandoning module AddContentDialog (193)
[2016.06.11-08.23.11:088][790]LogModuleManager: Shutting down and abandoning module EditorWidgets (192)
[2016.06.11-08.23.11:088][790]LogModuleManager: Shutting down and abandoning module CollectionManager (191)
[2016.06.11-08.23.11:088][790]LogModuleManager: Shutting down and abandoning module FoliageEdit (190)
[2016.06.11-08.23.11:088][790]LogModuleManager: Shutting down and abandoning module LandscapeEditor (189)
[2016.06.11-08.23.11:088][790]LogModuleManager: Shutting down and abandoning module ActorPickerMode (188)
[2016.06.11-08.23.11:088][790]LogModuleManager: Shutting down and abandoning module GeometryMode (187)
[2016.06.11-08.23.11:088][790]LogModuleManager: Shutting down and abandoning module TextureAlignMode (186)
[2016.06.11-08.23.11:088][790]LogModuleManager: Shutting down and abandoning module BspMode (185)
[2016.06.11-08.23.11:088][790]LogModuleManager: Shutting down and abandoning module PlacementMode (184)
[2016.06.11-08.23.11:088][790]LogModuleManager: Shutting down and abandoning module AutomationWorker (183)
[2016.06.11-08.23.11:088][790]LogModuleManager: Shutting down and abandoning module CharacterAI (182)
[2016.06.11-08.23.11:088][790]LogModuleManager: Shutting down and abandoning module SmartSnapping (181)
[2016.06.11-08.23.11:088][790]LogModuleManager: Shutting down and abandoning module ViewportSnapping (180)
[2016.06.11-08.23.11:088][790]LogModuleManager: Shutting down and abandoning module LogVisualizer (179)
[2016.06.11-08.23.11:089][790]LogModuleManager: Shutting down and abandoning module GameProjectGeneration (178)
[2016.06.11-08.23.11:089][790]LogModuleManager: Shutting down and abandoning module IntroTutorials (177)
[2016.06.11-08.23.11:089][790]LogModuleManager: Shutting down and abandoning module EditorLiveStreaming (176)
[2016.06.11-08.23.11:089][790]LogModuleManager: Shutting down and abandoning module IOSPlatformEditor (175)
[2016.06.11-08.23.11:089][790]LogModuleManager: Shutting down and abandoning module HTML5PlatformEditor (174)
[2016.06.11-08.23.11:089][790]LogModuleManager: Shutting down and abandoning module AndroidDeviceDetection (173)
[2016.06.11-08.23.11:761][790]LogModuleManager: Shutting down and abandoning module AndroidPlatformEditor (172)
[2016.06.11-08.23.11:761][790]LogModuleManager: Shutting down and abandoning module IOSRuntimeSettings (171)
[2016.06.11-08.23.11:761][790]LogModuleManager: Shutting down and abandoning module AndroidRuntimeSettings (170)
[2016.06.11-08.23.11:761][790]LogModuleManager: Shutting down and abandoning module MergeActors (169)
[2016.06.11-08.23.11:761][790]LogModuleManager: Shutting down and abandoning module SizeMap (168)
[2016.06.11-08.23.11:761][790]LogModuleManager: Shutting down and abandoning module TreeMap (167)
[2016.06.11-08.23.11:761][790]LogModuleManager: Shutting down and abandoning module ReferenceViewer (166)
[2016.06.11-08.23.11:761][790]LogModuleManager: Shutting down and abandoning module LocalizationService (165)
[2016.06.11-08.23.11:761][790]LogModuleManager: Shutting down and abandoning module LocalizationDashboard (164)
[2016.06.11-08.23.11:761][790]LogModuleManager: Shutting down and abandoning module HardwareTargeting (163)
[2016.06.11-08.23.11:761][790]LogModuleManager: Shutting down and abandoning module DeviceProfileEditor (162)
[2016.06.11-08.23.11:761][790]LogModuleManager: Shutting down and abandoning module UndoHistory (161)
[2016.06.11-08.23.11:761][790]LogModuleManager: Shutting down and abandoning module GameplayTagsEditor (160)
[2016.06.11-08.23.11:761][790]LogModuleManager: Shutting down and abandoning module UserFeedback (159)
[2016.06.11-08.23.11:761][790]LogModuleManager: Shutting down and abandoning module XmlParser (158)
[2016.06.11-08.23.11:761][790]LogModuleManager: Shutting down and abandoning module Blutility (157)
[2016.06.11-08.23.11:761][790]LogModuleManager: Shutting down and abandoning module ProjectTargetPlatformEditor (156)
[2016.06.11-08.23.11:761][790]LogModuleManager: Shutting down and abandoning module ProjectSettingsViewer (155)
[2016.06.11-08.23.11:761][790]LogModuleManager: Shutting down and abandoning module InputBindingEditor (154)
[2016.06.11-08.23.11:761][790]LogModuleManager: Shutting down and abandoning module EditorSettingsViewer (153)
[2016.06.11-08.23.11:762][790]LogModuleManager: Shutting down and abandoning module SettingsEditor (152)
[2016.06.11-08.23.11:762][790]LogModuleManager: Shutting down and abandoning module ProjectLauncher (151)
[2016.06.11-08.23.11:762][790]LogModuleManager: Shutting down and abandoning module SessionFrontend (150)
[2016.06.11-08.23.11:762][790]LogModuleManager: Shutting down and abandoning module ProfilerClient (149)
[2016.06.11-08.23.11:762][790]LogModuleManager: Shutting down and abandoning module TargetDeviceServices (148)
[2016.06.11-08.23.11:762][790]LogModuleManager: Shutting down and abandoning module DeviceManager (147)
[2016.06.11-08.23.11:762][790]LogModuleManager: Shutting down and abandoning module AutomationController (146)
[2016.06.11-08.23.11:762][790]LogModuleManager: Shutting down and abandoning module AutomationWindow (145)
[2016.06.11-08.23.11:762][790]LogModuleManager: Shutting down and abandoning module Layers (144)
[2016.06.11-08.23.11:762][790]LogModuleManager: Shutting down and abandoning module ComponentVisualizers (143)
[2016.06.11-08.23.11:762][790]LogModuleManager: Shutting down and abandoning module DetailCustomizations (142)
[2016.06.11-08.23.11:762][790]LogModuleManager: Shutting down and abandoning module PackagesDialog (141)
[2016.06.11-08.23.11:762][790]LogModuleManager: Shutting down and abandoning module Persona (140)
[2016.06.11-08.23.11:762][790]LogModuleManager: Shutting down and abandoning module Kismet (139)
[2016.06.11-08.23.11:762][790]LogModuleManager: Shutting down and abandoning module GraphEditor (138)
[2016.06.11-08.23.11:762][790]LogModuleManager: Shutting down and abandoning module ClassViewer (137)
[2016.06.11-08.23.11:762][790]LogModuleManager: Shutting down and abandoning module Toolbox (136)
[2016.06.11-08.23.11:762][790]LogModuleManager: Shutting down and abandoning module ModuleUI (135)
[2016.06.11-08.23.11:762][790]LogModuleManager: Shutting down and abandoning module MovieSceneTools (134)
[2016.06.11-08.23.11:762][790]LogModuleManager: Shutting down and abandoning module OutputLog (133)
[2016.06.11-08.23.11:762][790]LogModuleManager: Shutting down and abandoning module GammaUI (132)
[2016.06.11-08.23.11:762][790]LogModuleManager: Shutting down and abandoning module Documentation (131)
[2016.06.11-08.23.11:762][790]LogModuleManager: Shutting down and abandoning module GameLiveStreaming (130)
[2016.06.11-08.23.11:762][790]LogModuleManager: Shutting down and abandoning module StreamingPauseRendering (129)
[2016.06.11-08.23.11:762][790]LogModuleManager: Shutting down and abandoning module AnalyticsET (128)
[2016.06.11-08.23.11:762][790]LogModuleManager: Shutting down and abandoning module Analytics (127)
[2016.06.11-08.23.11:762][790]LogModuleManager: Shutting down and abandoning module AITestSuite (126)
[2016.06.11-08.23.11:762][790]LogModuleManager: Shutting down and abandoning module GameplayDebugger (125)
[2016.06.11-08.23.11:762][790]LogModuleManager: Shutting down and abandoning module AIModule (124)
[2016.06.11-08.23.11:762][790]LogModuleManager: Shutting down and abandoning module ProfilerService (123)
[2016.06.11-08.23.11:910][790]LogModuleManager: Shutting down and abandoning module TaskGraph (122)
[2016.06.11-08.23.11:910][790]LogModuleManager: Shutting down and abandoning module SlateRemote (121)
[2016.06.11-08.23.11:910][790]LogModuleManager: Shutting down and abandoning module SteamVRController (120)
[2016.06.11-08.23.11:910][790]LogModuleManager: Shutting down and abandoning module SteamVR (119)
[2016.06.11-08.23.11:910][790]LogModuleManager: Shutting down and abandoning module ProceduralMeshComponent (118)
[2016.06.11-08.23.11:910][790]LogModuleManager: Shutting down and abandoning module OculusLibrary (117)
[2016.06.11-08.23.11:910][790]LogModuleManager: Shutting down and abandoning module OculusInput (116)
[2016.06.11-08.23.11:910][790]LogModuleManager: Shutting down and abandoning module LeapMotionController (115)
[2016.06.11-08.23.11:926][790]LogModuleManager: Shutting down and abandoning module CustomMeshComponent (114)
[2016.06.11-08.23.11:926][790]LogModuleManager: Shutting down and abandoning module CableComponent (113)
[2016.06.11-08.23.11:926][790]LogModuleManager: Shutting down and abandoning module ArchVisCharacter (112)
[2016.06.11-08.23.11:926][790]LogModuleManager: Shutting down and abandoning module MessagingDebugger (111)
[2016.06.11-08.23.11:926][790]LogModuleManager: Shutting down and abandoning module MediaPlayerEditor (110)
[2016.06.11-08.23.11:926][790]LogModuleManager: Shutting down and abandoning module HTML5Networking (109)
[2016.06.11-08.23.11:926][790]LogModuleManager: Shutting down and abandoning module SpeedTreeImporter (108)
[2016.06.11-08.23.11:926][790]LogModuleManager: Shutting down and abandoning module PluginBrowser (107)
[2016.06.11-08.23.11:926][790]LogModuleManager: Shutting down and abandoning module EpicSurvey (106)
[2016.06.11-08.23.11:926][790]LogModuleManager: Shutting down and abandoning module DesktopPlatform (105)
[2016.06.11-08.23.11:926][790]LogModuleManager: Shutting down and abandoning module VisualStudioSourceCodeAccess (104)
[2016.06.11-08.23.11:926][790]LogModuleManager: Shutting down and abandoning module UObjectPlugin (103)
[2016.06.11-08.23.11:926][790]LogModuleManager: Shutting down and abandoning module SubversionSourceControl (102)
[2016.06.11-08.23.11:926][790]LogModuleManager: Shutting down and abandoning module PerforceSourceControl (101)
[2016.06.11-08.23.11:926][790]LogModuleManager: Shutting down and abandoning module SourceControl (100)
[2016.06.11-08.23.11:926][790]LogModuleManager: Shutting down and abandoning module GitSourceControl (99)
[2016.06.11-08.23.11:926][790]LogModuleManager: Shutting down and abandoning module LightPropagationVolumeEditor (98)
[2016.06.11-08.23.11:926][790]LogModuleManager: Shutting down and abandoning module PaperTiledImporter (97)
[2016.06.11-08.23.11:926][790]LogModuleManager: Shutting down and abandoning module PaperSpriteSheetImporter (96)
[2016.06.11-08.23.11:926][790]LogModuleManager: Shutting down and abandoning module MeshPaint (95)
[2016.06.11-08.23.11:926][790]LogModuleManager: Shutting down and abandoning module SlateReflector (94)
[2016.06.11-08.23.11:926][790]LogModuleManager: Shutting down and abandoning module HotReload (93)
[2016.06.11-08.23.11:926][790]LogModuleManager: Shutting down and abandoning module MainFrame (92)
[2016.06.11-08.23.11:926][790]LogModuleManager: Shutting down and abandoning module LevelEditor (91)
[2016.06.11-08.23.11:927][790]LogModuleManager: Shutting down and abandoning module DirectoryWatcher (90)
[2016.06.11-08.23.11:927][790]LogModuleManager: Shutting down and abandoning module AssetRegistry (89)
[2016.06.11-08.23.11:996][790]LogModuleManager: Shutting down and abandoning module ContentBrowser (88)
[2016.06.11-08.23.11:997][790]LogModuleManager: Shutting down and abandoning module Paper2DEditor (87)
[2016.06.11-08.23.11:997][790]LogModuleManager: Shutting down and abandoning module UdpMessaging (86)
[2016.06.11-08.23.12:098][790]LogModuleManager: Shutting down and abandoning module LightPropagationVolumeRuntime (85)
[2016.06.11-08.23.12:098][790]LogModuleManager: Shutting down and abandoning module Paper2D (84)
[2016.06.11-08.23.12:098][790]LogModuleManager: Shutting down and abandoning module WindowsMoviePlayer (83)
[2016.06.11-08.23.12:101][790]LogModuleManager: Shutting down and abandoning module Media (82)
[2016.06.11-08.23.12:101][790]LogModuleManager: Shutting down and abandoning module WmfMedia (81)
[2016.06.11-08.23.12:101][790]LogModuleManager: Shutting down and abandoning module OnlineBlueprintSupport (80)
[2016.06.11-08.23.12:101][790]LogModuleManager: Shutting down and abandoning module GameplayTasksEditor (79)
[2016.06.11-08.23.12:101][790]LogModuleManager: Shutting down and abandoning module PropertyEditor (78)
[2016.06.11-08.23.12:101][790]LogModuleManager: Shutting down and abandoning module BehaviorTreeEditor (77)
[2016.06.11-08.23.12:101][790]LogModuleManager: Shutting down and abandoning module FunctionalTesting (76)
[2016.06.11-08.23.12:101][790]LogModuleManager: Shutting down and abandoning module CollisionAnalyzer (75)
[2016.06.11-08.23.12:101][790]LogModuleManager: Shutting down and abandoning module WorkspaceMenuStructure (74)
[2016.06.11-08.23.12:101][790]LogModuleManager: Shutting down and abandoning module MessageLog (73)
[2016.06.11-08.23.12:101][790]LogModuleManager: Shutting down and abandoning module Sequencer (72)
[2016.06.11-08.23.12:101][790]LogModuleManager: Shutting down and abandoning module AssetTools (71)
[2016.06.11-08.23.12:101][790]LogModuleManager: Shutting down and abandoning module UMGEditor (70)
[2016.06.11-08.23.12:101][790]LogModuleManager: Shutting down and abandoning module UMG (69)
[2016.06.11-08.23.12:101][790]LogModuleManager: Shutting down and abandoning module Slate (68)
[2016.06.11-08.23.12:101][790]LogModuleManager: Shutting down and abandoning module EditorStyle (67)
[2016.06.11-08.23.12:104][790]LogModuleManager: Shutting down and abandoning module SessionServices (66)
[2016.06.11-08.23.12:104][790]LogModuleManager: Shutting down and abandoning module SourceCodeAccess (65)
[2016.06.11-08.23.12:104][790]LogModuleManager: Shutting down and abandoning module HeadMountedDisplay (64)
[2016.06.11-08.23.12:104][790]LogModuleManager: Shutting down and abandoning module XAudio2 (63)
[2016.06.11-08.23.12:104][790]LogModuleManager: Shutting down and abandoning module Networking (61)
[2016.06.11-08.23.12:104][790]LogModuleManager: Shutting down and abandoning module Core (60)
[2016.06.11-08.23.12:104][790]LogModuleManager: Shutting down and abandoning module KismetCompiler (59)
[2016.06.11-08.23.12:104][790]LogModuleManager: Shutting down and abandoning module PhysXFormats (58)
[2016.06.11-08.23.12:104][790]LogModuleManager: Shutting down and abandoning module MeshUtilities (57)
[2016.06.11-08.23.12:104][790]LogModuleManager: Shutting down and abandoning module DerivedDataCache (56)
[2016.06.11-08.23.12:156][790]LogDerivedDataCache: Shutdown
[2016.06.11-08.23.12:156][790]LogModuleManager: Shutting down and abandoning module ShaderFormatOpenGL (55)
[2016.06.11-08.23.12:156][790]LogModuleManager: Shutting down and abandoning module ShaderFormatD3D (54)
[2016.06.11-08.23.12:156][790]LogModuleManager: Shutting down and abandoning module MetalShaderFormat (53)
[2016.06.11-08.23.12:156][790]LogModuleManager: Shutting down and abandoning module TextureFormatUncompressed (52)
[2016.06.11-08.23.12:156][790]LogModuleManager: Shutting down and abandoning module TextureFormatPVR (51)
[2016.06.11-08.23.12:156][790]LogModuleManager: Shutting down and abandoning module TextureFormatIntelISPCTexComp (50)
[2016.06.11-08.23.12:156][790]LogModuleManager: Shutting down and abandoning module TextureFormatDXT (49)
[2016.06.11-08.23.12:156][790]LogModuleManager: Shutting down and abandoning module ImageWrapper (48)
[2016.06.11-08.23.12:156][790]LogModuleManager: Shutting down and abandoning module TextureFormatASTC (47)
[2016.06.11-08.23.12:156][790]LogModuleManager: Shutting down and abandoning module TextureFormatAndroid (46)
[2016.06.11-08.23.12:156][790]LogModuleManager: Shutting down and abandoning module AudioFormatOpus (45)
[2016.06.11-08.23.12:156][790]LogModuleManager: Shutting down and abandoning module AudioFormatOgg (44)
[2016.06.11-08.23.12:156][790]LogModuleManager: Shutting down and abandoning module AudioFormatADPCM (43)
[2016.06.11-08.23.12:156][790]LogModuleManager: Shutting down and abandoning module LinuxTargetPlatform (42)
[2016.06.11-08.23.12:156][790]LogModuleManager: Shutting down and abandoning module LinuxServerTargetPlatform (41)
[2016.06.11-08.23.12:156][790]LogModuleManager: Shutting down and abandoning module LinuxNoEditorTargetPlatform (40)
[2016.06.11-08.23.12:156][790]LogModuleManager: Shutting down and abandoning module Messaging (39)
[2016.06.11-08.23.12:156][790]LogModuleManager: Shutting down and abandoning module IOSTargetPlatform (38)
[2016.06.11-08.23.12:156][790]LogModuleManager: Shutting down and abandoning module HTML5TargetPlatform (37)
[2016.06.11-08.23.12:156][790]LogModuleManager: Shutting down and abandoning module Android_PVRTCTargetPlatform (36)
[2016.06.11-08.23.12:156][790]LogModuleManager: Shutting down and abandoning module Android_MultiTargetPlatform (35)
[2016.06.11-08.23.12:156][790]LogModuleManager: Shutting down and abandoning module Android_ETC2TargetPlatform (34)
[2016.06.11-08.23.12:156][790]LogModuleManager: Shutting down and abandoning module Android_ETC1TargetPlatform (33)
[2016.06.11-08.23.12:156][790]LogModuleManager: Shutting down and abandoning module Android_DXTTargetPlatform (32)
[2016.06.11-08.23.12:156][790]LogModuleManager: Shutting down and abandoning module Android_ATCTargetPlatform (31)
[2016.06.11-08.23.12:156][790]LogModuleManager: Shutting down and abandoning module Android_ASTCTargetPlatform (30)
[2016.06.11-08.23.12:156][790]LogModuleManager: Shutting down and abandoning module AndroidTargetPlatform (29)
[2016.06.11-08.23.12:156][790]LogModuleManager: Shutting down and abandoning module WindowsTargetPlatform (28)
[2016.06.11-08.23.12:156][790]LogModuleManager: Shutting down and abandoning module WindowsServerTargetPlatform (27)
[2016.06.11-08.23.12:156][790]LogModuleManager: Shutting down and abandoning module WindowsNoEditorTargetPlatform (26)
[2016.06.11-08.23.12:156][790]LogModuleManager: Shutting down and abandoning module WindowsClientTargetPlatform (25)
[2016.06.11-08.23.12:156][790]LogModuleManager: Shutting down and abandoning module AllDesktopTargetPlatform (24)
[2016.06.11-08.23.12:156][790]LogModuleManager: Shutting down and abandoning module TargetPlatform (23)
[2016.06.11-08.23.12:156][790]LogModuleManager: Shutting down and abandoning module InputCore (22)
[2016.06.11-08.23.12:156][790]LogModuleManager: Shutting down and abandoning module Settings (21)
[2016.06.11-08.23.12:156][790]LogModuleManager: Shutting down and abandoning module OnlineSubsystem (19)
[2016.06.11-08.23.12:157][790]LogModuleManager: Shutting down and abandoning module HTTP (18)
[2016.06.11-08.23.14:158][790]LogModuleManager: Shutting down and abandoning module XMPP (17)
[2016.06.11-08.23.14:158][790]LogModuleManager: Shutting down and abandoning module OculusRift (16)
[2016.06.11-08.23.14:158][790]LogModuleManager: Shutting down and abandoning module ExampleDeviceProfileSelector (15)
[2016.06.11-08.23.14:158][790]LogModuleManager: Shutting down and abandoning module TextureCompressor (14)
[2016.06.11-08.23.14:158][790]LogModuleManager: Shutting down and abandoning module ShaderCore (13)
[2016.06.11-08.23.14:158][790]LogModuleManager: Shutting down and abandoning module Landscape (12)
[2016.06.11-08.23.14:158][790]LogModuleManager: Shutting down and abandoning module SlateRHIRenderer (11)
[2016.06.11-08.23.14:160][790]LogModuleManager: Shutting down and abandoning module OpenGLDrv (10)
[2016.06.11-08.23.14:160][790]LogModuleManager: Shutting down and abandoning module D3D11RHI (9)
[2016.06.11-08.23.14:160][790]LogModuleManager: Shutting down and abandoning module AnimGraphRuntime (8)
[2016.06.11-08.23.14:160][790]LogModuleManager: Shutting down and abandoning module Renderer (7)
[2016.06.11-08.23.14:160][790]LogModuleManager: Shutting down and abandoning module Engine (6)
[2016.06.11-08.23.14:160][790]LogModuleManager: Shutting down and abandoning module CoreUObject (5)
[2016.06.11-08.23.14:160][790]LogModuleManager: Shutting down and abandoning module NetworkFile (4)
[2016.06.11-08.23.14:160][790]LogModuleManager: Shutting down and abandoning module StreamingFile (3)
[2016.06.11-08.23.14:160][790]LogModuleManager: Shutting down and abandoning module SandboxFile (2)
[2016.06.11-08.23.14:160][790]LogModuleManager: Shutting down and abandoning module PakFile (1)
[2016.06.11-08.23.14:161][790]LogExit: Exiting.
[2016.06.11-08.23.14:164][790]Log file closed, 06/11/16 01:23:14
