[2016.07.20-01.46.27:105][  0]Log file open, 07/19/16 18:46:27
[2016.07.20-01.46.27:105][  0]LogInit:Display: Running engine for game: GaryTim
[2016.07.20-01.46.27:105][  0]LogPlatformFile: Not using cached read wrapper
[2016.07.20-01.46.27:105][  0]LogInit:Display: RandInit(-1363319302) SRandInit(-1363319301).
[2016.07.20-01.46.27:105][  0]LogTaskGraph: Started task graph with 4 named threads and 7 total threads.
[2016.07.20-01.46.27:105][  0]LogStats: Stats thread started at 0.088241
[2016.07.20-01.46.27:105][  0]LogInit: Version: 4.10.4-2872498+++depot+UE4-Releases+4.10
[2016.07.20-01.46.27:105][  0]LogInit: API Version: 2758231
[2016.07.20-01.46.27:105][  0]LogInit: Compiled (64-bit): Feb 18 2016 15:47:04
[2016.07.20-01.46.27:105][  0]LogInit: Compiled with Visual C++: 19.00.23026.00
[2016.07.20-01.46.27:105][  0]LogInit: Build Configuration: Development
[2016.07.20-01.46.27:105][  0]LogInit: Branch Name: ++depot+UE4-Releases+4.10
[2016.07.20-01.46.27:105][  0]LogInit: Command line:  /Temp/Autosaves/Game/extras/Maps/UEDPCThirdPersonExampleMap -game -PIEVIACONSOLE -ResX=1280 -ResY=720  -Multiprocess 
[2016.07.20-01.46.27:105][  0]LogInit: Base directory: C:/Program Files (x86)/Epic Games/4.10/Engine/Binaries/Win64/
[2016.07.20-01.46.27:105][  0]LogInit: Rocket: 1
[2016.07.20-01.46.27:113][  0]LogInit: Using libcurl 7.41.0
[2016.07.20-01.46.27:113][  0]LogInit:  - built for x86_64-pc-win32
[2016.07.20-01.46.27:113][  0]LogInit:  - supports SSL with WinSSL
[2016.07.20-01.46.27:113][  0]LogInit:  - other features:
[2016.07.20-01.46.27:113][  0]LogInit:      CURL_VERSION_SSL
[2016.07.20-01.46.27:113][  0]LogInit:      CURL_VERSION_IPV6
[2016.07.20-01.46.27:113][  0]LogInit:      CURL_VERSION_ASYNCHDNS
[2016.07.20-01.46.27:113][  0]LogInit:      CURL_VERSION_LARGEFILE
[2016.07.20-01.46.27:113][  0]LogInit:      CURL_VERSION_IDN
[2016.07.20-01.46.27:113][  0]LogInit:  CurlRequestOptions (configurable via config and command line):
[2016.07.20-01.46.27:113][  0]LogInit:  - bVerifyPeer = true  - Libcurl will verify peer certificate
[2016.07.20-01.46.27:113][  0]LogInit:  - bUseHttpProxy = false  - Libcurl will NOT use HTTP proxy
[2016.07.20-01.46.27:113][  0]LogInit:  - bDontReuseConnections = false  - Libcurl will reuse connections
[2016.07.20-01.46.27:113][  0]LogInit:  - CertBundlePath = nullptr  - Libcurl will use whatever was configured at build time.
[2016.07.20-01.46.27:122][  0]LogInit: Presizing for 0 objects not considered by GC, pre-allocating 0 bytes.
[2016.07.20-01.46.27:128][  0]LogInit: Object subsystem initialized
[2016.07.20-01.46.27:129][  0]LogInit: Selected Device Profile: [Windows]
[2016.07.20-01.46.27:129][  0]LogInit: Applying CVar settings loaded from the selected device profile: [Windows]
[2016.07.20-01.46.27:132][  0]LogInit: Computer: MSI
[2016.07.20-01.46.27:132][  0]LogInit: User: MasterGuy
[2016.07.20-01.46.27:132][  0]LogInit: CPU Page size=4096, Cores=4
[2016.07.20-01.46.27:132][  0]LogInit: High frequency timer resolution =2.338347 MHz
[2016.07.20-01.46.27:132][  0]LogMemory: Memory total: Physical=7.9GB (8GB approx)
[2016.07.20-01.46.27:132][  0]LogMemory: Platform Memory Stats for Windows
[2016.07.20-01.46.27:132][  0]LogMemory: Process Physical Memory: 58.29 MB used, 58.29 MB peak
[2016.07.20-01.46.27:132][  0]LogMemory: Process Virtual Memory: 57.85 MB used, 57.85 MB peak
[2016.07.20-01.46.27:132][  0]LogMemory: Physical Memory: 4935.79 MB used, 8110.90 MB total
[2016.07.20-01.46.27:132][  0]LogMemory: Virtual Memory: 384.78 MB used, 134217728.00 MB total
[2016.07.20-01.46.27:180][  0]LogTextLocalizationManager: No specific translations for ('en-US') exist, so ('en') translations will be used.
[2016.07.20-01.46.27:636][  0]LogD3D11RHI: Found D3D11 adapter 0: NVIDIA GeForce GTX 765M  (Feature Level 11_0)
[2016.07.20-01.46.27:636][  0]LogD3D11RHI: Adapter has 1991MB of dedicated video memory, 0MB of dedicated system memory, and 4055MB of shared system memory, 1 output[s]
[2016.07.20-01.46.27:642][  0]LogD3D11RHI: Found D3D11 adapter 1: Intel(R) HD Graphics 4600 (Feature Level 11_0)
[2016.07.20-01.46.27:643][  0]LogD3D11RHI: Adapter has 112MB of dedicated video memory, 0MB of dedicated system memory, and 4055MB of shared system memory, 0 output[s]
[2016.07.20-01.46.27:645][  0]LogD3D11RHI: Found D3D11 adapter 2: Microsoft Basic Render Driver (Feature Level 11_0)
[2016.07.20-01.46.27:645][  0]LogD3D11RHI: Adapter has 0MB of dedicated video memory, 0MB of dedicated system memory, and 4055MB of shared system memory, 0 output[s]
[2016.07.20-01.46.27:645][  0]LogD3D11RHI: Chosen D3D11 Adapter Id = 0
[2016.07.20-01.46.27:651][  0]LogD3D11RHI: !Direct3DDevice
[2016.07.20-01.46.27:651][  0]LogRHI: Texture pool is 1361 MB (70% of 1945 MB)
[2016.07.20-01.46.27:664][  0]LogD3D11RHI: Async texture creation enabled
[2016.07.20-01.46.27:680][  0]LogShaderCompilers: Guid format shader working directory is -14 characters bigger than the processId version (../../../../../../Users/Master Guy/Desktop/suppository/GaryTim/Intermediate/Shaders/WorkingDirectory/11672/).
[2016.07.20-01.46.27:680][  0]LogShaderCompilers: Cleaned the shader compiler working directory 'C:/Users/MASTER~1/AppData/Local/Temp/UnrealShaderWorkingDir/BF01BBFD41D306EB7D90808B2DEE1130/'.
[2016.07.20-01.46.27:680][  0]LogShaderCompilers:Display: Using Local Shader Compiler.
[2016.07.20-01.46.28:520][  0]LogTemp:Display: Loaded TP AllDesktopTargetPlatform
[2016.07.20-01.46.28:525][  0]LogTemp:Display: Loaded TP WindowsClientTargetPlatform
[2016.07.20-01.46.28:529][  0]LogTemp:Display: Loaded TP WindowsNoEditorTargetPlatform
[2016.07.20-01.46.28:534][  0]LogTemp:Display: Loaded TP WindowsServerTargetPlatform
[2016.07.20-01.46.28:538][  0]LogTemp:Display: Loaded TP WindowsTargetPlatform
[2016.07.20-01.46.28:542][  0]LogTemp:Display: Loaded TP AndroidTargetPlatform
[2016.07.20-01.46.28:545][  0]LogTemp:Display: Loaded TP Android_ASTCTargetPlatform
[2016.07.20-01.46.28:548][  0]LogTemp:Display: Loaded TP Android_ATCTargetPlatform
[2016.07.20-01.46.28:551][  0]LogTemp:Display: Loaded TP Android_DXTTargetPlatform
[2016.07.20-01.46.28:554][  0]LogTemp:Display: Loaded TP Android_ETC1TargetPlatform
[2016.07.20-01.46.28:557][  0]LogTemp:Display: Loaded TP Android_ETC2TargetPlatform
[2016.07.20-01.46.28:564][  0]LogTemp:Display: Loaded TP Android_MultiTargetPlatform
[2016.07.20-01.46.28:564][  0]LogTemp:Display: Loaded TP Android_PVRTCTargetPlatform
[2016.07.20-01.46.28:565][  0]LogTemp:Display: Loaded TP HTML5TargetPlatform
[2016.07.20-01.46.28:582][  0]LogTemp:Display: Loaded TP IOSTargetPlatform
[2016.07.20-01.46.28:585][  0]LogTemp:Display: Loaded TP LinuxNoEditorTargetPlatform
[2016.07.20-01.46.28:588][  0]LogTemp:Display: Loaded TP LinuxServerTargetPlatform
[2016.07.20-01.46.28:592][  0]LogTemp:Display: Loaded TP LinuxTargetPlatform
[2016.07.20-01.46.28:592][  0]LogTargetPlatformManager:Display: Building Assets For Windows
[2016.07.20-01.46.28:681][  0]LogDerivedDataCache:Display: Max Cache Size: 512 MB
[2016.07.20-01.46.28:729][  0]LogDerivedDataCache: Loaded boot cache 0.05s 41MB C:/Users/Master Guy/AppData/Local/UnrealEngine/4.10/DerivedDataCache/Boot.ddc.
[2016.07.20-01.46.28:729][  0]LogDerivedDataCache:Display: Loaded Boot cache: C:/Users/Master Guy/AppData/Local/UnrealEngine/4.10/DerivedDataCache/Boot.ddc
[2016.07.20-01.46.28:729][  0]LogDerivedDataCache: FDerivedDataBackendGraph:  Pak pak cache file ../../../../../../Users/Master Guy/Desktop/suppository/GaryTim/DerivedDataCache/DDC.ddp not found, will not use a pak cache.
[2016.07.20-01.46.28:729][  0]LogDerivedDataCache: Unable to find inner node Pak for hierarchical cache Hierarchy.
[2016.07.20-01.46.28:729][  0]LogDerivedDataCache: FDerivedDataBackendGraph:  CompressedPak pak cache file ../../../../../../Users/Master Guy/Desktop/suppository/GaryTim/DerivedDataCache/Compressed.ddp not found, will not use a pak cache.
[2016.07.20-01.46.28:729][  0]LogDerivedDataCache: Unable to find inner node CompressedPak for hierarchical cache Hierarchy.
[2016.07.20-01.46.28:784][  0]LogDerivedDataCache:Display: Pak cache opened for reading ../../../Engine/DerivedDataCache/Compressed.ddp.
[2016.07.20-01.46.28:796][  0]LogDerivedDataCache: Using Local data cache path C:/Users/Master Guy/AppData/Local/UnrealEngine/Common/DerivedDataCache: Writable
[2016.07.20-01.46.28:983][  0]LogInit: Selected Device Profile: [Windows]
[2016.07.20-01.46.28:986][  0]LogContentStreaming: Texture pool size is 1000.000000MB
[2016.07.20-01.46.29:089][  0]LogMeshUtilities: No automatic mesh reduction module available
[2016.07.20-01.46.29:089][  0]LogMeshUtilities: No automatic mesh merging module available
[2016.07.20-01.46.29:293][  0]LogInit: WinSock: version 1.1 (2.2), MaxSocks=32767, MaxUdp=65467
[2016.07.20-01.46.29:503][  0]LogWindowsMoviePlayer: Unable to load movie: ../../../../../../Users/Master Guy/Desktop/suppository/GaryTim/Content/Movies/Default_Startup.mp4
[2016.07.20-01.46.29:645][  0]SourceControl: Info Source control is disabled
[2016.07.20-01.46.29:645][  0]SourceControl: Info Source control is disabled
[2016.07.20-01.46.29:664][  0]SourceControl: Info Source control is disabled
[2016.07.20-01.46.29:925][  0]LogObj: 27935 objects as part of root set at end of initial load.
[2016.07.20-01.46.29:925][  0]LogUObjectAllocator: 5830072 out of 0 bytes used by permanent object pool.
[2016.07.20-01.46.29:983][  0]LogEngine: Initializing Engine...
[2016.07.20-01.46.29:989][  0]LogHMD: Can't find Oculus library dev build: is proper Runtime installed? Version: 0.8.0.0
[2016.07.20-01.46.29:989][  0]LogHMD: SteamVR failed to initialize.  Err: 110
[2016.07.20-01.46.30:100][  0]LogInit: XAudio2 using 'Speakers (Plantronics Wireless Audio)' : 2 channels at 44.1 kHz using 16 bits per sample (channel mask 0x3)
[2016.07.20-01.46.30:112][  0]LogInit: FAudioDevice initialized.
[2016.07.20-01.46.30:119][  0]LogInit: Texture streaming: Enabled
[2016.07.20-01.46.30:185][  0]LogNet: Browse: /Temp/Autosaves/Game/extras/Maps/UEDPCThirdPersonExampleMap?Name=Player
[2016.07.20-01.46.30:185][  0]LogLoad: LoadMap: /Temp/Autosaves/Game/extras/Maps/UEDPCThirdPersonExampleMap?Name=Player
[2016.07.20-01.46.30:195][  0]LogParticles: Destroying 0 GPU particle simulations for FXSystem 0x000001A9452FAC00
[2016.07.20-01.46.30:206][  0]LogMemory: Platform Memory Stats for Windows
[2016.07.20-01.46.30:206][  0]LogMemory: Process Physical Memory: 396.93 MB used, 396.93 MB peak
[2016.07.20-01.46.30:206][  0]LogMemory: Process Virtual Memory: 446.64 MB used, 446.64 MB peak
[2016.07.20-01.46.30:206][  0]LogMemory: Physical Memory: 5232.77 MB used, 8110.90 MB total
[2016.07.20-01.46.30:206][  0]LogMemory: Virtual Memory: 998.85 MB used, 134217728.00 MB total
[2016.07.20-01.46.30:206][  0]LogMemory: 
[2016.07.20-01.46.30:206][  0]Allocator Stats for TBB: (not implemented)
[2016.07.20-01.46.31:271][  0]LogAIModule: Creating AISystem for world ThirdPersonExampleMap
[2016.07.20-01.46.31:272][  0]LogWorld: Game class is 'ThirdPersonGameMode_C'
[2016.07.20-01.46.31:284][  0]LogWorld: Bringing World /Temp/Autosaves/Game/extras/Maps/UEDPCThirdPersonExampleMap.ThirdPersonExampleMap up for play (max tick rate 0) at 2016.07.19-18.46.31
[2016.07.20-01.46.31:285][  0]LogWorld: Bringing up level for play took: 0.012346
[2016.07.20-01.46.31:289][  0]LogInit:Display: Game Engine Initialized.
[2016.07.20-01.46.31:512][  0]LogLoad: Full Startup: 4.75 seconds (BP compile: 0.34 seconds)
[2016.07.20-01.46.31:532][  0]LogOcInput: Can't find Oculus library dev build: is proper Runtime installed? Version: 0.8.0.0
[2016.07.20-01.46.31:598][  0]LogRenderer: Reallocating scene render targets to support 128x128 (Frame:1).
[2016.07.20-01.46.31:731][  1]LogRenderer: Reallocating scene render targets to support 1280x720 (Frame:2).
[2016.07.20-01.46.31:734][  1]LogScript:Warning: Accessed None 'K2Node_DynamicCast_AsAI2'
	BTS_behaviorSelector_C /Temp/Autosaves/Game/extras/Maps/UEDPCThirdPersonExampleMap.ThirdPersonExampleMap:PersistentLevel.AI2controller_C_0.BTComponent.BTS_behaviorSelector_C_1
	Function /Game/AI/BTS_S/BTS_behaviorSelector.BTS_behaviorSelector_C:ExecuteUbergraph_BTS_behaviorSelector:0031
[2016.07.20-01.46.31:734][  1]LogScript:Warning: Accessed None 'K2Node_DynamicCast_AsAI2'
	BTS_behaviorSelector_C /Temp/Autosaves/Game/extras/Maps/UEDPCThirdPersonExampleMap.ThirdPersonExampleMap:PersistentLevel.AI2controller_C_1.BTComponent.BTS_behaviorSelector_C_2
	Function /Game/AI/BTS_S/BTS_behaviorSelector.BTS_behaviorSelector_C:ExecuteUbergraph_BTS_behaviorSelector:0031
[2016.07.20-01.46.31:857][  3]LogScript:Warning: Attempted to get an item from array CallFunc_GetOverlappingActors_OverlappingActors out of bounds [0/0]!
[2016.07.20-01.46.31:857][  3]LogScript:Warning: Attempted to get an item from array CallFunc_GetOverlappingActors_OverlappingActors out of bounds [0/0]!
[2016.07.20-01.46.32:170][ 22]LogScript:Warning: Attempted to get an item from array CallFunc_GetOverlappingActors_OverlappingActors out of bounds [0/0]!
[2016.07.20-01.46.32:170][ 22]LogScript:Warning: Attempted to get an item from array CallFunc_GetOverlappingActors_OverlappingActors out of bounds [0/0]!
[2016.07.20-01.46.32:476][ 41]LogScript:Warning: Attempted to get an item from array CallFunc_GetOverlappingActors_OverlappingActors out of bounds [0/0]!
[2016.07.20-01.46.32:476][ 41]LogScript:Warning: Attempted to get an item from array CallFunc_GetOverlappingActors_OverlappingActors out of bounds [0/0]!
[2016.07.20-01.46.32:782][ 60]LogScript:Warning: Attempted to get an item from array CallFunc_GetOverlappingActors_OverlappingActors out of bounds [0/0]!
[2016.07.20-01.46.32:782][ 60]LogScript:Warning: Attempted to get an item from array CallFunc_GetOverlappingActors_OverlappingActors out of bounds [0/0]!
[2016.07.20-01.46.33:025][ 75]LogBlueprintUserMessages: [patrolPoints_C_1] movingto
[2016.07.20-01.46.33:089][ 79]LogScript:Warning: Attempted to get an item from array CallFunc_GetOverlappingActors_OverlappingActors out of bounds [0/0]!
[2016.07.20-01.46.33:089][ 79]LogScript:Warning: Attempted to get an item from array CallFunc_GetOverlappingActors_OverlappingActors out of bounds [0/0]!
[2016.07.20-01.46.33:396][ 98]LogScript:Warning: Attempted to get an item from array CallFunc_GetOverlappingActors_OverlappingActors out of bounds [0/0]!
[2016.07.20-01.46.33:396][ 98]LogScript:Warning: Attempted to get an item from array CallFunc_GetOverlappingActors_OverlappingActors out of bounds [0/0]!
[2016.07.20-01.46.33:670][115]LogBlueprintUserMessages: [patrolPoints_C_1] finished
[2016.07.20-01.46.33:702][117]LogScript:Warning: Attempted to get an item from array CallFunc_GetOverlappingActors_OverlappingActors out of bounds [0/0]!
[2016.07.20-01.46.33:702][117]LogScript:Warning: Attempted to get an item from array CallFunc_GetOverlappingActors_OverlappingActors out of bounds [0/0]!
[2016.07.20-01.46.34:008][136]LogScript:Warning: Attempted to get an item from array CallFunc_GetOverlappingActors_OverlappingActors out of bounds [0/0]!
[2016.07.20-01.46.34:008][136]LogScript:Warning: Attempted to get an item from array CallFunc_GetOverlappingActors_OverlappingActors out of bounds [0/0]!
[2016.07.20-01.46.34:317][155]LogScript:Warning: Attempted to get an item from array CallFunc_GetOverlappingActors_OverlappingActors out of bounds [0/0]!
[2016.07.20-01.46.34:317][155]LogScript:Warning: Attempted to get an item from array CallFunc_GetOverlappingActors_OverlappingActors out of bounds [0/0]!
[2016.07.20-01.46.34:621][174]LogScript:Warning: Attempted to get an item from array CallFunc_GetOverlappingActors_OverlappingActors out of bounds [0/0]!
[2016.07.20-01.46.34:621][174]LogScript:Warning: Attempted to get an item from array CallFunc_GetOverlappingActors_OverlappingActors out of bounds [0/0]!
[2016.07.20-01.46.34:670][177]LogBlueprintUserMessages: [patrolPoints_C_1] finished
[2016.07.20-01.46.34:928][193]LogScript:Warning: Attempted to get an item from array CallFunc_GetOverlappingActors_OverlappingActors out of bounds [0/0]!
[2016.07.20-01.46.34:928][193]LogScript:Warning: Attempted to get an item from array CallFunc_GetOverlappingActors_OverlappingActors out of bounds [0/0]!
[2016.07.20-01.46.35:234][212]LogScript:Warning: Attempted to get an item from array CallFunc_GetOverlappingActors_OverlappingActors out of bounds [0/0]!
[2016.07.20-01.46.35:234][212]LogScript:Warning: Attempted to get an item from array CallFunc_GetOverlappingActors_OverlappingActors out of bounds [0/0]!
[2016.07.20-01.46.35:541][231]LogScript:Warning: Attempted to get an item from array CallFunc_GetOverlappingActors_OverlappingActors out of bounds [0/0]!
[2016.07.20-01.46.35:541][231]LogScript:Warning: Attempted to get an item from array CallFunc_GetOverlappingActors_OverlappingActors out of bounds [0/0]!
[2016.07.20-01.46.35:670][239]LogBlueprintUserMessages: [patrolPoints_C_1] finished
[2016.07.20-01.46.35:848][250]LogScript:Warning: Attempted to get an item from array CallFunc_GetOverlappingActors_OverlappingActors out of bounds [0/0]!
[2016.07.20-01.46.35:848][250]LogScript:Warning: Attempted to get an item from array CallFunc_GetOverlappingActors_OverlappingActors out of bounds [0/0]!
[2016.07.20-01.46.36:153][269]LogScript:Warning: Attempted to get an item from array CallFunc_GetOverlappingActors_OverlappingActors out of bounds [0/0]!
[2016.07.20-01.46.36:153][269]LogScript:Warning: Attempted to get an item from array CallFunc_GetOverlappingActors_OverlappingActors out of bounds [0/0]!
[2016.07.20-01.46.36:460][288]LogScript:Warning: Attempted to get an item from array CallFunc_GetOverlappingActors_OverlappingActors out of bounds [0/0]!
[2016.07.20-01.46.36:460][288]LogScript:Warning: Attempted to get an item from array CallFunc_GetOverlappingActors_OverlappingActors out of bounds [0/0]!
[2016.07.20-01.46.36:670][301]LogBlueprintUserMessages: [patrolPoints_C_1] finished
[2016.07.20-01.46.36:766][307]LogScript:Warning: Attempted to get an item from array CallFunc_GetOverlappingActors_OverlappingActors out of bounds [0/0]!
[2016.07.20-01.46.36:767][307]LogScript:Warning: Attempted to get an item from array CallFunc_GetOverlappingActors_OverlappingActors out of bounds [0/0]!
[2016.07.20-01.46.37:073][326]LogScript:Warning: Attempted to get an item from array CallFunc_GetOverlappingActors_OverlappingActors out of bounds [0/0]!
[2016.07.20-01.46.37:073][326]LogScript:Warning: Attempted to get an item from array CallFunc_GetOverlappingActors_OverlappingActors out of bounds [0/0]!
[2016.07.20-01.46.37:381][345]LogScript:Warning: Attempted to get an item from array CallFunc_GetOverlappingActors_OverlappingActors out of bounds [0/0]!
[2016.07.20-01.46.37:381][345]LogScript:Warning: Attempted to get an item from array CallFunc_GetOverlappingActors_OverlappingActors out of bounds [0/0]!
[2016.07.20-01.46.37:670][363]LogBlueprintUserMessages: [patrolPoints_C_1] finished
[2016.07.20-01.46.37:686][364]LogScript:Warning: Attempted to get an item from array CallFunc_GetOverlappingActors_OverlappingActors out of bounds [0/0]!
[2016.07.20-01.46.37:686][364]LogScript:Warning: Attempted to get an item from array CallFunc_GetOverlappingActors_OverlappingActors out of bounds [0/0]!
[2016.07.20-01.46.37:992][383]LogScript:Warning: Attempted to get an item from array CallFunc_GetOverlappingActors_OverlappingActors out of bounds [0/0]!
[2016.07.20-01.46.37:993][383]LogScript:Warning: Attempted to get an item from array CallFunc_GetOverlappingActors_OverlappingActors out of bounds [0/0]!
[2016.07.20-01.46.38:155][393]LogBlueprintUserMessages: [patrolPoints_C_1] movingto
[2016.07.20-01.46.38:300][402]LogScript:Warning: Attempted to get an item from array CallFunc_GetOverlappingActors_OverlappingActors out of bounds [0/0]!
[2016.07.20-01.46.38:300][402]LogScript:Warning: Attempted to get an item from array CallFunc_GetOverlappingActors_OverlappingActors out of bounds [0/0]!
[2016.07.20-01.46.38:605][421]LogScript:Warning: Attempted to get an item from array CallFunc_GetOverlappingActors_OverlappingActors out of bounds [0/0]!
[2016.07.20-01.46.38:605][421]LogScript:Warning: Attempted to get an item from array CallFunc_GetOverlappingActors_OverlappingActors out of bounds [0/0]!
[2016.07.20-01.46.38:913][440]LogScript:Warning: Attempted to get an item from array CallFunc_GetOverlappingActors_OverlappingActors out of bounds [0/0]!
[2016.07.20-01.46.38:913][440]LogScript:Warning: Attempted to get an item from array CallFunc_GetOverlappingActors_OverlappingActors out of bounds [0/0]!
[2016.07.20-01.46.39:218][459]LogScript:Warning: Attempted to get an item from array CallFunc_GetOverlappingActors_OverlappingActors out of bounds [0/0]!
[2016.07.20-01.46.39:219][459]LogScript:Warning: Attempted to get an item from array CallFunc_GetOverlappingActors_OverlappingActors out of bounds [0/0]!
[2016.07.20-01.46.39:525][478]LogScript:Warning: Attempted to get an item from array CallFunc_GetOverlappingActors_OverlappingActors out of bounds [0/0]!
[2016.07.20-01.46.39:525][478]LogScript:Warning: Attempted to get an item from array CallFunc_GetOverlappingActors_OverlappingActors out of bounds [0/0]!
[2016.07.20-01.46.39:735][491]LogBlueprintUserMessages: [BTS_behaviorSelector_C_2] i see him
[2016.07.20-01.46.39:735][491]LogBlueprintUserMessages: [BTS_behaviorSelector_C_1] i see him
[2016.07.20-01.46.39:832][497]LogScript:Warning: Attempted to get an item from array CallFunc_GetOverlappingActors_OverlappingActors out of bounds [0/0]!
[2016.07.20-01.46.39:832][497]LogScript:Warning: Attempted to get an item from array CallFunc_GetOverlappingActors_OverlappingActors out of bounds [0/0]!
[2016.07.20-01.46.39:832][497]LogBlueprintUserMessages: [patrolPoints_C_1] finished
[2016.07.20-01.46.40:138][516]LogScript:Warning: Attempted to get an item from array CallFunc_GetOverlappingActors_OverlappingActors out of bounds [0/0]!
[2016.07.20-01.46.40:138][516]LogScript:Warning: Attempted to get an item from array CallFunc_GetOverlappingActors_OverlappingActors out of bounds [0/0]!
[2016.07.20-01.46.40:236][522]LogBlueprintUserMessages: [BTS_behaviorSelector_C_1] i see him
[2016.07.20-01.46.40:445][535]LogScript:Warning: Attempted to get an item from array CallFunc_GetOverlappingActors_OverlappingActors out of bounds [0/0]!
[2016.07.20-01.46.40:445][535]LogScript:Warning: Attempted to get an item from array CallFunc_GetOverlappingActors_OverlappingActors out of bounds [0/0]!
[2016.07.20-01.46.40:735][553]LogBlueprintUserMessages: [BTS_behaviorSelector_C_1] i see him
[2016.07.20-01.46.40:750][554]LogScript:Warning: Attempted to get an item from array CallFunc_GetOverlappingActors_OverlappingActors out of bounds [0/0]!
[2016.07.20-01.46.40:750][554]LogScript:Warning: Attempted to get an item from array CallFunc_GetOverlappingActors_OverlappingActors out of bounds [0/0]!
[2016.07.20-01.46.40:800][557]LogBlueprintUserMessages: [arrow_C_0] AI2
[2016.07.20-01.46.40:800][557]LogBlueprintUserMessages: [arrow_C_0] AI2
[2016.07.20-01.46.40:801][557]LogBlueprintUserMessages: [arrow_C_1] AI3
[2016.07.20-01.46.40:801][557]LogBlueprintUserMessages: [arrow_C_1] AI3
[2016.07.20-01.46.40:801][557]LogBlueprintUserMessages: [arrow_C_0] AI3
[2016.07.20-01.46.40:802][557]LogBlueprintUserMessages: [arrow_C_1] AI3
[2016.07.20-01.46.41:058][573]LogScript:Warning: Attempted to get an item from array CallFunc_GetOverlappingActors_OverlappingActors out of bounds [0/0]!
[2016.07.20-01.46.41:058][573]LogBlueprintUserMessages: [AI2_C_1] lost sight
[2016.07.20-01.46.41:058][573]LogScript:Warning: Attempted to get an item from array CallFunc_GetOverlappingActors_OverlappingActors out of bounds [0/0]!
[2016.07.20-01.46.41:236][584]LogBlueprintUserMessages: [BTS_behaviorSelector_C_1] i see him
[2016.07.20-01.46.41:236][584]LogBlueprintUserMessages: [BTS_behaviorSelector_C_2] i see him
[2016.07.20-01.46.41:366][592]LogScript:Warning: Attempted to get an item from array CallFunc_GetOverlappingActors_OverlappingActors out of bounds [0/0]!
[2016.07.20-01.46.41:366][592]LogScript:Warning: Attempted to get an item from array CallFunc_GetOverlappingActors_OverlappingActors out of bounds [0/0]!
[2016.07.20-01.46.41:671][611]LogScript:Warning: Attempted to get an item from array CallFunc_GetOverlappingActors_OverlappingActors out of bounds [0/0]!
[2016.07.20-01.46.41:671][611]LogScript:Warning: Attempted to get an item from array CallFunc_GetOverlappingActors_OverlappingActors out of bounds [0/0]!
[2016.07.20-01.46.41:801][619]LogBlueprintUserMessages: [arrow_C_2] AI2
[2016.07.20-01.46.41:801][619]LogBlueprintUserMessages: [arrow_C_2] AI2
[2016.07.20-01.46.41:801][619]LogBlueprintUserMessages: [arrow_C_3] AI3
[2016.07.20-01.46.41:801][619]LogBlueprintUserMessages: [arrow_C_3] AI3
[2016.07.20-01.46.41:802][619]LogBlueprintUserMessages: [arrow_C_3] CubeMesh5
[2016.07.20-01.46.41:977][630]LogScript:Warning: Attempted to get an item from array CallFunc_GetOverlappingActors_OverlappingActors out of bounds [0/0]!
[2016.07.20-01.46.41:977][630]LogScript:Warning: Attempted to get an item from array CallFunc_GetOverlappingActors_OverlappingActors out of bounds [0/0]!
[2016.07.20-01.46.42:284][649]LogScript:Warning: Attempted to get an item from array CallFunc_GetOverlappingActors_OverlappingActors out of bounds [0/0]!
[2016.07.20-01.46.42:284][649]LogScript:Warning: Attempted to get an item from array CallFunc_GetOverlappingActors_OverlappingActors out of bounds [0/0]!
[2016.07.20-01.46.42:590][668]LogBlueprintUserMessages: [AI2_C_0] lost sight
[2016.07.20-01.46.42:590][668]LogScript:Warning: Attempted to get an item from array CallFunc_GetOverlappingActors_OverlappingActors out of bounds [0/0]!
[2016.07.20-01.46.42:590][668]LogBlueprintUserMessages: [AI2_C_1] lost sight
[2016.07.20-01.46.42:590][668]LogScript:Warning: Attempted to get an item from array CallFunc_GetOverlappingActors_OverlappingActors out of bounds [0/0]!
[2016.07.20-01.46.42:927][687]LogScript:Warning: Attempted to get an item from array CallFunc_GetOverlappingActors_OverlappingActors out of bounds [0/0]!
[2016.07.20-01.46.42:927][687]LogScript:Warning: Attempted to get an item from array CallFunc_GetOverlappingActors_OverlappingActors out of bounds [0/0]!
[2016.07.20-01.46.43:204][705]LogScript:Warning: Attempted to get an item from array CallFunc_GetOverlappingActors_OverlappingActors out of bounds [0/0]!
[2016.07.20-01.46.43:204][705]LogScript:Warning: Attempted to get an item from array CallFunc_GetOverlappingActors_OverlappingActors out of bounds [0/0]!
[2016.07.20-01.46.43:511][724]LogScript:Warning: Attempted to get an item from array CallFunc_GetOverlappingActors_OverlappingActors out of bounds [0/0]!
[2016.07.20-01.46.43:511][724]LogScript:Warning: Attempted to get an item from array CallFunc_GetOverlappingActors_OverlappingActors out of bounds [0/0]!
[2016.07.20-01.46.43:817][743]LogScript:Warning: Attempted to get an item from array CallFunc_GetOverlappingActors_OverlappingActors out of bounds [0/0]!
[2016.07.20-01.46.43:817][743]LogScript:Warning: Attempted to get an item from array CallFunc_GetOverlappingActors_OverlappingActors out of bounds [0/0]!
[2016.07.20-01.46.44:123][762]LogScript:Warning: Attempted to get an item from array CallFunc_GetOverlappingActors_OverlappingActors out of bounds [0/0]!
[2016.07.20-01.46.44:123][762]LogScript:Warning: Attempted to get an item from array CallFunc_GetOverlappingActors_OverlappingActors out of bounds [0/0]!
[2016.07.20-01.46.44:431][781]LogScript:Warning: Attempted to get an item from array CallFunc_GetOverlappingActors_OverlappingActors out of bounds [0/0]!
[2016.07.20-01.46.44:431][781]LogScript:Warning: Attempted to get an item from array CallFunc_GetOverlappingActors_OverlappingActors out of bounds [0/0]!
[2016.07.20-01.46.44:736][800]LogScript:Warning: Attempted to get an item from array CallFunc_GetOverlappingActors_OverlappingActors out of bounds [0/0]!
[2016.07.20-01.46.44:736][800]LogScript:Warning: Attempted to get an item from array CallFunc_GetOverlappingActors_OverlappingActors out of bounds [0/0]!
[2016.07.20-01.46.45:042][819]LogScript:Warning: Attempted to get an item from array CallFunc_GetOverlappingActors_OverlappingActors out of bounds [0/0]!
[2016.07.20-01.46.45:042][819]LogScript:Warning: Attempted to get an item from array CallFunc_GetOverlappingActors_OverlappingActors out of bounds [0/0]!
[2016.07.20-01.46.45:349][838]LogScript:Warning: Attempted to get an item from array CallFunc_GetOverlappingActors_OverlappingActors out of bounds [0/0]!
[2016.07.20-01.46.45:349][838]LogScript:Warning: Attempted to get an item from array CallFunc_GetOverlappingActors_OverlappingActors out of bounds [0/0]!
[2016.07.20-01.46.45:655][857]LogScript:Warning: Attempted to get an item from array CallFunc_GetOverlappingActors_OverlappingActors out of bounds [0/0]!
[2016.07.20-01.46.45:656][857]LogScript:Warning: Attempted to get an item from array CallFunc_GetOverlappingActors_OverlappingActors out of bounds [0/0]!
[2016.07.20-01.46.45:962][876]LogScript:Warning: Attempted to get an item from array CallFunc_GetOverlappingActors_OverlappingActors out of bounds [0/0]!
[2016.07.20-01.46.45:962][876]LogScript:Warning: Attempted to get an item from array CallFunc_GetOverlappingActors_OverlappingActors out of bounds [0/0]!
[2016.07.20-01.46.46:269][895]LogScript:Warning: Attempted to get an item from array CallFunc_GetOverlappingActors_OverlappingActors out of bounds [0/0]!
[2016.07.20-01.46.46:269][895]LogScript:Warning: Attempted to get an item from array CallFunc_GetOverlappingActors_OverlappingActors out of bounds [0/0]!
[2016.07.20-01.46.46:575][914]LogScript:Warning: Attempted to get an item from array CallFunc_GetOverlappingActors_OverlappingActors out of bounds [0/0]!
[2016.07.20-01.46.46:575][914]LogScript:Warning: Attempted to get an item from array CallFunc_GetOverlappingActors_OverlappingActors out of bounds [0/0]!
[2016.07.20-01.46.46:881][933]LogScript:Warning: Attempted to get an item from array CallFunc_GetOverlappingActors_OverlappingActors out of bounds [0/0]!
[2016.07.20-01.46.46:881][933]LogScript:Warning: Attempted to get an item from array CallFunc_GetOverlappingActors_OverlappingActors out of bounds [0/0]!
[2016.07.20-01.46.47:188][952]LogScript:Warning: Attempted to get an item from array CallFunc_GetOverlappingActors_OverlappingActors out of bounds [0/0]!
[2016.07.20-01.46.47:188][952]LogScript:Warning: Attempted to get an item from array CallFunc_GetOverlappingActors_OverlappingActors out of bounds [0/0]!
[2016.07.20-01.46.47:495][971]LogScript:Warning: Attempted to get an item from array CallFunc_GetOverlappingActors_OverlappingActors out of bounds [0/0]!
[2016.07.20-01.46.47:495][971]LogScript:Warning: Attempted to get an item from array CallFunc_GetOverlappingActors_OverlappingActors out of bounds [0/0]!
[2016.07.20-01.46.47:800][990]LogScript:Warning: Attempted to get an item from array CallFunc_GetOverlappingActors_OverlappingActors out of bounds [0/0]!
[2016.07.20-01.46.47:801][990]LogScript:Warning: Attempted to get an item from array CallFunc_GetOverlappingActors_OverlappingActors out of bounds [0/0]!
[2016.07.20-01.46.48:107][  9]LogScript:Warning: Attempted to get an item from array CallFunc_GetOverlappingActors_OverlappingActors out of bounds [0/0]!
[2016.07.20-01.46.48:107][  9]LogScript:Warning: Attempted to get an item from array CallFunc_GetOverlappingActors_OverlappingActors out of bounds [0/0]!
[2016.07.20-01.46.48:414][ 28]LogScript:Warning: Attempted to get an item from array CallFunc_GetOverlappingActors_OverlappingActors out of bounds [0/0]!
[2016.07.20-01.46.48:414][ 28]LogScript:Warning: Attempted to get an item from array CallFunc_GetOverlappingActors_OverlappingActors out of bounds [0/0]!
[2016.07.20-01.46.48:720][ 47]LogScript:Warning: Attempted to get an item from array CallFunc_GetOverlappingActors_OverlappingActors out of bounds [0/0]!
[2016.07.20-01.46.48:720][ 47]LogScript:Warning: Attempted to get an item from array CallFunc_GetOverlappingActors_OverlappingActors out of bounds [0/0]!
[2016.07.20-01.46.49:028][ 65]LogScript:Warning: Attempted to get an item from array CallFunc_GetOverlappingActors_OverlappingActors out of bounds [0/0]!
[2016.07.20-01.46.49:029][ 65]LogScript:Warning: Attempted to get an item from array CallFunc_GetOverlappingActors_OverlappingActors out of bounds [0/0]!
[2016.07.20-01.46.49:335][ 84]LogScript:Warning: Attempted to get an item from array CallFunc_GetOverlappingActors_OverlappingActors out of bounds [0/0]!
[2016.07.20-01.46.49:335][ 84]LogScript:Warning: Attempted to get an item from array CallFunc_GetOverlappingActors_OverlappingActors out of bounds [0/0]!
[2016.07.20-01.46.49:641][103]LogScript:Warning: Attempted to get an item from array CallFunc_GetOverlappingActors_OverlappingActors out of bounds [0/0]!
[2016.07.20-01.46.49:641][103]LogScript:Warning: Attempted to get an item from array CallFunc_GetOverlappingActors_OverlappingActors out of bounds [0/0]!
[2016.07.20-01.46.49:948][122]LogScript:Warning: Attempted to get an item from array CallFunc_GetOverlappingActors_OverlappingActors out of bounds [0/0]!
[2016.07.20-01.46.49:948][122]LogScript:Warning: Attempted to get an item from array CallFunc_GetOverlappingActors_OverlappingActors out of bounds [0/0]!
[2016.07.20-01.46.50:254][141]LogScript:Warning: Attempted to get an item from array CallFunc_GetOverlappingActors_OverlappingActors out of bounds [0/0]!
[2016.07.20-01.46.50:254][141]LogScript:Warning: Attempted to get an item from array CallFunc_GetOverlappingActors_OverlappingActors out of bounds [0/0]!
[2016.07.20-01.46.50:562][160]LogScript:Warning: Attempted to get an item from array CallFunc_GetOverlappingActors_OverlappingActors out of bounds [0/0]!
[2016.07.20-01.46.50:562][160]LogScript:Warning: Attempted to get an item from array CallFunc_GetOverlappingActors_OverlappingActors out of bounds [0/0]!
[2016.07.20-01.46.50:867][179]LogScript:Warning: Attempted to get an item from array CallFunc_GetOverlappingActors_OverlappingActors out of bounds [0/0]!
[2016.07.20-01.46.50:867][179]LogScript:Warning: Attempted to get an item from array CallFunc_GetOverlappingActors_OverlappingActors out of bounds [0/0]!
[2016.07.20-01.46.51:174][198]LogScript:Warning: Attempted to get an item from array CallFunc_GetOverlappingActors_OverlappingActors out of bounds [0/0]!
[2016.07.20-01.46.51:174][198]LogScript:Warning: Attempted to get an item from array CallFunc_GetOverlappingActors_OverlappingActors out of bounds [0/0]!
[2016.07.20-01.46.51:481][217]LogScript:Warning: Attempted to get an item from array CallFunc_GetOverlappingActors_OverlappingActors out of bounds [0/0]!
[2016.07.20-01.46.51:481][217]LogScript:Warning: Attempted to get an item from array CallFunc_GetOverlappingActors_OverlappingActors out of bounds [0/0]!
[2016.07.20-01.46.51:787][236]LogScript:Warning: Attempted to get an item from array CallFunc_GetOverlappingActors_OverlappingActors out of bounds [0/0]!
[2016.07.20-01.46.51:787][236]LogScript:Warning: Attempted to get an item from array CallFunc_GetOverlappingActors_OverlappingActors out of bounds [0/0]!
[2016.07.20-01.46.52:094][255]LogScript:Warning: Attempted to get an item from array CallFunc_GetOverlappingActors_OverlappingActors out of bounds [0/0]!
[2016.07.20-01.46.52:094][255]LogScript:Warning: Attempted to get an item from array CallFunc_GetOverlappingActors_OverlappingActors out of bounds [0/0]!
[2016.07.20-01.46.52:400][274]LogScript:Warning: Attempted to get an item from array CallFunc_GetOverlappingActors_OverlappingActors out of bounds [0/0]!
[2016.07.20-01.46.52:400][274]LogScript:Warning: Attempted to get an item from array CallFunc_GetOverlappingActors_OverlappingActors out of bounds [0/0]!
[2016.07.20-01.46.52:706][293]LogScript:Warning: Attempted to get an item from array CallFunc_GetOverlappingActors_OverlappingActors out of bounds [0/0]!
[2016.07.20-01.46.52:706][293]LogScript:Warning: Attempted to get an item from array CallFunc_GetOverlappingActors_OverlappingActors out of bounds [0/0]!
[2016.07.20-01.46.53:014][312]LogScript:Warning: Attempted to get an item from array CallFunc_GetOverlappingActors_OverlappingActors out of bounds [0/0]!
[2016.07.20-01.46.53:014][312]LogScript:Warning: Attempted to get an item from array CallFunc_GetOverlappingActors_OverlappingActors out of bounds [0/0]!
[2016.07.20-01.46.53:319][331]LogScript:Warning: Attempted to get an item from array CallFunc_GetOverlappingActors_OverlappingActors out of bounds [0/0]!
[2016.07.20-01.46.53:319][331]LogScript:Warning: Attempted to get an item from array CallFunc_GetOverlappingActors_OverlappingActors out of bounds [0/0]!
[2016.07.20-01.46.53:625][350]LogScript:Warning: Attempted to get an item from array CallFunc_GetOverlappingActors_OverlappingActors out of bounds [0/0]!
[2016.07.20-01.46.53:625][350]LogScript:Warning: Attempted to get an item from array CallFunc_GetOverlappingActors_OverlappingActors out of bounds [0/0]!
[2016.07.20-01.46.53:932][369]LogScript:Warning: Attempted to get an item from array CallFunc_GetOverlappingActors_OverlappingActors out of bounds [0/0]!
[2016.07.20-01.46.53:932][369]LogScript:Warning: Attempted to get an item from array CallFunc_GetOverlappingActors_OverlappingActors out of bounds [0/0]!
[2016.07.20-01.46.54:238][388]LogScript:Warning: Attempted to get an item from array CallFunc_GetOverlappingActors_OverlappingActors out of bounds [0/0]!
[2016.07.20-01.46.54:238][388]LogScript:Warning: Attempted to get an item from array CallFunc_GetOverlappingActors_OverlappingActors out of bounds [0/0]!
[2016.07.20-01.46.54:545][407]LogScript:Warning: Attempted to get an item from array CallFunc_GetOverlappingActors_OverlappingActors out of bounds [0/0]!
[2016.07.20-01.46.54:545][407]LogScript:Warning: Attempted to get an item from array CallFunc_GetOverlappingActors_OverlappingActors out of bounds [0/0]!
[2016.07.20-01.46.54:851][426]LogScript:Warning: Attempted to get an item from array CallFunc_GetOverlappingActors_OverlappingActors out of bounds [0/0]!
[2016.07.20-01.46.54:851][426]LogScript:Warning: Attempted to get an item from array CallFunc_GetOverlappingActors_OverlappingActors out of bounds [0/0]!
[2016.07.20-01.46.55:161][444]LogScript:Warning: Attempted to get an item from array CallFunc_GetOverlappingActors_OverlappingActors out of bounds [0/0]!
[2016.07.20-01.46.55:161][444]LogScript:Warning: Attempted to get an item from array CallFunc_GetOverlappingActors_OverlappingActors out of bounds [0/0]!
[2016.07.20-01.46.55:467][463]LogScript:Warning: Attempted to get an item from array CallFunc_GetOverlappingActors_OverlappingActors out of bounds [0/0]!
[2016.07.20-01.46.55:467][463]LogScript:Warning: Attempted to get an item from array CallFunc_GetOverlappingActors_OverlappingActors out of bounds [0/0]!
[2016.07.20-01.46.55:773][482]LogScript:Warning: Attempted to get an item from array CallFunc_GetOverlappingActors_OverlappingActors out of bounds [0/0]!
[2016.07.20-01.46.55:773][482]LogScript:Warning: Attempted to get an item from array CallFunc_GetOverlappingActors_OverlappingActors out of bounds [0/0]!
[2016.07.20-01.46.56:081][501]LogScript:Warning: Attempted to get an item from array CallFunc_GetOverlappingActors_OverlappingActors out of bounds [0/0]!
[2016.07.20-01.46.56:081][501]LogScript:Warning: Attempted to get an item from array CallFunc_GetOverlappingActors_OverlappingActors out of bounds [0/0]!
[2016.07.20-01.46.56:386][520]LogScript:Warning: Attempted to get an item from array CallFunc_GetOverlappingActors_OverlappingActors out of bounds [0/0]!
[2016.07.20-01.46.56:386][520]LogScript:Warning: Attempted to get an item from array CallFunc_GetOverlappingActors_OverlappingActors out of bounds [0/0]!
[2016.07.20-01.46.56:693][539]LogScript:Warning: Attempted to get an item from array CallFunc_GetOverlappingActors_OverlappingActors out of bounds [0/0]!
[2016.07.20-01.46.56:693][539]LogScript:Warning: Attempted to get an item from array CallFunc_GetOverlappingActors_OverlappingActors out of bounds [0/0]!
[2016.07.20-01.46.56:999][558]LogScript:Warning: Attempted to get an item from array CallFunc_GetOverlappingActors_OverlappingActors out of bounds [0/0]!
[2016.07.20-01.46.56:999][558]LogScript:Warning: Attempted to get an item from array CallFunc_GetOverlappingActors_OverlappingActors out of bounds [0/0]!
[2016.07.20-01.46.57:307][577]LogScript:Warning: Attempted to get an item from array CallFunc_GetOverlappingActors_OverlappingActors out of bounds [0/0]!
[2016.07.20-01.46.57:307][577]LogScript:Warning: Attempted to get an item from array CallFunc_GetOverlappingActors_OverlappingActors out of bounds [0/0]!
[2016.07.20-01.46.57:693][593]LogWindowsTextInputMethodSystem:Display: IME system now deactivated.
[2016.07.20-01.46.57:696][593]LogEngine: All Windows Closed
[2016.07.20-01.46.57:696][593]LogWindows: FPlatformMisc::RequestExit(0)
[2016.07.20-01.46.58:003][594]LogExit: Preparing to exit.
[2016.07.20-01.46.58:158][594]LogExit: Game engine shut down
[2016.07.20-01.46.58:159][594]LogParticles: Destroying 0 GPU particle simulations for FXSystem 0x000001A94D9C0FE0
[2016.07.20-01.46.58:323][594]LogExit: Object subsystem successfully closed.
[2016.07.20-01.46.58:339][594]LogD3D11RHI: Shutdown
[2016.07.20-01.46.58:339][594]LogD3D11RHI: CleanupD3DDevice
[2016.07.20-01.46.58:398][594]LogD3D11RHI: ~FD3D11DynamicRHI
[2016.07.20-01.46.58:413][594]LogModuleManager: Shutting down and abandoning module AndroidDeviceDetection (117)
[2016.07.20-01.46.58:535][594]LogModuleManager: Shutting down and abandoning module AutomationController (116)
[2016.07.20-01.46.58:535][594]LogModuleManager: Shutting down and abandoning module AutomationWorker (115)
[2016.07.20-01.46.58:535][594]LogModuleManager: Shutting down and abandoning module CharacterAI (114)
[2016.07.20-01.46.58:535][594]LogModuleManager: Shutting down and abandoning module AITestSuite (113)
[2016.07.20-01.46.58:535][594]LogModuleManager: Shutting down and abandoning module GameplayDebugger (112)
[2016.07.20-01.46.58:535][594]LogModuleManager: Shutting down and abandoning module AIModule (111)
[2016.07.20-01.46.58:535][594]LogModuleManager: Shutting down and abandoning module MovieSceneCapture (110)
[2016.07.20-01.46.58:535][594]LogModuleManager: Shutting down and abandoning module GameLiveStreaming (109)
[2016.07.20-01.46.58:535][594]LogModuleManager: Shutting down and abandoning module StreamingPauseRendering (108)
[2016.07.20-01.46.58:535][594]LogModuleManager: Shutting down and abandoning module ProfilerService (107)
[2016.07.20-01.46.58:719][594]LogModuleManager: Shutting down and abandoning module TaskGraph (106)
[2016.07.20-01.46.58:719][594]LogModuleManager: Shutting down and abandoning module SlateRemote (105)
[2016.07.20-01.46.58:719][594]LogModuleManager: Shutting down and abandoning module SteamVRController (104)
[2016.07.20-01.46.58:719][594]LogModuleManager: Shutting down and abandoning module SteamVR (103)
[2016.07.20-01.46.58:719][594]LogModuleManager: Shutting down and abandoning module ProceduralMeshComponent (102)
[2016.07.20-01.46.58:719][594]LogModuleManager: Shutting down and abandoning module OculusLibrary (101)
[2016.07.20-01.46.58:719][594]LogModuleManager: Shutting down and abandoning module OculusInput (100)
[2016.07.20-01.46.58:720][594]LogModuleManager: Shutting down and abandoning module LeapMotionController (99)
[2016.07.20-01.46.58:741][594]LogModuleManager: Shutting down and abandoning module CustomMeshComponent (98)
[2016.07.20-01.46.58:741][594]LogModuleManager: Shutting down and abandoning module CableComponent (97)
[2016.07.20-01.46.58:741][594]LogModuleManager: Shutting down and abandoning module ArchVisCharacter (96)
[2016.07.20-01.46.58:741][594]LogModuleManager: Shutting down and abandoning module HTML5Networking (95)
[2016.07.20-01.46.58:741][594]LogModuleManager: Shutting down and abandoning module DesktopPlatform (94)
[2016.07.20-01.46.58:742][594]LogModuleManager: Shutting down and abandoning module DirectoryWatcher (93)
[2016.07.20-01.46.58:742][594]LogModuleManager: Shutting down and abandoning module HotReload (92)
[2016.07.20-01.46.58:742][594]LogModuleManager: Shutting down and abandoning module VisualStudioSourceCodeAccess (91)
[2016.07.20-01.46.58:742][594]LogModuleManager: Shutting down and abandoning module UObjectPlugin (90)
[2016.07.20-01.46.58:742][594]LogModuleManager: Shutting down and abandoning module SubversionSourceControl (89)
[2016.07.20-01.46.58:742][594]LogModuleManager: Shutting down and abandoning module SourceControl (88)
[2016.07.20-01.46.58:742][594]LogModuleManager: Shutting down and abandoning module PerforceSourceControl (87)
[2016.07.20-01.46.58:742][594]LogModuleManager: Shutting down and abandoning module UdpMessaging (86)
[2016.07.20-01.46.58:742][594]LogModuleManager: Shutting down and abandoning module LightPropagationVolumeRuntime (85)
[2016.07.20-01.46.58:742][594]LogModuleManager: Shutting down and abandoning module Paper2D (84)
[2016.07.20-01.46.58:742][594]LogModuleManager: Shutting down and abandoning module WindowsMoviePlayer (83)
[2016.07.20-01.46.58:745][594]LogModuleManager: Shutting down and abandoning module Media (82)
[2016.07.20-01.46.58:745][594]LogModuleManager: Shutting down and abandoning module WmfMedia (81)
[2016.07.20-01.46.58:745][594]LogModuleManager: Shutting down and abandoning module OnlineBlueprintSupport (80)
[2016.07.20-01.46.58:745][594]LogModuleManager: Shutting down and abandoning module GameplayTasksEditor (79)
[2016.07.20-01.46.58:745][594]LogModuleManager: Shutting down and abandoning module PropertyEditor (78)
[2016.07.20-01.46.58:745][594]LogModuleManager: Shutting down and abandoning module BehaviorTreeEditor (77)
[2016.07.20-01.46.58:746][594]LogModuleManager: Shutting down and abandoning module FunctionalTesting (76)
[2016.07.20-01.46.58:746][594]LogModuleManager: Shutting down and abandoning module CollisionAnalyzer (75)
[2016.07.20-01.46.58:746][594]LogModuleManager: Shutting down and abandoning module WorkspaceMenuStructure (74)
[2016.07.20-01.46.58:746][594]LogModuleManager: Shutting down and abandoning module MessageLog (73)
[2016.07.20-01.46.58:746][594]LogModuleManager: Shutting down and abandoning module Sequencer (72)
[2016.07.20-01.46.58:746][594]LogModuleManager: Shutting down and abandoning module AssetTools (71)
[2016.07.20-01.46.58:746][594]LogModuleManager: Shutting down and abandoning module UMGEditor (70)
[2016.07.20-01.46.58:746][594]LogModuleManager: Shutting down and abandoning module UMG (69)
[2016.07.20-01.46.58:746][594]LogModuleManager: Shutting down and abandoning module Slate (68)
[2016.07.20-01.46.58:746][594]LogModuleManager: Shutting down and abandoning module EditorStyle (67)
[2016.07.20-01.46.58:749][594]LogModuleManager: Shutting down and abandoning module SessionServices (66)
[2016.07.20-01.46.58:749][594]LogModuleManager: Shutting down and abandoning module SourceCodeAccess (65)
[2016.07.20-01.46.58:749][594]LogModuleManager: Shutting down and abandoning module HeadMountedDisplay (64)
[2016.07.20-01.46.58:749][594]LogModuleManager: Shutting down and abandoning module XAudio2 (63)
[2016.07.20-01.46.58:749][594]LogModuleManager: Shutting down and abandoning module Networking (61)
[2016.07.20-01.46.58:749][594]LogModuleManager: Shutting down and abandoning module Core (60)
[2016.07.20-01.46.58:749][594]LogModuleManager: Shutting down and abandoning module KismetCompiler (59)
[2016.07.20-01.46.58:749][594]LogModuleManager: Shutting down and abandoning module PhysXFormats (58)
[2016.07.20-01.46.58:749][594]LogModuleManager: Shutting down and abandoning module MeshUtilities (57)
[2016.07.20-01.46.58:749][594]LogModuleManager: Shutting down and abandoning module DerivedDataCache (56)
[2016.07.20-01.46.58:803][594]LogDerivedDataCache: Shutdown
[2016.07.20-01.46.58:803][594]LogModuleManager: Shutting down and abandoning module ShaderFormatOpenGL (55)
[2016.07.20-01.46.58:803][594]LogModuleManager: Shutting down and abandoning module ShaderFormatD3D (54)
[2016.07.20-01.46.58:803][594]LogModuleManager: Shutting down and abandoning module MetalShaderFormat (53)
[2016.07.20-01.46.58:803][594]LogModuleManager: Shutting down and abandoning module TextureFormatUncompressed (52)
[2016.07.20-01.46.58:803][594]LogModuleManager: Shutting down and abandoning module TextureFormatPVR (51)
[2016.07.20-01.46.58:803][594]LogModuleManager: Shutting down and abandoning module TextureFormatIntelISPCTexComp (50)
[2016.07.20-01.46.58:803][594]LogModuleManager: Shutting down and abandoning module TextureFormatDXT (49)
[2016.07.20-01.46.58:803][594]LogModuleManager: Shutting down and abandoning module ImageWrapper (48)
[2016.07.20-01.46.58:803][594]LogModuleManager: Shutting down and abandoning module TextureFormatASTC (47)
[2016.07.20-01.46.58:803][594]LogModuleManager: Shutting down and abandoning module TextureFormatAndroid (46)
[2016.07.20-01.46.58:803][594]LogModuleManager: Shutting down and abandoning module AudioFormatOpus (45)
[2016.07.20-01.46.58:803][594]LogModuleManager: Shutting down and abandoning module AudioFormatOgg (44)
[2016.07.20-01.46.58:803][594]LogModuleManager: Shutting down and abandoning module AudioFormatADPCM (43)
[2016.07.20-01.46.58:803][594]LogModuleManager: Shutting down and abandoning module LinuxTargetPlatform (42)
[2016.07.20-01.46.58:803][594]LogModuleManager: Shutting down and abandoning module LinuxServerTargetPlatform (41)
[2016.07.20-01.46.58:803][594]LogModuleManager: Shutting down and abandoning module LinuxNoEditorTargetPlatform (40)
[2016.07.20-01.46.58:803][594]LogModuleManager: Shutting down and abandoning module Messaging (39)
[2016.07.20-01.46.58:803][594]LogModuleManager: Shutting down and abandoning module IOSTargetPlatform (38)
[2016.07.20-01.46.58:803][594]LogModuleManager: Shutting down and abandoning module HTML5TargetPlatform (37)
[2016.07.20-01.46.58:803][594]LogModuleManager: Shutting down and abandoning module Android_PVRTCTargetPlatform (36)
[2016.07.20-01.46.58:803][594]LogModuleManager: Shutting down and abandoning module Android_MultiTargetPlatform (35)
[2016.07.20-01.46.58:803][594]LogModuleManager: Shutting down and abandoning module Android_ETC2TargetPlatform (34)
[2016.07.20-01.46.58:803][594]LogModuleManager: Shutting down and abandoning module Android_ETC1TargetPlatform (33)
[2016.07.20-01.46.58:803][594]LogModuleManager: Shutting down and abandoning module Android_DXTTargetPlatform (32)
[2016.07.20-01.46.58:803][594]LogModuleManager: Shutting down and abandoning module Android_ATCTargetPlatform (31)
[2016.07.20-01.46.58:803][594]LogModuleManager: Shutting down and abandoning module Android_ASTCTargetPlatform (30)
[2016.07.20-01.46.58:803][594]LogModuleManager: Shutting down and abandoning module AndroidTargetPlatform (29)
[2016.07.20-01.46.58:803][594]LogModuleManager: Shutting down and abandoning module WindowsTargetPlatform (28)
[2016.07.20-01.46.58:803][594]LogModuleManager: Shutting down and abandoning module WindowsServerTargetPlatform (27)
[2016.07.20-01.46.58:803][594]LogModuleManager: Shutting down and abandoning module WindowsNoEditorTargetPlatform (26)
[2016.07.20-01.46.58:803][594]LogModuleManager: Shutting down and abandoning module WindowsClientTargetPlatform (25)
[2016.07.20-01.46.58:803][594]LogModuleManager: Shutting down and abandoning module AllDesktopTargetPlatform (24)
[2016.07.20-01.46.58:803][594]LogModuleManager: Shutting down and abandoning module TargetPlatform (23)
[2016.07.20-01.46.58:803][594]LogModuleManager: Shutting down and abandoning module InputCore (22)
[2016.07.20-01.46.58:803][594]LogModuleManager: Shutting down and abandoning module Settings (21)
[2016.07.20-01.46.58:803][594]LogModuleManager: Shutting down and abandoning module OnlineSubsystem (19)
[2016.07.20-01.46.58:803][594]LogModuleManager: Shutting down and abandoning module HTTP (18)
[2016.07.20-01.46.58:804][594]LogModuleManager: Shutting down and abandoning module XMPP (17)
[2016.07.20-01.46.58:804][594]LogModuleManager: Shutting down and abandoning module OculusRift (16)
[2016.07.20-01.46.58:804][594]LogModuleManager: Shutting down and abandoning module ExampleDeviceProfileSelector (15)
[2016.07.20-01.46.58:804][594]LogModuleManager: Shutting down and abandoning module TextureCompressor (14)
[2016.07.20-01.46.58:804][594]LogModuleManager: Shutting down and abandoning module ShaderCore (13)
[2016.07.20-01.46.58:804][594]LogModuleManager: Shutting down and abandoning module Landscape (12)
[2016.07.20-01.46.58:804][594]LogModuleManager: Shutting down and abandoning module SlateRHIRenderer (11)
[2016.07.20-01.46.58:804][594]LogModuleManager: Shutting down and abandoning module OpenGLDrv (10)
[2016.07.20-01.46.58:804][594]LogModuleManager: Shutting down and abandoning module D3D11RHI (9)
[2016.07.20-01.46.58:804][594]LogModuleManager: Shutting down and abandoning module AnimGraphRuntime (8)
[2016.07.20-01.46.58:804][594]LogModuleManager: Shutting down and abandoning module Renderer (7)
[2016.07.20-01.46.58:804][594]LogModuleManager: Shutting down and abandoning module Engine (6)
[2016.07.20-01.46.58:804][594]LogModuleManager: Shutting down and abandoning module CoreUObject (5)
[2016.07.20-01.46.58:804][594]LogModuleManager: Shutting down and abandoning module NetworkFile (4)
[2016.07.20-01.46.58:804][594]LogModuleManager: Shutting down and abandoning module StreamingFile (3)
[2016.07.20-01.46.58:804][594]LogModuleManager: Shutting down and abandoning module SandboxFile (2)
[2016.07.20-01.46.58:804][594]LogModuleManager: Shutting down and abandoning module PakFile (1)
[2016.07.20-01.46.58:805][594]LogExit: Exiting.
[2016.07.20-01.46.58:806][594]Log file closed, 07/19/16 18:46:58
