[2016.07.20-04.33.50:084][  0]Log file open, 07/19/16 21:33:50
[2016.07.20-04.33.50:084][  0]LogInit:Display: Running engine for game: GaryTim
[2016.07.20-04.33.50:084][  0]LogPlatformFile: Not using cached read wrapper
[2016.07.20-04.33.50:085][  0]LogInit:Display: RandInit(-1881564019) SRandInit(-1881564018).
[2016.07.20-04.33.50:085][  0]LogTaskGraph: Started task graph with 4 named threads and 7 total threads.
[2016.07.20-04.33.50:085][  0]LogStats: Stats thread started at 0.088350
[2016.07.20-04.33.50:085][  0]LogInit: Version: 4.10.4-2872498+++depot+UE4-Releases+4.10
[2016.07.20-04.33.50:085][  0]LogInit: API Version: 2758231
[2016.07.20-04.33.50:085][  0]LogInit: Compiled (64-bit): Feb 18 2016 15:47:04
[2016.07.20-04.33.50:085][  0]LogInit: Compiled with Visual C++: 19.00.23026.00
[2016.07.20-04.33.50:085][  0]LogInit: Build Configuration: Development
[2016.07.20-04.33.50:085][  0]LogInit: Branch Name: ++depot+UE4-Releases+4.10
[2016.07.20-04.33.50:085][  0]LogInit: Command line:  /Temp/Autosaves/Game/extras/Maps/UEDPCThirdPersonExampleMap -game -PIEVIACONSOLE -ResX=1280 -ResY=720  -Multiprocess 
[2016.07.20-04.33.50:085][  0]LogInit: Base directory: C:/Program Files (x86)/Epic Games/4.10/Engine/Binaries/Win64/
[2016.07.20-04.33.50:085][  0]LogInit: Rocket: 1
[2016.07.20-04.33.50:096][  0]LogInit: Using libcurl 7.41.0
[2016.07.20-04.33.50:096][  0]LogInit:  - built for x86_64-pc-win32
[2016.07.20-04.33.50:096][  0]LogInit:  - supports SSL with WinSSL
[2016.07.20-04.33.50:096][  0]LogInit:  - other features:
[2016.07.20-04.33.50:096][  0]LogInit:      CURL_VERSION_SSL
[2016.07.20-04.33.50:096][  0]LogInit:      CURL_VERSION_IPV6
[2016.07.20-04.33.50:096][  0]LogInit:      CURL_VERSION_ASYNCHDNS
[2016.07.20-04.33.50:096][  0]LogInit:      CURL_VERSION_LARGEFILE
[2016.07.20-04.33.50:096][  0]LogInit:      CURL_VERSION_IDN
[2016.07.20-04.33.50:096][  0]LogInit:  CurlRequestOptions (configurable via config and command line):
[2016.07.20-04.33.50:096][  0]LogInit:  - bVerifyPeer = true  - Libcurl will verify peer certificate
[2016.07.20-04.33.50:096][  0]LogInit:  - bUseHttpProxy = false  - Libcurl will NOT use HTTP proxy
[2016.07.20-04.33.50:096][  0]LogInit:  - bDontReuseConnections = false  - Libcurl will reuse connections
[2016.07.20-04.33.50:096][  0]LogInit:  - CertBundlePath = nullptr  - Libcurl will use whatever was configured at build time.
[2016.07.20-04.33.50:103][  0]LogInit: Presizing for 0 objects not considered by GC, pre-allocating 0 bytes.
[2016.07.20-04.33.50:109][  0]LogInit: Object subsystem initialized
[2016.07.20-04.33.50:110][  0]LogInit: Selected Device Profile: [Windows]
[2016.07.20-04.33.50:110][  0]LogInit: Applying CVar settings loaded from the selected device profile: [Windows]
[2016.07.20-04.33.50:115][  0]LogInit: Computer: MSI
[2016.07.20-04.33.50:115][  0]LogInit: User: MasterGuy
[2016.07.20-04.33.50:115][  0]LogInit: CPU Page size=4096, Cores=4
[2016.07.20-04.33.50:115][  0]LogInit: High frequency timer resolution =2.338342 MHz
[2016.07.20-04.33.50:115][  0]LogMemory: Memory total: Physical=7.9GB (8GB approx)
[2016.07.20-04.33.50:115][  0]LogMemory: Platform Memory Stats for Windows
[2016.07.20-04.33.50:115][  0]LogMemory: Process Physical Memory: 58.48 MB used, 58.48 MB peak
[2016.07.20-04.33.50:115][  0]LogMemory: Process Virtual Memory: 57.86 MB used, 57.86 MB peak
[2016.07.20-04.33.50:115][  0]LogMemory: Physical Memory: 3541.24 MB used, 8110.90 MB total
[2016.07.20-04.33.50:115][  0]LogMemory: Virtual Memory: 384.78 MB used, 134217728.00 MB total
[2016.07.20-04.33.50:175][  0]LogTextLocalizationManager: No specific translations for ('en-US') exist, so ('en') translations will be used.
[2016.07.20-04.33.50:667][  0]LogD3D11RHI: Found D3D11 adapter 0: NVIDIA GeForce GTX 765M  (Feature Level 11_0)
[2016.07.20-04.33.50:667][  0]LogD3D11RHI: Adapter has 1991MB of dedicated video memory, 0MB of dedicated system memory, and 4055MB of shared system memory, 1 output[s]
[2016.07.20-04.33.50:674][  0]LogD3D11RHI: Found D3D11 adapter 1: Intel(R) HD Graphics 4600 (Feature Level 11_0)
[2016.07.20-04.33.50:674][  0]LogD3D11RHI: Adapter has 112MB of dedicated video memory, 0MB of dedicated system memory, and 4055MB of shared system memory, 0 output[s]
[2016.07.20-04.33.50:676][  0]LogD3D11RHI: Found D3D11 adapter 2: Microsoft Basic Render Driver (Feature Level 11_0)
[2016.07.20-04.33.50:676][  0]LogD3D11RHI: Adapter has 0MB of dedicated video memory, 0MB of dedicated system memory, and 4055MB of shared system memory, 0 output[s]
[2016.07.20-04.33.50:676][  0]LogD3D11RHI: Chosen D3D11 Adapter Id = 0
[2016.07.20-04.33.50:680][  0]LogD3D11RHI: !Direct3DDevice
[2016.07.20-04.33.50:680][  0]LogRHI: Texture pool is 1361 MB (70% of 1945 MB)
[2016.07.20-04.33.50:693][  0]LogD3D11RHI: Async texture creation enabled
[2016.07.20-04.33.50:709][  0]LogShaderCompilers: Guid format shader working directory is -12 characters bigger than the processId version (../../../../../../Users/Master Guy/Desktop/suppository/GaryTim/Intermediate/Shaders/WorkingDirectory/472/).
[2016.07.20-04.33.50:709][  0]LogShaderCompilers: Cleaned the shader compiler working directory 'C:/Users/MASTER~1/AppData/Local/Temp/UnrealShaderWorkingDir/732EA5AE471FA011E48CF1A254161C9A/'.
[2016.07.20-04.33.50:709][  0]LogShaderCompilers:Display: Using Local Shader Compiler.
[2016.07.20-04.33.51:495][  0]LogTemp:Display: Loaded TP AllDesktopTargetPlatform
[2016.07.20-04.33.51:500][  0]LogTemp:Display: Loaded TP WindowsClientTargetPlatform
[2016.07.20-04.33.51:504][  0]LogTemp:Display: Loaded TP WindowsNoEditorTargetPlatform
[2016.07.20-04.33.51:509][  0]LogTemp:Display: Loaded TP WindowsServerTargetPlatform
[2016.07.20-04.33.51:513][  0]LogTemp:Display: Loaded TP WindowsTargetPlatform
[2016.07.20-04.33.51:516][  0]LogTemp:Display: Loaded TP AndroidTargetPlatform
[2016.07.20-04.33.51:519][  0]LogTemp:Display: Loaded TP Android_ASTCTargetPlatform
[2016.07.20-04.33.51:522][  0]LogTemp:Display: Loaded TP Android_ATCTargetPlatform
[2016.07.20-04.33.51:525][  0]LogTemp:Display: Loaded TP Android_DXTTargetPlatform
[2016.07.20-04.33.51:528][  0]LogTemp:Display: Loaded TP Android_ETC1TargetPlatform
[2016.07.20-04.33.51:532][  0]LogTemp:Display: Loaded TP Android_ETC2TargetPlatform
[2016.07.20-04.33.51:538][  0]LogTemp:Display: Loaded TP Android_MultiTargetPlatform
[2016.07.20-04.33.51:538][  0]LogTemp:Display: Loaded TP Android_PVRTCTargetPlatform
[2016.07.20-04.33.51:539][  0]LogTemp:Display: Loaded TP HTML5TargetPlatform
[2016.07.20-04.33.51:556][  0]LogTemp:Display: Loaded TP IOSTargetPlatform
[2016.07.20-04.33.51:560][  0]LogTemp:Display: Loaded TP LinuxNoEditorTargetPlatform
[2016.07.20-04.33.51:563][  0]LogTemp:Display: Loaded TP LinuxServerTargetPlatform
[2016.07.20-04.33.51:566][  0]LogTemp:Display: Loaded TP LinuxTargetPlatform
[2016.07.20-04.33.51:566][  0]LogTargetPlatformManager:Display: Building Assets For Windows
[2016.07.20-04.33.51:653][  0]LogDerivedDataCache:Display: Max Cache Size: 512 MB
[2016.07.20-04.33.51:701][  0]LogDerivedDataCache: Loaded boot cache 0.05s 41MB C:/Users/Master Guy/AppData/Local/UnrealEngine/4.10/DerivedDataCache/Boot.ddc.
[2016.07.20-04.33.51:701][  0]LogDerivedDataCache:Display: Loaded Boot cache: C:/Users/Master Guy/AppData/Local/UnrealEngine/4.10/DerivedDataCache/Boot.ddc
[2016.07.20-04.33.51:701][  0]LogDerivedDataCache: FDerivedDataBackendGraph:  Pak pak cache file ../../../../../../Users/Master Guy/Desktop/suppository/GaryTim/DerivedDataCache/DDC.ddp not found, will not use a pak cache.
[2016.07.20-04.33.51:701][  0]LogDerivedDataCache: Unable to find inner node Pak for hierarchical cache Hierarchy.
[2016.07.20-04.33.51:701][  0]LogDerivedDataCache: FDerivedDataBackendGraph:  CompressedPak pak cache file ../../../../../../Users/Master Guy/Desktop/suppository/GaryTim/DerivedDataCache/Compressed.ddp not found, will not use a pak cache.
[2016.07.20-04.33.51:701][  0]LogDerivedDataCache: Unable to find inner node CompressedPak for hierarchical cache Hierarchy.
[2016.07.20-04.33.51:755][  0]LogDerivedDataCache:Display: Pak cache opened for reading ../../../Engine/DerivedDataCache/Compressed.ddp.
[2016.07.20-04.33.51:767][  0]LogDerivedDataCache: Using Local data cache path C:/Users/Master Guy/AppData/Local/UnrealEngine/Common/DerivedDataCache: Writable
[2016.07.20-04.33.51:954][  0]LogInit: Selected Device Profile: [Windows]
[2016.07.20-04.33.51:957][  0]LogContentStreaming: Texture pool size is 1000.000000MB
[2016.07.20-04.33.52:054][  0]LogMeshUtilities: No automatic mesh reduction module available
[2016.07.20-04.33.52:054][  0]LogMeshUtilities: No automatic mesh merging module available
[2016.07.20-04.33.52:263][  0]LogInit: WinSock: version 1.1 (2.2), MaxSocks=32767, MaxUdp=65467
[2016.07.20-04.33.52:643][  0]LogWindowsMoviePlayer: Unable to load movie: ../../../../../../Users/Master Guy/Desktop/suppository/GaryTim/Content/Movies/Default_Startup.mp4
[2016.07.20-04.33.52:771][  0]SourceControl: Info Source control is disabled
[2016.07.20-04.33.52:771][  0]SourceControl: Info Source control is disabled
[2016.07.20-04.33.52:797][  0]SourceControl: Info Source control is disabled
[2016.07.20-04.33.53:027][  0]LogObj: 27935 objects as part of root set at end of initial load.
[2016.07.20-04.33.53:027][  0]LogUObjectAllocator: 5830072 out of 0 bytes used by permanent object pool.
[2016.07.20-04.33.53:080][  0]LogEngine: Initializing Engine...
[2016.07.20-04.33.53:093][  0]LogHMD: Can't find Oculus library dev build: is proper Runtime installed? Version: 0.8.0.0
[2016.07.20-04.33.53:094][  0]LogHMD: SteamVR failed to initialize.  Err: 110
[2016.07.20-04.33.53:208][  0]LogInit: XAudio2 using 'Speakers (Realtek High Definition Audio)' : 2 channels at 48 kHz using 32 bits per sample (channel mask 0x3)
[2016.07.20-04.33.53:222][  0]LogInit: FAudioDevice initialized.
[2016.07.20-04.33.53:228][  0]LogInit: Texture streaming: Enabled
[2016.07.20-04.33.53:386][  0]LogNet: Browse: /Temp/Autosaves/Game/extras/Maps/UEDPCThirdPersonExampleMap?Name=Player
[2016.07.20-04.33.53:386][  0]LogLoad: LoadMap: /Temp/Autosaves/Game/extras/Maps/UEDPCThirdPersonExampleMap?Name=Player
[2016.07.20-04.33.53:409][  0]LogParticles: Destroying 0 GPU particle simulations for FXSystem 0x00000199AD08EC00
[2016.07.20-04.33.53:449][  0]LogMemory: Platform Memory Stats for Windows
[2016.07.20-04.33.53:449][  0]LogMemory: Process Physical Memory: 396.17 MB used, 396.17 MB peak
[2016.07.20-04.33.53:449][  0]LogMemory: Process Virtual Memory: 447.84 MB used, 447.84 MB peak
[2016.07.20-04.33.53:449][  0]LogMemory: Physical Memory: 3838.80 MB used, 8110.90 MB total
[2016.07.20-04.33.53:449][  0]LogMemory: Virtual Memory: 999.86 MB used, 134217728.00 MB total
[2016.07.20-04.33.53:449][  0]LogMemory: 
[2016.07.20-04.33.53:449][  0]Allocator Stats for TBB: (not implemented)
[2016.07.20-04.33.54:566][  0]LogAIModule: Creating AISystem for world ThirdPersonExampleMap
[2016.07.20-04.33.54:568][  0]LogWorld: Game class is 'ThirdPersonGameMode_C'
[2016.07.20-04.33.54:580][  0]LogWorld: Bringing World /Temp/Autosaves/Game/extras/Maps/UEDPCThirdPersonExampleMap.ThirdPersonExampleMap up for play (max tick rate 0) at 2016.07.19-21.33.54
[2016.07.20-04.33.54:582][  0]LogWorld: Bringing up level for play took: 0.012857
[2016.07.20-04.33.54:586][  0]LogInit:Display: Game Engine Initialized.
[2016.07.20-04.33.54:808][  0]LogLoad: Full Startup: 5.12 seconds (BP compile: 0.37 seconds)
[2016.07.20-04.33.54:828][  0]LogOcInput: Can't find Oculus library dev build: is proper Runtime installed? Version: 0.8.0.0
[2016.07.20-04.33.54:891][  0]LogRenderer: Reallocating scene render targets to support 128x128 (Frame:1).
[2016.07.20-04.33.55:050][  1]LogRenderer: Reallocating scene render targets to support 1280x720 (Frame:2).
[2016.07.20-04.33.55:067][  1]LogScript:Warning: Accessed None 'K2Node_DynamicCast_AsAI2'
	BTS_behaviorSelector_C /Temp/Autosaves/Game/extras/Maps/UEDPCThirdPersonExampleMap.ThirdPersonExampleMap:PersistentLevel.AI2controller_C_0.BTComponent.BTS_behaviorSelector_C_1
	Function /Game/AI/BTS_S/BTS_behaviorSelector.BTS_behaviorSelector_C:ExecuteUbergraph_BTS_behaviorSelector:0031
[2016.07.20-04.33.55:067][  1]LogScript:Warning: Accessed None 'K2Node_DynamicCast_AsAI2'
	BTS_behaviorSelector_C /Temp/Autosaves/Game/extras/Maps/UEDPCThirdPersonExampleMap.ThirdPersonExampleMap:PersistentLevel.AI2controller_C_1.BTComponent.BTS_behaviorSelector_C_2
	Function /Game/AI/BTS_S/BTS_behaviorSelector.BTS_behaviorSelector_C:ExecuteUbergraph_BTS_behaviorSelector:0031
[2016.07.20-04.33.55:221][  3]LogScript:Warning: Attempted to get an item from array CallFunc_GetOverlappingActors_OverlappingActors out of bounds [0/0]!
[2016.07.20-04.33.55:222][  3]LogScript:Warning: Attempted to get an item from array CallFunc_GetOverlappingActors_OverlappingActors out of bounds [0/0]!
[2016.07.20-04.33.55:530][  7]LogScript:Warning: Attempted to get an item from array CallFunc_GetOverlappingActors_OverlappingActors out of bounds [0/0]!
[2016.07.20-04.33.55:530][  7]LogScript:Warning: Attempted to get an item from array CallFunc_GetOverlappingActors_OverlappingActors out of bounds [0/0]!
[2016.07.20-04.33.55:834][ 11]LogScript:Warning: Attempted to get an item from array CallFunc_GetOverlappingActors_OverlappingActors out of bounds [0/0]!
[2016.07.20-04.33.55:834][ 11]LogScript:Warning: Attempted to get an item from array CallFunc_GetOverlappingActors_OverlappingActors out of bounds [0/0]!
[2016.07.20-04.33.56:141][ 15]LogScript:Warning: Attempted to get an item from array CallFunc_GetOverlappingActors_OverlappingActors out of bounds [0/0]!
[2016.07.20-04.33.56:141][ 15]LogScript:Warning: Attempted to get an item from array CallFunc_GetOverlappingActors_OverlappingActors out of bounds [0/0]!
[2016.07.20-04.33.56:453][ 19]LogScript:Warning: Attempted to get an item from array CallFunc_GetOverlappingActors_OverlappingActors out of bounds [0/0]!
[2016.07.20-04.33.56:453][ 19]LogScript:Warning: Attempted to get an item from array CallFunc_GetOverlappingActors_OverlappingActors out of bounds [0/0]!
[2016.07.20-04.33.56:454][ 19]LogBlueprintUserMessages: [patrolPoints_C_1] movingto
[2016.07.20-04.33.56:822][ 24]LogScript:Warning: Attempted to get an item from array CallFunc_GetOverlappingActors_OverlappingActors out of bounds [0/0]!
[2016.07.20-04.33.56:822][ 24]LogScript:Warning: Attempted to get an item from array CallFunc_GetOverlappingActors_OverlappingActors out of bounds [0/0]!
[2016.07.20-04.33.57:179][ 29]LogScript:Warning: Attempted to get an item from array CallFunc_GetOverlappingActors_OverlappingActors out of bounds [0/0]!
[2016.07.20-04.33.57:179][ 29]LogScript:Warning: Attempted to get an item from array CallFunc_GetOverlappingActors_OverlappingActors out of bounds [0/0]!
[2016.07.20-04.33.57:323][ 31]LogBlueprintUserMessages: [patrolPoints_C_1] finished
[2016.07.20-04.33.57:536][ 34]LogScript:Warning: Attempted to get an item from array CallFunc_GetOverlappingActors_OverlappingActors out of bounds [0/0]!
[2016.07.20-04.33.57:536][ 34]LogScript:Warning: Attempted to get an item from array CallFunc_GetOverlappingActors_OverlappingActors out of bounds [0/0]!
[2016.07.20-04.33.57:905][ 39]LogScript:Warning: Attempted to get an item from array CallFunc_GetOverlappingActors_OverlappingActors out of bounds [0/0]!
[2016.07.20-04.33.57:905][ 39]LogScript:Warning: Attempted to get an item from array CallFunc_GetOverlappingActors_OverlappingActors out of bounds [0/0]!
[2016.07.20-04.33.58:283][ 44]LogScript:Warning: Attempted to get an item from array CallFunc_GetOverlappingActors_OverlappingActors out of bounds [0/0]!
[2016.07.20-04.33.58:283][ 44]LogScript:Warning: Attempted to get an item from array CallFunc_GetOverlappingActors_OverlappingActors out of bounds [0/0]!
[2016.07.20-04.33.58:357][ 45]LogBlueprintUserMessages: [patrolPoints_C_1] finished
[2016.07.20-04.33.58:642][ 49]LogScript:Warning: Attempted to get an item from array CallFunc_GetOverlappingActors_OverlappingActors out of bounds [0/0]!
[2016.07.20-04.33.58:642][ 49]LogScript:Warning: Attempted to get an item from array CallFunc_GetOverlappingActors_OverlappingActors out of bounds [0/0]!
[2016.07.20-04.33.59:001][ 54]LogScript:Warning: Attempted to get an item from array CallFunc_GetOverlappingActors_OverlappingActors out of bounds [0/0]!
[2016.07.20-04.33.59:001][ 54]LogScript:Warning: Attempted to get an item from array CallFunc_GetOverlappingActors_OverlappingActors out of bounds [0/0]!
[2016.07.20-04.33.59:357][ 59]LogScript:Warning: Attempted to get an item from array CallFunc_GetOverlappingActors_OverlappingActors out of bounds [0/0]!
[2016.07.20-04.33.59:357][ 59]LogScript:Warning: Attempted to get an item from array CallFunc_GetOverlappingActors_OverlappingActors out of bounds [0/0]!
[2016.07.20-04.33.59:357][ 59]LogBlueprintUserMessages: [patrolPoints_C_1] finished
[2016.07.20-04.33.59:727][ 64]LogScript:Warning: Attempted to get an item from array CallFunc_GetOverlappingActors_OverlappingActors out of bounds [0/0]!
[2016.07.20-04.33.59:727][ 64]LogScript:Warning: Attempted to get an item from array CallFunc_GetOverlappingActors_OverlappingActors out of bounds [0/0]!
[2016.07.20-04.34.00:098][ 69]LogScript:Warning: Attempted to get an item from array CallFunc_GetOverlappingActors_OverlappingActors out of bounds [0/0]!
[2016.07.20-04.34.00:098][ 69]LogScript:Warning: Attempted to get an item from array CallFunc_GetOverlappingActors_OverlappingActors out of bounds [0/0]!
[2016.07.20-04.34.00:398][ 73]LogBlueprintUserMessages: [patrolPoints_C_1] finished
[2016.07.20-04.34.00:469][ 74]LogScript:Warning: Attempted to get an item from array CallFunc_GetOverlappingActors_OverlappingActors out of bounds [0/0]!
[2016.07.20-04.34.00:469][ 74]LogScript:Warning: Attempted to get an item from array CallFunc_GetOverlappingActors_OverlappingActors out of bounds [0/0]!
[2016.07.20-04.34.00:831][ 79]LogScript:Warning: Attempted to get an item from array CallFunc_GetOverlappingActors_OverlappingActors out of bounds [0/0]!
[2016.07.20-04.34.00:831][ 79]LogScript:Warning: Attempted to get an item from array CallFunc_GetOverlappingActors_OverlappingActors out of bounds [0/0]!
[2016.07.20-04.34.01:190][ 84]LogScript:Warning: Attempted to get an item from array CallFunc_GetOverlappingActors_OverlappingActors out of bounds [0/0]!
[2016.07.20-04.34.01:190][ 84]LogScript:Warning: Attempted to get an item from array CallFunc_GetOverlappingActors_OverlappingActors out of bounds [0/0]!
[2016.07.20-04.34.01:406][ 87]LogBlueprintUserMessages: [patrolPoints_C_1] finished
[2016.07.20-04.34.01:549][ 89]LogScript:Warning: Attempted to get an item from array CallFunc_GetOverlappingActors_OverlappingActors out of bounds [0/0]!
[2016.07.20-04.34.01:549][ 89]LogScript:Warning: Attempted to get an item from array CallFunc_GetOverlappingActors_OverlappingActors out of bounds [0/0]!
[2016.07.20-04.34.01:848][ 93]LogBlueprintUserMessages: [patrolPoints_C_1] movingto
[2016.07.20-04.34.01:919][ 94]LogScript:Warning: Attempted to get an item from array CallFunc_GetOverlappingActors_OverlappingActors out of bounds [0/0]!
[2016.07.20-04.34.01:919][ 94]LogScript:Warning: Attempted to get an item from array CallFunc_GetOverlappingActors_OverlappingActors out of bounds [0/0]!
[2016.07.20-04.34.02:300][ 99]LogScript:Warning: Attempted to get an item from array CallFunc_GetOverlappingActors_OverlappingActors out of bounds [0/0]!
[2016.07.20-04.34.02:300][ 99]LogScript:Warning: Attempted to get an item from array CallFunc_GetOverlappingActors_OverlappingActors out of bounds [0/0]!
[2016.07.20-04.34.02:662][104]LogScript:Warning: Attempted to get an item from array CallFunc_GetOverlappingActors_OverlappingActors out of bounds [0/0]!
[2016.07.20-04.34.02:662][104]LogScript:Warning: Attempted to get an item from array CallFunc_GetOverlappingActors_OverlappingActors out of bounds [0/0]!
[2016.07.20-04.34.03:020][109]LogScript:Warning: Attempted to get an item from array CallFunc_GetOverlappingActors_OverlappingActors out of bounds [0/0]!
[2016.07.20-04.34.03:020][109]LogScript:Warning: Attempted to get an item from array CallFunc_GetOverlappingActors_OverlappingActors out of bounds [0/0]!
[2016.07.20-04.34.03:380][114]LogScript:Warning: Attempted to get an item from array CallFunc_GetOverlappingActors_OverlappingActors out of bounds [0/0]!
[2016.07.20-04.34.03:380][114]LogScript:Warning: Attempted to get an item from array CallFunc_GetOverlappingActors_OverlappingActors out of bounds [0/0]!
[2016.07.20-04.34.03:751][119]LogScript:Warning: Attempted to get an item from array CallFunc_GetOverlappingActors_OverlappingActors out of bounds [0/0]!
[2016.07.20-04.34.03:751][119]LogScript:Warning: Attempted to get an item from array CallFunc_GetOverlappingActors_OverlappingActors out of bounds [0/0]!
[2016.07.20-04.34.04:120][124]LogScript:Warning: Attempted to get an item from array CallFunc_GetOverlappingActors_OverlappingActors out of bounds [0/0]!
[2016.07.20-04.34.04:120][124]LogScript:Warning: Attempted to get an item from array CallFunc_GetOverlappingActors_OverlappingActors out of bounds [0/0]!
[2016.07.20-04.34.04:491][129]LogScript:Warning: Attempted to get an item from array CallFunc_GetOverlappingActors_OverlappingActors out of bounds [0/0]!
[2016.07.20-04.34.04:491][129]LogScript:Warning: Attempted to get an item from array CallFunc_GetOverlappingActors_OverlappingActors out of bounds [0/0]!
[2016.07.20-04.34.04:848][134]LogScript:Warning: Attempted to get an item from array CallFunc_GetOverlappingActors_OverlappingActors out of bounds [0/0]!
[2016.07.20-04.34.04:848][134]LogScript:Warning: Attempted to get an item from array CallFunc_GetOverlappingActors_OverlappingActors out of bounds [0/0]!
[2016.07.20-04.34.05:137][138]LogBlueprintUserMessages: [BTS_behaviorSelector_C_2] i see him
[2016.07.20-04.34.05:206][139]LogScript:Warning: Attempted to get an item from array CallFunc_GetOverlappingActors_OverlappingActors out of bounds [0/0]!
[2016.07.20-04.34.05:206][139]LogScript:Warning: Attempted to get an item from array CallFunc_GetOverlappingActors_OverlappingActors out of bounds [0/0]!
[2016.07.20-04.34.05:207][139]LogBlueprintUserMessages: [patrolPoints_C_1] finished
[2016.07.20-04.34.05:277][140]LogBlueprintUserMessages: [AI2_C_3] 1.0
[2016.07.20-04.34.05:493][143]LogBlueprintUserMessages: [BTS_behaviorSelector_C_1] i see him
[2016.07.20-04.34.05:564][144]LogScript:Warning: Attempted to get an item from array CallFunc_GetOverlappingActors_OverlappingActors out of bounds [0/0]!
[2016.07.20-04.34.05:564][144]LogScript:Warning: Attempted to get an item from array CallFunc_GetOverlappingActors_OverlappingActors out of bounds [0/0]!
[2016.07.20-04.34.05:645][145]LogBlueprintUserMessages: [AI2_C_2] 1.0
[2016.07.20-04.34.05:646][145]LogBlueprintUserMessages: [BTS_behaviorSelector_C_2] i see him
[2016.07.20-04.34.05:790][147]LogBlueprintUserMessages: [AI2_C_3] 1.0
[2016.07.20-04.34.05:943][149]LogScript:Warning: Attempted to get an item from array CallFunc_GetOverlappingActors_OverlappingActors out of bounds [0/0]!
[2016.07.20-04.34.05:943][149]LogScript:Warning: Attempted to get an item from array CallFunc_GetOverlappingActors_OverlappingActors out of bounds [0/0]!
[2016.07.20-04.34.06:018][150]LogBlueprintUserMessages: [BTS_behaviorSelector_C_1] i see him
[2016.07.20-04.34.06:164][152]LogBlueprintUserMessages: [AI2_C_2] 1.0
[2016.07.20-04.34.06:165][152]LogBlueprintUserMessages: [BTS_behaviorSelector_C_2] i see him
[2016.07.20-04.34.06:333][154]LogScript:Warning: Attempted to get an item from array CallFunc_GetOverlappingActors_OverlappingActors out of bounds [0/0]!
[2016.07.20-04.34.06:333][154]LogScript:Warning: Attempted to get an item from array CallFunc_GetOverlappingActors_OverlappingActors out of bounds [0/0]!
[2016.07.20-04.34.06:333][154]LogBlueprintUserMessages: [AI2_C_3] 1.0
[2016.07.20-04.34.06:576][157]LogBlueprintUserMessages: [BTS_behaviorSelector_C_1] i see him
[2016.07.20-04.34.06:652][158]LogScript:Warning: Attempted to get an item from array CallFunc_GetOverlappingActors_OverlappingActors out of bounds [0/0]!
[2016.07.20-04.34.06:652][158]LogScript:Warning: Attempted to get an item from array CallFunc_GetOverlappingActors_OverlappingActors out of bounds [0/0]!
[2016.07.20-04.34.06:727][159]LogBlueprintUserMessages: [AI2_C_2] 1.0
[2016.07.20-04.34.06:728][159]LogBlueprintUserMessages: [BTS_behaviorSelector_C_2] i see him
[2016.07.20-04.34.06:879][161]LogBlueprintUserMessages: [AI2_C_3] 1.0
[2016.07.20-04.34.07:021][163]LogScript:Warning: Attempted to get an item from array CallFunc_GetOverlappingActors_OverlappingActors out of bounds [0/0]!
[2016.07.20-04.34.07:021][163]LogScript:Warning: Attempted to get an item from array CallFunc_GetOverlappingActors_OverlappingActors out of bounds [0/0]!
[2016.07.20-04.34.07:094][164]LogBlueprintUserMessages: [BTS_behaviorSelector_C_1] i see him
[2016.07.20-04.34.07:245][166]LogBlueprintUserMessages: [AI2_C_2] 1.0
[2016.07.20-04.34.07:246][166]LogBlueprintUserMessages: [BTS_behaviorSelector_C_2] i see him
[2016.07.20-04.34.07:323][167]LogScript:Warning: Attempted to get an item from array CallFunc_GetOverlappingActors_OverlappingActors out of bounds [0/0]!
[2016.07.20-04.34.07:324][167]LogScript:Warning: Attempted to get an item from array CallFunc_GetOverlappingActors_OverlappingActors out of bounds [0/0]!
[2016.07.20-04.34.07:401][168]LogBlueprintUserMessages: [AI2_C_3] 1.0
[2016.07.20-04.34.07:649][171]LogScript:Warning: Attempted to get an item from array CallFunc_GetOverlappingActors_OverlappingActors out of bounds [0/0]!
[2016.07.20-04.34.07:649][171]LogScript:Warning: Attempted to get an item from array CallFunc_GetOverlappingActors_OverlappingActors out of bounds [0/0]!
[2016.07.20-04.34.07:991][175]LogScript:Warning: Attempted to get an item from array CallFunc_GetOverlappingActors_OverlappingActors out of bounds [0/0]!
[2016.07.20-04.34.07:992][175]LogScript:Warning: Attempted to get an item from array CallFunc_GetOverlappingActors_OverlappingActors out of bounds [0/0]!
[2016.07.20-04.34.08:334][179]LogScript:Warning: Attempted to get an item from array CallFunc_GetOverlappingActors_OverlappingActors out of bounds [0/0]!
[2016.07.20-04.34.08:334][179]LogScript:Warning: Attempted to get an item from array CallFunc_GetOverlappingActors_OverlappingActors out of bounds [0/0]!
[2016.07.20-04.34.08:674][183]LogScript:Warning: Attempted to get an item from array CallFunc_GetOverlappingActors_OverlappingActors out of bounds [0/0]!
[2016.07.20-04.34.08:675][183]LogScript:Warning: Attempted to get an item from array CallFunc_GetOverlappingActors_OverlappingActors out of bounds [0/0]!
[2016.07.20-04.34.08:998][187]LogScript:Warning: Attempted to get an item from array CallFunc_GetOverlappingActors_OverlappingActors out of bounds [0/0]!
[2016.07.20-04.34.08:998][187]LogScript:Warning: Attempted to get an item from array CallFunc_GetOverlappingActors_OverlappingActors out of bounds [0/0]!
[2016.07.20-04.34.09:322][191]LogScript:Warning: Attempted to get an item from array CallFunc_GetOverlappingActors_OverlappingActors out of bounds [0/0]!
[2016.07.20-04.34.09:322][191]LogScript:Warning: Attempted to get an item from array CallFunc_GetOverlappingActors_OverlappingActors out of bounds [0/0]!
[2016.07.20-04.34.09:658][195]LogScript:Warning: Attempted to get an item from array CallFunc_GetOverlappingActors_OverlappingActors out of bounds [0/0]!
[2016.07.20-04.34.09:658][195]LogScript:Warning: Attempted to get an item from array CallFunc_GetOverlappingActors_OverlappingActors out of bounds [0/0]!
[2016.07.20-04.34.09:977][199]LogScript:Warning: Attempted to get an item from array CallFunc_GetOverlappingActors_OverlappingActors out of bounds [0/0]!
[2016.07.20-04.34.09:977][199]LogScript:Warning: Attempted to get an item from array CallFunc_GetOverlappingActors_OverlappingActors out of bounds [0/0]!
[2016.07.20-04.34.10:288][203]LogScript:Warning: Attempted to get an item from array CallFunc_GetOverlappingActors_OverlappingActors out of bounds [0/0]!
[2016.07.20-04.34.10:288][203]LogScript:Warning: Attempted to get an item from array CallFunc_GetOverlappingActors_OverlappingActors out of bounds [0/0]!
[2016.07.20-04.34.10:592][207]LogScript:Warning: Attempted to get an item from array CallFunc_GetOverlappingActors_OverlappingActors out of bounds [0/0]!
[2016.07.20-04.34.10:592][207]LogScript:Warning: Attempted to get an item from array CallFunc_GetOverlappingActors_OverlappingActors out of bounds [0/0]!
[2016.07.20-04.34.10:892][211]LogScript:Warning: Attempted to get an item from array CallFunc_GetOverlappingActors_OverlappingActors out of bounds [0/0]!
[2016.07.20-04.34.10:893][211]LogScript:Warning: Attempted to get an item from array CallFunc_GetOverlappingActors_OverlappingActors out of bounds [0/0]!
[2016.07.20-04.34.11:209][215]LogScript:Warning: Attempted to get an item from array CallFunc_GetOverlappingActors_OverlappingActors out of bounds [0/0]!
[2016.07.20-04.34.11:209][215]LogScript:Warning: Attempted to get an item from array CallFunc_GetOverlappingActors_OverlappingActors out of bounds [0/0]!
[2016.07.20-04.34.11:539][219]LogScript:Warning: Attempted to get an item from array CallFunc_GetOverlappingActors_OverlappingActors out of bounds [0/0]!
[2016.07.20-04.34.11:539][219]LogScript:Warning: Attempted to get an item from array CallFunc_GetOverlappingActors_OverlappingActors out of bounds [0/0]!
[2016.07.20-04.34.11:891][223]LogScript:Warning: Attempted to get an item from array CallFunc_GetOverlappingActors_OverlappingActors out of bounds [0/0]!
[2016.07.20-04.34.11:891][223]LogScript:Warning: Attempted to get an item from array CallFunc_GetOverlappingActors_OverlappingActors out of bounds [0/0]!
[2016.07.20-04.34.12:245][227]LogScript:Warning: Attempted to get an item from array CallFunc_GetOverlappingActors_OverlappingActors out of bounds [0/0]!
[2016.07.20-04.34.12:245][227]LogScript:Warning: Attempted to get an item from array CallFunc_GetOverlappingActors_OverlappingActors out of bounds [0/0]!
[2016.07.20-04.34.12:589][231]LogScript:Warning: Attempted to get an item from array CallFunc_GetOverlappingActors_OverlappingActors out of bounds [0/0]!
[2016.07.20-04.34.12:589][231]LogScript:Warning: Attempted to get an item from array CallFunc_GetOverlappingActors_OverlappingActors out of bounds [0/0]!
[2016.07.20-04.34.12:901][235]LogScript:Warning: Attempted to get an item from array CallFunc_GetOverlappingActors_OverlappingActors out of bounds [0/0]!
[2016.07.20-04.34.12:901][235]LogScript:Warning: Attempted to get an item from array CallFunc_GetOverlappingActors_OverlappingActors out of bounds [0/0]!
[2016.07.20-04.34.13:214][239]LogScript:Warning: Attempted to get an item from array CallFunc_GetOverlappingActors_OverlappingActors out of bounds [0/0]!
[2016.07.20-04.34.13:214][239]LogScript:Warning: Attempted to get an item from array CallFunc_GetOverlappingActors_OverlappingActors out of bounds [0/0]!
[2016.07.20-04.34.13:532][243]LogScript:Warning: Attempted to get an item from array CallFunc_GetOverlappingActors_OverlappingActors out of bounds [0/0]!
[2016.07.20-04.34.13:532][243]LogScript:Warning: Attempted to get an item from array CallFunc_GetOverlappingActors_OverlappingActors out of bounds [0/0]!
[2016.07.20-04.34.13:862][247]LogScript:Warning: Attempted to get an item from array CallFunc_GetOverlappingActors_OverlappingActors out of bounds [0/0]!
[2016.07.20-04.34.13:862][247]LogScript:Warning: Attempted to get an item from array CallFunc_GetOverlappingActors_OverlappingActors out of bounds [0/0]!
[2016.07.20-04.34.14:186][251]LogScript:Warning: Attempted to get an item from array CallFunc_GetOverlappingActors_OverlappingActors out of bounds [0/0]!
[2016.07.20-04.34.14:186][251]LogScript:Warning: Attempted to get an item from array CallFunc_GetOverlappingActors_OverlappingActors out of bounds [0/0]!
[2016.07.20-04.34.14:513][255]LogScript:Warning: Attempted to get an item from array CallFunc_GetOverlappingActors_OverlappingActors out of bounds [0/0]!
[2016.07.20-04.34.14:513][255]LogScript:Warning: Attempted to get an item from array CallFunc_GetOverlappingActors_OverlappingActors out of bounds [0/0]!
[2016.07.20-04.34.14:832][259]LogScript:Warning: Attempted to get an item from array CallFunc_GetOverlappingActors_OverlappingActors out of bounds [0/0]!
[2016.07.20-04.34.14:832][259]LogScript:Warning: Attempted to get an item from array CallFunc_GetOverlappingActors_OverlappingActors out of bounds [0/0]!
[2016.07.20-04.34.15:144][263]LogScript:Warning: Attempted to get an item from array CallFunc_GetOverlappingActors_OverlappingActors out of bounds [0/0]!
[2016.07.20-04.34.15:144][263]LogScript:Warning: Attempted to get an item from array CallFunc_GetOverlappingActors_OverlappingActors out of bounds [0/0]!
[2016.07.20-04.34.15:457][267]LogScript:Warning: Attempted to get an item from array CallFunc_GetOverlappingActors_OverlappingActors out of bounds [0/0]!
[2016.07.20-04.34.15:457][267]LogScript:Warning: Attempted to get an item from array CallFunc_GetOverlappingActors_OverlappingActors out of bounds [0/0]!
[2016.07.20-04.34.15:784][271]LogScript:Warning: Attempted to get an item from array CallFunc_GetOverlappingActors_OverlappingActors out of bounds [0/0]!
[2016.07.20-04.34.15:784][271]LogScript:Warning: Attempted to get an item from array CallFunc_GetOverlappingActors_OverlappingActors out of bounds [0/0]!
[2016.07.20-04.34.16:113][275]LogScript:Warning: Attempted to get an item from array CallFunc_GetOverlappingActors_OverlappingActors out of bounds [0/0]!
[2016.07.20-04.34.16:113][275]LogScript:Warning: Attempted to get an item from array CallFunc_GetOverlappingActors_OverlappingActors out of bounds [0/0]!
[2016.07.20-04.34.16:436][279]LogScript:Warning: Attempted to get an item from array CallFunc_GetOverlappingActors_OverlappingActors out of bounds [0/0]!
[2016.07.20-04.34.16:436][279]LogScript:Warning: Attempted to get an item from array CallFunc_GetOverlappingActors_OverlappingActors out of bounds [0/0]!
[2016.07.20-04.34.16:756][283]LogScript:Warning: Attempted to get an item from array CallFunc_GetOverlappingActors_OverlappingActors out of bounds [0/0]!
[2016.07.20-04.34.16:756][283]LogScript:Warning: Attempted to get an item from array CallFunc_GetOverlappingActors_OverlappingActors out of bounds [0/0]!
[2016.07.20-04.34.17:078][287]LogScript:Warning: Attempted to get an item from array CallFunc_GetOverlappingActors_OverlappingActors out of bounds [0/0]!
[2016.07.20-04.34.17:078][287]LogScript:Warning: Attempted to get an item from array CallFunc_GetOverlappingActors_OverlappingActors out of bounds [0/0]!
[2016.07.20-04.34.17:403][291]LogScript:Warning: Attempted to get an item from array CallFunc_GetOverlappingActors_OverlappingActors out of bounds [0/0]!
[2016.07.20-04.34.17:403][291]LogScript:Warning: Attempted to get an item from array CallFunc_GetOverlappingActors_OverlappingActors out of bounds [0/0]!
[2016.07.20-04.34.17:729][295]LogScript:Warning: Attempted to get an item from array CallFunc_GetOverlappingActors_OverlappingActors out of bounds [0/0]!
[2016.07.20-04.34.17:729][295]LogScript:Warning: Attempted to get an item from array CallFunc_GetOverlappingActors_OverlappingActors out of bounds [0/0]!
[2016.07.20-04.34.18:058][299]LogScript:Warning: Attempted to get an item from array CallFunc_GetOverlappingActors_OverlappingActors out of bounds [0/0]!
[2016.07.20-04.34.18:058][299]LogScript:Warning: Attempted to get an item from array CallFunc_GetOverlappingActors_OverlappingActors out of bounds [0/0]!
[2016.07.20-04.34.18:381][303]LogScript:Warning: Attempted to get an item from array CallFunc_GetOverlappingActors_OverlappingActors out of bounds [0/0]!
[2016.07.20-04.34.18:381][303]LogScript:Warning: Attempted to get an item from array CallFunc_GetOverlappingActors_OverlappingActors out of bounds [0/0]!
[2016.07.20-04.34.18:693][307]LogScript:Warning: Attempted to get an item from array CallFunc_GetOverlappingActors_OverlappingActors out of bounds [0/0]!
[2016.07.20-04.34.18:693][307]LogScript:Warning: Attempted to get an item from array CallFunc_GetOverlappingActors_OverlappingActors out of bounds [0/0]!
[2016.07.20-04.34.19:011][311]LogScript:Warning: Attempted to get an item from array CallFunc_GetOverlappingActors_OverlappingActors out of bounds [0/0]!
[2016.07.20-04.34.19:011][311]LogScript:Warning: Attempted to get an item from array CallFunc_GetOverlappingActors_OverlappingActors out of bounds [0/0]!
[2016.07.20-04.34.19:323][315]LogScript:Warning: Attempted to get an item from array CallFunc_GetOverlappingActors_OverlappingActors out of bounds [0/0]!
[2016.07.20-04.34.19:323][315]LogScript:Warning: Attempted to get an item from array CallFunc_GetOverlappingActors_OverlappingActors out of bounds [0/0]!
[2016.07.20-04.34.19:643][319]LogScript:Warning: Attempted to get an item from array CallFunc_GetOverlappingActors_OverlappingActors out of bounds [0/0]!
[2016.07.20-04.34.19:643][319]LogScript:Warning: Attempted to get an item from array CallFunc_GetOverlappingActors_OverlappingActors out of bounds [0/0]!
[2016.07.20-04.34.19:972][323]LogScript:Warning: Attempted to get an item from array CallFunc_GetOverlappingActors_OverlappingActors out of bounds [0/0]!
[2016.07.20-04.34.19:972][323]LogScript:Warning: Attempted to get an item from array CallFunc_GetOverlappingActors_OverlappingActors out of bounds [0/0]!
[2016.07.20-04.34.20:299][327]LogScript:Warning: Attempted to get an item from array CallFunc_GetOverlappingActors_OverlappingActors out of bounds [0/0]!
[2016.07.20-04.34.20:299][327]LogScript:Warning: Attempted to get an item from array CallFunc_GetOverlappingActors_OverlappingActors out of bounds [0/0]!
[2016.07.20-04.34.20:613][331]LogScript:Warning: Attempted to get an item from array CallFunc_GetOverlappingActors_OverlappingActors out of bounds [0/0]!
[2016.07.20-04.34.20:613][331]LogScript:Warning: Attempted to get an item from array CallFunc_GetOverlappingActors_OverlappingActors out of bounds [0/0]!
[2016.07.20-04.34.20:929][335]LogScript:Warning: Attempted to get an item from array CallFunc_GetOverlappingActors_OverlappingActors out of bounds [0/0]!
[2016.07.20-04.34.20:929][335]LogScript:Warning: Attempted to get an item from array CallFunc_GetOverlappingActors_OverlappingActors out of bounds [0/0]!
[2016.07.20-04.34.21:243][339]LogScript:Warning: Attempted to get an item from array CallFunc_GetOverlappingActors_OverlappingActors out of bounds [0/0]!
[2016.07.20-04.34.21:243][339]LogScript:Warning: Attempted to get an item from array CallFunc_GetOverlappingActors_OverlappingActors out of bounds [0/0]!
[2016.07.20-04.34.21:555][343]LogScript:Warning: Attempted to get an item from array CallFunc_GetOverlappingActors_OverlappingActors out of bounds [0/0]!
[2016.07.20-04.34.21:555][343]LogScript:Warning: Attempted to get an item from array CallFunc_GetOverlappingActors_OverlappingActors out of bounds [0/0]!
[2016.07.20-04.34.21:881][347]LogScript:Warning: Attempted to get an item from array CallFunc_GetOverlappingActors_OverlappingActors out of bounds [0/0]!
[2016.07.20-04.34.21:881][347]LogScript:Warning: Attempted to get an item from array CallFunc_GetOverlappingActors_OverlappingActors out of bounds [0/0]!
[2016.07.20-04.34.22:209][351]LogScript:Warning: Attempted to get an item from array CallFunc_GetOverlappingActors_OverlappingActors out of bounds [0/0]!
[2016.07.20-04.34.22:209][351]LogScript:Warning: Attempted to get an item from array CallFunc_GetOverlappingActors_OverlappingActors out of bounds [0/0]!
[2016.07.20-04.34.22:530][355]LogScript:Warning: Attempted to get an item from array CallFunc_GetOverlappingActors_OverlappingActors out of bounds [0/0]!
[2016.07.20-04.34.22:530][355]LogScript:Warning: Attempted to get an item from array CallFunc_GetOverlappingActors_OverlappingActors out of bounds [0/0]!
[2016.07.20-04.34.22:842][359]LogScript:Warning: Attempted to get an item from array CallFunc_GetOverlappingActors_OverlappingActors out of bounds [0/0]!
[2016.07.20-04.34.22:842][359]LogScript:Warning: Attempted to get an item from array CallFunc_GetOverlappingActors_OverlappingActors out of bounds [0/0]!
[2016.07.20-04.34.23:157][363]LogScript:Warning: Attempted to get an item from array CallFunc_GetOverlappingActors_OverlappingActors out of bounds [0/0]!
[2016.07.20-04.34.23:157][363]LogScript:Warning: Attempted to get an item from array CallFunc_GetOverlappingActors_OverlappingActors out of bounds [0/0]!
[2016.07.20-04.34.23:469][367]LogScript:Warning: Attempted to get an item from array CallFunc_GetOverlappingActors_OverlappingActors out of bounds [0/0]!
[2016.07.20-04.34.23:469][367]LogScript:Warning: Attempted to get an item from array CallFunc_GetOverlappingActors_OverlappingActors out of bounds [0/0]!
[2016.07.20-04.34.23:792][371]LogScript:Warning: Attempted to get an item from array CallFunc_GetOverlappingActors_OverlappingActors out of bounds [0/0]!
[2016.07.20-04.34.23:793][371]LogScript:Warning: Attempted to get an item from array CallFunc_GetOverlappingActors_OverlappingActors out of bounds [0/0]!
[2016.07.20-04.34.24:118][375]LogScript:Warning: Attempted to get an item from array CallFunc_GetOverlappingActors_OverlappingActors out of bounds [0/0]!
[2016.07.20-04.34.24:118][375]LogScript:Warning: Attempted to get an item from array CallFunc_GetOverlappingActors_OverlappingActors out of bounds [0/0]!
[2016.07.20-04.34.24:389][377]LogWindowsTextInputMethodSystem:Display: IME system now deactivated.
[2016.07.20-04.34.24:391][377]LogEngine: All Windows Closed
[2016.07.20-04.34.24:391][377]LogWindows: FPlatformMisc::RequestExit(0)
[2016.07.20-04.34.25:109][378]LogExit: Preparing to exit.
[2016.07.20-04.34.25:272][378]LogExit: Game engine shut down
[2016.07.20-04.34.25:274][378]LogParticles: Destroying 0 GPU particle simulations for FXSystem 0x00000199B99C4E00
[2016.07.20-04.34.25:447][378]LogExit: Object subsystem successfully closed.
[2016.07.20-04.34.25:464][378]LogD3D11RHI: Shutdown
[2016.07.20-04.34.25:464][378]LogD3D11RHI: CleanupD3DDevice
[2016.07.20-04.34.25:538][378]LogD3D11RHI: ~FD3D11DynamicRHI
[2016.07.20-04.34.25:560][378]LogModuleManager: Shutting down and abandoning module AndroidDeviceDetection (117)
[2016.07.20-04.34.25:938][378]LogModuleManager: Shutting down and abandoning module AutomationController (116)
[2016.07.20-04.34.25:938][378]LogModuleManager: Shutting down and abandoning module AutomationWorker (115)
[2016.07.20-04.34.25:938][378]LogModuleManager: Shutting down and abandoning module CharacterAI (114)
[2016.07.20-04.34.25:938][378]LogModuleManager: Shutting down and abandoning module AITestSuite (113)
[2016.07.20-04.34.25:938][378]LogModuleManager: Shutting down and abandoning module GameplayDebugger (112)
[2016.07.20-04.34.25:938][378]LogModuleManager: Shutting down and abandoning module AIModule (111)
[2016.07.20-04.34.25:938][378]LogModuleManager: Shutting down and abandoning module MovieSceneCapture (110)
[2016.07.20-04.34.25:938][378]LogModuleManager: Shutting down and abandoning module GameLiveStreaming (109)
[2016.07.20-04.34.25:938][378]LogModuleManager: Shutting down and abandoning module StreamingPauseRendering (108)
[2016.07.20-04.34.25:938][378]LogModuleManager: Shutting down and abandoning module ProfilerService (107)
[2016.07.20-04.34.26:071][378]LogModuleManager: Shutting down and abandoning module TaskGraph (106)
[2016.07.20-04.34.26:071][378]LogModuleManager: Shutting down and abandoning module SlateRemote (105)
[2016.07.20-04.34.26:071][378]LogModuleManager: Shutting down and abandoning module SteamVRController (104)
[2016.07.20-04.34.26:071][378]LogModuleManager: Shutting down and abandoning module SteamVR (103)
[2016.07.20-04.34.26:071][378]LogModuleManager: Shutting down and abandoning module ProceduralMeshComponent (102)
[2016.07.20-04.34.26:071][378]LogModuleManager: Shutting down and abandoning module OculusLibrary (101)
[2016.07.20-04.34.26:071][378]LogModuleManager: Shutting down and abandoning module OculusInput (100)
[2016.07.20-04.34.26:071][378]LogModuleManager: Shutting down and abandoning module LeapMotionController (99)
[2016.07.20-04.34.26:084][378]LogModuleManager: Shutting down and abandoning module CustomMeshComponent (98)
[2016.07.20-04.34.26:084][378]LogModuleManager: Shutting down and abandoning module CableComponent (97)
[2016.07.20-04.34.26:084][378]LogModuleManager: Shutting down and abandoning module ArchVisCharacter (96)
[2016.07.20-04.34.26:084][378]LogModuleManager: Shutting down and abandoning module HTML5Networking (95)
[2016.07.20-04.34.26:084][378]LogModuleManager: Shutting down and abandoning module DesktopPlatform (94)
[2016.07.20-04.34.26:084][378]LogModuleManager: Shutting down and abandoning module DirectoryWatcher (93)
[2016.07.20-04.34.26:084][378]LogModuleManager: Shutting down and abandoning module HotReload (92)
[2016.07.20-04.34.26:085][378]LogModuleManager: Shutting down and abandoning module VisualStudioSourceCodeAccess (91)
[2016.07.20-04.34.26:085][378]LogModuleManager: Shutting down and abandoning module UObjectPlugin (90)
[2016.07.20-04.34.26:085][378]LogModuleManager: Shutting down and abandoning module SubversionSourceControl (89)
[2016.07.20-04.34.26:085][378]LogModuleManager: Shutting down and abandoning module SourceControl (88)
[2016.07.20-04.34.26:085][378]LogModuleManager: Shutting down and abandoning module PerforceSourceControl (87)
[2016.07.20-04.34.26:085][378]LogModuleManager: Shutting down and abandoning module UdpMessaging (86)
[2016.07.20-04.34.26:085][378]LogModuleManager: Shutting down and abandoning module LightPropagationVolumeRuntime (85)
[2016.07.20-04.34.26:085][378]LogModuleManager: Shutting down and abandoning module Paper2D (84)
[2016.07.20-04.34.26:085][378]LogModuleManager: Shutting down and abandoning module WindowsMoviePlayer (83)
[2016.07.20-04.34.26:087][378]LogModuleManager: Shutting down and abandoning module Media (82)
[2016.07.20-04.34.26:087][378]LogModuleManager: Shutting down and abandoning module WmfMedia (81)
[2016.07.20-04.34.26:101][378]LogModuleManager: Shutting down and abandoning module OnlineBlueprintSupport (80)
[2016.07.20-04.34.26:102][378]LogModuleManager: Shutting down and abandoning module GameplayTasksEditor (79)
[2016.07.20-04.34.26:102][378]LogModuleManager: Shutting down and abandoning module PropertyEditor (78)
[2016.07.20-04.34.26:102][378]LogModuleManager: Shutting down and abandoning module BehaviorTreeEditor (77)
[2016.07.20-04.34.26:102][378]LogModuleManager: Shutting down and abandoning module FunctionalTesting (76)
[2016.07.20-04.34.26:102][378]LogModuleManager: Shutting down and abandoning module CollisionAnalyzer (75)
[2016.07.20-04.34.26:102][378]LogModuleManager: Shutting down and abandoning module WorkspaceMenuStructure (74)
[2016.07.20-04.34.26:102][378]LogModuleManager: Shutting down and abandoning module MessageLog (73)
[2016.07.20-04.34.26:102][378]LogModuleManager: Shutting down and abandoning module Sequencer (72)
[2016.07.20-04.34.26:102][378]LogModuleManager: Shutting down and abandoning module AssetTools (71)
[2016.07.20-04.34.26:102][378]LogModuleManager: Shutting down and abandoning module UMGEditor (70)
[2016.07.20-04.34.26:102][378]LogModuleManager: Shutting down and abandoning module UMG (69)
[2016.07.20-04.34.26:102][378]LogModuleManager: Shutting down and abandoning module Slate (68)
[2016.07.20-04.34.26:102][378]LogModuleManager: Shutting down and abandoning module EditorStyle (67)
[2016.07.20-04.34.26:104][378]LogModuleManager: Shutting down and abandoning module SessionServices (66)
[2016.07.20-04.34.26:104][378]LogModuleManager: Shutting down and abandoning module SourceCodeAccess (65)
[2016.07.20-04.34.26:104][378]LogModuleManager: Shutting down and abandoning module HeadMountedDisplay (64)
[2016.07.20-04.34.26:104][378]LogModuleManager: Shutting down and abandoning module XAudio2 (63)
[2016.07.20-04.34.26:104][378]LogModuleManager: Shutting down and abandoning module Networking (61)
[2016.07.20-04.34.26:104][378]LogModuleManager: Shutting down and abandoning module Core (60)
[2016.07.20-04.34.26:104][378]LogModuleManager: Shutting down and abandoning module KismetCompiler (59)
[2016.07.20-04.34.26:104][378]LogModuleManager: Shutting down and abandoning module PhysXFormats (58)
[2016.07.20-04.34.26:104][378]LogModuleManager: Shutting down and abandoning module MeshUtilities (57)
[2016.07.20-04.34.26:104][378]LogModuleManager: Shutting down and abandoning module DerivedDataCache (56)
[2016.07.20-04.34.26:292][378]LogDerivedDataCache: Shutdown
[2016.07.20-04.34.26:292][378]LogModuleManager: Shutting down and abandoning module ShaderFormatOpenGL (55)
[2016.07.20-04.34.26:292][378]LogModuleManager: Shutting down and abandoning module ShaderFormatD3D (54)
[2016.07.20-04.34.26:292][378]LogModuleManager: Shutting down and abandoning module MetalShaderFormat (53)
[2016.07.20-04.34.26:292][378]LogModuleManager: Shutting down and abandoning module TextureFormatUncompressed (52)
[2016.07.20-04.34.26:292][378]LogModuleManager: Shutting down and abandoning module TextureFormatPVR (51)
[2016.07.20-04.34.26:292][378]LogModuleManager: Shutting down and abandoning module TextureFormatIntelISPCTexComp (50)
[2016.07.20-04.34.26:292][378]LogModuleManager: Shutting down and abandoning module TextureFormatDXT (49)
[2016.07.20-04.34.26:292][378]LogModuleManager: Shutting down and abandoning module ImageWrapper (48)
[2016.07.20-04.34.26:292][378]LogModuleManager: Shutting down and abandoning module TextureFormatASTC (47)
[2016.07.20-04.34.26:292][378]LogModuleManager: Shutting down and abandoning module TextureFormatAndroid (46)
[2016.07.20-04.34.26:292][378]LogModuleManager: Shutting down and abandoning module AudioFormatOpus (45)
[2016.07.20-04.34.26:292][378]LogModuleManager: Shutting down and abandoning module AudioFormatOgg (44)
[2016.07.20-04.34.26:292][378]LogModuleManager: Shutting down and abandoning module AudioFormatADPCM (43)
[2016.07.20-04.34.26:292][378]LogModuleManager: Shutting down and abandoning module LinuxTargetPlatform (42)
[2016.07.20-04.34.26:293][378]LogModuleManager: Shutting down and abandoning module LinuxServerTargetPlatform (41)
[2016.07.20-04.34.26:293][378]LogModuleManager: Shutting down and abandoning module LinuxNoEditorTargetPlatform (40)
[2016.07.20-04.34.26:293][378]LogModuleManager: Shutting down and abandoning module Messaging (39)
[2016.07.20-04.34.26:293][378]LogModuleManager: Shutting down and abandoning module IOSTargetPlatform (38)
[2016.07.20-04.34.26:293][378]LogModuleManager: Shutting down and abandoning module HTML5TargetPlatform (37)
[2016.07.20-04.34.26:293][378]LogModuleManager: Shutting down and abandoning module Android_PVRTCTargetPlatform (36)
[2016.07.20-04.34.26:293][378]LogModuleManager: Shutting down and abandoning module Android_MultiTargetPlatform (35)
[2016.07.20-04.34.26:293][378]LogModuleManager: Shutting down and abandoning module Android_ETC2TargetPlatform (34)
[2016.07.20-04.34.26:293][378]LogModuleManager: Shutting down and abandoning module Android_ETC1TargetPlatform (33)
[2016.07.20-04.34.26:293][378]LogModuleManager: Shutting down and abandoning module Android_DXTTargetPlatform (32)
[2016.07.20-04.34.26:293][378]LogModuleManager: Shutting down and abandoning module Android_ATCTargetPlatform (31)
[2016.07.20-04.34.26:293][378]LogModuleManager: Shutting down and abandoning module Android_ASTCTargetPlatform (30)
[2016.07.20-04.34.26:293][378]LogModuleManager: Shutting down and abandoning module AndroidTargetPlatform (29)
[2016.07.20-04.34.26:293][378]LogModuleManager: Shutting down and abandoning module WindowsTargetPlatform (28)
[2016.07.20-04.34.26:293][378]LogModuleManager: Shutting down and abandoning module WindowsServerTargetPlatform (27)
[2016.07.20-04.34.26:293][378]LogModuleManager: Shutting down and abandoning module WindowsNoEditorTargetPlatform (26)
[2016.07.20-04.34.26:293][378]LogModuleManager: Shutting down and abandoning module WindowsClientTargetPlatform (25)
[2016.07.20-04.34.26:293][378]LogModuleManager: Shutting down and abandoning module AllDesktopTargetPlatform (24)
[2016.07.20-04.34.26:293][378]LogModuleManager: Shutting down and abandoning module TargetPlatform (23)
[2016.07.20-04.34.26:293][378]LogModuleManager: Shutting down and abandoning module InputCore (22)
[2016.07.20-04.34.26:293][378]LogModuleManager: Shutting down and abandoning module Settings (21)
[2016.07.20-04.34.26:293][378]LogModuleManager: Shutting down and abandoning module OnlineSubsystem (19)
[2016.07.20-04.34.26:293][378]LogModuleManager: Shutting down and abandoning module HTTP (18)
[2016.07.20-04.34.26:293][378]LogModuleManager: Shutting down and abandoning module XMPP (17)
[2016.07.20-04.34.26:294][378]LogModuleManager: Shutting down and abandoning module OculusRift (16)
[2016.07.20-04.34.26:294][378]LogModuleManager: Shutting down and abandoning module ExampleDeviceProfileSelector (15)
[2016.07.20-04.34.26:294][378]LogModuleManager: Shutting down and abandoning module TextureCompressor (14)
[2016.07.20-04.34.26:294][378]LogModuleManager: Shutting down and abandoning module ShaderCore (13)
[2016.07.20-04.34.26:294][378]LogModuleManager: Shutting down and abandoning module Landscape (12)
[2016.07.20-04.34.26:294][378]LogModuleManager: Shutting down and abandoning module SlateRHIRenderer (11)
[2016.07.20-04.34.26:295][378]LogModuleManager: Shutting down and abandoning module OpenGLDrv (10)
[2016.07.20-04.34.26:295][378]LogModuleManager: Shutting down and abandoning module D3D11RHI (9)
[2016.07.20-04.34.26:295][378]LogModuleManager: Shutting down and abandoning module AnimGraphRuntime (8)
[2016.07.20-04.34.26:295][378]LogModuleManager: Shutting down and abandoning module Renderer (7)
[2016.07.20-04.34.26:295][378]LogModuleManager: Shutting down and abandoning module Engine (6)
[2016.07.20-04.34.26:295][378]LogModuleManager: Shutting down and abandoning module CoreUObject (5)
[2016.07.20-04.34.26:295][378]LogModuleManager: Shutting down and abandoning module NetworkFile (4)
[2016.07.20-04.34.26:295][378]LogModuleManager: Shutting down and abandoning module StreamingFile (3)
[2016.07.20-04.34.26:295][378]LogModuleManager: Shutting down and abandoning module SandboxFile (2)
[2016.07.20-04.34.26:295][378]LogModuleManager: Shutting down and abandoning module PakFile (1)
[2016.07.20-04.34.26:296][378]LogExit: Exiting.
[2016.07.20-04.34.26:297][378]Log file closed, 07/19/16 21:34:26
