[2016.06.24-00.44.23:381][  0]Log file open, 06/23/16 17:44:23
[2016.06.24-00.44.23:381][  0]LogInit:Display: Running engine for game: GaryTim
[2016.06.24-00.44.23:381][  0]LogPlatformFile: Not using cached read wrapper
[2016.06.24-00.44.23:381][  0]LogInit:Display: RandInit(200127826) SRandInit(200127827).
[2016.06.24-00.44.23:381][  0]LogTaskGraph: Started task graph with 4 named threads and 7 total threads.
[2016.06.24-00.44.23:381][  0]LogStats: Stats thread started at 0.086996
[2016.06.24-00.44.23:381][  0]LogInit: Version: 4.10.4-2872498+++depot+UE4-Releases+4.10
[2016.06.24-00.44.23:381][  0]LogInit: API Version: 2758231
[2016.06.24-00.44.23:381][  0]LogInit: Compiled (64-bit): Feb 18 2016 15:47:04
[2016.06.24-00.44.23:381][  0]LogInit: Compiled with Visual C++: 19.00.23026.00
[2016.06.24-00.44.23:381][  0]LogInit: Build Configuration: Development
[2016.06.24-00.44.23:381][  0]LogInit: Branch Name: ++depot+UE4-Releases+4.10
[2016.06.24-00.44.23:381][  0]LogInit: Command line: 
[2016.06.24-00.44.23:381][  0]LogInit: Base directory: C:/Program Files (x86)/Epic Games/4.10/Engine/Binaries/Win64/
[2016.06.24-00.44.23:381][  0]LogInit: Rocket: 1
[2016.06.24-00.44.23:389][  0]LogInit: Using libcurl 7.41.0
[2016.06.24-00.44.23:389][  0]LogInit:  - built for x86_64-pc-win32
[2016.06.24-00.44.23:389][  0]LogInit:  - supports SSL with WinSSL
[2016.06.24-00.44.23:389][  0]LogInit:  - other features:
[2016.06.24-00.44.23:389][  0]LogInit:      CURL_VERSION_SSL
[2016.06.24-00.44.23:389][  0]LogInit:      CURL_VERSION_IPV6
[2016.06.24-00.44.23:389][  0]LogInit:      CURL_VERSION_ASYNCHDNS
[2016.06.24-00.44.23:389][  0]LogInit:      CURL_VERSION_LARGEFILE
[2016.06.24-00.44.23:389][  0]LogInit:      CURL_VERSION_IDN
[2016.06.24-00.44.23:389][  0]LogInit:  CurlRequestOptions (configurable via config and command line):
[2016.06.24-00.44.23:389][  0]LogInit:  - bVerifyPeer = true  - Libcurl will verify peer certificate
[2016.06.24-00.44.23:389][  0]LogInit:  - bUseHttpProxy = false  - Libcurl will NOT use HTTP proxy
[2016.06.24-00.44.23:389][  0]LogInit:  - bDontReuseConnections = false  - Libcurl will reuse connections
[2016.06.24-00.44.23:389][  0]LogInit:  - CertBundlePath = nullptr  - Libcurl will use whatever was configured at build time.
[2016.06.24-00.44.23:397][  0]LogInit: Presizing for 0 objects not considered by GC, pre-allocating 0 bytes.
[2016.06.24-00.44.23:402][  0]LogInit: Object subsystem initialized
[2016.06.24-00.44.23:403][  0]LogInit: Selected Device Profile: [Windows]
[2016.06.24-00.44.23:403][  0]LogInit: Applying CVar settings loaded from the selected device profile: [Windows]
[2016.06.24-00.44.23:413][  0]LogInit: Computer: MSI
[2016.06.24-00.44.23:413][  0]LogInit: User: MasterGuy
[2016.06.24-00.44.23:413][  0]LogInit: CPU Page size=4096, Cores=4
[2016.06.24-00.44.23:413][  0]LogInit: High frequency timer resolution =2.338346 MHz
[2016.06.24-00.44.23:413][  0]LogMemory: Memory total: Physical=7.9GB (8GB approx)
[2016.06.24-00.44.23:413][  0]LogMemory: Platform Memory Stats for Windows
[2016.06.24-00.44.23:413][  0]LogMemory: Process Physical Memory: 57.52 MB used, 57.52 MB peak
[2016.06.24-00.44.23:413][  0]LogMemory: Process Virtual Memory: 56.78 MB used, 56.78 MB peak
[2016.06.24-00.44.23:413][  0]LogMemory: Physical Memory: 3310.32 MB used, 8110.90 MB total
[2016.06.24-00.44.23:413][  0]LogMemory: Virtual Memory: 383.58 MB used, 134217728.00 MB total
[2016.06.24-00.44.23:479][  0]LogTextLocalizationManager: No specific translations for ('en-US') exist, so ('en') translations will be used.
[2016.06.24-00.44.23:875][  0]LogD3D11RHI: Found D3D11 adapter 0: NVIDIA GeForce GTX 765M (Feature Level 11_0)
[2016.06.24-00.44.23:875][  0]LogD3D11RHI: Adapter has 1991MB of dedicated video memory, 0MB of dedicated system memory, and 4055MB of shared system memory, 1 output[s]
[2016.06.24-00.44.23:880][  0]LogD3D11RHI: Found D3D11 adapter 1: Intel(R) HD Graphics 4600 (Feature Level 11_0)
[2016.06.24-00.44.23:880][  0]LogD3D11RHI: Adapter has 112MB of dedicated video memory, 0MB of dedicated system memory, and 4055MB of shared system memory, 0 output[s]
[2016.06.24-00.44.23:882][  0]LogD3D11RHI: Found D3D11 adapter 2: Microsoft Basic Render Driver (Feature Level 11_0)
[2016.06.24-00.44.23:882][  0]LogD3D11RHI: Adapter has 0MB of dedicated video memory, 0MB of dedicated system memory, and 4055MB of shared system memory, 0 output[s]
[2016.06.24-00.44.23:882][  0]LogD3D11RHI: Chosen D3D11 Adapter Id = 0
[2016.06.24-00.44.23:887][  0]LogD3D11RHI: !Direct3DDevice
[2016.06.24-00.44.23:887][  0]LogRHI: Texture pool is 1361 MB (70% of 1945 MB)
[2016.06.24-00.44.23:901][  0]LogD3D11RHI: Async texture creation enabled
[2016.06.24-00.44.23:918][  0]LogShaderCompilers: Guid format shader working directory is -14 characters bigger than the processId version (../../../../../../Users/Master Guy/Desktop/suppository/GaryTim/Intermediate/Shaders/WorkingDirectory/11472/).
[2016.06.24-00.44.23:918][  0]LogShaderCompilers: Cleaned the shader compiler working directory 'C:/Users/MASTER~1/AppData/Local/Temp/UnrealShaderWorkingDir/4FBEE3B2408A58F41594C98675D68244/'.
[2016.06.24-00.44.23:918][  0]LogShaderCompilers:Display: Using Local Shader Compiler.
[2016.06.24-00.44.24:928][  0]LogTemp:Display: Loaded TP AllDesktopTargetPlatform
[2016.06.24-00.44.24:934][  0]LogTemp:Display: Loaded TP WindowsClientTargetPlatform
[2016.06.24-00.44.24:938][  0]LogTemp:Display: Loaded TP WindowsNoEditorTargetPlatform
[2016.06.24-00.44.24:943][  0]LogTemp:Display: Loaded TP WindowsServerTargetPlatform
[2016.06.24-00.44.24:948][  0]LogTemp:Display: Loaded TP WindowsTargetPlatform
[2016.06.24-00.44.24:951][  0]LogTemp:Display: Loaded TP AndroidTargetPlatform
[2016.06.24-00.44.24:954][  0]LogTemp:Display: Loaded TP Android_ASTCTargetPlatform
[2016.06.24-00.44.24:958][  0]LogTemp:Display: Loaded TP Android_ATCTargetPlatform
[2016.06.24-00.44.24:961][  0]LogTemp:Display: Loaded TP Android_DXTTargetPlatform
[2016.06.24-00.44.24:964][  0]LogTemp:Display: Loaded TP Android_ETC1TargetPlatform
[2016.06.24-00.44.24:968][  0]LogTemp:Display: Loaded TP Android_ETC2TargetPlatform
[2016.06.24-00.44.24:975][  0]LogTemp:Display: Loaded TP Android_MultiTargetPlatform
[2016.06.24-00.44.24:975][  0]LogTemp:Display: Loaded TP Android_PVRTCTargetPlatform
[2016.06.24-00.44.24:977][  0]LogTemp:Display: Loaded TP HTML5TargetPlatform
[2016.06.24-00.44.24:994][  0]LogTemp:Display: Loaded TP IOSTargetPlatform
[2016.06.24-00.44.24:998][  0]LogTemp:Display: Loaded TP LinuxNoEditorTargetPlatform
[2016.06.24-00.44.25:002][  0]LogTemp:Display: Loaded TP LinuxServerTargetPlatform
[2016.06.24-00.44.25:006][  0]LogTemp:Display: Loaded TP LinuxTargetPlatform
[2016.06.24-00.44.25:006][  0]LogTargetPlatformManager:Display: Building Assets For Windows
[2016.06.24-00.44.25:104][  0]LogDerivedDataCache:Display: Max Cache Size: 512 MB
[2016.06.24-00.44.25:154][  0]LogDerivedDataCache: Loaded boot cache 0.05s 41MB C:/Users/Master Guy/AppData/Local/UnrealEngine/4.10/DerivedDataCache/Boot.ddc.
[2016.06.24-00.44.25:154][  0]LogDerivedDataCache:Display: Loaded Boot cache: C:/Users/Master Guy/AppData/Local/UnrealEngine/4.10/DerivedDataCache/Boot.ddc
[2016.06.24-00.44.25:154][  0]LogDerivedDataCache: FDerivedDataBackendGraph:  Pak pak cache file ../../../../../../Users/Master Guy/Desktop/suppository/GaryTim/DerivedDataCache/DDC.ddp not found, will not use a pak cache.
[2016.06.24-00.44.25:154][  0]LogDerivedDataCache: Unable to find inner node Pak for hierarchical cache Hierarchy.
[2016.06.24-00.44.25:154][  0]LogDerivedDataCache: FDerivedDataBackendGraph:  CompressedPak pak cache file ../../../../../../Users/Master Guy/Desktop/suppository/GaryTim/DerivedDataCache/Compressed.ddp not found, will not use a pak cache.
[2016.06.24-00.44.25:154][  0]LogDerivedDataCache: Unable to find inner node CompressedPak for hierarchical cache Hierarchy.
[2016.06.24-00.44.25:212][  0]LogDerivedDataCache:Display: Pak cache opened for reading ../../../Engine/DerivedDataCache/Compressed.ddp.
[2016.06.24-00.44.25:224][  0]LogDerivedDataCache: Using Local data cache path C:/Users/Master Guy/AppData/Local/UnrealEngine/Common/DerivedDataCache: Writable
[2016.06.24-00.44.25:428][  0]LogInit: Selected Device Profile: [Windows]
[2016.06.24-00.44.25:430][  0]LogContentStreaming: Texture pool size is 0.000000MB
[2016.06.24-00.44.25:537][  0]LogMeshUtilities: No automatic mesh reduction module available
[2016.06.24-00.44.25:537][  0]LogMeshUtilities: No automatic mesh merging module available
[2016.06.24-00.44.25:761][  0]LogInit: WinSock: version 1.1 (2.2), MaxSocks=32767, MaxUdp=65467
[2016.06.24-00.44.26:749][  0]UdpMessaging: Initializing bridge on interface 0.0.0.0:0 to multicast group 230.0.0.1:6666.
[2016.06.24-00.44.26:850][  0]LogAssetRegistry: FAssetRegistry took 0.0108 seconds to start up
[2016.06.24-00.44.27:075][  0]SourceControl: Info Source control is disabled
[2016.06.24-00.44.27:076][  0]SourceControl: Info Source control is disabled
[2016.06.24-00.44.27:092][  0]SourceControl: Info Source control is disabled
[2016.06.24-00.44.27:108][  0]SourceControl: Info Source control is disabled
[2016.06.24-00.44.27:437][  0]LogObj: 28633 objects as part of root set at end of initial load.
[2016.06.24-00.44.27:437][  0]LogUObjectAllocator: 6099752 out of 0 bytes used by permanent object pool.
[2016.06.24-00.44.27:491][  0]LogEngine: Initializing Engine...
[2016.06.24-00.44.27:495][  0]LogHMD: Can't find Oculus library dev build: is proper Runtime installed? Version: 0.8.0.0
[2016.06.24-00.44.27:496][  0]LogHMD: SteamVR failed to initialize.  Err: 110
[2016.06.24-00.44.27:618][  0]LogAIModule: Creating AISystem for world NewWorld
[2016.06.24-00.44.27:623][  0]LogInit: XAudio2 using 'Speakers (Realtek High Definition Audio)' : 2 channels at 48 kHz using 32 bits per sample (channel mask 0x3)
[2016.06.24-00.44.27:634][  0]LogInit: FAudioDevice initialized.
[2016.06.24-00.44.27:658][  0]LogDerivedDataCache: Saved boot cache 0.02s 41MB C:/Users/Master Guy/AppData/Local/UnrealEngine/4.10/DerivedDataCache/Boot.ddc.
[2016.06.24-00.44.27:663][  0]LogInit: Texture streaming: Enabled
[2016.06.24-00.44.27:668][  0]LogAnalytics: Creating configured Analytics provider AnalyticsET
[2016.06.24-00.44.27:668][  0]LogAnalytics: [UEEditor.Rocket.Release] APIServer = http://et2.epicgames.com/ET2/. AppVersion = 4.10.4-2872498+++depot+UE4-Releases+4.10
[2016.06.24-00.44.27:668][  0]LogAnalytics: [UEEditor.Rocket.Release] SetUserId 0ff8bdf5463f31a35e2b04b809019cd1|10f330c5297a4636b2afc2f7247333c3|a5587157-775d-4618-9bfb-78982c3b8f98
[2016.06.24-00.44.27:668][  0]LogAnalytics: [UEEditor.Rocket.Release] AnalyticsET::StartSession
[2016.06.24-00.44.27:677][  0]LogInit: Transaction tracking system initialized
[2016.06.24-00.44.27:701][  0]BlueprintLog: New page: Editor Load
[2016.06.24-00.44.27:771][  0]LocalizationService: Info Localization service is disabled
[2016.06.24-00.44.27:864][  0]LogLinker:Warning: Can't find file '/Game/FirstPersonBP/FirstPersonOverview'
[2016.06.24-00.44.27:864][  0]LogLinker:Warning: Can't find file '/Game/FirstPersonBP/FirstPersonOverview'
[2016.06.24-00.44.27:864][  0]LogUObjectGlobals:Warning: Failed to find object 'Class /Game/FirstPersonBP/FirstPersonOverview.FirstPersonOverview_C'
[2016.06.24-00.44.27:879][  0]LogConsoleResponse:Display: 
[2016.06.24-00.44.28:006][  0]LogCook:Display: Done creating registry. It took  0.00s.
[2016.06.24-00.44.28:105][  0]LogFileCache: Scanning file cache for directory 'C:/Users/Master Guy/Desktop/suppository/GaryTim/Content/' took 0.02s
[2016.06.24-00.44.28:105][  0]SourceControl: Info Source control is disabled
[2016.06.24-00.44.28:106][  0]Cmd: MAP LOAD FILE="../../../../../../Users/Master Guy/Desktop/suppository/GaryTim/Content/ThirdPersonBP/Maps/ThirdPersonExampleMap.umap" TEMPLATE=0 SHOWPROGRESS=1 FEATURELEVEL=3
[2016.06.24-00.44.28:106][  0]LogEditorServer:Warning: Can't find file '../../../../../../Users/Master Guy/Desktop/suppository/GaryTim/Content/ThirdPersonBP/Maps/ThirdPersonExampleMap.umap'
[2016.06.24-00.44.28:106][  0]Cmd: MAP CHECKDEP NOCLEARLOG
[2016.06.24-00.44.28:228][  0]MapCheck: Info Map check complete: 0 Error(s), 0 Warning(s), took 122.141ms to complete.
[2016.06.24-00.44.28:228][  0]LogFileHelpers: Loading map 'ThirdPersonExampleMap' took 0.123
[2016.06.24-00.44.28:360][  0]LogCollectionManager: Loaded 0 collections in 0.002293 seconds
[2016.06.24-00.44.28:400][  0]LogFileCache: Scanning file cache for directory 'C:/Users/Master Guy/Desktop/suppository/GaryTim/Saved/Collections/' took 0.01s
[2016.06.24-00.44.28:400][  0]LogFileCache: Scanning file cache for directory 'C:/Users/Master Guy/Desktop/suppository/GaryTim/Content/Developers/MasterGuy/Collections/' took 0.01s
[2016.06.24-00.44.28:400][  0]LogFileCache: Scanning file cache for directory 'C:/Users/Master Guy/Desktop/suppository/GaryTim/Content/Collections/' took 0.01s
[2016.06.24-00.44.28:400][  0]LogCollectionManager: Rebuilt the GUID cache for 0 collections in 0.000002 seconds
[2016.06.24-00.44.28:407][  0]LogContentBrowser: Native class hierarchy populated in 0.0071 seconds. Added 1893 classes and 338 folders.
[2016.06.24-00.44.28:415][  0]LogContentBrowser: Native class hierarchy updated for 'WidgetCarousel' in 0.0004 seconds. Added 0 classes and 0 folders.
[2016.06.24-00.44.28:497][  0]LogContentBrowser: Native class hierarchy updated for 'AddContentDialog' in 0.0011 seconds. Added 0 classes and 0 folders.
[2016.06.24-00.44.28:502][  0]LogContentBrowser: Native class hierarchy updated for 'SceneOutliner' in 0.0004 seconds. Added 1 classes and 2 folders.
[2016.06.24-00.44.28:521][  0]LogCrashTracker: Crashtracker disabled due to settings.
[2016.06.24-00.44.28:526][  0]LogUObjectGlobals:Warning: Failed to find object 'Class None.'
[2016.06.24-00.44.28:549][  0]LogLoad: Full Startup: 5.62 seconds (BP compile: 0.00 seconds)
[2016.06.24-00.44.28:571][  0]LogOcInput: Can't find Oculus library dev build: is proper Runtime installed? Version: 0.8.0.0
[2016.06.24-00.44.28:617][  0]LogContentStreaming: Texture pool size now 400 MB
[2016.06.24-00.44.28:730][  0]LogRenderer: Reallocating scene render targets to support 952x408 (Frame:2).
[2016.06.24-00.44.28:886][  1]LogAssetRegistry: Asset discovery search completed in 2.0471 seconds
[2016.06.24-00.44.28:886][  1]LogCollectionManager: Rebuilt the object cache for 0 collections in 0.000001 seconds (found 0 objects)
[2016.06.24-00.44.28:886][  1]LogCollectionManager: Fixed up redirectors for 0 collections in 0.000018 seconds (updated 0 objects)
[2016.06.24-00.44.30:606][ 35]LogWindowsTextInputMethodSystem:Display: IME system now deactivated.
[2016.06.24-00.44.30:805][ 36]Cmd: QUIT_EDITOR
[2016.06.24-00.44.30:934][ 36]LogExit: Preparing to exit.
[2016.06.24-00.44.31:803][ 36]LogExit: Editor shut down
[2016.06.24-00.44.31:804][ 36]LogParticles: Destroying 0 GPU particle simulations for FXSystem 0x000001D35EE1AAC0
[2016.06.24-00.44.31:804][ 36]LogExit: Transaction tracking system shut down
[2016.06.24-00.44.31:805][ 36]LogParticles: Destroying 0 GPU particle simulations for FXSystem 0x000001D351CF7EC0
[2016.06.24-00.44.31:805][ 36]LogParticles: Destroying 0 GPU particle simulations for FXSystem 0x000001D3520CA520
[2016.06.24-00.44.31:944][ 36]LogExit: Object subsystem successfully closed.
[2016.06.24-00.44.31:958][ 36]LogD3D11RHI: Shutdown
[2016.06.24-00.44.31:958][ 36]LogD3D11RHI: CleanupD3DDevice
[2016.06.24-00.44.32:027][ 36]LogD3D11RHI: ~FD3D11DynamicRHI
[2016.06.24-00.44.32:059][ 36]LogModuleManager: Shutting down and abandoning module CrashTracker (197)
[2016.06.24-00.44.32:059][ 36]LogModuleManager: Shutting down and abandoning module SceneOutliner (196)
[2016.06.24-00.44.32:059][ 36]LogModuleManager: Shutting down and abandoning module SuperSearch (195)
[2016.06.24-00.44.32:059][ 36]LogModuleManager: Shutting down and abandoning module WidgetCarousel (194)
[2016.06.24-00.44.32:059][ 36]LogModuleManager: Shutting down and abandoning module AddContentDialog (193)
[2016.06.24-00.44.32:061][ 36]LogModuleManager: Shutting down and abandoning module EditorWidgets (192)
[2016.06.24-00.44.32:061][ 36]LogModuleManager: Shutting down and abandoning module CollectionManager (191)
[2016.06.24-00.44.32:062][ 36]LogModuleManager: Shutting down and abandoning module FoliageEdit (190)
[2016.06.24-00.44.32:062][ 36]LogModuleManager: Shutting down and abandoning module LandscapeEditor (189)
[2016.06.24-00.44.32:063][ 36]LogModuleManager: Shutting down and abandoning module ActorPickerMode (188)
[2016.06.24-00.44.32:063][ 36]LogModuleManager: Shutting down and abandoning module GeometryMode (187)
[2016.06.24-00.44.32:063][ 36]LogModuleManager: Shutting down and abandoning module TextureAlignMode (186)
[2016.06.24-00.44.32:063][ 36]LogModuleManager: Shutting down and abandoning module BspMode (185)
[2016.06.24-00.44.32:063][ 36]LogModuleManager: Shutting down and abandoning module PlacementMode (184)
[2016.06.24-00.44.32:063][ 36]LogModuleManager: Shutting down and abandoning module AutomationWorker (183)
[2016.06.24-00.44.32:063][ 36]LogModuleManager: Shutting down and abandoning module CharacterAI (182)
[2016.06.24-00.44.32:063][ 36]LogModuleManager: Shutting down and abandoning module SmartSnapping (181)
[2016.06.24-00.44.32:063][ 36]LogModuleManager: Shutting down and abandoning module ViewportSnapping (180)
[2016.06.24-00.44.32:063][ 36]LogModuleManager: Shutting down and abandoning module LogVisualizer (179)
[2016.06.24-00.44.32:064][ 36]LogModuleManager: Shutting down and abandoning module GameProjectGeneration (178)
[2016.06.24-00.44.32:064][ 36]LogModuleManager: Shutting down and abandoning module IntroTutorials (177)
[2016.06.24-00.44.32:064][ 36]LogModuleManager: Shutting down and abandoning module EditorLiveStreaming (176)
[2016.06.24-00.44.32:064][ 36]LogModuleManager: Shutting down and abandoning module IOSPlatformEditor (175)
[2016.06.24-00.44.32:064][ 36]LogModuleManager: Shutting down and abandoning module HTML5PlatformEditor (174)
[2016.06.24-00.44.32:064][ 36]LogModuleManager: Shutting down and abandoning module AndroidDeviceDetection (173)
[2016.06.24-00.44.32:829][ 36]LogModuleManager: Shutting down and abandoning module AndroidPlatformEditor (172)
[2016.06.24-00.44.32:830][ 36]LogModuleManager: Shutting down and abandoning module IOSRuntimeSettings (171)
[2016.06.24-00.44.32:830][ 36]LogModuleManager: Shutting down and abandoning module AndroidRuntimeSettings (170)
[2016.06.24-00.44.32:830][ 36]LogModuleManager: Shutting down and abandoning module MergeActors (169)
[2016.06.24-00.44.32:830][ 36]LogModuleManager: Shutting down and abandoning module SizeMap (168)
[2016.06.24-00.44.32:830][ 36]LogModuleManager: Shutting down and abandoning module TreeMap (167)
[2016.06.24-00.44.32:830][ 36]LogModuleManager: Shutting down and abandoning module ReferenceViewer (166)
[2016.06.24-00.44.32:830][ 36]LogModuleManager: Shutting down and abandoning module LocalizationService (165)
[2016.06.24-00.44.32:830][ 36]LogModuleManager: Shutting down and abandoning module LocalizationDashboard (164)
[2016.06.24-00.44.32:830][ 36]LogModuleManager: Shutting down and abandoning module HardwareTargeting (163)
[2016.06.24-00.44.32:830][ 36]LogModuleManager: Shutting down and abandoning module DeviceProfileEditor (162)
[2016.06.24-00.44.32:830][ 36]LogModuleManager: Shutting down and abandoning module UndoHistory (161)
[2016.06.24-00.44.32:830][ 36]LogModuleManager: Shutting down and abandoning module GameplayTagsEditor (160)
[2016.06.24-00.44.32:830][ 36]LogModuleManager: Shutting down and abandoning module UserFeedback (159)
[2016.06.24-00.44.32:830][ 36]LogModuleManager: Shutting down and abandoning module XmlParser (158)
[2016.06.24-00.44.32:830][ 36]LogModuleManager: Shutting down and abandoning module Blutility (157)
[2016.06.24-00.44.32:830][ 36]LogModuleManager: Shutting down and abandoning module ProjectTargetPlatformEditor (156)
[2016.06.24-00.44.32:830][ 36]LogModuleManager: Shutting down and abandoning module ProjectSettingsViewer (155)
[2016.06.24-00.44.32:830][ 36]LogModuleManager: Shutting down and abandoning module InputBindingEditor (154)
[2016.06.24-00.44.32:830][ 36]LogModuleManager: Shutting down and abandoning module EditorSettingsViewer (153)
[2016.06.24-00.44.32:830][ 36]LogModuleManager: Shutting down and abandoning module SettingsEditor (152)
[2016.06.24-00.44.32:830][ 36]LogModuleManager: Shutting down and abandoning module ProjectLauncher (151)
[2016.06.24-00.44.32:830][ 36]LogModuleManager: Shutting down and abandoning module SessionFrontend (150)
[2016.06.24-00.44.32:830][ 36]LogModuleManager: Shutting down and abandoning module ProfilerClient (149)
[2016.06.24-00.44.32:830][ 36]LogModuleManager: Shutting down and abandoning module TargetDeviceServices (148)
[2016.06.24-00.44.32:830][ 36]LogModuleManager: Shutting down and abandoning module DeviceManager (147)
[2016.06.24-00.44.32:830][ 36]LogModuleManager: Shutting down and abandoning module AutomationController (146)
[2016.06.24-00.44.32:830][ 36]LogModuleManager: Shutting down and abandoning module AutomationWindow (145)
[2016.06.24-00.44.32:830][ 36]LogModuleManager: Shutting down and abandoning module Layers (144)
[2016.06.24-00.44.32:830][ 36]LogModuleManager: Shutting down and abandoning module ComponentVisualizers (143)
[2016.06.24-00.44.32:830][ 36]LogModuleManager: Shutting down and abandoning module DetailCustomizations (142)
[2016.06.24-00.44.32:830][ 36]LogModuleManager: Shutting down and abandoning module PackagesDialog (141)
[2016.06.24-00.44.32:830][ 36]LogModuleManager: Shutting down and abandoning module Persona (140)
[2016.06.24-00.44.32:830][ 36]LogModuleManager: Shutting down and abandoning module Kismet (139)
[2016.06.24-00.44.32:830][ 36]LogModuleManager: Shutting down and abandoning module GraphEditor (138)
[2016.06.24-00.44.32:830][ 36]LogModuleManager: Shutting down and abandoning module ClassViewer (137)
[2016.06.24-00.44.32:830][ 36]LogModuleManager: Shutting down and abandoning module Toolbox (136)
[2016.06.24-00.44.32:830][ 36]LogModuleManager: Shutting down and abandoning module ModuleUI (135)
[2016.06.24-00.44.32:830][ 36]LogModuleManager: Shutting down and abandoning module MovieSceneTools (134)
[2016.06.24-00.44.32:830][ 36]LogModuleManager: Shutting down and abandoning module OutputLog (133)
[2016.06.24-00.44.32:830][ 36]LogModuleManager: Shutting down and abandoning module GammaUI (132)
[2016.06.24-00.44.32:830][ 36]LogModuleManager: Shutting down and abandoning module Documentation (131)
[2016.06.24-00.44.32:830][ 36]LogModuleManager: Shutting down and abandoning module GameLiveStreaming (130)
[2016.06.24-00.44.32:831][ 36]LogModuleManager: Shutting down and abandoning module StreamingPauseRendering (129)
[2016.06.24-00.44.32:831][ 36]LogModuleManager: Shutting down and abandoning module AnalyticsET (128)
[2016.06.24-00.44.32:831][ 36]LogModuleManager: Shutting down and abandoning module Analytics (127)
[2016.06.24-00.44.32:831][ 36]LogModuleManager: Shutting down and abandoning module AITestSuite (126)
[2016.06.24-00.44.32:831][ 36]LogModuleManager: Shutting down and abandoning module GameplayDebugger (125)
[2016.06.24-00.44.32:831][ 36]LogModuleManager: Shutting down and abandoning module AIModule (124)
[2016.06.24-00.44.32:831][ 36]LogModuleManager: Shutting down and abandoning module ProfilerService (123)
[2016.06.24-00.44.32:949][ 36]LogModuleManager: Shutting down and abandoning module TaskGraph (122)
[2016.06.24-00.44.32:949][ 36]LogModuleManager: Shutting down and abandoning module SlateRemote (121)
[2016.06.24-00.44.32:949][ 36]LogModuleManager: Shutting down and abandoning module SteamVRController (120)
[2016.06.24-00.44.32:949][ 36]LogModuleManager: Shutting down and abandoning module SteamVR (119)
[2016.06.24-00.44.32:949][ 36]LogModuleManager: Shutting down and abandoning module ProceduralMeshComponent (118)
[2016.06.24-00.44.32:949][ 36]LogModuleManager: Shutting down and abandoning module OculusLibrary (117)
[2016.06.24-00.44.32:949][ 36]LogModuleManager: Shutting down and abandoning module OculusInput (116)
[2016.06.24-00.44.32:949][ 36]LogModuleManager: Shutting down and abandoning module LeapMotionController (115)
[2016.06.24-00.44.32:964][ 36]LogModuleManager: Shutting down and abandoning module CustomMeshComponent (114)
[2016.06.24-00.44.32:964][ 36]LogModuleManager: Shutting down and abandoning module CableComponent (113)
[2016.06.24-00.44.32:964][ 36]LogModuleManager: Shutting down and abandoning module ArchVisCharacter (112)
[2016.06.24-00.44.32:964][ 36]LogModuleManager: Shutting down and abandoning module MessagingDebugger (111)
[2016.06.24-00.44.32:964][ 36]LogModuleManager: Shutting down and abandoning module MediaPlayerEditor (110)
[2016.06.24-00.44.32:964][ 36]LogModuleManager: Shutting down and abandoning module HTML5Networking (109)
[2016.06.24-00.44.32:964][ 36]LogModuleManager: Shutting down and abandoning module SpeedTreeImporter (108)
[2016.06.24-00.44.32:964][ 36]LogModuleManager: Shutting down and abandoning module PluginBrowser (107)
[2016.06.24-00.44.32:964][ 36]LogModuleManager: Shutting down and abandoning module EpicSurvey (106)
[2016.06.24-00.44.32:964][ 36]LogModuleManager: Shutting down and abandoning module DesktopPlatform (105)
[2016.06.24-00.44.32:964][ 36]LogModuleManager: Shutting down and abandoning module VisualStudioSourceCodeAccess (104)
[2016.06.24-00.44.32:964][ 36]LogModuleManager: Shutting down and abandoning module UObjectPlugin (103)
[2016.06.24-00.44.32:964][ 36]LogModuleManager: Shutting down and abandoning module SubversionSourceControl (102)
[2016.06.24-00.44.32:964][ 36]LogModuleManager: Shutting down and abandoning module PerforceSourceControl (101)
[2016.06.24-00.44.32:964][ 36]LogModuleManager: Shutting down and abandoning module SourceControl (100)
[2016.06.24-00.44.32:964][ 36]LogModuleManager: Shutting down and abandoning module GitSourceControl (99)
[2016.06.24-00.44.32:964][ 36]LogModuleManager: Shutting down and abandoning module LightPropagationVolumeEditor (98)
[2016.06.24-00.44.32:964][ 36]LogModuleManager: Shutting down and abandoning module PaperTiledImporter (97)
[2016.06.24-00.44.32:964][ 36]LogModuleManager: Shutting down and abandoning module PaperSpriteSheetImporter (96)
[2016.06.24-00.44.32:964][ 36]LogModuleManager: Shutting down and abandoning module MeshPaint (95)
[2016.06.24-00.44.32:964][ 36]LogModuleManager: Shutting down and abandoning module SlateReflector (94)
[2016.06.24-00.44.32:964][ 36]LogModuleManager: Shutting down and abandoning module HotReload (93)
[2016.06.24-00.44.32:965][ 36]LogModuleManager: Shutting down and abandoning module MainFrame (92)
[2016.06.24-00.44.32:965][ 36]LogModuleManager: Shutting down and abandoning module LevelEditor (91)
[2016.06.24-00.44.32:965][ 36]LogModuleManager: Shutting down and abandoning module DirectoryWatcher (90)
[2016.06.24-00.44.32:966][ 36]LogModuleManager: Shutting down and abandoning module AssetRegistry (89)
[2016.06.24-00.44.33:109][ 36]LogModuleManager: Shutting down and abandoning module ContentBrowser (88)
[2016.06.24-00.44.33:110][ 36]LogModuleManager: Shutting down and abandoning module Paper2DEditor (87)
[2016.06.24-00.44.33:110][ 36]LogModuleManager: Shutting down and abandoning module UdpMessaging (86)
[2016.06.24-00.44.33:211][ 36]LogModuleManager: Shutting down and abandoning module LightPropagationVolumeRuntime (85)
[2016.06.24-00.44.33:211][ 36]LogModuleManager: Shutting down and abandoning module Paper2D (84)
[2016.06.24-00.44.33:211][ 36]LogModuleManager: Shutting down and abandoning module WindowsMoviePlayer (83)
[2016.06.24-00.44.33:214][ 36]LogModuleManager: Shutting down and abandoning module Media (82)
[2016.06.24-00.44.33:214][ 36]LogModuleManager: Shutting down and abandoning module WmfMedia (81)
[2016.06.24-00.44.33:214][ 36]LogModuleManager: Shutting down and abandoning module OnlineBlueprintSupport (80)
[2016.06.24-00.44.33:214][ 36]LogModuleManager: Shutting down and abandoning module GameplayTasksEditor (79)
[2016.06.24-00.44.33:214][ 36]LogModuleManager: Shutting down and abandoning module PropertyEditor (78)
[2016.06.24-00.44.33:214][ 36]LogModuleManager: Shutting down and abandoning module BehaviorTreeEditor (77)
[2016.06.24-00.44.33:214][ 36]LogModuleManager: Shutting down and abandoning module FunctionalTesting (76)
[2016.06.24-00.44.33:214][ 36]LogModuleManager: Shutting down and abandoning module CollisionAnalyzer (75)
[2016.06.24-00.44.33:215][ 36]LogModuleManager: Shutting down and abandoning module WorkspaceMenuStructure (74)
[2016.06.24-00.44.33:215][ 36]LogModuleManager: Shutting down and abandoning module MessageLog (73)
[2016.06.24-00.44.33:215][ 36]LogModuleManager: Shutting down and abandoning module Sequencer (72)
[2016.06.24-00.44.33:215][ 36]LogModuleManager: Shutting down and abandoning module AssetTools (71)
[2016.06.24-00.44.33:215][ 36]LogModuleManager: Shutting down and abandoning module UMGEditor (70)
[2016.06.24-00.44.33:215][ 36]LogModuleManager: Shutting down and abandoning module UMG (69)
[2016.06.24-00.44.33:215][ 36]LogModuleManager: Shutting down and abandoning module Slate (68)
[2016.06.24-00.44.33:215][ 36]LogModuleManager: Shutting down and abandoning module EditorStyle (67)
[2016.06.24-00.44.33:217][ 36]LogModuleManager: Shutting down and abandoning module SessionServices (66)
[2016.06.24-00.44.33:217][ 36]LogModuleManager: Shutting down and abandoning module SourceCodeAccess (65)
[2016.06.24-00.44.33:217][ 36]LogModuleManager: Shutting down and abandoning module HeadMountedDisplay (64)
[2016.06.24-00.44.33:217][ 36]LogModuleManager: Shutting down and abandoning module XAudio2 (63)
[2016.06.24-00.44.33:217][ 36]LogModuleManager: Shutting down and abandoning module Networking (61)
[2016.06.24-00.44.33:217][ 36]LogModuleManager: Shutting down and abandoning module Core (60)
[2016.06.24-00.44.33:217][ 36]LogModuleManager: Shutting down and abandoning module KismetCompiler (59)
[2016.06.24-00.44.33:217][ 36]LogModuleManager: Shutting down and abandoning module PhysXFormats (58)
[2016.06.24-00.44.33:217][ 36]LogModuleManager: Shutting down and abandoning module MeshUtilities (57)
[2016.06.24-00.44.33:217][ 36]LogModuleManager: Shutting down and abandoning module DerivedDataCache (56)
[2016.06.24-00.44.33:219][ 36]LogDerivedDataCache: Shutdown
[2016.06.24-00.44.33:219][ 36]LogModuleManager: Shutting down and abandoning module ShaderFormatOpenGL (55)
[2016.06.24-00.44.33:219][ 36]LogModuleManager: Shutting down and abandoning module ShaderFormatD3D (54)
[2016.06.24-00.44.33:219][ 36]LogModuleManager: Shutting down and abandoning module MetalShaderFormat (53)
[2016.06.24-00.44.33:219][ 36]LogModuleManager: Shutting down and abandoning module TextureFormatUncompressed (52)
[2016.06.24-00.44.33:219][ 36]LogModuleManager: Shutting down and abandoning module TextureFormatPVR (51)
[2016.06.24-00.44.33:219][ 36]LogModuleManager: Shutting down and abandoning module TextureFormatIntelISPCTexComp (50)
[2016.06.24-00.44.33:219][ 36]LogModuleManager: Shutting down and abandoning module TextureFormatDXT (49)
[2016.06.24-00.44.33:219][ 36]LogModuleManager: Shutting down and abandoning module ImageWrapper (48)
[2016.06.24-00.44.33:219][ 36]LogModuleManager: Shutting down and abandoning module TextureFormatASTC (47)
[2016.06.24-00.44.33:219][ 36]LogModuleManager: Shutting down and abandoning module TextureFormatAndroid (46)
[2016.06.24-00.44.33:219][ 36]LogModuleManager: Shutting down and abandoning module AudioFormatOpus (45)
[2016.06.24-00.44.33:219][ 36]LogModuleManager: Shutting down and abandoning module AudioFormatOgg (44)
[2016.06.24-00.44.33:219][ 36]LogModuleManager: Shutting down and abandoning module AudioFormatADPCM (43)
[2016.06.24-00.44.33:219][ 36]LogModuleManager: Shutting down and abandoning module LinuxTargetPlatform (42)
[2016.06.24-00.44.33:220][ 36]LogModuleManager: Shutting down and abandoning module LinuxServerTargetPlatform (41)
[2016.06.24-00.44.33:220][ 36]LogModuleManager: Shutting down and abandoning module LinuxNoEditorTargetPlatform (40)
[2016.06.24-00.44.33:220][ 36]LogModuleManager: Shutting down and abandoning module Messaging (39)
[2016.06.24-00.44.33:220][ 36]LogModuleManager: Shutting down and abandoning module IOSTargetPlatform (38)
[2016.06.24-00.44.33:220][ 36]LogModuleManager: Shutting down and abandoning module HTML5TargetPlatform (37)
[2016.06.24-00.44.33:220][ 36]LogModuleManager: Shutting down and abandoning module Android_PVRTCTargetPlatform (36)
[2016.06.24-00.44.33:220][ 36]LogModuleManager: Shutting down and abandoning module Android_MultiTargetPlatform (35)
[2016.06.24-00.44.33:220][ 36]LogModuleManager: Shutting down and abandoning module Android_ETC2TargetPlatform (34)
[2016.06.24-00.44.33:220][ 36]LogModuleManager: Shutting down and abandoning module Android_ETC1TargetPlatform (33)
[2016.06.24-00.44.33:220][ 36]LogModuleManager: Shutting down and abandoning module Android_DXTTargetPlatform (32)
[2016.06.24-00.44.33:220][ 36]LogModuleManager: Shutting down and abandoning module Android_ATCTargetPlatform (31)
[2016.06.24-00.44.33:220][ 36]LogModuleManager: Shutting down and abandoning module Android_ASTCTargetPlatform (30)
[2016.06.24-00.44.33:220][ 36]LogModuleManager: Shutting down and abandoning module AndroidTargetPlatform (29)
[2016.06.24-00.44.33:220][ 36]LogModuleManager: Shutting down and abandoning module WindowsTargetPlatform (28)
[2016.06.24-00.44.33:220][ 36]LogModuleManager: Shutting down and abandoning module WindowsServerTargetPlatform (27)
[2016.06.24-00.44.33:220][ 36]LogModuleManager: Shutting down and abandoning module WindowsNoEditorTargetPlatform (26)
[2016.06.24-00.44.33:220][ 36]LogModuleManager: Shutting down and abandoning module WindowsClientTargetPlatform (25)
[2016.06.24-00.44.33:220][ 36]LogModuleManager: Shutting down and abandoning module AllDesktopTargetPlatform (24)
[2016.06.24-00.44.33:220][ 36]LogModuleManager: Shutting down and abandoning module TargetPlatform (23)
[2016.06.24-00.44.33:220][ 36]LogModuleManager: Shutting down and abandoning module InputCore (22)
[2016.06.24-00.44.33:220][ 36]LogModuleManager: Shutting down and abandoning module Settings (21)
[2016.06.24-00.44.33:220][ 36]LogModuleManager: Shutting down and abandoning module OnlineSubsystem (19)
[2016.06.24-00.44.33:220][ 36]LogModuleManager: Shutting down and abandoning module HTTP (18)
[2016.06.24-00.44.35:222][ 36]LogModuleManager: Shutting down and abandoning module XMPP (17)
[2016.06.24-00.44.35:222][ 36]LogModuleManager: Shutting down and abandoning module OculusRift (16)
[2016.06.24-00.44.35:222][ 36]LogModuleManager: Shutting down and abandoning module ExampleDeviceProfileSelector (15)
[2016.06.24-00.44.35:222][ 36]LogModuleManager: Shutting down and abandoning module TextureCompressor (14)
[2016.06.24-00.44.35:222][ 36]LogModuleManager: Shutting down and abandoning module ShaderCore (13)
[2016.06.24-00.44.35:222][ 36]LogModuleManager: Shutting down and abandoning module Landscape (12)
[2016.06.24-00.44.35:222][ 36]LogModuleManager: Shutting down and abandoning module SlateRHIRenderer (11)
[2016.06.24-00.44.35:222][ 36]LogModuleManager: Shutting down and abandoning module OpenGLDrv (10)
[2016.06.24-00.44.35:222][ 36]LogModuleManager: Shutting down and abandoning module D3D11RHI (9)
[2016.06.24-00.44.35:222][ 36]LogModuleManager: Shutting down and abandoning module AnimGraphRuntime (8)
[2016.06.24-00.44.35:222][ 36]LogModuleManager: Shutting down and abandoning module Renderer (7)
[2016.06.24-00.44.35:222][ 36]LogModuleManager: Shutting down and abandoning module Engine (6)
[2016.06.24-00.44.35:222][ 36]LogModuleManager: Shutting down and abandoning module CoreUObject (5)
[2016.06.24-00.44.35:222][ 36]LogModuleManager: Shutting down and abandoning module NetworkFile (4)
[2016.06.24-00.44.35:222][ 36]LogModuleManager: Shutting down and abandoning module StreamingFile (3)
[2016.06.24-00.44.35:222][ 36]LogModuleManager: Shutting down and abandoning module SandboxFile (2)
[2016.06.24-00.44.35:222][ 36]LogModuleManager: Shutting down and abandoning module PakFile (1)
[2016.06.24-00.44.35:224][ 36]LogExit: Exiting.
[2016.06.24-00.44.35:225][ 36]Log file closed, 06/23/16 17:44:35
