"../../../GaryTim/Content/StarterContent/Audio/Fire01.uasset" 0
"../../../GaryTim/Content/StarterContent/Audio/Fire01_Cue.uasset" 1
"../../../GaryTim/Content/StarterContent/Textures/T_Fire_SubUV.uasset" 2
"../../../GaryTim/Content/StarterContent/Textures/T_Fire_Tiled_D.uasset" 3
"../../../GaryTim/Content/StarterContent/Particles/Materials/M_Fire_SubUV.uasset" 4
"../../../GaryTim/Content/StarterContent/Textures/T_Water_N.uasset" 5
"../../../GaryTim/Content/StarterContent/Particles/Materials/M_Heat_Distortion.uasset" 6
"../../../Engine/Content/Functions/Engine_MaterialFunctions01/Gradient/RadialGradient.uasset" 7
"../../../GaryTim/Content/StarterContent/Particles/Materials/M_Radial_Gradient.uasset" 8
"../../../GaryTim/Content/StarterContent/Textures/T_Smoke_SubUV.uasset" 9
"../../../GaryTim/Content/StarterContent/Textures/T_Smoke_Tiled_D.uasset" 10
"../../../GaryTim/Content/StarterContent/Particles/Materials/M_smoke_subUV.uasset" 11
"../../../GaryTim/Content/StarterContent/Particles/P_Fire.uasset" 12
"../../../GaryTim/Content/StarterContent/Blueprints/Blueprint_Effect_Fire.uasset" 13
"../../../GaryTim/Content/StarterContent/Audio/Smoke01.uasset" 14
"../../../GaryTim/Content/StarterContent/Audio/Smoke01_Cue.uasset" 15
"../../../GaryTim/Content/StarterContent/Particles/P_Smoke.uasset" 16
"../../../GaryTim/Content/StarterContent/Blueprints/Blueprint_Effect_Smoke.uasset" 17
"../../../GaryTim/Content/StarterContent/Audio/Fire_Sparks01.uasset" 18
"../../../GaryTim/Content/StarterContent/Audio/Fire_Sparks01_Cue.uasset" 19
"../../../GaryTim/Content/StarterContent/Textures/T_Spark_Core.uasset" 20
"../../../GaryTim/Content/StarterContent/Particles/Materials/M_Spark.uasset" 21
"../../../GaryTim/Content/StarterContent/Particles/P_Sparks.uasset" 22
"../../../GaryTim/Content/StarterContent/Blueprints/Blueprint_Effect_Sparks.uasset" 23
"../../../GaryTim/Content/StarterContent/Audio/Steam01.uasset" 24
"../../../GaryTim/Content/StarterContent/Audio/Steam01_Cue.uasset" 25
"../../../GaryTim/Content/StarterContent/Particles/P_Steam_Lit.uasset" 26
"../../../GaryTim/Content/StarterContent/Blueprints/Blueprint_Effect_Steam.uasset" 27
"../../../Engine/Content/EditorBlueprintResources/StandardMacros.uasset" 28
"../../../Engine/Content/EngineSky/C_Sky_Cloud_Color.uasset" 29
"../../../Engine/Content/EngineSky/C_Sky_Horizon_Color.uasset" 30
"../../../Engine/Content/EngineSky/C_Sky_Zenith_Color.uasset" 31
"../../../Engine/Content/EngineSky/T_Sky_Blue.uasset" 32
"../../../Engine/Content/EngineSky/T_Sky_Clouds_M.uasset" 33
"../../../Engine/Content/EngineSky/T_Sky_Stars.uasset" 34
"../../../Engine/Content/EngineSky/SM_SkySphere.uasset" 35
"../../../Engine/Content/EngineSky/M_Sky_Panning_Clouds2.uasset" 36
"../../../Engine/Content/EngineSky/BP_Sky_Sphere.uasset" 37
"../../../GaryTim/Content/StarterContent/Textures/T_Lamp_M.uasset" 38
"../../../GaryTim/Content/StarterContent/Textures/T_Lamp_N.uasset" 39
"../../../GaryTim/Content/StarterContent/Props/Materials/M_Lamp.uasset" 40
"../../../GaryTim/Content/StarterContent/Props/SM_Lamp_Ceiling.uasset" 41
"../../../GaryTim/Content/StarterContent/Blueprints/Blueprint_CeilingLight.uasset" 42
"../../../GaryTim/Content/StarterContent/Props/SM_Lamp_Wall.uasset" 43
"../../../GaryTim/Content/StarterContent/Blueprints/Blueprint_WallSconce.uasset" 44
"../../../Engine/Content/EngineFonts/RobotoDistanceField.uasset" 45
"../../../Engine/Content/Functions/Engine_MaterialFunctions03/Procedurals/ComputeFilterWidth.uasset" 46
"../../../Engine/Content/EngineMaterials/AntiAliasedTextMaterialTranslucent.uasset" 47
"../../../Engine/Content/Functions/Engine_MaterialFunctions01/Opacity/CameraDepthFade.uasset" 48
"../../../Engine/Content/EngineMaterials/T_Default_Material_Grid_M.uasset" 49
"../../../Engine/Content/EngineMaterials/T_Default_Material_Grid_N.uasset" 50
"../../../Engine/Content/EngineMaterials/WorldGridMaterial.uasset" 51
"../../../GaryTim/Content/StarterContent/Textures/T_Brick_Clay_Beveled_D.uasset" 52
"../../../GaryTim/Content/StarterContent/Textures/T_Brick_Clay_Beveled_M.uasset" 53
"../../../GaryTim/Content/StarterContent/Textures/T_Brick_Clay_Beveled_N.uasset" 54
"../../../GaryTim/Content/StarterContent/Textures/T_MacroVariation.uasset" 55
"../../../GaryTim/Content/StarterContent/Materials/M_Brick_Clay_Beveled.uasset" 56
"../../../GaryTim/Content/StarterContent/Textures/T_Brick_Clay_New_D.uasset" 57
"../../../GaryTim/Content/StarterContent/Textures/T_Brick_Clay_New_M.uasset" 58
"../../../GaryTim/Content/StarterContent/Textures/T_Brick_Clay_New_N.uasset" 59
"../../../GaryTim/Content/StarterContent/Textures/T_Detail_Rocky_N.uasset" 60
"../../../GaryTim/Content/StarterContent/Materials/M_Brick_Clay_New.uasset" 61
"../../../GaryTim/Content/StarterContent/Textures/T_Brick_Clay_Old_D.uasset" 62
"../../../GaryTim/Content/StarterContent/Textures/T_Brick_Clay_Old_N.uasset" 63
"../../../GaryTim/Content/StarterContent/Textures/T_Perlin_Noise_M.uasset" 64
"../../../GaryTim/Content/StarterContent/Materials/M_Brick_Clay_Old.uasset" 65
"../../../GaryTim/Content/StarterContent/Textures/T_Brick_Cut_Stone_D.uasset" 66
"../../../GaryTim/Content/StarterContent/Textures/T_Brick_Cut_Stone_N.uasset" 67
"../../../GaryTim/Content/StarterContent/Materials/M_Brick_Cut_Stone.uasset" 68
"../../../GaryTim/Content/StarterContent/Textures/T_Brick_Hewn_Stone_D.uasset" 69
"../../../GaryTim/Content/StarterContent/Textures/T_Brick_Hewn_Stone_M.uasset" 70
"../../../GaryTim/Content/StarterContent/Textures/T_Brick_Hewn_Stone_N.uasset" 71
"../../../GaryTim/Content/StarterContent/Materials/M_Brick_Hewn_Stone.uasset" 72
"../../../GaryTim/Content/StarterContent/Textures/T_Ceramic_Tile_M.uasset" 73
"../../../GaryTim/Content/StarterContent/Textures/T_Ceramic_Tile_N.uasset" 74
"../../../GaryTim/Content/StarterContent/Textures/T_Rock_Marble_Polished_D.uasset" 75
"../../../GaryTim/Content/StarterContent/Materials/M_Ceramic_Tile_Checker.uasset" 76
"../../../GaryTim/Content/StarterContent/Textures/T_CobbleStone_Pebble_D.uasset" 77
"../../../GaryTim/Content/StarterContent/Textures/T_CobbleStone_Pebble_M.uasset" 78
"../../../GaryTim/Content/StarterContent/Textures/T_CobbleStone_Pebble_N.uasset" 79
"../../../GaryTim/Content/StarterContent/Materials/M_CobbleStone_Pebble.uasset" 80
"../../../GaryTim/Content/StarterContent/Textures/T_CobbleStone_Rough_D.uasset" 81
"../../../GaryTim/Content/StarterContent/Textures/T_CobbleStone_Rough_N.uasset" 82
"../../../GaryTim/Content/StarterContent/Textures/T_Gradinet_01.uasset" 83
"../../../GaryTim/Content/StarterContent/Textures/T_Rock_Smooth_Granite_D.uasset" 84
"../../../GaryTim/Content/StarterContent/Materials/M_CobbleStone_Rough.uasset" 85
"../../../GaryTim/Content/StarterContent/Textures/T_CobbleStone_Smooth_D.uasset" 86
"../../../GaryTim/Content/StarterContent/Textures/T_CobbleStone_Smooth_M.uasset" 87
"../../../GaryTim/Content/StarterContent/Textures/T_CobbleStone_Smooth_N.uasset" 88
"../../../GaryTim/Content/StarterContent/Materials/M_CobbleStone_Smooth.uasset" 89
"../../../GaryTim/Content/StarterContent/Textures/T_Concrete_Grime_D.uasset" 90
"../../../GaryTim/Content/StarterContent/Textures/T_Metal_Rust_N.uasset" 91
"../../../GaryTim/Content/StarterContent/Materials/M_Concrete_Grime.uasset" 92
"../../../GaryTim/Content/StarterContent/Textures/T_Concrete_Panels_D.uasset" 93
"../../../GaryTim/Content/StarterContent/Textures/T_Concrete_Panels_N.uasset" 94
"../../../GaryTim/Content/StarterContent/Materials/M_Concrete_Panels.uasset" 95
"../../../GaryTim/Content/StarterContent/Textures/T_Concrete_Poured_D.uasset" 96
"../../../GaryTim/Content/StarterContent/Textures/T_Concrete_Poured_N.uasset" 97
"../../../GaryTim/Content/StarterContent/Materials/M_Concrete_Poured.uasset" 98
"../../../GaryTim/Content/StarterContent/Textures/T_Concrete_Tiles_D.uasset" 99
"../../../GaryTim/Content/StarterContent/Textures/T_Concrete_Tiles_M.uasset" 100
"../../../GaryTim/Content/StarterContent/Textures/T_Concrete_Tiles_N.uasset" 101
"../../../GaryTim/Content/StarterContent/Textures/T_Concrete_Tiles_Variation_M.uasset" 102
"../../../GaryTim/Content/StarterContent/Materials/M_Concrete_Tiles.uasset" 103
"../../../GaryTim/Content/StarterContent/Textures/T_Ground_Grass_D.uasset" 104
"../../../GaryTim/Content/StarterContent/Textures/T_Ground_Grass_N.uasset" 105
"../../../GaryTim/Content/StarterContent/Materials/M_Ground_Grass.uasset" 106
"../../../GaryTim/Content/StarterContent/Textures/T_Ground_Gravel_D.uasset" 107
"../../../GaryTim/Content/StarterContent/Textures/T_Ground_Gravel_N.uasset" 108
"../../../GaryTim/Content/StarterContent/Materials/M_Ground_Gravel.uasset" 109
"../../../GaryTim/Content/StarterContent/Textures/T_ground_Moss_D.uasset" 110
"../../../GaryTim/Content/StarterContent/Textures/T_Ground_Moss_N.uasset" 111
"../../../GaryTim/Content/StarterContent/Materials/M_Ground_Moss.uasset" 112
"../../../GaryTim/Content/StarterContent/Materials/M_Metal_Brushed_Nickel.uasset" 113
"../../../GaryTim/Content/StarterContent/Textures/T_Metal_Aluminum_D.uasset" 114
"../../../GaryTim/Content/StarterContent/Textures/T_Metal_Gold_N.uasset" 115
"../../../GaryTim/Content/StarterContent/Materials/M_Metal_Burnished_Steel.uasset" 116
"../../../GaryTim/Content/StarterContent/Materials/M_Metal_Chrome.uasset" 117
"../../../GaryTim/Content/StarterContent/Textures/T_Metal_Copper_D.uasset" 118
"../../../GaryTim/Content/StarterContent/Materials/M_Metal_Copper.uasset" 119
"../../../GaryTim/Content/StarterContent/Textures/T_Metal_Gold_D.uasset" 120
"../../../GaryTim/Content/StarterContent/Materials/M_Metal_Gold.uasset" 121
"../../../Engine/Content/Functions/Engine_MaterialFunctions02/Utility/BlendAngleCorrectedNormals.uasset" 122
"../../../GaryTim/Content/StarterContent/Textures/T_Metal_Rust_D.uasset" 123
"../../../GaryTim/Content/StarterContent/Materials/M_Metal_Rust.uasset" 124
"../../../GaryTim/Content/StarterContent/Textures/T_Metal_Steel_D.uasset" 125
"../../../GaryTim/Content/StarterContent/Textures/T_Metal_Steel_N.uasset" 126
"../../../GaryTim/Content/StarterContent/Materials/M_Metal_Steel.uasset" 127
"../../../GaryTim/Content/StarterContent/Textures/T_Rock_Basalt_D.uasset" 128
"../../../GaryTim/Content/StarterContent/Textures/T_Rock_Basalt_N.uasset" 129
"../../../GaryTim/Content/StarterContent/Materials/M_Rock_Basalt.uasset" 130
"../../../GaryTim/Content/StarterContent/Materials/M_Rock_Marble_Polished.uasset" 131
"../../../GaryTim/Content/StarterContent/Textures/T_Rock_Sandstone_D.uasset" 132
"../../../GaryTim/Content/StarterContent/Textures/T_Rock_Sandstone_N.uasset" 133
"../../../GaryTim/Content/StarterContent/Materials/M_Rock_Sandstone.uasset" 134
"../../../GaryTim/Content/StarterContent/Textures/T_Rock_Slate_D.uasset" 135
"../../../GaryTim/Content/StarterContent/Textures/T_Rock_Slate_N.uasset" 136
"../../../GaryTim/Content/StarterContent/Materials/M_Rock_Slate.uasset" 137
"../../../GaryTim/Content/StarterContent/Textures/T_Checker_Noise_M.uasset" 138
"../../../GaryTim/Content/StarterContent/Textures/T_Single_Tile_N.uasset" 139
"../../../GaryTim/Content/StarterContent/Textures/T_Tech_Dot_M.uasset" 140
"../../../GaryTim/Content/StarterContent/Textures/T_Tech_Dot_N.uasset" 141
"../../../GaryTim/Content/StarterContent/Materials/M_Tech_Checker_Dot.uasset" 142
"../../../GaryTim/Content/StarterContent/Textures/T_Tech_Hex_Tile_M.uasset" 143
"../../../GaryTim/Content/StarterContent/Textures/T_Tech_Hex_Tile_N.uasset" 144
"../../../GaryTim/Content/StarterContent/Materials/M_Tech_Hex_Tile.uasset" 145
"../../../GaryTim/Content/StarterContent/Materials/M_Tech_Hex_Tile_Pulse.uasset" 146
"../../../GaryTim/Content/StarterContent/Textures/T_Tech_Panel_M.uasset" 147
"../../../GaryTim/Content/StarterContent/Textures/T_Tech_Panel_N.uasset" 148
"../../../GaryTim/Content/StarterContent/Materials/M_Tech_Panel.uasset" 149
"../../../GaryTim/Content/StarterContent/Materials/M_Water_Lake.uasset" 150
"../../../GaryTim/Content/StarterContent/Textures/T_Water_M.uasset" 151
"../../../GaryTim/Content/StarterContent/Materials/M_Water_Ocean.uasset" 152
"../../../GaryTim/Content/StarterContent/Textures/T_Wood_Floor_Walnut_D.uasset" 153
"../../../GaryTim/Content/StarterContent/Textures/T_Wood_Floor_Walnut_M.uasset" 154
"../../../GaryTim/Content/StarterContent/Textures/T_Wood_Floor_Walnut_N.uasset" 155
"../../../GaryTim/Content/StarterContent/Materials/M_Wood_Floor_Walnut_Polished.uasset" 156
"../../../Engine/Content/Functions/Engine_MaterialFunctions01/Opacity/AlphaOffset.uasset" 157
"../../../GaryTim/Content/StarterContent/Materials/M_Wood_Floor_Walnut_Worn.uasset" 158
"../../../GaryTim/Content/StarterContent/Textures/T_Wood_Oak_D.uasset" 159
"../../../GaryTim/Content/StarterContent/Textures/T_Wood_Oak_N.uasset" 160
"../../../GaryTim/Content/StarterContent/Materials/M_Wood_Oak.uasset" 161
"../../../GaryTim/Content/StarterContent/Textures/T_Wood_Pine_D.uasset" 162
"../../../GaryTim/Content/StarterContent/Textures/T_Wood_Pine_N.uasset" 163
"../../../GaryTim/Content/StarterContent/Materials/M_Wood_Pine.uasset" 164
"../../../GaryTim/Content/StarterContent/Textures/T_Wood_Walnut_D.uasset" 165
"../../../GaryTim/Content/StarterContent/Textures/T_Wood_Walnut_N.uasset" 166
"../../../GaryTim/Content/StarterContent/Materials/M_Wood_Walnut.uasset" 167
"../../../GaryTim/Content/StarterContent/Textures/T_Chair_M.uasset" 168
"../../../GaryTim/Content/StarterContent/Textures/T_Chair_N.uasset" 169
"../../../GaryTim/Content/StarterContent/Props/Materials/M_Chair.uasset" 170
"../../../GaryTim/Content/StarterContent/Materials/M_Basic_Floor.uasset" 171
"../../../GaryTim/Content/StarterContent/Architecture/Floor_400x400.uasset" 172
"../../../GaryTim/Content/StarterContent/Materials/M_Basic_Wall.uasset" 173
"../../../GaryTim/Content/StarterContent/Architecture/Wall_400x200.uasset" 174
"../../../GaryTim/Content/StarterContent/Architecture/Wall_Door_400x300.uasset" 175
"../../../GaryTim/Content/StarterContent/Architecture/Wall_Window_400x300.uasset" 176
"../../../GaryTim/Content/StarterContent/Audio/Collapse01.uasset" 177
"../../../GaryTim/Content/StarterContent/Audio/Collapse02.uasset" 178
"../../../GaryTim/Content/StarterContent/Audio/Collapse_Cue.uasset" 179
"../../../GaryTim/Content/StarterContent/Audio/Starter_Birds01.uasset" 180
"../../../GaryTim/Content/StarterContent/Audio/Starter_Wind05.uasset" 181
"../../../GaryTim/Content/StarterContent/Audio/Starter_Wind06.uasset" 182
"../../../GaryTim/Content/StarterContent/Audio/Starter_Background_Cue.uasset" 183
"../../../GaryTim/Content/StarterContent/Audio/Starter_Music01.uasset" 184
"../../../GaryTim/Content/StarterContent/Audio/Starter_Music_Cue.uasset" 185
"../../../GaryTim/Content/StarterContent/Textures/T_Dust_Particle_D.uasset" 186
"../../../GaryTim/Content/StarterContent/Particles/Materials/M_Dust_Particle.uasset" 187
"../../../GaryTim/Content/StarterContent/Particles/P_Ambient_Dust.uasset" 188
"../../../GaryTim/Content/StarterContent/Props/MaterialSphere.uasset" 189
"../../../GaryTim/Content/StarterContent/Props/SM_Chair.uasset" 190
"../../../GaryTim/Content/StarterContent/Textures/T_Frame_M.uasset" 191
"../../../GaryTim/Content/StarterContent/Textures/T_Frame_N.uasset" 192
"../../../GaryTim/Content/StarterContent/Props/Materials/M_Frame.uasset" 193
"../../../GaryTim/Content/StarterContent/Props/SM_CornerFrame.uasset" 194
"../../../GaryTim/Content/StarterContent/Props/SM_DoorFrame.uasset" 195
"../../../GaryTim/Content/StarterContent/Materials/M_Glass.uasset" 196
"../../../GaryTim/Content/StarterContent/Props/SM_GlassWindow.uasset" 197
"../../../GaryTim/Content/StarterContent/Props/SM_PillarFrame.uasset" 198
"../../../GaryTim/Content/StarterContent/Props/SM_PillarFrame300.uasset" 199
"../../../GaryTim/Content/StarterContent/Textures/T_Statue_M.uasset" 200
"../../../GaryTim/Content/StarterContent/Textures/T_Statue_N.uasset" 201
"../../../GaryTim/Content/StarterContent/Props/Materials/M_Statue.uasset" 202
"../../../GaryTim/Content/StarterContent/Props/Materials/M_StatueGlass.uasset" 203
"../../../GaryTim/Content/StarterContent/Props/SM_Statue.uasset" 204
"../../../GaryTim/Content/StarterContent/Textures/T_TableRound_M.uasset" 205
"../../../GaryTim/Content/StarterContent/Textures/T_TableRound_N.uasset" 206
"../../../GaryTim/Content/StarterContent/Props/Materials/M_TableRound.uasset" 207
"../../../GaryTim/Content/StarterContent/Props/SM_TableRound.uasset" 208
"../../../GaryTim/Content/StarterContent/Props/SM_WindowFrame.uasset" 209
"../../../GaryTim/Content/StarterContent/Shapes/Shape_Cube.uasset" 210
"../../../GaryTim/Content/StarterContent/Shapes/Shape_QuadPyramid.uasset" 211
"../../../GaryTim/Content/StarterContent/Shapes/Shape_Sphere.uasset" 212
"../../../GaryTim/Content/StarterContent/Maps/StarterMap.umap" 213
"../../../Engine/Content/EngineMaterials/DefaultMaterial.uasset" 214
"../../../Engine/Content/EngineMaterials/DefaultDiffuse.uasset" 215
"../../../Engine/Content/EngineMaterials/DefaultNormal.uasset" 216
"../../../Engine/Content/Maps/Entry.umap" 217
"../../../Engine/Content/Functions/MaterialLayerFunctions/MatLayerBlend_NormalBlend.uasset" 218
"../../../Engine/Content/Functions/MaterialLayerFunctions/MatLayerBlend_Simple.uasset" 219
"../../../GaryTim/Content/Mannequin/Character/Materials/MaterialLayers/T_ML_Rubber_Blue_01_D.uasset" 220
"../../../GaryTim/Content/Mannequin/Character/Materials/MaterialLayers/T_ML_Rubber_Blue_01_N.uasset" 221
"../../../GaryTim/Content/Mannequin/Character/Materials/MaterialLayers/ML_GlossyBlack_Latex_UE4.uasset" 222
"../../../GaryTim/Content/Mannequin/Character/Materials/MaterialLayers/ML_Plastic_Shiny_Beige.uasset" 223
"../../../GaryTim/Content/Mannequin/Character/Textures/UE4_LOGO_CARD.uasset" 224
"../../../GaryTim/Content/Mannequin/Character/Materials/MaterialLayers/ML_Plastic_Shiny_Beige_LOGO.uasset" 225
"../../../GaryTim/Content/Mannequin/Character/Materials/MaterialLayers/T_ML_Aluminum01.uasset" 226
"../../../GaryTim/Content/Mannequin/Character/Materials/MaterialLayers/T_ML_Aluminum01_N.uasset" 227
"../../../GaryTim/Content/Mannequin/Character/Materials/MaterialLayers/ML_SoftMetal_UE4.uasset" 228
"../../../GaryTim/Content/Mannequin/Character/Textures/UE4_Mannequin__normals.uasset" 229
"../../../GaryTim/Content/Mannequin/Character/Textures/UE4_Mannequin_MAT_MASKA.uasset" 230
"../../../GaryTim/Content/Mannequin/Character/Materials/M_UE4Man_Body.uasset" 231
"../../../GaryTim/Content/Mannequin/Character/Textures/UE4Man_Logo_N.uasset" 232
"../../../GaryTim/Content/Mannequin/Character/Materials/M_UE4Man_ChestLogo.uasset" 233
"../../../GaryTim/Content/Mannequin/Character/Mesh/SK_Mannequin_PhysicsAsset.uasset" 234
"../../../GaryTim/Content/Mannequin/Character/Mesh/SK_Mannequin.uasset" 235
"../../../GaryTim/Content/Mannequin/Character/Mesh/UE4_Mannequin_Skeleton.uasset" 236
"../../../GaryTim/Content/Mannequin/Animations/ThirdPerson_Jump.uasset" 237
"../../../GaryTim/Content/Mannequin/Animations/ThirdPersonJump_Loop.uasset" 238
"../../../GaryTim/Content/Mannequin/Animations/ThirdPersonJump_Start.uasset" 239
"../../../GaryTim/Content/Mannequin/Animations/ThirdPersonIdle.uasset" 240
"../../../GaryTim/Content/Mannequin/Animations/ThirdPersonRun.uasset" 241
"../../../GaryTim/Content/Mannequin/Animations/ThirdPersonWalk.uasset" 242
"../../../GaryTim/Content/Mannequin/Animations/ThirdPerson_IdleRun_2D.uasset" 243
"../../../GaryTim/Content/Mannequin/Animations/ThirdPerson_AnimBP.uasset" 244
"../../../Engine/Content/BasicShapes/Sphere.uasset" 245
"../../../GaryTim/Content/mainBP/secondaryDestination.uasset" 246
"../../../GaryTim/Content/AI/Enum/AIstates.uasset" 247
"../../../GaryTim/Content/AI/Enum/casualStates.uasset" 248
"../../../GaryTim/Content/AI/Enum/fireStates.uasset" 249
"../../../GaryTim/Content/AI/AI2blackboard.uasset" 250
"../../../GaryTim/Content/AI/basicTasks/doingJob.uasset" 251
"../../../GaryTim/Content/AI/basicTasks/eating.uasset" 252
"../../../GaryTim/Content/mainBP/FireInterface.uasset" 253
"../../../GaryTim/Content/AI/BTS_S/BTS_wandering.uasset" 254
"../../../Engine/Content/BasicShapes/BasicShapeMaterial.uasset" 255
"../../../Engine/Content/BasicShapes/Cube.uasset" 256
"../../../GaryTim/Content/StarterContent/Audio/Explosion01.uasset" 257
"../../../GaryTim/Content/StarterContent/Particles/P_Fire2.uasset" 258
"../../../GaryTim/Content/mainBP/fire.uasset" 259
"../../../GaryTim/Content/mainBP/alarm.uasset" 260
"../../../GaryTim/Content/AI/BTS_S/BTS_behaviorSelector.uasset" 261
"../../../GaryTim/Content/AI/BTS_S/BTS_deciding.uasset" 262
"../../../GaryTim/Content/AI/fireBlueprints/checkForTouch.uasset" 263
"../../../GaryTim/Content/AI/fireBlueprints/fireWasPutOut.uasset" 264
"../../../GaryTim/Content/AI/fireBlueprints/NotTouchingFire.uasset" 265
"../../../GaryTim/Content/AI/fireBlueprints/putoutfire.uasset" 266
"../../../GaryTim/Content/AI/patrolPoints/patrolPoints.uasset" 267
"../../../GaryTim/Content/AI/AI2tree.uasset" 268
"../../../GaryTim/Content/AI/AI2controller.uasset" 269
"../../../GaryTim/Content/mainBP/food.uasset" 270
"../../../GaryTim/Content/mainBP/mousechase.uasset" 271
"../../../GaryTim/Content/mainBP/targetPoint.uasset" 272
"../../../GaryTim/Content/Mannequin/Character/Materials/M_UE4Man_Body2.uasset" 273
"../../../GaryTim/Content/StarterContent/Materials/AI.uasset" 274
"../../../GaryTim/Content/mainBP/AI2.uasset" 275
"../../../GaryTim/Content/Cube_Blueprint.uasset" 276
"../../../GaryTim/Content/StarterContent/Materials/walls.uasset" 277
"../../../GaryTim/Content/StarterContent/Blueprints/Assets/SM_Arrows.uasset" 278
"../../../GaryTim/Content/mainBP/door.uasset" 279
"../../../GaryTim/Content/mainBP/Mouse.uasset" 280
"../../../GaryTim/Content/Mannequin/Character/Materials/M_UE4Man_Body3.uasset" 281
"../../../GaryTim/Content/StarterContent/Shapes/Shape_Pipe.uasset" 282
"../../../GaryTim/Content/mainBP/ThirdPersonCharacter.uasset" 283
"../../../GaryTim/Content/mainBP/ThirdPersonGameMode.uasset" 284
"../../../GaryTim/Content/StarterContent/Materials/floortiles3.uasset" 285
"../../../GaryTim/Content/extras/Meshes/RampMaterial.uasset" 286
"../../../GaryTim/Content/extras/Meshes/Linear_Stair_StaticMesh.uasset" 287
"../../../GaryTim/Content/Geometry/Meshes/CubeMaterial.uasset" 288
"../../../GaryTim/Content/Geometry/Meshes/1M_Cube.uasset" 289
"../../../GaryTim/Content/Geometry/Meshes/1M_Cube_Chamfer.uasset" 290
"../../../GaryTim/Content/Geometry/Meshes/TemplateFloor.uasset" 291
"../../../GaryTim/Content/extras/Maps/ThirdPersonExampleMap.umap" 292
"../../../GaryTim/Content/StarterContent/Maps/Minimal_Default.umap" 293
"../../../GaryTim/Content/StarterContent/Blueprints/Assets/FogBrightnessLUT.uasset" 294
"../../../GaryTim/Content/StarterContent/Blueprints/Assets/SunlightColorLUT.uasset" 295
"../../../GaryTim/Content/StarterContent/Blueprints/Assets/M_LightStage_Arrows.uasset" 296
"../../../Engine/Content/MapTemplates/Sky/DaylightAmbientCubemap.uasset" 297
"../../../GaryTim/Content/StarterContent/Blueprints/Assets/M_LightStage_Skybox_Master.uasset" 298
"../../../GaryTim/Content/StarterContent/Blueprints/Assets/M_LightStage_Skybox_Black.uasset" 299
"../../../GaryTim/Content/StarterContent/Blueprints/Assets/M_LightStage_Skybox_HDRI.uasset" 300
"../../../Engine/Content/EditorMaterials/Thumbnails/SkySphereMaterial.uasset" 301
"../../../GaryTim/Content/StarterContent/Blueprints/Assets/Skybox.uasset" 302
"../../../GaryTim/Content/StarterContent/HDRI/HDRI_Epic_Courtyard_Daylight.uasset" 303
"../../../GaryTim/Content/StarterContent/Blueprints/BP_LightStudio.uasset" 304
"../../../GaryTim/Content/StarterContent/Materials/M_AssetPlatform.uasset" 305
"../../../Engine/Content/EditorMeshes/ColorCalibrator/M_ChromeBall.uasset" 306
"../../../Engine/Content/EditorMeshes/ColorCalibrator/M_ClearCoat.uasset" 307
"../../../Engine/Content/EditorMeshes/ColorCalibrator/M_ClearCoatBlack.uasset" 308
"../../../Engine/Content/EditorMeshes/ColorCalibrator/T_ColorGrid.uasset" 309
"../../../Engine/Content/EditorMeshes/ColorCalibrator/M_ColorGrid.uasset" 310
"../../../Engine/Content/EditorMeshes/ColorCalibrator/M_GreyBall.uasset" 311
"../../../Engine/Content/EditorMeshes/ColorCalibrator/SM_ColorCalibrator.uasset" 312
"../../../GaryTim/Content/StarterContent/Architecture/SM_AssetPlatform.uasset" 313
"../../../GaryTim/Content/StarterContent/Maps/Advanced_Lighting.umap" 314
"../../../Engine/Content/EngineFonts/Roboto.uasset" 315
"../../../Engine/Content/Functions/Engine_MaterialFunctions01/Shading/PowerToRoughness.uasset" 316
"../../../Engine/Content/Functions/Engine_MaterialFunctions01/Shading/ConvertFromDiffSpec.uasset" 317
"../../../Engine/Content/EngineMaterials/DefaultDeferredDecalMaterial.uasset" 318
"../../../Engine/Content/EngineMaterials/DefaultLightFunctionMaterial.uasset" 319
"../../../Engine/Content/Functions/Engine_MaterialFunctions02/Utility/BreakOutFloat2Components.uasset" 320
"../../../Engine/Content/EngineMaterials/DefaultPostProcessMaterial.uasset" 321
"../../../Engine/Content/EngineResources/DefaultTexture.uasset" 322
"../../../Engine/Content/Functions/Engine_MaterialFunctions02/Texturing/ScreenAlignedUVs.uasset" 323
"../../../Engine/Content/EngineResources/WhiteSquareTexture.uasset" 324
"../../../Engine/Content/EngineMaterials/Widget3DPassThrough.uasset" 325
"../../../Engine/Content/EngineMaterials/Widget3DPassThrough_Translucent.uasset" 326
"../../../Engine/Content/EngineMaterials/Widget3DPassThrough_Translucent_OneSided.uasset" 327
"../../../Engine/Content/EngineMaterials/Widget3DPassThrough_Opaque.uasset" 328
"../../../Engine/Content/EngineMaterials/Widget3DPassThrough_Opaque_OneSided.uasset" 329
"../../../Engine/Content/EngineMaterials/Widget3DPassThrough_Masked.uasset" 330
"../../../Engine/Content/EngineMaterials/Widget3DPassThrough_Masked_OneSided.uasset" 331
"../../../Engine/Content/EditorResources/S_Actor.uasset" 332
"../../../Engine/Content/Maps/Templates/Thumbnails/Default.uasset" 333
"../../../Engine/Content/EditorMaterials/ParticleSystems/PSysThumbnail_NoImage.uasset" 334
"../../../Engine/Content/EditorMaterials/ParticleSystems/PSysThumbnail_OOD.uasset" 335
"../../../Engine/Content/EditorLandscapeResources/DataLayer.uasset" 336
"../../../Engine/Content/EngineDamageTypes/DmgTypeBP_Environmental.uasset" 337
"../../../Engine/Content/EngineMeshes/Sphere.uasset" 338
"../../../Engine/Content/EngineMaterials/DefaultTextMaterialOpaque.uasset" 339
"../../../Engine/Content/EditorResources/S_Trigger.uasset" 340
"../../../Engine/Content/EngineResources/GradientTexture0.uasset" 341
"../../../Engine/Content/EngineResources/Black.uasset" 342
"../../../Engine/Content/EditorMaterials/MatineeGroups/MAT_Groups_Float.uasset" 343
"../../../Engine/Content/EditorMaterials/MatineeGroups/MAT_Groups_Director.uasset" 344
"../../../Engine/Content/EditorMaterials/MatineeGroups/MAT_Groups_Event.uasset" 345
"../../../Engine/Content/EditorMaterials/MatineeGroups/MAT_Groups_Anim.uasset" 346
"../../../Engine/Content/EditorMaterials/MatineeGroups/MAT_Groups_Fade.uasset" 347
"../../../Engine/Content/EditorMaterials/MatineeGroups/MAT_Groups_Move.uasset" 348
"../../../Engine/Content/EditorMaterials/MatineeGroups/MAT_Groups_Slomo.uasset" 349
"../../../Engine/Content/EditorMaterials/MatineeGroups/MAT_ColorTrack.uasset" 350
"../../../Engine/Content/EditorMaterials/MAT_Groups_Toggle.uasset" 351
"../../../Engine/Content/EditorMaterials/MatineeGroups/MAT_Groups_AudioMaster.uasset" 352
"../../../Engine/Content/EditorMaterials/MatineeGroups/MAT_Groups_Sound.uasset" 353
"../../../Engine/Content/EditorMaterials/MatineeGroups/MAT_Groups_Vector.uasset" 354
"../../../Engine/Content/EditorMaterials/MAT_Groups_Visibility.uasset" 355
"../../../Engine/Content/EngineResources/DefaultTextureCube.uasset" 356
"../../../Engine/Content/EngineMeshes/Cylinder.uasset" 357
"../../../Engine/Content/EngineTireTypes/DefaultTireType.uasset" 358
"../../../Engine/Content/EngineResources/AICON-Red.uasset" 359
"../../../Engine/Content/EngineResources/AICON-Green.uasset" 360
"../../../Engine/Content/Tutorial/Basics/TutorialAssets/icon_tab_Levels_40x.uasset" 361
"../../../Engine/Content/Tutorial/Basics/LevelEditorOverview.uasset" 362
"../../../Engine/Content/Tutorial/BlueprintTutorials/TutorialAssets/Blueprint_64x.uasset" 363
"../../../Engine/Content/Tutorial/BlueprintTutorials/BlueprintEditorTutorial.uasset" 364
"../../../Engine/Content/Tutorial/Basics/LevelEditorAttract.uasset" 365
"../../../Engine/Content/Tutorial/ContentIntroCurve.uasset" 366
"../../../Engine/Plugins/2D/Paper2D/Content/PlaceholderTextures/DummySpriteTexture.uasset" 367
"../../../Engine/Plugins/2D/Paper2D/Content/DefaultSpriteMaterial.uasset" 368
"../../../Engine/Plugins/2D/Paper2D/Content/MaskedUnlitSpriteMaterial.uasset" 369
"../../../Engine/Plugins/2D/Paper2D/Content/OpaqueUnlitSpriteMaterial.uasset" 370
"../../../Engine/Plugins/2D/Paper2D/Content/DummySpriteTexture.uasset" 371
"../../../Engine/Plugins/2D/Paper2D/Content/DummySprite.uasset" 372
"../../../Engine/Plugins/2D/Paper2D/Content/DefaultPaperTerrainMaterial.uasset" 373
"../../../Engine/Plugins/Runtime/LeapMotionController/Content/LM_CapsuleMesh.uasset" 374
"../../../Engine/Plugins/Runtime/LeapMotionController/Content/LM_TorusMesh.uasset" 375
"../../../Engine/Plugins/Runtime/LeapMotionController/Content/LM_HandColor.uasset" 376
"../../../Engine/Plugins/Runtime/LeapMotionController/Content/LM_SampleDistortion.uasset" 377
"../../../Engine/Plugins/Runtime/LeapMotionController/Content/LM_TestTexture.uasset" 378
"../../../Engine/Plugins/Runtime/LeapMotionController/Content/LM_PassthroughMaterial.uasset" 379
"../../../Engine/Content/EngineMaterials/RemoveSurfaceMaterial.uasset" 380
"../../../Engine/Content/EngineDebugMaterials/DebugMeshMaterial.uasset" 381
"../../../Engine/Content/EngineMaterials/InvalidLightmapSettings.uasset" 382
"../../../Engine/Content/EngineMaterials/M_InvalidLightmapSettings.uasset" 383
"../../../Engine/Content/EditorMaterials/GizmoMaterial.uasset" 384
"../../../Engine/Content/EngineMaterials/Good64x64TilingNoiseHighFreq.uasset" 385
"../../../Engine/Content/EngineMaterials/DefaultBokeh.uasset" 386
"../../../Engine/Content/EngineMaterials/PreintegratedSkinBRDF.uasset" 387
"../../../Engine/Content/EngineMaterials/MiniFont.uasset" 388
"../../../Engine/Content/EngineMaterials/WeightMapPlaceholderTexture.uasset" 389
"../../../Engine/Content/EngineMaterials/DefaultWhiteGrid.uasset" 390
"../../../Engine/Content/EngineMaterials/DefaultPhysicalMaterial.uasset" 391
"../../../Engine/Content/EngineFonts/RobotoTiny.uasset" 392
"../../../GaryTim/Content/extras/Meshes/LeftArm_StaticMesh.uasset" 393
"../../../GaryTim/Content/ThirdPerson/Meshes/LeftArm_StaticMesh.uasset" 394
"../../../GaryTim/Content/ThirdPerson/Meshes/Linear_Stair_StaticMesh.uasset" 395
"../../../GaryTim/Content/extras/Meshes/Ramp_StaticMesh.uasset" 396
"../../../GaryTim/Content/ThirdPerson/Meshes/Ramp_StaticMesh.uasset" 397
"../../../GaryTim/Content/extras/Meshes/RightArm_StaticMesh.uasset" 398
"../../../GaryTim/Content/ThirdPerson/Meshes/RightArm_StaticMesh.uasset" 399
"../../../GaryTim/Content/StarterContent/Particles/Materials/greensmoke.uasset" 400
"../../../GaryTim/Content/StarterContent/Textures/T_Bush_D.uasset" 401
"../../../GaryTim/Content/StarterContent/Textures/T_Bush_N.uasset" 402
"../../../GaryTim/Content/StarterContent/Props/Materials/M_Bush.uasset" 403
"../../../GaryTim/Content/StarterContent/Props/SM_Bush.uasset" 404
"../../../GaryTim/Content/StarterContent/Props/SM_Couch.uasset" 405
"../../../GaryTim/Content/StarterContent/Textures/T_Door_M.uasset" 406
"../../../GaryTim/Content/StarterContent/Textures/T_Door_N.uasset" 407
"../../../GaryTim/Content/StarterContent/Props/Materials/M_Door.uasset" 408
"../../../GaryTim/Content/StarterContent/Props/SM_Door.uasset" 409
"../../../GaryTim/Content/extras/Meshes/Bump_StaticMesh.uasset" 410
"../../../GaryTim/Content/ThirdPerson/Meshes/Bump_StaticMesh.uasset" 411
"../../../GaryTim/Content/StarterContent/Materials/floortiles2.uasset" 412
"../../../GaryTim/Content/StarterContent/Materials/M_CobbleStone_Rough_Inst.uasset" 413
"../../../GaryTim/Content/StarterContent/Materials/M_ColorGrid_LowSpec.uasset" 414
"../../../Engine/Content/MobileResources/HUD/MobileHUDDirectionPad.uasset" 415
"../../../Engine/Content/MobileResources/HUD/T_Castle_ThumbstickOutter.uasset" 416
"../../../GaryTim/Content/AI/AI2.uasset" 417
"../../../GaryTim/Content/AI/basicTasks/moveToFood.uasset" 418
"../../../GaryTim/Content/AI/BTS_S/BTS_bullshit.uasset" 419
"../../../GaryTim/Content/AI/BTS_S/BTS_fire.uasset" 420
"../../../GaryTim/Content/AI/fireBlueprints/checkForFires.uasset" 421
"../../../GaryTim/Content/Bullets/Meshes/BaseMaterial.uasset" 422
"../../../GaryTim/Content/Bullets/Meshes/FirstPersonProjectileMaterial.uasset" 423
"../../../GaryTim/Content/Bullets/Blueprints/arrowStatic.uasset" 424
"../../../GaryTim/Content/Bullets/Blueprints/arrow.uasset" 425
"../../../GaryTim/Content/Bullets/Blueprints/FirstPersonProjectile.uasset" 426
"../../../GaryTim/Content/Bullets/Blueprints/ObjectRedirector_3.uasset" 427
"../../../GaryTim/Content/Bullets/Blueprints/staticProjectile.uasset" 428
"../../../GaryTim/Content/Bullets/Blueprints/staticProjectile_C.uasset" 429
"../../../GaryTim/Content/Bullets/Meshes/FirstPersonProjectileMesh.uasset" 430
"../../../GaryTim/Content/extras/NewBlueprint.uasset" 431
"../../../GaryTim/Content/extras/ThirdPersonOverview.uasset" 432
"../../../GaryTim/Content/extras/Blueprints/AI2.uasset" 433
"../../../GaryTim/Content/extras/Blueprints/AI2_C.uasset" 434
"../../../GaryTim/Content/extras/Blueprints/alarm.uasset" 435
"../../../GaryTim/Content/extras/Blueprints/alarm_C.uasset" 436
"../../../Engine/Content/EditorResources/EmptyActor.uasset" 437
"../../../Engine/Content/EditorResources/LightIcons/S_LightError.uasset" 438
"../../../GaryTim/Content/Mannequin/Animations/ThirdPersonJump_End.uasset" 439
"../../../GaryTim/Content/mainBP/kitchen.uasset" 440
"../../../Engine/Content/MobileResources/HUD/T_Castle_ThumbstickInner.uasset" 441
"../../../Engine/Content/EditorResources/AudioIcons/S_AudioComponent_AutoActivate.uasset" 442
"../../../GaryTim/Content/StarterContent/Props/SM_Stairs.uasset" 443
"../../../GaryTim/Content/StarterContent/Textures/T_Shelf_M.uasset" 444
"../../../GaryTim/Content/StarterContent/Textures/T_Shelf_N.uasset" 445
"../../../GaryTim/Content/StarterContent/Props/Materials/M_Shelf.uasset" 446
"../../../GaryTim/Content/StarterContent/Props/SM_Shelf.uasset" 447
"../../../GaryTim/Content/StarterContent/Textures/T_RockMesh_M.uasset" 448
"../../../GaryTim/Content/StarterContent/Textures/T_RockMesh_N.uasset" 449
"../../../GaryTim/Content/StarterContent/Props/Materials/M_Rock.uasset" 450
"../../../GaryTim/Content/StarterContent/Props/SM_Rock.uasset" 451
"../../../GaryTim/Content/StarterContent/Props/Materials/M_MaterialSphere.uasset" 452
"../../../GaryTim/Content/StarterContent/Props/Materials/M_MaterialSphere_Plain.uasset" 453
"../../../GaryTim/Content/StarterContent/Props/SM_MatPreviewMesh_02.uasset" 454
"../../../GaryTim/Content/StarterContent/Materials/coloredglass.uasset" 455
"../../../Engine/Content/MobileResources/T_MobileControls_texture.uasset" 456
"../../../GaryTim/Content/StarterContent/Shapes/Shape_Wedge_B.uasset" 457
"../../../GaryTim/Content/StarterContent/Shapes/Shape_Wedge_A.uasset" 458
"../../../GaryTim/Content/StarterContent/Shapes/Shape_Tube.uasset" 459
"../../../GaryTim/Content/StarterContent/Shapes/Shape_TriPyramid.uasset" 460
"../../../GaryTim/Content/StarterContent/Shapes/Shape_Trim_90_Out.uasset" 461
"../../../GaryTim/Content/StarterContent/Shapes/Shape_Trim_90_In.uasset" 462
"../../../GaryTim/Content/StarterContent/Shapes/Shape_Trim.uasset" 463
"../../../GaryTim/Content/StarterContent/Shapes/Shape_Torus.uasset" 464
"../../../GaryTim/Content/StarterContent/Shapes/Shape_Plane.uasset" 465
"../../../GaryTim/Content/StarterContent/Shapes/Shape_Pipe_90.uasset" 466
"../../../GaryTim/Content/StarterContent/Shapes/Shape_Pipe_180.uasset" 467
"../../../GaryTim/Content/StarterContent/Shapes/Shape_NarrowCapsule.uasset" 468
"../../../GaryTim/Content/StarterContent/Shapes/Shape_Cylinder.uasset" 469
"../../../GaryTim/Content/StarterContent/Shapes/Shape_Cone.uasset" 470
"../../../Engine/Content/MobileResources/HUD/MobileHUDDirectionPad3.uasset" 471
"../../../Engine/Content/MobileResources/HUD/MobileHUDButton1_off.uasset" 472
"../../../Engine/Content/MobileResources/T_MobileMenu2.uasset" 473
"../../../Engine/Content/MobileResources/HUD/MobileHUDDirectionPad2.uasset" 474
"../../../Engine/Content/MobileResources/HUD/MobileHUDButton2_off.uasset" 475
"../../../GaryTim/Content/StarterContent/Materials/floortiles.uasset" 476
"../../../GaryTim/Content/StarterContent/Shapes/Shape_WideCapsule.uasset" 477
"../../../Engine/Content/MobileResources/HUD/MobileHUDButtonFire.uasset" 478
"../../../Engine/Content/MobileResources/HUD/MobileHUDButton1_on.uasset" 479
"../../../Engine/Content/EditorMaterials/PhAT_JointLimitMaterial.uasset" 480
"../../../Engine/Content/EditorMaterials/PreviewShadowIndicator.uasset" 481
"../../../Engine/Content/EditorMaterials/PreviewShadowIndicatorMaterial.uasset" 482
"../../../Engine/Content/EditorResources/BSPVertex.uasset" 483
"../../../Engine/Content/EditorResources/AudioIcons/S_AudioComponent.uasset" 484
"../../../Engine/Content/EngineDebugMaterials/HeatmapGradient.uasset" 485
"../../../Engine/Content/EngineDebugMaterials/BoneWeightMaterial.uasset" 486
"../../../Engine/Content/EngineDebugMaterials/GeomMaterial.uasset" 487
"../../../Engine/Content/EngineMaterials/EditorBrushMaterial.uasset" 488
"../../../Engine/Content/MobileResources/HUD/AnalogHat.uasset" 489
"../../../Engine/Content/MobileResources/HUD/VirtualJoystick_Background.uasset" 490
"../../../Engine/Content/MobileResources/HUD/VirtualJoystick_Thumb.uasset" 491
"../../../Engine/Content/MobileResources/HUD/DefaultVirtualJoysticks.uasset" 492
"../../../Engine/Content/MobileResources/HUD/LeftVirtualJoystickOnly.uasset" 493
"../../../Engine/Content/MobileResources/HUD/MobileHUDButton2_on.uasset" 494
"../../../Engine/Content/MobileResources/HUD/MobileHUDButton3.uasset" 495
"../../../Engine/Content/MobileResources/HUD/MobileHUDDirectionStick.uasset" 496
"../../../Engine/Content/Tutorial/BlueprintTutorials/TutorialAssets/BlueprintInterface_64x.uasset" 497
"../../../Engine/Content/Tutorial/BlueprintTutorials/TutorialAssets/Tutorial_BP_Interface.uasset" 498
"../../../Engine/Content/Tutorial/BlueprintTutorials/BlueprintInterfacesEditorOverview.uasset" 499
"../../../Engine/Content/Tutorial/BlueprintTutorials/TutorialAssets/BlueprintMacroLibrary_64x.uasset" 500
"../../../Engine/Content/Tutorial/BlueprintTutorials/TutorialAssets/Tutorial_BP_MacroLib.uasset" 501
"../../../Engine/Content/Tutorial/BlueprintTutorials/BlueprintMacroLibrariesEditorOverview.uasset" 502
"../../../Engine/Content/Tutorial/BlueprintTutorials/LevelBlueprintEditorOverview.uasset" 503
"../../../Engine/Content/Tutorial/Foliage/TutorialAssets/Foliage.uasset" 504
"../../../Engine/Content/Tutorial/Foliage/Foliage_Settings_Tutorial.uasset" 505
"../../../Engine/Content/Tutorial/Foliage/Foliage_Using_The_Tool_Tutorial.uasset" 506
"../../../Engine/Content/Tutorial/Foliage/Foliage_Intro_Tutorial.uasset" 507
"../../../Engine/Content/Tutorial/Landscape/TutorialAssets/Landscape.uasset" 508
"../../../Engine/Content/Tutorial/Landscape/Landscape_Painting_Mode.uasset" 509
"../../../Engine/Content/Tutorial/Landscape/Landscape_Sculpt_Mode.uasset" 510
"../../../Engine/Content/Tutorial/Landscape/Landscape_Manage_Mode.uasset" 511
"../../../Engine/Content/Tutorial/Paper2D/TutorialAssets/Paper2DFlipbook_TutorialIcon.uasset" 512
"../../../Engine/Content/Tutorial/Paper2D/FlipbookEditorTutorial.uasset" 513
"../../../Engine/Content/Tutorial/Paper2D/TutorialAssets/Paper2DSprite_TutorialIcon.uasset" 514
"../../../Engine/Content/Tutorial/Paper2D/SpriteEditorTutorial.uasset" 515
"../../../Engine/Content/EditorMeshes/EditorCube.uasset" 516
"../../../Engine/Content/Tutorial/SubEditors/TutorialAssets/Tutorial_DM.uasset" 517
"../../../Engine/Content/Tutorial/SubEditors/DestructibleMeshEditorTutorial.uasset" 518
"../../../Engine/Content/Tutorial/SubEditors/TutorialAssets/TutorialMaterial.uasset" 519
"../../../Engine/Content/Tutorial/SubEditors/MaterialEditorTutorial.uasset" 520
"../../../Engine/Content/Tutorial/SubEditors/TutorialAssets/T_SmokeSubUV_8X8.uasset" 521
"../../../Engine/Content/Tutorial/SubEditors/TutorialAssets/T_soft_smoke.uasset" 522
"../../../Engine/Content/Tutorial/SubEditors/TutorialAssets/M_smoke_subUV_blackbody.uasset" 523
"../../../Engine/Content/Tutorial/SubEditors/TutorialAssets/TutorialParticleSystem.uasset" 524
"../../../Engine/Content/Tutorial/SubEditors/ParticleSystemEditorTutorial.uasset" 525
"../../../Engine/Content/Tutorial/SubEditors/TutorialAssets/icon_ShowSkeletalMeshes_40x.uasset" 526
"../../../Engine/Content/Tutorial/SubEditors/TutorialAssets/Character/TutorialTPP_Mat.uasset" 527
"../../../Engine/Content/Tutorial/SubEditors/TutorialAssets/Character/TutorialTPP_PhysicsAsset.uasset" 528
"../../../Engine/Content/Tutorial/SubEditors/TutorialAssets/Character/TutorialTPP.uasset" 529
"../../../Engine/Content/Tutorial/SubEditors/TutorialAssets/Character/TutorialTPP_Skeleton.uasset" 530
"../../../Engine/Content/Tutorial/SubEditors/TutorialAssets/Character/Tutorial_Idle.uasset" 531
"../../../Engine/Content/Tutorial/SubEditors/TutorialAssets/Character/Tutorial_Walk_Fwd.uasset" 532
"../../../Engine/Content/Tutorial/SubEditors/TutorialAssets/Character/NewBlendSpace1D.uasset" 533
"../../../Engine/Content/Tutorial/SubEditors/TutorialAssets/Character/TutorialCharacter.uasset" 534
"../../../Engine/Content/Tutorial/SubEditors/TutorialAssets/Character/TutorialTPP_AnimBlueprint.uasset" 535
"../../../Engine/Content/Tutorial/SubEditors/PersonaAnimBlueprintEditorWalkthrough.uasset" 536
"../../../Engine/Content/Tutorial/SubEditors/PersonaAnimEditorWalkthrough.uasset" 537
"../../../Engine/Content/EngineMeshes/Cube.uasset" 538
"../../../Engine/Content/Tutorial/SubEditors/StaticMeshEditorTutorial.uasset" 539
"../../../Engine/Content/Tutorial/SubEditors/TutorialAssets/icon_Editor_Preferences_General_40x.uasset" 540
"../../../GaryTim/Content/Cube_Blueprint2.uasset" 541
"../../../GaryTim/Content/wallMesh.uasset" 542
"../../../GaryTim/Content/wallMesh_DM.uasset" 543
"../../../GaryTim/Content/wallMeshBP.uasset" 544
"../../../GaryTim/Content/extras/Blueprints/door.uasset" 545
"../../../GaryTim/Content/extras/Blueprints/door_C.uasset" 546
"../../../GaryTim/Content/extras/Blueprints/fire.uasset" 547
"../../../GaryTim/Content/extras/Blueprints/fire_C.uasset" 548
"../../../GaryTim/Content/extras/Blueprints/FirstPersonProjectile.uasset" 549
"../../../GaryTim/Content/extras/Blueprints/FirstPersonProjectile_C.uasset" 550
"../../../GaryTim/Content/extras/Blueprints/ObjectRedirector_3.uasset" 551
"../../../GaryTim/Content/extras/Blueprints/ThirdPersonGameMode.uasset" 552
"../../../GaryTim/Content/extras/Blueprints/ThirdPersonGameMode_C.uasset" 553
"../../../GaryTim/Content/mainBP/AI3.uasset" 554
"../../../GaryTim/Content/StarterContent/Architecture/Pillar_50x500.uasset" 555
"../../../GaryTim/Content/StarterContent/Architecture/Wall_400x300.uasset" 556
"../../../GaryTim/Content/StarterContent/Architecture/Wall_400x400.uasset" 557
"../../../GaryTim/Content/StarterContent/Architecture/Wall_500x500.uasset" 558
"../../../GaryTim/Content/StarterContent/Architecture/Wall_Door_400x400.uasset" 559
"../../../GaryTim/Content/StarterContent/Architecture/Wall_Window_400x400.uasset" 560
"../../../GaryTim/Content/StarterContent/Audio/Light01.uasset" 561
"../../../GaryTim/Content/StarterContent/Audio/Light01_Cue.uasset" 562
"../../../GaryTim/Content/StarterContent/Audio/Light02.uasset" 563
"../../../GaryTim/Content/StarterContent/Audio/Light02_Cue.uasset" 564
"../../../GaryTim/Content/StarterContent/Audio/Explosion02.uasset" 565
"../../../GaryTim/Content/StarterContent/Audio/Explosion_Cue.uasset" 566
"../../../GaryTim/Content/StarterContent/Textures/T_Burst_M.uasset" 567
"../../../GaryTim/Content/StarterContent/Particles/Materials/M_Burst.uasset" 568
"../../../GaryTim/Content/StarterContent/Textures/T_Explosion_SubUV.uasset" 569
"../../../GaryTim/Content/StarterContent/Particles/Materials/M_explosion_subUV.uasset" 570
"../../../GaryTim/Content/StarterContent/Particles/Materials/m_flare_01.uasset" 571
"../../../GaryTim/Content/StarterContent/Particles/Materials/M_radial_ramp.uasset" 572
"../../../GaryTim/Content/StarterContent/Particles/P_Explosion.uasset" 573
"../../../GaryTim/Content/StarterContent/Blueprints/Blueprint_Effect_Explosion.uasset" 574
